/mnt/qjhs-sh-lab-01/wjh/FusionRAG/.venv/lib/python3.10/site-packages/torch/cuda/__init__.py:61: FutureWarning: The pynvml package is deprecated. Please install nvidia-ml-py instead. If you did not install pynvml directly, please report this to the maintainers of the package that installed pynvml for you.
  import pynvml  # type: ignore[import]
usage: tools_oracle_full_attention_selector_compare.py [-h] --rate RATE
                                                       [--model_path MODEL_PATH]
                                                       [--draft_model_path DRAFT_MODEL_PATH]
                                                       [--model_name MODEL_NAME]
                                                       [--model_type MODEL_TYPE]
                                                       [--data_path DATA_PATH]
                                                       [--dataset_name DATASET_NAME]
                                                       [--cache_path CACHE_PATH]
                                                       [--bge_model_path BGE_MODEL_PATH]
                                                       [--output_dir OUTPUT_DIR]
                                                       [--device DEVICE]
                                                       [--topk TOPK]
                                                       [--max_main_questions MAX_MAIN_QUESTIONS]
                                                       [--max_sub_questions MAX_SUB_QUESTIONS]
                                                       [--max_new_tokens MAX_NEW_TOKENS]
                                                       [--rrf_k RRF_K]
                                                       [--threshold_factor THRESHOLD_FACTOR]
                                                       [--seed SEED]
                                                       [--log_every LOG_EVERY]
                                                       [--include_draft]
                                                       [--run_generation]
tools_oracle_full_attention_selector_compare.py: error: argument --rate: invalid float value: ''
