[2026-07-12 21:42:59] worker start gpu=3 tasks=8 root=/raid/home/hming/FusionRAG-pca-analysis
[2026-07-12 21:42:59] wait existing 2wikimqa uniform_alpha0p1 75-100
[2026-07-12 21:44:30] wait existing 2wikimqa uniform_alpha0p1 75-100
[2026-07-12 21:46:00] wait existing 2wikimqa uniform_alpha0p1 75-100
[2026-07-12 21:47:30] wait existing 2wikimqa uniform_alpha0p1 75-100
[2026-07-12 21:49:00] wait existing 2wikimqa uniform_alpha0p1 75-100
[2026-07-12 21:50:30] wait existing 2wikimqa uniform_alpha0p1 75-100
[2026-07-12 21:52:00] wait existing 2wikimqa uniform_alpha0p1 75-100
[2026-07-12 21:53:30] wait existing 2wikimqa uniform_alpha0p1 75-100
[2026-07-12 21:55:01] wait existing 2wikimqa uniform_alpha0p1 75-100
[2026-07-12 21:56:31] wait existing 2wikimqa uniform_alpha0p1 75-100
[2026-07-12 21:58:01] wait existing 2wikimqa uniform_alpha0p1 75-100
[2026-07-12 21:59:31] wait existing 2wikimqa uniform_alpha0p1 75-100
[2026-07-12 22:01:01] wait existing 2wikimqa uniform_alpha0p1 75-100
[2026-07-12 22:02:31] wait existing 2wikimqa uniform_alpha0p1 75-100
[2026-07-12 22:04:02] wait existing 2wikimqa uniform_alpha0p1 75-100
[2026-07-12 22:05:32] wait existing 2wikimqa uniform_alpha0p1 75-100
[2026-07-12 22:07:02] wait existing 2wikimqa uniform_alpha0p1 75-100
[2026-07-12 22:08:32] wait existing 2wikimqa uniform_alpha0p1 75-100
[2026-07-12 22:10:02] wait existing 2wikimqa uniform_alpha0p1 75-100
[2026-07-12 22:11:32] wait existing 2wikimqa uniform_alpha0p1 75-100
[2026-07-12 22:13:02] wait existing 2wikimqa uniform_alpha0p1 75-100
[2026-07-12 22:14:33] wait existing 2wikimqa uniform_alpha0p1 75-100
[2026-07-12 22:16:03] wait existing 2wikimqa uniform_alpha0p1 75-100
[2026-07-12 22:17:33] run 2wikimqa uniform_alpha0p1 75-100
[2026-07-12 22:19:06] done rc=1 2wikimqa uniform_alpha0p1 75-100
[2026-07-12 22:19:06] run hotpotqa uniform_alpha0p1 75-100
[2026-07-12 22:19:50] done rc=1 hotpotqa uniform_alpha0p1 75-100
[2026-07-12 22:19:50] run 2wikimqa uniform_alpha0p25 150-175
