/mnt/qjhs-sh-lab-01/wjh/FusionRAG/.venv/lib/python3.10/site-packages/torch/cuda/__init__.py:61: FutureWarning: The pynvml package is deprecated. Please install nvidia-ml-py instead. If you did not install pynvml directly, please report this to the maintainers of the package that installed pynvml for you.
  import pynvml  # type: ignore[import]
Loading checkpoint shards:   0%|          | 0/2 [00:00<?, ?it/s]Loading checkpoint shards:  50%|█████     | 1/2 [00:05<00:05,  5.84s/it]Loading checkpoint shards: 100%|██████████| 2/2 [00:08<00:00,  3.83s/it]Loading checkpoint shards: 100%|██████████| 2/2 [00:08<00:00,  4.13s/it]
teacher pair=1750 top=57 score_mean=0.144366
teacher pair=1751 top=57 score_mean=0.144366
teacher pair=1752 top=57 score_mean=0.144366
teacher pair=1753 top=57 score_mean=0.144366
teacher pair=1754 top=57 score_mean=0.144366
teacher pair=1755 top=57 score_mean=0.144366
teacher pair=1756 top=57 score_mean=0.144366
teacher pair=1757 top=57 score_mean=0.144366
teacher pair=1758 top=57 score_mean=0.144366
teacher pair=1759 top=57 score_mean=0.144366
teacher pair=1760 top=57 score_mean=0.144366
teacher pair=1761 top=57 score_mean=0.144366
teacher pair=1762 top=57 score_mean=0.144366
teacher pair=1763 top=57 score_mean=0.144366
teacher pair=1764 top=57 score_mean=0.144366
teacher pair=1765 top=57 score_mean=0.144366
teacher pair=1766 top=57 score_mean=0.144366
teacher pair=1767 top=57 score_mean=0.144366
teacher pair=1768 top=57 score_mean=0.144366
teacher pair=1769 top=57 score_mean=0.144366
teacher pair=1770 top=57 score_mean=0.144366
teacher pair=1771 top=57 score_mean=0.144366
teacher pair=1772 top=57 score_mean=0.144366
teacher pair=1773 top=57 score_mean=0.144366
teacher pair=1774 top=57 score_mean=0.144366
teacher pair=1775 top=57 score_mean=0.144366
teacher pair=1776 top=57 score_mean=0.144366
teacher pair=1777 top=57 score_mean=0.144366
teacher pair=1778 top=57 score_mean=0.144366
teacher pair=1779 top=57 score_mean=0.144366
teacher pair=1780 top=57 score_mean=0.144366
teacher pair=1781 top=57 score_mean=0.144366
teacher pair=1782 top=57 score_mean=0.144366
teacher pair=1783 top=57 score_mean=0.144366
teacher pair=1784 top=57 score_mean=0.144366
teacher pair=1785 top=57 score_mean=0.144366
teacher pair=1786 top=57 score_mean=0.144366
teacher pair=1787 top=57 score_mean=0.144366
teacher pair=1788 top=57 score_mean=0.144366
teacher pair=1789 top=57 score_mean=0.144366
teacher pair=1790 top=57 score_mean=0.144366
teacher pair=1791 top=57 score_mean=0.144366
teacher pair=1792 top=57 score_mean=0.144366
teacher pair=1793 top=57 score_mean=0.144366
teacher pair=1794 top=57 score_mean=0.144366
teacher pair=1795 top=57 score_mean=0.144366
teacher pair=1796 top=57 score_mean=0.144366
teacher pair=1797 top=57 score_mean=0.144366
teacher pair=1798 top=57 score_mean=0.144366
teacher pair=1799 top=57 score_mean=0.144366
teacher pair=1800 top=57 score_mean=0.144366
teacher pair=1801 top=57 score_mean=0.144366
teacher pair=1802 top=57 score_mean=0.144366
teacher pair=1803 top=57 score_mean=0.144366
teacher pair=1804 top=57 score_mean=0.144366
teacher pair=1805 top=57 score_mean=0.144366
teacher pair=1806 top=57 score_mean=0.144366
teacher pair=1807 top=57 score_mean=0.144366
teacher pair=1808 top=57 score_mean=0.144366
teacher pair=1809 top=57 score_mean=0.144366
teacher pair=1810 top=57 score_mean=0.144366
teacher pair=1811 top=57 score_mean=0.144366
teacher pair=1812 top=57 score_mean=0.144366
teacher pair=1813 top=57 score_mean=0.144366
teacher pair=1814 top=57 score_mean=0.144366
teacher pair=1815 top=57 score_mean=0.144366
teacher pair=1816 top=57 score_mean=0.144366
teacher pair=1817 top=57 score_mean=0.144366
teacher pair=1818 top=57 score_mean=0.144366
teacher pair=1819 top=57 score_mean=0.144366
teacher pair=1820 top=57 score_mean=0.144366
teacher pair=1821 top=57 score_mean=0.144366
teacher pair=1822 top=57 score_mean=0.144366
teacher pair=1823 top=57 score_mean=0.144366
teacher pair=1824 top=57 score_mean=0.144366
teacher pair=1825 top=57 score_mean=0.144366
teacher pair=1826 top=57 score_mean=0.144366
teacher pair=1827 top=57 score_mean=0.144366
teacher pair=1828 top=57 score_mean=0.144366
teacher pair=1829 top=57 score_mean=0.144366
teacher pair=1830 top=57 score_mean=0.144366
teacher pair=1831 top=57 score_mean=0.144366
teacher pair=1832 top=57 score_mean=0.144366
teacher pair=1833 top=57 score_mean=0.144366
teacher pair=1834 top=57 score_mean=0.144366
teacher pair=1835 top=57 score_mean=0.144366
teacher pair=1836 top=57 score_mean=0.144366
teacher pair=1837 top=57 score_mean=0.144366
teacher pair=1838 top=57 score_mean=0.144366
teacher pair=1839 top=57 score_mean=0.144366
teacher pair=1840 top=57 score_mean=0.144366
teacher pair=1841 top=57 score_mean=0.144366
teacher pair=1842 top=57 score_mean=0.144366
teacher pair=1843 top=57 score_mean=0.144366
teacher pair=1844 top=57 score_mean=0.144366
teacher pair=1845 top=57 score_mean=0.144366
teacher pair=1846 top=57 score_mean=0.144366
teacher pair=1847 top=57 score_mean=0.144366
teacher pair=1848 top=57 score_mean=0.144366
teacher pair=1849 top=57 score_mean=0.144366
teacher pair=1850 top=57 score_mean=0.144366
teacher pair=1851 top=57 score_mean=0.144366
teacher pair=1852 top=57 score_mean=0.144366
teacher pair=1853 top=57 score_mean=0.144366
teacher pair=1854 top=57 score_mean=0.144366
teacher pair=1855 top=57 score_mean=0.144366
teacher pair=1856 top=57 score_mean=0.144366
teacher pair=1857 top=57 score_mean=0.144366
teacher pair=1858 top=57 score_mean=0.144366
teacher pair=1859 top=57 score_mean=0.144366
teacher pair=1860 top=57 score_mean=0.144366
teacher pair=1861 top=57 score_mean=0.144366
teacher pair=1862 top=57 score_mean=0.144366
teacher pair=1863 top=57 score_mean=0.144366
teacher pair=1864 top=57 score_mean=0.144366
teacher pair=1865 top=57 score_mean=0.144366
teacher pair=1866 top=57 score_mean=0.144366
teacher pair=1867 top=57 score_mean=0.144366
teacher pair=1868 top=57 score_mean=0.144366
teacher pair=1869 top=57 score_mean=0.144366
teacher pair=1870 top=57 score_mean=0.144366
teacher pair=1871 top=57 score_mean=0.144366
teacher pair=1872 top=57 score_mean=0.144366
teacher pair=1873 top=57 score_mean=0.144366
teacher pair=1874 top=57 score_mean=0.144366
teacher pair=1875 top=57 score_mean=0.144366
teacher pair=1876 top=57 score_mean=0.144366
teacher pair=1877 top=57 score_mean=0.144366
teacher pair=1878 top=57 score_mean=0.144366
teacher pair=1879 top=57 score_mean=0.144366
teacher pair=1880 top=57 score_mean=0.144366
teacher pair=1881 top=57 score_mean=0.144366
teacher pair=1882 top=57 score_mean=0.144366
teacher pair=1883 top=57 score_mean=0.144366
teacher pair=1884 top=57 score_mean=0.144366
teacher pair=1885 top=57 score_mean=0.144366
teacher pair=1886 top=57 score_mean=0.144366
teacher pair=1887 top=57 score_mean=0.144366
teacher pair=1888 top=57 score_mean=0.144366
teacher pair=1889 top=57 score_mean=0.144366
teacher pair=1890 top=57 score_mean=0.144366
teacher pair=1891 top=57 score_mean=0.144366
teacher pair=1892 top=57 score_mean=0.144366
teacher pair=1893 top=57 score_mean=0.144366
teacher pair=1894 top=57 score_mean=0.144366
teacher pair=1895 top=57 score_mean=0.144366
teacher pair=1896 top=57 score_mean=0.144366
teacher pair=1897 top=57 score_mean=0.144366
teacher pair=1898 top=57 score_mean=0.144366
teacher pair=1899 top=57 score_mean=0.144366
teacher pair=1900 top=57 score_mean=0.144366
teacher pair=1901 top=57 score_mean=0.144366
teacher pair=1902 top=57 score_mean=0.144366
teacher pair=1903 top=57 score_mean=0.144366
teacher pair=1904 top=57 score_mean=0.144366
teacher pair=1905 top=57 score_mean=0.144366
teacher pair=1906 top=57 score_mean=0.144366
teacher pair=1907 top=57 score_mean=0.144366
teacher pair=1908 top=57 score_mean=0.144366
teacher pair=1909 top=57 score_mean=0.144366
teacher pair=1910 top=57 score_mean=0.144366
teacher pair=1911 top=57 score_mean=0.144366
teacher pair=1912 top=57 score_mean=0.144366
teacher pair=1913 top=57 score_mean=0.144366
teacher pair=1914 top=57 score_mean=0.144366
teacher pair=1915 top=57 score_mean=0.144366
teacher pair=1916 top=57 score_mean=0.144366
teacher pair=1917 top=57 score_mean=0.144366
teacher pair=1918 top=57 score_mean=0.144366
teacher pair=1919 top=57 score_mean=0.144366
teacher pair=1920 top=57 score_mean=0.144366
teacher pair=1921 top=57 score_mean=0.144366
teacher pair=1922 top=57 score_mean=0.144366
teacher pair=1923 top=57 score_mean=0.144366
teacher pair=1924 top=57 score_mean=0.144366
teacher pair=1925 top=57 score_mean=0.144366
teacher pair=1926 top=57 score_mean=0.144366
teacher pair=1927 top=57 score_mean=0.144366
teacher pair=1928 top=57 score_mean=0.144366
teacher pair=1929 top=57 score_mean=0.144366
teacher pair=1930 top=57 score_mean=0.144366
teacher pair=1931 top=57 score_mean=0.144366
teacher pair=1932 top=57 score_mean=0.144366
teacher pair=1933 top=57 score_mean=0.144366
teacher pair=1934 top=57 score_mean=0.144366
teacher pair=1935 top=57 score_mean=0.144366
teacher pair=1936 top=57 score_mean=0.144366
teacher pair=1937 top=57 score_mean=0.144366
teacher pair=1938 top=57 score_mean=0.144366
teacher pair=1939 top=57 score_mean=0.144366
teacher pair=1940 top=57 score_mean=0.144366
teacher pair=1941 top=57 score_mean=0.144366
teacher pair=1942 top=57 score_mean=0.144366
teacher pair=1943 top=57 score_mean=0.144366
teacher pair=1944 top=57 score_mean=0.144366
teacher pair=1945 top=57 score_mean=0.144366
teacher pair=1946 top=57 score_mean=0.144366
teacher pair=1947 top=57 score_mean=0.144366
teacher pair=1948 top=57 score_mean=0.144366
teacher pair=1949 top=57 score_mean=0.144366
teacher pair=1950 top=57 score_mean=0.144366
teacher pair=1951 top=57 score_mean=0.144366
teacher pair=1952 top=57 score_mean=0.144366
teacher pair=1953 top=57 score_mean=0.144366
teacher pair=1954 top=57 score_mean=0.144366
teacher pair=1955 top=57 score_mean=0.144366
teacher pair=1956 top=57 score_mean=0.144366
teacher pair=1957 top=57 score_mean=0.144366
teacher pair=1958 top=57 score_mean=0.144366
teacher pair=1959 top=57 score_mean=0.144366
teacher pair=1960 top=57 score_mean=0.144366
teacher pair=1961 top=57 score_mean=0.144366
teacher pair=1962 top=57 score_mean=0.144366
teacher pair=1963 top=57 score_mean=0.144366
teacher pair=1964 top=57 score_mean=0.144366
teacher pair=1965 top=57 score_mean=0.144366
teacher pair=1966 top=57 score_mean=0.144366
teacher pair=1967 top=57 score_mean=0.144366
teacher pair=1968 top=57 score_mean=0.144366
teacher pair=1969 top=57 score_mean=0.144366
teacher pair=1970 top=57 score_mean=0.144366
teacher pair=1971 top=57 score_mean=0.144366
teacher pair=1972 top=57 score_mean=0.144366
teacher pair=1973 top=57 score_mean=0.144366
teacher pair=1974 top=57 score_mean=0.144366
teacher pair=1975 top=57 score_mean=0.144366
teacher pair=1976 top=57 score_mean=0.144366
teacher pair=1977 top=57 score_mean=0.144366
teacher pair=1978 top=57 score_mean=0.144366
teacher pair=1979 top=57 score_mean=0.144366
teacher pair=1980 top=57 score_mean=0.144366
teacher pair=1981 top=57 score_mean=0.144366
teacher pair=1982 top=57 score_mean=0.144366
teacher pair=1983 top=57 score_mean=0.144366
teacher pair=1984 top=57 score_mean=0.144366
teacher pair=1985 top=57 score_mean=0.144366
teacher pair=1986 top=57 score_mean=0.144366
teacher pair=1987 top=57 score_mean=0.144366
teacher pair=1988 top=57 score_mean=0.144366
teacher pair=1989 top=57 score_mean=0.144366
teacher pair=1990 top=57 score_mean=0.144366
teacher pair=1991 top=57 score_mean=0.144366
teacher pair=1992 top=57 score_mean=0.144366
teacher pair=1993 top=57 score_mean=0.144366
teacher pair=1994 top=57 score_mean=0.144366
teacher pair=1995 top=57 score_mean=0.144366
teacher pair=1996 top=57 score_mean=0.144366
teacher pair=1997 top=57 score_mean=0.144366
teacher pair=1998 top=57 score_mean=0.144366
teacher pair=1999 top=57 score_mean=0.144366
wrote 250 teacher files to /raid/home/hming/FusionRAG-pca-analysis/MOTIVATION_EXPERIMENTS/predictor_distill_wikitext/teacher_cache_2k
