/mnt/qjhs-sh-lab-01/wjh/FusionRAG/.venv/lib/python3.10/site-packages/torch/cuda/__init__.py:61: FutureWarning: The pynvml package is deprecated. Please install nvidia-ml-py instead. If you did not install pynvml directly, please report this to the maintainers of the package that installed pynvml for you.
  import pynvml  # type: ignore[import]
{"target": 1, "source": "raw", "kind": "k", "status": "done"}
{"target": 1, "source": "raw", "kind": "v", "status": "done"}
{"target": 1, "source": "preprocess", "kind": "k", "status": "done"}
{"target": 1, "source": "preprocess", "kind": "v", "status": "done"}
{"target": 2, "source": "raw", "kind": "k", "status": "done"}
{"target": 2, "source": "raw", "kind": "v", "status": "done"}
{"target": 2, "source": "preprocess", "kind": "k", "status": "done"}
{"target": 2, "source": "preprocess", "kind": "v", "status": "done"}
{"target": 3, "source": "raw", "kind": "k", "status": "done"}
{"target": 3, "source": "raw", "kind": "v", "status": "done"}
{"target": 3, "source": "preprocess", "kind": "k", "status": "done"}
{"target": 3, "source": "preprocess", "kind": "v", "status": "done"}
{"target": 4, "source": "raw", "kind": "k", "status": "done"}
{"target": 4, "source": "raw", "kind": "v", "status": "done"}
{"target": 4, "source": "preprocess", "kind": "k", "status": "done"}
{"target": 4, "source": "preprocess", "kind": "v", "status": "done"}
{"target": 5, "source": "raw", "kind": "k", "status": "done"}
{"target": 5, "source": "raw", "kind": "v", "status": "done"}
{"target": 5, "source": "preprocess", "kind": "k", "status": "done"}
{"target": 5, "source": "preprocess", "kind": "v", "status": "done"}
MOTIVATION_EXPERIMENTS/by_date/2026-07-16/kvcomm_anchor_adapter/results/strict_anchor_transfer/summary.csv
