[2026-07-08 15:54:38] start accuracy cfg=full_rate1 dataset=2wikimqa segment=150-175 gpu=6
[2026-07-08 16:01:38] done accuracy cfg=full_rate1 dataset=2wikimqa segment=150-175 gpu=6
[2026-07-08 16:01:38] start accuracy cfg=online_qk_rate015 dataset=2wikimqa segment=150-175 gpu=6
[2026-07-08 17:16:12] done accuracy cfg=online_qk_rate015 dataset=2wikimqa segment=150-175 gpu=6
[2026-07-08 17:16:12] start accuracy cfg=online_draft_rate015 dataset=2wikimqa segment=150-175 gpu=6
[2026-07-08 17:23:43] done accuracy cfg=online_draft_rate015 dataset=2wikimqa segment=150-175 gpu=6
[2026-07-08 17:23:43] start accuracy cfg=offline3b_mean dataset=2wikimqa segment=150-175 gpu=6
[2026-07-08 17:33:07] done accuracy cfg=offline3b_mean dataset=2wikimqa segment=150-175 gpu=6
[2026-07-08 17:33:07] start accuracy cfg=offline3b_freq_boundary2 dataset=2wikimqa segment=150-175 gpu=6
[2026-07-08 17:41:12] done accuracy cfg=offline3b_freq_boundary2 dataset=2wikimqa segment=150-175 gpu=6
[2026-07-08 17:41:12] start accuracy cfg=offline32b_top2 dataset=2wikimqa segment=150-175 gpu=6
[2026-07-08 17:49:13] done accuracy cfg=offline32b_top2 dataset=2wikimqa segment=150-175 gpu=6
[2026-07-08 17:49:13] start accuracy cfg=full_rate1 dataset=hotpotqa segment=150-175 gpu=6
[2026-07-08 17:52:27] done accuracy cfg=full_rate1 dataset=hotpotqa segment=150-175 gpu=6
[2026-07-08 17:52:27] start accuracy cfg=online_qk_rate015 dataset=hotpotqa segment=75-100 gpu=6
[2026-07-08 18:45:00] done accuracy cfg=online_qk_rate015 dataset=hotpotqa segment=75-100 gpu=6
[2026-07-08 18:45:00] start accuracy cfg=online_draft_rate015 dataset=hotpotqa segment=0-25 gpu=6
[2026-07-08 19:12:51] done accuracy cfg=online_draft_rate015 dataset=hotpotqa segment=0-25 gpu=6
[2026-07-08 19:12:51] start accuracy cfg=online_draft_rate015 dataset=hotpotqa segment=200-225 gpu=6
[2026-07-08 19:35:07] done accuracy cfg=online_draft_rate015 dataset=hotpotqa segment=200-225 gpu=6
[2026-07-08 19:35:07] start accuracy cfg=offline3b_mean dataset=hotpotqa segment=125-150 gpu=6
[2026-07-08 19:50:37] done accuracy cfg=offline3b_mean dataset=hotpotqa segment=125-150 gpu=6
[2026-07-08 19:50:37] start accuracy cfg=offline3b_freq_boundary2 dataset=hotpotqa segment=50-75 gpu=6
[2026-07-08 20:03:31] done accuracy cfg=offline3b_freq_boundary2 dataset=hotpotqa segment=50-75 gpu=6
[2026-07-08 20:03:31] start accuracy cfg=offline3b_freq_boundary2 dataset=hotpotqa segment=250-260 gpu=6
[2026-07-08 20:10:22] done accuracy cfg=offline3b_freq_boundary2 dataset=hotpotqa segment=250-260 gpu=6
[2026-07-08 20:10:22] start accuracy cfg=offline32b_top2 dataset=hotpotqa segment=175-200 gpu=6
[2026-07-08 20:23:23] done accuracy cfg=offline32b_top2 dataset=hotpotqa segment=175-200 gpu=6
[2026-07-08 20:23:23] start accuracy cfg=full_rate1 dataset=triviaqa segment=100-125 gpu=6
[2026-07-08 20:26:18] done accuracy cfg=full_rate1 dataset=triviaqa segment=100-125 gpu=6
[2026-07-08 20:26:18] start accuracy cfg=online_qk_rate015 dataset=triviaqa segment=25-50 gpu=6
[2026-07-08 21:14:57] done accuracy cfg=online_qk_rate015 dataset=triviaqa segment=25-50 gpu=6
[2026-07-08 21:14:57] start accuracy cfg=online_qk_rate015 dataset=triviaqa segment=225-250 gpu=6
[2026-07-08 21:42:43] done accuracy cfg=online_qk_rate015 dataset=triviaqa segment=225-250 gpu=6
[2026-07-08 21:42:43] start accuracy cfg=online_draft_rate015 dataset=triviaqa segment=150-175 gpu=6
[2026-07-08 22:03:02] done accuracy cfg=online_draft_rate015 dataset=triviaqa segment=150-175 gpu=6
[2026-07-08 22:03:02] start accuracy cfg=offline3b_mean dataset=triviaqa segment=75-100 gpu=6
[2026-07-08 22:22:26] done accuracy cfg=offline3b_mean dataset=triviaqa segment=75-100 gpu=6
[2026-07-08 22:22:26] start accuracy cfg=offline3b_freq_boundary2 dataset=triviaqa segment=0-25 gpu=6
[2026-07-08 22:35:46] done accuracy cfg=offline3b_freq_boundary2 dataset=triviaqa segment=0-25 gpu=6
[2026-07-08 22:35:46] start accuracy cfg=offline3b_freq_boundary2 dataset=triviaqa segment=200-225 gpu=6
