[2026-07-08 15:54:38] start accuracy cfg=full_rate1 dataset=2wikimqa segment=175-200 gpu=7
[2026-07-08 16:00:58] done accuracy cfg=full_rate1 dataset=2wikimqa segment=175-200 gpu=7
[2026-07-08 16:00:58] start accuracy cfg=online_qk_rate015 dataset=2wikimqa segment=175-200 gpu=7
[2026-07-08 17:13:31] done accuracy cfg=online_qk_rate015 dataset=2wikimqa segment=175-200 gpu=7
[2026-07-08 17:13:31] start accuracy cfg=online_draft_rate015 dataset=2wikimqa segment=175-200 gpu=7
[2026-07-08 17:21:22] done accuracy cfg=online_draft_rate015 dataset=2wikimqa segment=175-200 gpu=7
[2026-07-08 17:21:22] start accuracy cfg=offline3b_mean dataset=2wikimqa segment=175-200 gpu=7
[2026-07-08 17:29:33] done accuracy cfg=offline3b_mean dataset=2wikimqa segment=175-200 gpu=7
[2026-07-08 17:29:33] start accuracy cfg=offline3b_freq_boundary2 dataset=2wikimqa segment=175-200 gpu=7
[2026-07-08 17:38:34] done accuracy cfg=offline3b_freq_boundary2 dataset=2wikimqa segment=175-200 gpu=7
[2026-07-08 17:38:34] start accuracy cfg=offline32b_top2 dataset=2wikimqa segment=175-200 gpu=7
[2026-07-08 17:46:26] done accuracy cfg=offline32b_top2 dataset=2wikimqa segment=175-200 gpu=7
[2026-07-08 17:46:26] start accuracy cfg=full_rate1 dataset=hotpotqa segment=175-200 gpu=7
[2026-07-08 17:49:58] done accuracy cfg=full_rate1 dataset=hotpotqa segment=175-200 gpu=7
[2026-07-08 17:49:58] start accuracy cfg=online_qk_rate015 dataset=hotpotqa segment=100-125 gpu=7
[2026-07-08 18:40:15] done accuracy cfg=online_qk_rate015 dataset=hotpotqa segment=100-125 gpu=7
[2026-07-08 18:40:15] start accuracy cfg=online_draft_rate015 dataset=hotpotqa segment=25-50 gpu=7
[2026-07-08 19:12:11] done accuracy cfg=online_draft_rate015 dataset=hotpotqa segment=25-50 gpu=7
[2026-07-08 19:12:11] start accuracy cfg=online_draft_rate015 dataset=hotpotqa segment=225-250 gpu=7
[2026-07-08 19:33:57] done accuracy cfg=online_draft_rate015 dataset=hotpotqa segment=225-250 gpu=7
[2026-07-08 19:33:57] start accuracy cfg=offline3b_mean dataset=hotpotqa segment=150-175 gpu=7
[2026-07-08 19:50:51] done accuracy cfg=offline3b_mean dataset=hotpotqa segment=150-175 gpu=7
[2026-07-08 19:50:51] start accuracy cfg=offline3b_freq_boundary2 dataset=hotpotqa segment=75-100 gpu=7
[2026-07-08 20:03:10] done accuracy cfg=offline3b_freq_boundary2 dataset=hotpotqa segment=75-100 gpu=7
[2026-07-08 20:03:10] start accuracy cfg=offline32b_top2 dataset=hotpotqa segment=0-25 gpu=7
[2026-07-08 20:16:24] done accuracy cfg=offline32b_top2 dataset=hotpotqa segment=0-25 gpu=7
[2026-07-08 20:16:24] start accuracy cfg=offline32b_top2 dataset=hotpotqa segment=200-225 gpu=7
[2026-07-08 20:29:53] done accuracy cfg=offline32b_top2 dataset=hotpotqa segment=200-225 gpu=7
[2026-07-08 20:29:53] start accuracy cfg=full_rate1 dataset=triviaqa segment=125-150 gpu=7
[2026-07-08 20:32:34] done accuracy cfg=full_rate1 dataset=triviaqa segment=125-150 gpu=7
[2026-07-08 20:32:34] start accuracy cfg=online_qk_rate015 dataset=triviaqa segment=50-75 gpu=7
[2026-07-08 21:23:12] done accuracy cfg=online_qk_rate015 dataset=triviaqa segment=50-75 gpu=7
[2026-07-08 21:23:12] start accuracy cfg=online_qk_rate015 dataset=triviaqa segment=250-270 gpu=7
[2026-07-08 21:46:29] done accuracy cfg=online_qk_rate015 dataset=triviaqa segment=250-270 gpu=7
[2026-07-08 21:46:29] start accuracy cfg=online_draft_rate015 dataset=triviaqa segment=175-200 gpu=7
[2026-07-08 22:09:14] done accuracy cfg=online_draft_rate015 dataset=triviaqa segment=175-200 gpu=7
[2026-07-08 22:09:14] start accuracy cfg=offline3b_mean dataset=triviaqa segment=100-125 gpu=7
[2026-07-08 22:24:39] done accuracy cfg=offline3b_mean dataset=triviaqa segment=100-125 gpu=7
[2026-07-08 22:24:39] start accuracy cfg=offline3b_freq_boundary2 dataset=triviaqa segment=25-50 gpu=7
[2026-07-08 22:38:17] done accuracy cfg=offline3b_freq_boundary2 dataset=triviaqa segment=25-50 gpu=7
[2026-07-08 22:38:17] start accuracy cfg=offline3b_freq_boundary2 dataset=triviaqa segment=225-250 gpu=7
