[2026-07-08 15:54:38] start accuracy cfg=full_rate1 dataset=2wikimqa segment=50-75 gpu=2
[2026-07-08 16:00:23] done accuracy cfg=full_rate1 dataset=2wikimqa segment=50-75 gpu=2
[2026-07-08 16:00:23] start accuracy cfg=online_qk_rate015 dataset=2wikimqa segment=50-75 gpu=2
[2026-07-08 17:16:42] done accuracy cfg=online_qk_rate015 dataset=2wikimqa segment=50-75 gpu=2
[2026-07-08 17:16:42] start accuracy cfg=online_draft_rate015 dataset=2wikimqa segment=50-75 gpu=2
[2026-07-08 17:25:42] done accuracy cfg=online_draft_rate015 dataset=2wikimqa segment=50-75 gpu=2
[2026-07-08 17:25:42] start accuracy cfg=offline3b_mean dataset=2wikimqa segment=50-75 gpu=2
[2026-07-08 17:33:26] done accuracy cfg=offline3b_mean dataset=2wikimqa segment=50-75 gpu=2
[2026-07-08 17:33:26] start accuracy cfg=offline3b_freq_boundary2 dataset=2wikimqa segment=50-75 gpu=2
[2026-07-08 17:41:13] done accuracy cfg=offline3b_freq_boundary2 dataset=2wikimqa segment=50-75 gpu=2
[2026-07-08 17:41:13] start accuracy cfg=offline32b_top2 dataset=2wikimqa segment=50-75 gpu=2
[2026-07-08 17:48:47] done accuracy cfg=offline32b_top2 dataset=2wikimqa segment=50-75 gpu=2
[2026-07-08 17:48:47] start accuracy cfg=full_rate1 dataset=hotpotqa segment=50-75 gpu=2
[2026-07-08 17:52:16] done accuracy cfg=full_rate1 dataset=hotpotqa segment=50-75 gpu=2
[2026-07-08 17:52:16] start accuracy cfg=full_rate1 dataset=hotpotqa segment=250-260 gpu=2
[2026-07-08 17:53:59] done accuracy cfg=full_rate1 dataset=hotpotqa segment=250-260 gpu=2
[2026-07-08 17:53:59] start accuracy cfg=online_qk_rate015 dataset=hotpotqa segment=175-200 gpu=2
[2026-07-08 18:47:34] done accuracy cfg=online_qk_rate015 dataset=hotpotqa segment=175-200 gpu=2
[2026-07-08 18:47:34] start accuracy cfg=online_draft_rate015 dataset=hotpotqa segment=100-125 gpu=2
[2026-07-08 19:15:05] done accuracy cfg=online_draft_rate015 dataset=hotpotqa segment=100-125 gpu=2
[2026-07-08 19:15:05] start accuracy cfg=offline3b_mean dataset=hotpotqa segment=25-50 gpu=2
[2026-07-08 19:36:02] done accuracy cfg=offline3b_mean dataset=hotpotqa segment=25-50 gpu=2
[2026-07-08 19:36:02] start accuracy cfg=offline3b_mean dataset=hotpotqa segment=225-250 gpu=2
[2026-07-08 19:49:58] done accuracy cfg=offline3b_mean dataset=hotpotqa segment=225-250 gpu=2
[2026-07-08 19:49:58] start accuracy cfg=offline3b_freq_boundary2 dataset=hotpotqa segment=150-175 gpu=2
[2026-07-08 20:04:11] done accuracy cfg=offline3b_freq_boundary2 dataset=hotpotqa segment=150-175 gpu=2
[2026-07-08 20:04:11] start accuracy cfg=offline32b_top2 dataset=hotpotqa segment=75-100 gpu=2
[2026-07-08 20:15:44] done accuracy cfg=offline32b_top2 dataset=hotpotqa segment=75-100 gpu=2
[2026-07-08 20:15:44] start accuracy cfg=full_rate1 dataset=triviaqa segment=0-25 gpu=2
[2026-07-08 20:18:38] done accuracy cfg=full_rate1 dataset=triviaqa segment=0-25 gpu=2
[2026-07-08 20:18:38] start accuracy cfg=full_rate1 dataset=triviaqa segment=200-225 gpu=2
[2026-07-08 20:22:21] done accuracy cfg=full_rate1 dataset=triviaqa segment=200-225 gpu=2
[2026-07-08 20:22:21] start accuracy cfg=online_qk_rate015 dataset=triviaqa segment=125-150 gpu=2
[2026-07-08 21:11:24] done accuracy cfg=online_qk_rate015 dataset=triviaqa segment=125-150 gpu=2
[2026-07-08 21:11:24] start accuracy cfg=online_draft_rate015 dataset=triviaqa segment=50-75 gpu=2
[2026-07-08 21:41:11] done accuracy cfg=online_draft_rate015 dataset=triviaqa segment=50-75 gpu=2
[2026-07-08 21:41:11] start accuracy cfg=online_draft_rate015 dataset=triviaqa segment=250-270 gpu=2
[2026-07-08 21:58:09] done accuracy cfg=online_draft_rate015 dataset=triviaqa segment=250-270 gpu=2
[2026-07-08 21:58:09] start accuracy cfg=offline3b_mean dataset=triviaqa segment=175-200 gpu=2
[2026-07-08 22:15:30] done accuracy cfg=offline3b_mean dataset=triviaqa segment=175-200 gpu=2
[2026-07-08 22:15:30] start accuracy cfg=offline3b_freq_boundary2 dataset=triviaqa segment=100-125 gpu=2
[2026-07-08 22:28:09] done accuracy cfg=offline3b_freq_boundary2 dataset=triviaqa segment=100-125 gpu=2
[2026-07-08 22:28:09] start accuracy cfg=offline32b_top2 dataset=triviaqa segment=25-50 gpu=2
[2026-07-08 22:39:24] done accuracy cfg=offline32b_top2 dataset=triviaqa segment=25-50 gpu=2
[2026-07-08 22:39:24] start accuracy cfg=offline32b_top2 dataset=triviaqa segment=225-250 gpu=2
