[2026-07-08 15:54:38] start accuracy cfg=full_rate1 dataset=2wikimqa segment=100-125 gpu=4
[2026-07-08 16:01:23] done accuracy cfg=full_rate1 dataset=2wikimqa segment=100-125 gpu=4
[2026-07-08 16:01:23] start accuracy cfg=online_qk_rate015 dataset=2wikimqa segment=100-125 gpu=4
[2026-07-08 17:15:43] done accuracy cfg=online_qk_rate015 dataset=2wikimqa segment=100-125 gpu=4
[2026-07-08 17:15:43] start accuracy cfg=online_draft_rate015 dataset=2wikimqa segment=100-125 gpu=4
[2026-07-08 17:26:19] done accuracy cfg=online_draft_rate015 dataset=2wikimqa segment=100-125 gpu=4
[2026-07-08 17:26:19] start accuracy cfg=offline3b_mean dataset=2wikimqa segment=100-125 gpu=4
[2026-07-08 17:36:36] done accuracy cfg=offline3b_mean dataset=2wikimqa segment=100-125 gpu=4
[2026-07-08 17:36:36] start accuracy cfg=offline3b_freq_boundary2 dataset=2wikimqa segment=100-125 gpu=4
[2026-07-08 17:45:02] done accuracy cfg=offline3b_freq_boundary2 dataset=2wikimqa segment=100-125 gpu=4
[2026-07-08 17:45:02] start accuracy cfg=offline32b_top2 dataset=2wikimqa segment=100-125 gpu=4
[2026-07-08 17:57:24] done accuracy cfg=offline32b_top2 dataset=2wikimqa segment=100-125 gpu=4
[2026-07-08 17:57:24] start accuracy cfg=full_rate1 dataset=hotpotqa segment=100-125 gpu=4
[2026-07-08 18:00:20] done accuracy cfg=full_rate1 dataset=hotpotqa segment=100-125 gpu=4
[2026-07-08 18:00:20] start accuracy cfg=online_qk_rate015 dataset=hotpotqa segment=25-50 gpu=4
[2026-07-08 18:57:16] done accuracy cfg=online_qk_rate015 dataset=hotpotqa segment=25-50 gpu=4
[2026-07-08 18:57:16] start accuracy cfg=online_qk_rate015 dataset=hotpotqa segment=225-250 gpu=4
[2026-07-08 19:23:18] done accuracy cfg=online_qk_rate015 dataset=hotpotqa segment=225-250 gpu=4
[2026-07-08 19:23:18] start accuracy cfg=online_draft_rate015 dataset=hotpotqa segment=150-175 gpu=4
[2026-07-08 19:44:49] done accuracy cfg=online_draft_rate015 dataset=hotpotqa segment=150-175 gpu=4
[2026-07-08 19:44:49] start accuracy cfg=offline3b_mean dataset=hotpotqa segment=75-100 gpu=4
[2026-07-08 19:58:56] done accuracy cfg=offline3b_mean dataset=hotpotqa segment=75-100 gpu=4
[2026-07-08 19:58:56] start accuracy cfg=offline3b_freq_boundary2 dataset=hotpotqa segment=0-25 gpu=4
[2026-07-08 20:12:57] done accuracy cfg=offline3b_freq_boundary2 dataset=hotpotqa segment=0-25 gpu=4
[2026-07-08 20:12:57] start accuracy cfg=offline3b_freq_boundary2 dataset=hotpotqa segment=200-225 gpu=4
[2026-07-08 20:24:57] done accuracy cfg=offline3b_freq_boundary2 dataset=hotpotqa segment=200-225 gpu=4
[2026-07-08 20:24:57] start accuracy cfg=offline32b_top2 dataset=hotpotqa segment=125-150 gpu=4
[2026-07-08 20:36:00] done accuracy cfg=offline32b_top2 dataset=hotpotqa segment=125-150 gpu=4
[2026-07-08 20:36:00] start accuracy cfg=full_rate1 dataset=triviaqa segment=50-75 gpu=4
[2026-07-08 20:38:54] done accuracy cfg=full_rate1 dataset=triviaqa segment=50-75 gpu=4
[2026-07-08 20:38:54] start accuracy cfg=full_rate1 dataset=triviaqa segment=250-270 gpu=4
[2026-07-08 20:41:18] done accuracy cfg=full_rate1 dataset=triviaqa segment=250-270 gpu=4
[2026-07-08 20:41:18] start accuracy cfg=online_qk_rate015 dataset=triviaqa segment=175-200 gpu=4
[2026-07-08 21:33:36] done accuracy cfg=online_qk_rate015 dataset=triviaqa segment=175-200 gpu=4
[2026-07-08 21:33:36] start accuracy cfg=online_draft_rate015 dataset=triviaqa segment=100-125 gpu=4
[2026-07-08 22:01:38] done accuracy cfg=online_draft_rate015 dataset=triviaqa segment=100-125 gpu=4
[2026-07-08 22:01:38] start accuracy cfg=offline3b_mean dataset=triviaqa segment=25-50 gpu=4
[2026-07-08 22:21:28] done accuracy cfg=offline3b_mean dataset=triviaqa segment=25-50 gpu=4
[2026-07-08 22:21:28] start accuracy cfg=offline3b_mean dataset=triviaqa segment=225-250 gpu=4
[2026-07-08 22:38:07] done accuracy cfg=offline3b_mean dataset=triviaqa segment=225-250 gpu=4
[2026-07-08 22:38:07] start accuracy cfg=offline3b_freq_boundary2 dataset=triviaqa segment=150-175 gpu=4
