[2026-07-08 15:54:38] start accuracy cfg=full_rate1 dataset=2wikimqa segment=125-150 gpu=5
[2026-07-08 16:02:45] done accuracy cfg=full_rate1 dataset=2wikimqa segment=125-150 gpu=5
[2026-07-08 16:02:45] start accuracy cfg=online_qk_rate015 dataset=2wikimqa segment=125-150 gpu=5
[2026-07-08 17:15:59] done accuracy cfg=online_qk_rate015 dataset=2wikimqa segment=125-150 gpu=5
[2026-07-08 17:15:59] start accuracy cfg=online_draft_rate015 dataset=2wikimqa segment=125-150 gpu=5
[2026-07-08 17:24:27] done accuracy cfg=online_draft_rate015 dataset=2wikimqa segment=125-150 gpu=5
[2026-07-08 17:24:27] start accuracy cfg=offline3b_mean dataset=2wikimqa segment=125-150 gpu=5
[2026-07-08 17:33:06] done accuracy cfg=offline3b_mean dataset=2wikimqa segment=125-150 gpu=5
[2026-07-08 17:33:06] start accuracy cfg=offline3b_freq_boundary2 dataset=2wikimqa segment=125-150 gpu=5
[2026-07-08 17:41:58] done accuracy cfg=offline3b_freq_boundary2 dataset=2wikimqa segment=125-150 gpu=5
[2026-07-08 17:41:58] start accuracy cfg=offline32b_top2 dataset=2wikimqa segment=125-150 gpu=5
[2026-07-08 17:49:25] done accuracy cfg=offline32b_top2 dataset=2wikimqa segment=125-150 gpu=5
[2026-07-08 17:49:25] start accuracy cfg=full_rate1 dataset=hotpotqa segment=125-150 gpu=5
[2026-07-08 17:52:48] done accuracy cfg=full_rate1 dataset=hotpotqa segment=125-150 gpu=5
[2026-07-08 17:52:49] start accuracy cfg=online_qk_rate015 dataset=hotpotqa segment=50-75 gpu=5
[2026-07-08 18:44:23] done accuracy cfg=online_qk_rate015 dataset=hotpotqa segment=50-75 gpu=5
[2026-07-08 18:44:23] start accuracy cfg=online_qk_rate015 dataset=hotpotqa segment=250-260 gpu=5
[2026-07-08 18:58:13] done accuracy cfg=online_qk_rate015 dataset=hotpotqa segment=250-260 gpu=5
[2026-07-08 18:58:13] start accuracy cfg=online_draft_rate015 dataset=hotpotqa segment=175-200 gpu=5
[2026-07-08 19:25:15] done accuracy cfg=online_draft_rate015 dataset=hotpotqa segment=175-200 gpu=5
[2026-07-08 19:25:15] start accuracy cfg=offline3b_mean dataset=hotpotqa segment=100-125 gpu=5
[2026-07-08 19:43:20] done accuracy cfg=offline3b_mean dataset=hotpotqa segment=100-125 gpu=5
[2026-07-08 19:43:20] start accuracy cfg=offline3b_freq_boundary2 dataset=hotpotqa segment=25-50 gpu=5
[2026-07-08 20:01:51] done accuracy cfg=offline3b_freq_boundary2 dataset=hotpotqa segment=25-50 gpu=5
[2026-07-08 20:01:51] start accuracy cfg=offline3b_freq_boundary2 dataset=hotpotqa segment=225-250 gpu=5
[2026-07-08 20:13:55] done accuracy cfg=offline3b_freq_boundary2 dataset=hotpotqa segment=225-250 gpu=5
[2026-07-08 20:13:55] start accuracy cfg=offline32b_top2 dataset=hotpotqa segment=150-175 gpu=5
[2026-07-08 20:25:26] done accuracy cfg=offline32b_top2 dataset=hotpotqa segment=150-175 gpu=5
[2026-07-08 20:25:26] start accuracy cfg=full_rate1 dataset=triviaqa segment=75-100 gpu=5
[2026-07-08 20:28:28] done accuracy cfg=full_rate1 dataset=triviaqa segment=75-100 gpu=5
[2026-07-08 20:28:28] start accuracy cfg=online_qk_rate015 dataset=triviaqa segment=0-25 gpu=5
[2026-07-08 21:20:43] done accuracy cfg=online_qk_rate015 dataset=triviaqa segment=0-25 gpu=5
[2026-07-08 21:20:43] start accuracy cfg=online_qk_rate015 dataset=triviaqa segment=200-225 gpu=5
[2026-07-08 21:49:23] done accuracy cfg=online_qk_rate015 dataset=triviaqa segment=200-225 gpu=5
[2026-07-08 21:49:23] start accuracy cfg=online_draft_rate015 dataset=triviaqa segment=125-150 gpu=5
[2026-07-08 22:09:26] done accuracy cfg=online_draft_rate015 dataset=triviaqa segment=125-150 gpu=5
[2026-07-08 22:09:26] start accuracy cfg=offline3b_mean dataset=triviaqa segment=50-75 gpu=5
[2026-07-08 22:25:23] done accuracy cfg=offline3b_mean dataset=triviaqa segment=50-75 gpu=5
[2026-07-08 22:25:23] start accuracy cfg=offline3b_mean dataset=triviaqa segment=250-270 gpu=5
[2026-07-08 22:36:37] done accuracy cfg=offline3b_mean dataset=triviaqa segment=250-270 gpu=5
[2026-07-08 22:36:37] start accuracy cfg=offline3b_freq_boundary2 dataset=triviaqa segment=175-200 gpu=5
