[2026-07-08 15:54:38] start accuracy cfg=full_rate1 dataset=2wikimqa segment=25-50 gpu=1
[2026-07-08 16:01:12] done accuracy cfg=full_rate1 dataset=2wikimqa segment=25-50 gpu=1
[2026-07-08 16:01:12] start accuracy cfg=online_qk_rate015 dataset=2wikimqa segment=25-50 gpu=1
[2026-07-08 17:17:54] done accuracy cfg=online_qk_rate015 dataset=2wikimqa segment=25-50 gpu=1
[2026-07-08 17:17:54] start accuracy cfg=online_draft_rate015 dataset=2wikimqa segment=25-50 gpu=1
[2026-07-08 17:24:40] done accuracy cfg=online_draft_rate015 dataset=2wikimqa segment=25-50 gpu=1
[2026-07-08 17:24:40] start accuracy cfg=offline3b_mean dataset=2wikimqa segment=25-50 gpu=1
[2026-07-08 17:32:23] done accuracy cfg=offline3b_mean dataset=2wikimqa segment=25-50 gpu=1
[2026-07-08 17:32:23] start accuracy cfg=offline3b_freq_boundary2 dataset=2wikimqa segment=25-50 gpu=1
[2026-07-08 17:38:54] done accuracy cfg=offline3b_freq_boundary2 dataset=2wikimqa segment=25-50 gpu=1
[2026-07-08 17:38:54] start accuracy cfg=offline32b_top2 dataset=2wikimqa segment=25-50 gpu=1
[2026-07-08 17:44:21] done accuracy cfg=offline32b_top2 dataset=2wikimqa segment=25-50 gpu=1
[2026-07-08 17:44:21] start accuracy cfg=full_rate1 dataset=hotpotqa segment=25-50 gpu=1
[2026-07-08 17:48:12] done accuracy cfg=full_rate1 dataset=hotpotqa segment=25-50 gpu=1
[2026-07-08 17:48:12] start accuracy cfg=full_rate1 dataset=hotpotqa segment=225-250 gpu=1
[2026-07-08 17:51:27] done accuracy cfg=full_rate1 dataset=hotpotqa segment=225-250 gpu=1
[2026-07-08 17:51:27] start accuracy cfg=online_qk_rate015 dataset=hotpotqa segment=150-175 gpu=1
[2026-07-08 18:44:48] done accuracy cfg=online_qk_rate015 dataset=hotpotqa segment=150-175 gpu=1
[2026-07-08 18:44:48] start accuracy cfg=online_draft_rate015 dataset=hotpotqa segment=75-100 gpu=1
[2026-07-08 19:12:17] done accuracy cfg=online_draft_rate015 dataset=hotpotqa segment=75-100 gpu=1
[2026-07-08 19:12:17] start accuracy cfg=offline3b_mean dataset=hotpotqa segment=0-25 gpu=1
[2026-07-08 19:32:33] done accuracy cfg=offline3b_mean dataset=hotpotqa segment=0-25 gpu=1
[2026-07-08 19:32:33] start accuracy cfg=offline3b_mean dataset=hotpotqa segment=200-225 gpu=1
[2026-07-08 19:48:24] done accuracy cfg=offline3b_mean dataset=hotpotqa segment=200-225 gpu=1
[2026-07-08 19:48:24] start accuracy cfg=offline3b_freq_boundary2 dataset=hotpotqa segment=125-150 gpu=1
[2026-07-08 20:02:08] done accuracy cfg=offline3b_freq_boundary2 dataset=hotpotqa segment=125-150 gpu=1
[2026-07-08 20:02:08] start accuracy cfg=offline32b_top2 dataset=hotpotqa segment=50-75 gpu=1
[2026-07-08 20:14:02] done accuracy cfg=offline32b_top2 dataset=hotpotqa segment=50-75 gpu=1
[2026-07-08 20:14:02] start accuracy cfg=offline32b_top2 dataset=hotpotqa segment=250-260 gpu=1
[2026-07-08 20:20:12] done accuracy cfg=offline32b_top2 dataset=hotpotqa segment=250-260 gpu=1
[2026-07-08 20:20:12] start accuracy cfg=full_rate1 dataset=triviaqa segment=175-200 gpu=1
[2026-07-08 20:22:56] done accuracy cfg=full_rate1 dataset=triviaqa segment=175-200 gpu=1
[2026-07-08 20:22:56] start accuracy cfg=online_qk_rate015 dataset=triviaqa segment=100-125 gpu=1
[2026-07-08 21:14:30] done accuracy cfg=online_qk_rate015 dataset=triviaqa segment=100-125 gpu=1
[2026-07-08 21:14:30] start accuracy cfg=online_draft_rate015 dataset=triviaqa segment=25-50 gpu=1
[2026-07-08 21:41:29] done accuracy cfg=online_draft_rate015 dataset=triviaqa segment=25-50 gpu=1
[2026-07-08 21:41:29] start accuracy cfg=online_draft_rate015 dataset=triviaqa segment=225-250 gpu=1
[2026-07-08 22:01:10] done accuracy cfg=online_draft_rate015 dataset=triviaqa segment=225-250 gpu=1
[2026-07-08 22:01:10] start accuracy cfg=offline3b_mean dataset=triviaqa segment=150-175 gpu=1
[2026-07-08 22:17:37] done accuracy cfg=offline3b_mean dataset=triviaqa segment=150-175 gpu=1
[2026-07-08 22:17:37] start accuracy cfg=offline3b_freq_boundary2 dataset=triviaqa segment=75-100 gpu=1
[2026-07-08 22:33:00] done accuracy cfg=offline3b_freq_boundary2 dataset=triviaqa segment=75-100 gpu=1
[2026-07-08 22:33:00] start accuracy cfg=offline32b_top2 dataset=triviaqa segment=0-25 gpu=1
[2026-07-08 22:44:27] done accuracy cfg=offline32b_top2 dataset=triviaqa segment=0-25 gpu=1
[2026-07-08 22:44:27] start accuracy cfg=offline32b_top2 dataset=triviaqa segment=200-225 gpu=1
