[2026-07-08 15:54:38] start accuracy cfg=full_rate1 dataset=2wikimqa segment=0-25 gpu=0
[2026-07-08 16:00:54] done accuracy cfg=full_rate1 dataset=2wikimqa segment=0-25 gpu=0
[2026-07-08 16:00:54] start accuracy cfg=online_qk_rate015 dataset=2wikimqa segment=0-25 gpu=0
[2026-07-08 17:11:46] done accuracy cfg=online_qk_rate015 dataset=2wikimqa segment=0-25 gpu=0
[2026-07-08 17:11:46] start accuracy cfg=online_draft_rate015 dataset=2wikimqa segment=0-25 gpu=0
[2026-07-08 17:19:58] done accuracy cfg=online_draft_rate015 dataset=2wikimqa segment=0-25 gpu=0
[2026-07-08 17:19:58] start accuracy cfg=offline3b_mean dataset=2wikimqa segment=0-25 gpu=0
[2026-07-08 17:27:57] done accuracy cfg=offline3b_mean dataset=2wikimqa segment=0-25 gpu=0
[2026-07-08 17:27:57] start accuracy cfg=offline3b_freq_boundary2 dataset=2wikimqa segment=0-25 gpu=0
[2026-07-08 17:34:52] done accuracy cfg=offline3b_freq_boundary2 dataset=2wikimqa segment=0-25 gpu=0
[2026-07-08 17:34:52] start accuracy cfg=offline32b_top2 dataset=2wikimqa segment=0-25 gpu=0
[2026-07-08 17:42:12] done accuracy cfg=offline32b_top2 dataset=2wikimqa segment=0-25 gpu=0
[2026-07-08 17:42:12] start accuracy cfg=full_rate1 dataset=hotpotqa segment=0-25 gpu=0
[2026-07-08 17:45:25] done accuracy cfg=full_rate1 dataset=hotpotqa segment=0-25 gpu=0
[2026-07-08 17:45:25] start accuracy cfg=full_rate1 dataset=hotpotqa segment=200-225 gpu=0
[2026-07-08 17:49:14] done accuracy cfg=full_rate1 dataset=hotpotqa segment=200-225 gpu=0
[2026-07-08 17:49:14] start accuracy cfg=online_qk_rate015 dataset=hotpotqa segment=125-150 gpu=0
[2026-07-08 18:39:38] done accuracy cfg=online_qk_rate015 dataset=hotpotqa segment=125-150 gpu=0
[2026-07-08 18:39:38] start accuracy cfg=online_draft_rate015 dataset=hotpotqa segment=50-75 gpu=0
[2026-07-08 19:08:35] done accuracy cfg=online_draft_rate015 dataset=hotpotqa segment=50-75 gpu=0
[2026-07-08 19:08:35] start accuracy cfg=online_draft_rate015 dataset=hotpotqa segment=250-260 gpu=0
[2026-07-08 19:17:47] done accuracy cfg=online_draft_rate015 dataset=hotpotqa segment=250-260 gpu=0
[2026-07-08 19:17:47] start accuracy cfg=offline3b_mean dataset=hotpotqa segment=175-200 gpu=0
[2026-07-08 19:38:24] done accuracy cfg=offline3b_mean dataset=hotpotqa segment=175-200 gpu=0
[2026-07-08 19:38:24] start accuracy cfg=offline3b_freq_boundary2 dataset=hotpotqa segment=100-125 gpu=0
[2026-07-08 19:53:11] done accuracy cfg=offline3b_freq_boundary2 dataset=hotpotqa segment=100-125 gpu=0
[2026-07-08 19:53:11] start accuracy cfg=offline32b_top2 dataset=hotpotqa segment=25-50 gpu=0
[2026-07-08 20:06:46] done accuracy cfg=offline32b_top2 dataset=hotpotqa segment=25-50 gpu=0
[2026-07-08 20:06:46] start accuracy cfg=offline32b_top2 dataset=hotpotqa segment=225-250 gpu=0
[2026-07-08 20:18:00] done accuracy cfg=offline32b_top2 dataset=hotpotqa segment=225-250 gpu=0
[2026-07-08 20:18:00] start accuracy cfg=full_rate1 dataset=triviaqa segment=150-175 gpu=0
[2026-07-08 20:21:05] done accuracy cfg=full_rate1 dataset=triviaqa segment=150-175 gpu=0
[2026-07-08 20:21:05] start accuracy cfg=online_qk_rate015 dataset=triviaqa segment=75-100 gpu=0
[2026-07-08 21:14:42] done accuracy cfg=online_qk_rate015 dataset=triviaqa segment=75-100 gpu=0
[2026-07-08 21:14:42] start accuracy cfg=online_draft_rate015 dataset=triviaqa segment=0-25 gpu=0
[2026-07-08 21:41:29] done accuracy cfg=online_draft_rate015 dataset=triviaqa segment=0-25 gpu=0
[2026-07-08 21:41:29] start accuracy cfg=online_draft_rate015 dataset=triviaqa segment=200-225 gpu=0
[2026-07-08 22:03:00] done accuracy cfg=online_draft_rate015 dataset=triviaqa segment=200-225 gpu=0
[2026-07-08 22:03:00] start accuracy cfg=offline3b_mean dataset=triviaqa segment=125-150 gpu=0
[2026-07-08 22:18:49] done accuracy cfg=offline3b_mean dataset=triviaqa segment=125-150 gpu=0
[2026-07-08 22:18:49] start accuracy cfg=offline3b_freq_boundary2 dataset=triviaqa segment=50-75 gpu=0
[2026-07-08 22:32:14] done accuracy cfg=offline3b_freq_boundary2 dataset=triviaqa segment=50-75 gpu=0
[2026-07-08 22:32:14] start accuracy cfg=offline3b_freq_boundary2 dataset=triviaqa segment=250-270 gpu=0
[2026-07-08 22:41:00] done accuracy cfg=offline3b_freq_boundary2 dataset=triviaqa segment=250-270 gpu=0
[2026-07-08 22:41:00] start accuracy cfg=offline32b_top2 dataset=triviaqa segment=175-200 gpu=0
