[2026-07-08 15:54:38] start accuracy cfg=full_rate1 dataset=2wikimqa segment=75-100 gpu=3
[2026-07-08 16:00:10] done accuracy cfg=full_rate1 dataset=2wikimqa segment=75-100 gpu=3
[2026-07-08 16:00:10] start accuracy cfg=online_qk_rate015 dataset=2wikimqa segment=75-100 gpu=3
[2026-07-08 17:10:21] done accuracy cfg=online_qk_rate015 dataset=2wikimqa segment=75-100 gpu=3
[2026-07-08 17:10:21] start accuracy cfg=online_draft_rate015 dataset=2wikimqa segment=75-100 gpu=3
[2026-07-08 17:16:14] done accuracy cfg=online_draft_rate015 dataset=2wikimqa segment=75-100 gpu=3
[2026-07-08 17:16:14] start accuracy cfg=offline3b_mean dataset=2wikimqa segment=75-100 gpu=3
[2026-07-08 17:24:21] done accuracy cfg=offline3b_mean dataset=2wikimqa segment=75-100 gpu=3
[2026-07-08 17:24:21] start accuracy cfg=offline3b_freq_boundary2 dataset=2wikimqa segment=75-100 gpu=3
[2026-07-08 17:30:06] done accuracy cfg=offline3b_freq_boundary2 dataset=2wikimqa segment=75-100 gpu=3
[2026-07-08 17:30:06] start accuracy cfg=offline32b_top2 dataset=2wikimqa segment=75-100 gpu=3
[2026-07-08 17:36:08] done accuracy cfg=offline32b_top2 dataset=2wikimqa segment=75-100 gpu=3
[2026-07-08 17:36:08] start accuracy cfg=full_rate1 dataset=hotpotqa segment=75-100 gpu=3
[2026-07-08 17:39:05] done accuracy cfg=full_rate1 dataset=hotpotqa segment=75-100 gpu=3
[2026-07-08 17:39:05] start accuracy cfg=online_qk_rate015 dataset=hotpotqa segment=0-25 gpu=3
[2026-07-08 18:28:53] done accuracy cfg=online_qk_rate015 dataset=hotpotqa segment=0-25 gpu=3
[2026-07-08 18:28:53] start accuracy cfg=online_qk_rate015 dataset=hotpotqa segment=200-225 gpu=3
[2026-07-08 19:00:19] done accuracy cfg=online_qk_rate015 dataset=hotpotqa segment=200-225 gpu=3
[2026-07-08 19:00:19] start accuracy cfg=online_draft_rate015 dataset=hotpotqa segment=125-150 gpu=3
[2026-07-08 19:19:48] done accuracy cfg=online_draft_rate015 dataset=hotpotqa segment=125-150 gpu=3
[2026-07-08 19:19:48] start accuracy cfg=offline3b_mean dataset=hotpotqa segment=50-75 gpu=3
[2026-07-08 19:35:30] done accuracy cfg=offline3b_mean dataset=hotpotqa segment=50-75 gpu=3
[2026-07-08 19:35:30] start accuracy cfg=offline3b_mean dataset=hotpotqa segment=250-260 gpu=3
[2026-07-08 19:43:14] done accuracy cfg=offline3b_mean dataset=hotpotqa segment=250-260 gpu=3
[2026-07-08 19:43:14] start accuracy cfg=offline3b_freq_boundary2 dataset=hotpotqa segment=175-200 gpu=3
[2026-07-08 19:58:25] done accuracy cfg=offline3b_freq_boundary2 dataset=hotpotqa segment=175-200 gpu=3
[2026-07-08 19:58:25] start accuracy cfg=offline32b_top2 dataset=hotpotqa segment=100-125 gpu=3
[2026-07-08 20:10:52] done accuracy cfg=offline32b_top2 dataset=hotpotqa segment=100-125 gpu=3
[2026-07-08 20:10:52] start accuracy cfg=full_rate1 dataset=triviaqa segment=25-50 gpu=3
[2026-07-08 20:13:30] done accuracy cfg=full_rate1 dataset=triviaqa segment=25-50 gpu=3
[2026-07-08 20:13:30] start accuracy cfg=full_rate1 dataset=triviaqa segment=225-250 gpu=3
[2026-07-08 20:16:30] done accuracy cfg=full_rate1 dataset=triviaqa segment=225-250 gpu=3
[2026-07-08 20:16:30] start accuracy cfg=online_qk_rate015 dataset=triviaqa segment=150-175 gpu=3
[2026-07-08 21:08:57] done accuracy cfg=online_qk_rate015 dataset=triviaqa segment=150-175 gpu=3
[2026-07-08 21:08:57] start accuracy cfg=online_draft_rate015 dataset=triviaqa segment=75-100 gpu=3
[2026-07-08 21:41:37] done accuracy cfg=online_draft_rate015 dataset=triviaqa segment=75-100 gpu=3
[2026-07-08 21:41:37] start accuracy cfg=offline3b_mean dataset=triviaqa segment=0-25 gpu=3
[2026-07-08 22:00:53] done accuracy cfg=offline3b_mean dataset=triviaqa segment=0-25 gpu=3
[2026-07-08 22:00:53] start accuracy cfg=offline3b_mean dataset=triviaqa segment=200-225 gpu=3
[2026-07-08 22:19:04] done accuracy cfg=offline3b_mean dataset=triviaqa segment=200-225 gpu=3
[2026-07-08 22:19:04] start accuracy cfg=offline3b_freq_boundary2 dataset=triviaqa segment=125-150 gpu=3
[2026-07-08 22:32:39] done accuracy cfg=offline3b_freq_boundary2 dataset=triviaqa segment=125-150 gpu=3
[2026-07-08 22:32:39] start accuracy cfg=offline32b_top2 dataset=triviaqa segment=50-75 gpu=3
[2026-07-08 22:44:22] done accuracy cfg=offline32b_top2 dataset=triviaqa segment=50-75 gpu=3
[2026-07-08 22:44:22] start accuracy cfg=offline32b_top2 dataset=triviaqa segment=250-270 gpu=3
