/mnt/qjhs-sh-lab-01/wjh/FusionRAG/.venv/lib/python3.10/site-packages/torch/cuda/__init__.py:61: FutureWarning: The pynvml package is deprecated. Please install nvidia-ml-py instead. If you did not install pynvml directly, please report this to the maintainers of the package that installed pynvml for you.
  import pynvml  # type: ignore[import]
Loading dataset from /raid/home/hming/FusionRAG-pca-analysis/MOTIVATION_EXPERIMENTS/cross_dataset_offline_generalization/data/hotpotqa_reflect.json...

================================================================================
Building document corpus with scope: global
================================================================================
  Main question 1: 10 unique documents, 1 sub-questions
  Main question 2: 10 unique documents, 1 sub-questions
  Main question 3: 10 unique documents, 1 sub-questions
  Main question 4: 10 unique documents, 1 sub-questions
  Main question 5: 10 unique documents, 1 sub-questions
  Main question 6: 10 unique documents, 1 sub-questions
  Main question 7: 10 unique documents, 1 sub-questions
  Main question 8: 10 unique documents, 1 sub-questions
  Main question 9: 10 unique documents, 1 sub-questions
  Main question 10: 10 unique documents, 1 sub-questions
  Main question 11: 10 unique documents, 1 sub-questions
  Main question 12: 10 unique documents, 1 sub-questions
  Main question 13: 10 unique documents, 1 sub-questions
  Main question 14: 10 unique documents, 1 sub-questions
  Main question 15: 10 unique documents, 1 sub-questions
  Main question 16: 10 unique documents, 1 sub-questions
  Main question 17: 10 unique documents, 1 sub-questions
  Main question 18: 10 unique documents, 1 sub-questions
  Main question 19: 10 unique documents, 1 sub-questions
  Main question 20: 10 unique documents, 1 sub-questions
  Main question 21: 10 unique documents, 1 sub-questions
  Main question 22: 10 unique documents, 1 sub-questions
  Main question 23: 10 unique documents, 1 sub-questions
  Main question 24: 10 unique documents, 1 sub-questions
  Main question 25: 10 unique documents, 1 sub-questions
  Main question 26: 10 unique documents, 1 sub-questions
  Main question 27: 10 unique documents, 1 sub-questions
  Main question 28: 10 unique documents, 1 sub-questions
  Main question 29: 10 unique documents, 1 sub-questions
  Main question 30: 10 unique documents, 1 sub-questions
  Main question 31: 10 unique documents, 1 sub-questions
  Main question 32: 10 unique documents, 1 sub-questions
  Main question 33: 10 unique documents, 1 sub-questions
  Main question 34: 10 unique documents, 1 sub-questions
  Main question 35: 10 unique documents, 1 sub-questions
  Main question 36: 10 unique documents, 1 sub-questions
  Main question 37: 10 unique documents, 1 sub-questions
  Main question 38: 10 unique documents, 1 sub-questions
  Main question 39: 10 unique documents, 1 sub-questions
  Main question 40: 10 unique documents, 1 sub-questions
  Main question 41: 10 unique documents, 1 sub-questions
  Main question 42: 10 unique documents, 1 sub-questions
  Main question 43: 10 unique documents, 1 sub-questions
  Main question 44: 10 unique documents, 1 sub-questions
  Main question 45: 10 unique documents, 1 sub-questions
  Main question 46: 10 unique documents, 1 sub-questions
  Main question 47: 10 unique documents, 1 sub-questions
  Main question 48: 10 unique documents, 1 sub-questions
  Main question 49: 10 unique documents, 1 sub-questions
  Main question 50: 10 unique documents, 1 sub-questions
  Main question 51: 10 unique documents, 1 sub-questions
  Main question 52: 10 unique documents, 1 sub-questions
  Main question 53: 10 unique documents, 1 sub-questions
  Main question 54: 10 unique documents, 1 sub-questions
  Main question 55: 10 unique documents, 1 sub-questions
  Main question 56: 10 unique documents, 1 sub-questions
  Main question 57: 10 unique documents, 1 sub-questions
  Main question 58: 10 unique documents, 1 sub-questions
  Main question 59: 10 unique documents, 1 sub-questions
  Main question 60: 10 unique documents, 1 sub-questions
  Main question 61: 10 unique documents, 1 sub-questions
  Main question 62: 10 unique documents, 1 sub-questions
  Main question 63: 10 unique documents, 1 sub-questions
  Main question 64: 10 unique documents, 1 sub-questions
  Main question 65: 10 unique documents, 1 sub-questions
  Main question 66: 10 unique documents, 1 sub-questions
  Main question 67: 10 unique documents, 1 sub-questions
  Main question 68: 10 unique documents, 1 sub-questions
  Main question 69: 10 unique documents, 1 sub-questions
  Main question 70: 10 unique documents, 1 sub-questions
  Main question 71: 10 unique documents, 1 sub-questions
  Main question 72: 10 unique documents, 1 sub-questions
  Main question 73: 10 unique documents, 1 sub-questions
  Main question 74: 10 unique documents, 1 sub-questions
  Main question 75: 10 unique documents, 1 sub-questions
  Main question 76: 10 unique documents, 1 sub-questions
  Main question 77: 10 unique documents, 1 sub-questions
  Main question 78: 10 unique documents, 1 sub-questions
  Main question 79: 10 unique documents, 1 sub-questions
  Main question 80: 10 unique documents, 1 sub-questions
  Main question 81: 10 unique documents, 1 sub-questions
  Main question 82: 10 unique documents, 1 sub-questions
  Main question 83: 10 unique documents, 1 sub-questions
  Main question 84: 10 unique documents, 1 sub-questions
  Main question 85: 10 unique documents, 1 sub-questions
  Main question 86: 10 unique documents, 1 sub-questions
  Main question 87: 10 unique documents, 1 sub-questions
  Main question 88: 10 unique documents, 1 sub-questions
  Main question 89: 10 unique documents, 1 sub-questions
  Main question 90: 10 unique documents, 1 sub-questions
  Main question 91: 10 unique documents, 1 sub-questions
  Main question 92: 10 unique documents, 1 sub-questions
  Main question 93: 10 unique documents, 1 sub-questions
  Main question 94: 10 unique documents, 1 sub-questions
  Main question 95: 10 unique documents, 1 sub-questions
  Main question 96: 10 unique documents, 1 sub-questions
  Main question 97: 10 unique documents, 1 sub-questions
  Main question 98: 10 unique documents, 1 sub-questions
  Main question 99: 10 unique documents, 1 sub-questions
  Main question 100: 10 unique documents, 1 sub-questions
  Main question 101: 10 unique documents, 1 sub-questions
  Main question 102: 10 unique documents, 1 sub-questions
  Main question 103: 10 unique documents, 1 sub-questions
  Main question 104: 10 unique documents, 1 sub-questions
  Main question 105: 10 unique documents, 1 sub-questions
  Main question 106: 10 unique documents, 1 sub-questions
  Main question 107: 10 unique documents, 1 sub-questions
  Main question 108: 10 unique documents, 1 sub-questions
  Main question 109: 10 unique documents, 1 sub-questions
  Main question 110: 10 unique documents, 1 sub-questions
  Main question 111: 10 unique documents, 1 sub-questions
  Main question 112: 10 unique documents, 1 sub-questions
  Main question 113: 10 unique documents, 1 sub-questions
  Main question 114: 10 unique documents, 1 sub-questions
  Main question 115: 10 unique documents, 1 sub-questions
  Main question 116: 10 unique documents, 1 sub-questions
  Main question 117: 10 unique documents, 1 sub-questions
  Main question 118: 10 unique documents, 1 sub-questions
  Main question 119: 10 unique documents, 1 sub-questions
  Main question 120: 10 unique documents, 1 sub-questions
  Main question 121: 10 unique documents, 1 sub-questions
  Main question 122: 10 unique documents, 1 sub-questions
  Main question 123: 10 unique documents, 1 sub-questions
  Main question 124: 10 unique documents, 1 sub-questions
  Main question 125: 10 unique documents, 1 sub-questions
  Main question 126: 10 unique documents, 1 sub-questions
  Main question 127: 10 unique documents, 1 sub-questions
  Main question 128: 10 unique documents, 1 sub-questions
  Main question 129: 10 unique documents, 1 sub-questions
  Main question 130: 10 unique documents, 1 sub-questions
  Main question 131: 10 unique documents, 1 sub-questions
  Main question 132: 10 unique documents, 1 sub-questions
  Main question 133: 10 unique documents, 1 sub-questions
  Main question 134: 10 unique documents, 1 sub-questions
  Main question 135: 10 unique documents, 1 sub-questions
  Main question 136: 10 unique documents, 1 sub-questions
  Main question 137: 10 unique documents, 1 sub-questions
  Main question 138: 10 unique documents, 1 sub-questions
  Main question 139: 10 unique documents, 1 sub-questions
  Main question 140: 10 unique documents, 1 sub-questions
  Main question 141: 10 unique documents, 1 sub-questions
  Main question 142: 10 unique documents, 1 sub-questions
  Main question 143: 10 unique documents, 1 sub-questions
  Main question 144: 10 unique documents, 1 sub-questions
  Main question 145: 10 unique documents, 1 sub-questions
  Main question 146: 10 unique documents, 1 sub-questions
  Main question 147: 10 unique documents, 1 sub-questions
  Main question 148: 10 unique documents, 1 sub-questions
  Main question 149: 10 unique documents, 1 sub-questions
  Main question 150: 10 unique documents, 1 sub-questions
  Main question 151: 10 unique documents, 1 sub-questions
  Main question 152: 10 unique documents, 1 sub-questions
  Main question 153: 10 unique documents, 1 sub-questions
  Main question 154: 10 unique documents, 1 sub-questions
  Main question 155: 10 unique documents, 1 sub-questions
  Main question 156: 10 unique documents, 1 sub-questions
  Main question 157: 10 unique documents, 1 sub-questions
  Main question 158: 10 unique documents, 1 sub-questions
  Main question 159: 10 unique documents, 1 sub-questions
  Main question 160: 10 unique documents, 1 sub-questions
  Main question 161: 10 unique documents, 1 sub-questions
  Main question 162: 10 unique documents, 1 sub-questions
  Main question 163: 10 unique documents, 1 sub-questions
  Main question 164: 10 unique documents, 1 sub-questions
  Main question 165: 10 unique documents, 1 sub-questions
  Main question 166: 10 unique documents, 1 sub-questions
  Main question 167: 10 unique documents, 1 sub-questions
  Main question 168: 10 unique documents, 1 sub-questions
  Main question 169: 10 unique documents, 1 sub-questions
  Main question 170: 10 unique documents, 1 sub-questions
  Main question 171: 10 unique documents, 1 sub-questions
  Main question 172: 10 unique documents, 1 sub-questions
  Main question 173: 10 unique documents, 1 sub-questions
  Main question 174: 10 unique documents, 1 sub-questions
  Main question 175: 10 unique documents, 1 sub-questions
  Main question 176: 10 unique documents, 1 sub-questions
  Main question 177: 10 unique documents, 1 sub-questions
  Main question 178: 10 unique documents, 1 sub-questions
  Main question 179: 10 unique documents, 1 sub-questions
  Main question 180: 10 unique documents, 1 sub-questions
  Main question 181: 10 unique documents, 1 sub-questions
  Main question 182: 10 unique documents, 1 sub-questions
  Main question 183: 10 unique documents, 1 sub-questions
  Main question 184: 10 unique documents, 1 sub-questions
  Main question 185: 10 unique documents, 1 sub-questions
  Main question 186: 10 unique documents, 1 sub-questions
  Main question 187: 10 unique documents, 1 sub-questions
  Main question 188: 10 unique documents, 1 sub-questions
  Main question 189: 10 unique documents, 1 sub-questions
  Main question 190: 10 unique documents, 1 sub-questions
  Main question 191: 10 unique documents, 1 sub-questions
  Main question 192: 10 unique documents, 1 sub-questions
  Main question 193: 10 unique documents, 1 sub-questions
  Main question 194: 10 unique documents, 1 sub-questions
  Main question 195: 10 unique documents, 1 sub-questions
  Main question 196: 10 unique documents, 1 sub-questions
  Main question 197: 10 unique documents, 1 sub-questions
  Main question 198: 10 unique documents, 1 sub-questions
  Main question 199: 10 unique documents, 1 sub-questions
  Main question 200: 10 unique documents, 1 sub-questions
  Main question 201: 10 unique documents, 1 sub-questions
  Main question 202: 10 unique documents, 1 sub-questions
  Main question 203: 10 unique documents, 1 sub-questions
  Main question 204: 10 unique documents, 1 sub-questions
  Main question 205: 10 unique documents, 1 sub-questions
  Main question 206: 10 unique documents, 1 sub-questions
  Main question 207: 10 unique documents, 1 sub-questions
  Main question 208: 10 unique documents, 1 sub-questions
  Main question 209: 10 unique documents, 1 sub-questions
  Main question 210: 10 unique documents, 1 sub-questions
  Main question 211: 10 unique documents, 1 sub-questions
  Main question 212: 10 unique documents, 1 sub-questions
  Main question 213: 10 unique documents, 1 sub-questions
  Main question 214: 10 unique documents, 1 sub-questions
  Main question 215: 10 unique documents, 1 sub-questions
  Main question 216: 10 unique documents, 1 sub-questions
  Main question 217: 10 unique documents, 1 sub-questions
  Main question 218: 10 unique documents, 1 sub-questions
  Main question 219: 10 unique documents, 1 sub-questions
  Main question 220: 10 unique documents, 1 sub-questions
  Main question 221: 10 unique documents, 1 sub-questions
  Main question 222: 10 unique documents, 1 sub-questions
  Main question 223: 10 unique documents, 1 sub-questions
  Main question 224: 10 unique documents, 1 sub-questions
  Main question 225: 10 unique documents, 1 sub-questions
  Main question 226: 10 unique documents, 1 sub-questions
  Main question 227: 10 unique documents, 1 sub-questions
  Main question 228: 10 unique documents, 1 sub-questions
  Main question 229: 10 unique documents, 1 sub-questions
  Main question 230: 10 unique documents, 1 sub-questions
  Main question 231: 10 unique documents, 1 sub-questions
  Main question 232: 10 unique documents, 1 sub-questions
  Main question 233: 10 unique documents, 1 sub-questions
  Main question 234: 10 unique documents, 1 sub-questions
  Main question 235: 10 unique documents, 1 sub-questions
  Main question 236: 10 unique documents, 1 sub-questions
  Main question 237: 10 unique documents, 1 sub-questions
  Main question 238: 10 unique documents, 1 sub-questions
  Main question 239: 10 unique documents, 1 sub-questions
  Main question 240: 10 unique documents, 1 sub-questions
  Main question 241: 10 unique documents, 1 sub-questions
  Main question 242: 10 unique documents, 1 sub-questions
  Main question 243: 10 unique documents, 1 sub-questions
  Main question 244: 10 unique documents, 1 sub-questions
  Main question 245: 10 unique documents, 1 sub-questions
  Main question 246: 10 unique documents, 1 sub-questions
  Main question 247: 10 unique documents, 1 sub-questions
  Main question 248: 10 unique documents, 1 sub-questions
  Main question 249: 10 unique documents, 1 sub-questions
  Main question 250: 10 unique documents, 1 sub-questions
  Main question 251: 10 unique documents, 1 sub-questions
  Main question 252: 10 unique documents, 1 sub-questions
  Main question 253: 10 unique documents, 1 sub-questions
  Main question 254: 10 unique documents, 1 sub-questions
  Main question 255: 10 unique documents, 1 sub-questions
  Main question 256: 10 unique documents, 1 sub-questions
  Main question 257: 10 unique documents, 1 sub-questions
  Main question 258: 10 unique documents, 1 sub-questions
  Main question 259: 10 unique documents, 1 sub-questions
  Main question 260: 10 unique documents, 1 sub-questions
Loading checkpoint shards:   0%|          | 0/2 [00:00<?, ?it/s]Loading checkpoint shards: 100%|██████████| 2/2 [00:00<00:00, 55.80it/s]
control draft score example 0/260
example=0 scored_query=1/8
example=0 scored_query=2/8
example=0 scored_query=3/8
example=0 scored_query=4/8
example=0 scored_query=5/8
example=0 scored_query=6/8
example=0 scored_query=7/8
example=0 scored_query=8/8
control draft score example 1/260
example=1 scored_query=1/8
example=1 scored_query=2/8
example=1 scored_query=3/8
example=1 scored_query=4/8
example=1 scored_query=5/8
example=1 scored_query=6/8
example=1 scored_query=7/8
example=1 scored_query=8/8
control draft score example 2/260
example=2 scored_query=1/8
example=2 scored_query=2/8
example=2 scored_query=3/8
example=2 scored_query=4/8
example=2 scored_query=5/8
example=2 scored_query=6/8
example=2 scored_query=7/8
example=2 scored_query=8/8
control draft score example 3/260
example=3 scored_query=1/8
example=3 scored_query=2/8
example=3 scored_query=3/8
example=3 scored_query=4/8
example=3 scored_query=5/8
example=3 scored_query=6/8
example=3 scored_query=7/8
example=3 scored_query=8/8
control draft score example 4/260
example=4 scored_query=1/8
example=4 scored_query=2/8
example=4 scored_query=3/8
example=4 scored_query=4/8
example=4 scored_query=5/8
example=4 scored_query=6/8
example=4 scored_query=7/8
example=4 scored_query=8/8
control draft score example 5/260
example=5 scored_query=1/8
example=5 scored_query=2/8
example=5 scored_query=3/8
example=5 scored_query=4/8
example=5 scored_query=5/8
example=5 scored_query=6/8
example=5 scored_query=7/8
example=5 scored_query=8/8
control draft score example 6/260
example=6 scored_query=1/8
example=6 scored_query=2/8
example=6 scored_query=3/8
example=6 scored_query=4/8
example=6 scored_query=5/8
example=6 scored_query=6/8
example=6 scored_query=7/8
example=6 scored_query=8/8
control draft score example 7/260
example=7 scored_query=1/8
example=7 scored_query=2/8
example=7 scored_query=3/8
example=7 scored_query=4/8
example=7 scored_query=5/8
example=7 scored_query=6/8
example=7 scored_query=7/8
example=7 scored_query=8/8
control draft score example 8/260
example=8 scored_query=1/8
example=8 scored_query=2/8
example=8 scored_query=3/8
example=8 scored_query=4/8
example=8 scored_query=5/8
example=8 scored_query=6/8
example=8 scored_query=7/8
example=8 scored_query=8/8
control draft score example 9/260
example=9 scored_query=1/8
example=9 scored_query=2/8
example=9 scored_query=3/8
example=9 scored_query=4/8
example=9 scored_query=5/8
example=9 scored_query=6/8
example=9 scored_query=7/8
example=9 scored_query=8/8
control draft score example 10/260
example=10 scored_query=1/8
example=10 scored_query=2/8
example=10 scored_query=3/8
example=10 scored_query=4/8
example=10 scored_query=5/8
example=10 scored_query=6/8
example=10 scored_query=7/8
example=10 scored_query=8/8
control draft score example 11/260
example=11 scored_query=1/8
example=11 scored_query=2/8
example=11 scored_query=3/8
example=11 scored_query=4/8
example=11 scored_query=5/8
example=11 scored_query=6/8
example=11 scored_query=7/8
example=11 scored_query=8/8
control draft score example 12/260
example=12 scored_query=1/8
example=12 scored_query=2/8
example=12 scored_query=3/8
example=12 scored_query=4/8
example=12 scored_query=5/8
example=12 scored_query=6/8
example=12 scored_query=7/8
example=12 scored_query=8/8
control draft score example 13/260
example=13 scored_query=1/8
example=13 scored_query=2/8
example=13 scored_query=3/8
example=13 scored_query=4/8
example=13 scored_query=5/8
example=13 scored_query=6/8
example=13 scored_query=7/8
example=13 scored_query=8/8
control draft score example 14/260
example=14 scored_query=1/8
example=14 scored_query=2/8
example=14 scored_query=3/8
example=14 scored_query=4/8
example=14 scored_query=5/8
example=14 scored_query=6/8
example=14 scored_query=7/8
example=14 scored_query=8/8
control draft score example 15/260
example=15 scored_query=1/8
example=15 scored_query=2/8
example=15 scored_query=3/8
example=15 scored_query=4/8
example=15 scored_query=5/8
example=15 scored_query=6/8
example=15 scored_query=7/8
example=15 scored_query=8/8
control draft score example 16/260
example=16 scored_query=1/8
example=16 scored_query=2/8
example=16 scored_query=3/8
example=16 scored_query=4/8
example=16 scored_query=5/8
example=16 scored_query=6/8
example=16 scored_query=7/8
example=16 scored_query=8/8
control draft score example 17/260
example=17 scored_query=1/8
example=17 scored_query=2/8
example=17 scored_query=3/8
example=17 scored_query=4/8
example=17 scored_query=5/8
example=17 scored_query=6/8
example=17 scored_query=7/8
example=17 scored_query=8/8
control draft score example 18/260
example=18 scored_query=1/8
example=18 scored_query=2/8
example=18 scored_query=3/8
example=18 scored_query=4/8
example=18 scored_query=5/8
example=18 scored_query=6/8
example=18 scored_query=7/8
example=18 scored_query=8/8
control draft score example 19/260
example=19 scored_query=1/8
example=19 scored_query=2/8
example=19 scored_query=3/8
example=19 scored_query=4/8
example=19 scored_query=5/8
example=19 scored_query=6/8
example=19 scored_query=7/8
example=19 scored_query=8/8
control draft score example 20/260
example=20 scored_query=1/8
example=20 scored_query=2/8
example=20 scored_query=3/8
example=20 scored_query=4/8
example=20 scored_query=5/8
example=20 scored_query=6/8
example=20 scored_query=7/8
example=20 scored_query=8/8
control draft score example 21/260
example=21 scored_query=1/8
example=21 scored_query=2/8
example=21 scored_query=3/8
example=21 scored_query=4/8
example=21 scored_query=5/8
example=21 scored_query=6/8
example=21 scored_query=7/8
example=21 scored_query=8/8
control draft score example 22/260
example=22 scored_query=1/8
example=22 scored_query=2/8
example=22 scored_query=3/8
example=22 scored_query=4/8
example=22 scored_query=5/8
example=22 scored_query=6/8
example=22 scored_query=7/8
example=22 scored_query=8/8
control draft score example 23/260
example=23 scored_query=1/8
example=23 scored_query=2/8
example=23 scored_query=3/8
example=23 scored_query=4/8
example=23 scored_query=5/8
example=23 scored_query=6/8
example=23 scored_query=7/8
example=23 scored_query=8/8
control draft score example 24/260
example=24 scored_query=1/8
example=24 scored_query=2/8
example=24 scored_query=3/8
example=24 scored_query=4/8
example=24 scored_query=5/8
example=24 scored_query=6/8
example=24 scored_query=7/8
example=24 scored_query=8/8
control draft score example 25/260
example=25 scored_query=1/8
example=25 scored_query=2/8
example=25 scored_query=3/8
example=25 scored_query=4/8
example=25 scored_query=5/8
example=25 scored_query=6/8
example=25 scored_query=7/8
example=25 scored_query=8/8
control draft score example 26/260
example=26 scored_query=1/8
example=26 scored_query=2/8
example=26 scored_query=3/8
example=26 scored_query=4/8
example=26 scored_query=5/8
example=26 scored_query=6/8
example=26 scored_query=7/8
example=26 scored_query=8/8
control draft score example 27/260
example=27 scored_query=1/8
example=27 scored_query=2/8
example=27 scored_query=3/8
example=27 scored_query=4/8
example=27 scored_query=5/8
example=27 scored_query=6/8
example=27 scored_query=7/8
example=27 scored_query=8/8
control draft score example 28/260
example=28 scored_query=1/8
example=28 scored_query=2/8
example=28 scored_query=3/8
example=28 scored_query=4/8
example=28 scored_query=5/8
example=28 scored_query=6/8
example=28 scored_query=7/8
example=28 scored_query=8/8
control draft score example 29/260
example=29 scored_query=1/8
example=29 scored_query=2/8
example=29 scored_query=3/8
example=29 scored_query=4/8
example=29 scored_query=5/8
example=29 scored_query=6/8
example=29 scored_query=7/8
example=29 scored_query=8/8
control draft score example 30/260
example=30 scored_query=1/8
example=30 scored_query=2/8
example=30 scored_query=3/8
example=30 scored_query=4/8
example=30 scored_query=5/8
example=30 scored_query=6/8
example=30 scored_query=7/8
example=30 scored_query=8/8
control draft score example 31/260
example=31 scored_query=1/8
example=31 scored_query=2/8
example=31 scored_query=3/8
example=31 scored_query=4/8
example=31 scored_query=5/8
example=31 scored_query=6/8
example=31 scored_query=7/8
example=31 scored_query=8/8
control draft score example 32/260
example=32 scored_query=1/8
example=32 scored_query=2/8
example=32 scored_query=3/8
example=32 scored_query=4/8
example=32 scored_query=5/8
example=32 scored_query=6/8
example=32 scored_query=7/8
example=32 scored_query=8/8
control draft score example 33/260
example=33 scored_query=1/8
example=33 scored_query=2/8
example=33 scored_query=3/8
example=33 scored_query=4/8
example=33 scored_query=5/8
example=33 scored_query=6/8
example=33 scored_query=7/8
example=33 scored_query=8/8
control draft score example 34/260
example=34 scored_query=1/8
example=34 scored_query=2/8
example=34 scored_query=3/8
example=34 scored_query=4/8
example=34 scored_query=5/8
example=34 scored_query=6/8
example=34 scored_query=7/8
example=34 scored_query=8/8
control draft score example 35/260
example=35 scored_query=1/8
example=35 scored_query=2/8
example=35 scored_query=3/8
example=35 scored_query=4/8
example=35 scored_query=5/8
example=35 scored_query=6/8
example=35 scored_query=7/8
example=35 scored_query=8/8
control draft score example 36/260
example=36 scored_query=1/8
example=36 scored_query=2/8
example=36 scored_query=3/8
example=36 scored_query=4/8
example=36 scored_query=5/8
example=36 scored_query=6/8
example=36 scored_query=7/8
example=36 scored_query=8/8
control draft score example 37/260
example=37 scored_query=1/8
example=37 scored_query=2/8
example=37 scored_query=3/8
example=37 scored_query=4/8
example=37 scored_query=5/8
example=37 scored_query=6/8
example=37 scored_query=7/8
example=37 scored_query=8/8
control draft score example 38/260
example=38 scored_query=1/8
example=38 scored_query=2/8
example=38 scored_query=3/8
example=38 scored_query=4/8
example=38 scored_query=5/8
example=38 scored_query=6/8
example=38 scored_query=7/8
example=38 scored_query=8/8
control draft score example 39/260
example=39 scored_query=1/8
example=39 scored_query=2/8
example=39 scored_query=3/8
example=39 scored_query=4/8
example=39 scored_query=5/8
example=39 scored_query=6/8
example=39 scored_query=7/8
example=39 scored_query=8/8
control draft score example 40/260
example=40 scored_query=1/8
example=40 scored_query=2/8
example=40 scored_query=3/8
example=40 scored_query=4/8
example=40 scored_query=5/8
example=40 scored_query=6/8
example=40 scored_query=7/8
example=40 scored_query=8/8
control draft score example 41/260
example=41 scored_query=1/8
example=41 scored_query=2/8
example=41 scored_query=3/8
example=41 scored_query=4/8
example=41 scored_query=5/8
example=41 scored_query=6/8
example=41 scored_query=7/8
example=41 scored_query=8/8
control draft score example 42/260
example=42 scored_query=1/8
example=42 scored_query=2/8
example=42 scored_query=3/8
example=42 scored_query=4/8
example=42 scored_query=5/8
example=42 scored_query=6/8
example=42 scored_query=7/8
example=42 scored_query=8/8
control draft score example 43/260
example=43 scored_query=1/8
example=43 scored_query=2/8
example=43 scored_query=3/8
example=43 scored_query=4/8
example=43 scored_query=5/8
example=43 scored_query=6/8
example=43 scored_query=7/8
example=43 scored_query=8/8
control draft score example 44/260
example=44 scored_query=1/8
example=44 scored_query=2/8
example=44 scored_query=3/8
example=44 scored_query=4/8
example=44 scored_query=5/8
example=44 scored_query=6/8
example=44 scored_query=7/8
example=44 scored_query=8/8
control draft score example 45/260
example=45 scored_query=1/8
example=45 scored_query=2/8
example=45 scored_query=3/8
example=45 scored_query=4/8
example=45 scored_query=5/8
example=45 scored_query=6/8
example=45 scored_query=7/8
example=45 scored_query=8/8
control draft score example 46/260
example=46 scored_query=1/8
example=46 scored_query=2/8
example=46 scored_query=3/8
example=46 scored_query=4/8
example=46 scored_query=5/8
example=46 scored_query=6/8
example=46 scored_query=7/8
example=46 scored_query=8/8
control draft score example 47/260
example=47 scored_query=1/8
example=47 scored_query=2/8
example=47 scored_query=3/8
example=47 scored_query=4/8
example=47 scored_query=5/8
example=47 scored_query=6/8
example=47 scored_query=7/8
example=47 scored_query=8/8
control draft score example 48/260
example=48 scored_query=1/8
example=48 scored_query=2/8
example=48 scored_query=3/8
example=48 scored_query=4/8
example=48 scored_query=5/8
example=48 scored_query=6/8
example=48 scored_query=7/8
example=48 scored_query=8/8
control draft score example 49/260
example=49 scored_query=1/8
example=49 scored_query=2/8
example=49 scored_query=3/8
example=49 scored_query=4/8
example=49 scored_query=5/8
example=49 scored_query=6/8
example=49 scored_query=7/8
example=49 scored_query=8/8
control draft score example 50/260
example=50 scored_query=1/8
example=50 scored_query=2/8
example=50 scored_query=3/8
example=50 scored_query=4/8
example=50 scored_query=5/8
example=50 scored_query=6/8
example=50 scored_query=7/8
example=50 scored_query=8/8
control draft score example 51/260
example=51 scored_query=1/8
example=51 scored_query=2/8
example=51 scored_query=3/8
example=51 scored_query=4/8
example=51 scored_query=5/8
example=51 scored_query=6/8
example=51 scored_query=7/8
example=51 scored_query=8/8
control draft score example 52/260
example=52 scored_query=1/8
example=52 scored_query=2/8
example=52 scored_query=3/8
example=52 scored_query=4/8
example=52 scored_query=5/8
example=52 scored_query=6/8
example=52 scored_query=7/8
example=52 scored_query=8/8
control draft score example 53/260
example=53 scored_query=1/8
example=53 scored_query=2/8
example=53 scored_query=3/8
example=53 scored_query=4/8
example=53 scored_query=5/8
example=53 scored_query=6/8
example=53 scored_query=7/8
example=53 scored_query=8/8
control draft score example 54/260
example=54 scored_query=1/8
example=54 scored_query=2/8
example=54 scored_query=3/8
example=54 scored_query=4/8
example=54 scored_query=5/8
example=54 scored_query=6/8
example=54 scored_query=7/8
example=54 scored_query=8/8
control draft score example 55/260
example=55 scored_query=1/8
example=55 scored_query=2/8
example=55 scored_query=3/8
example=55 scored_query=4/8
example=55 scored_query=5/8
example=55 scored_query=6/8
example=55 scored_query=7/8
example=55 scored_query=8/8
control draft score example 56/260
example=56 scored_query=1/8
example=56 scored_query=2/8
example=56 scored_query=3/8
example=56 scored_query=4/8
example=56 scored_query=5/8
example=56 scored_query=6/8
example=56 scored_query=7/8
example=56 scored_query=8/8
control draft score example 57/260
example=57 scored_query=1/8
example=57 scored_query=2/8
example=57 scored_query=3/8
example=57 scored_query=4/8
example=57 scored_query=5/8
example=57 scored_query=6/8
example=57 scored_query=7/8
example=57 scored_query=8/8
control draft score example 58/260
example=58 scored_query=1/8
example=58 scored_query=2/8
example=58 scored_query=3/8
example=58 scored_query=4/8
example=58 scored_query=5/8
example=58 scored_query=6/8
example=58 scored_query=7/8
example=58 scored_query=8/8
control draft score example 59/260
example=59 scored_query=1/8
example=59 scored_query=2/8
example=59 scored_query=3/8
example=59 scored_query=4/8
example=59 scored_query=5/8
example=59 scored_query=6/8
example=59 scored_query=7/8
example=59 scored_query=8/8
control draft score example 60/260
example=60 scored_query=1/8
example=60 scored_query=2/8
example=60 scored_query=3/8
example=60 scored_query=4/8
example=60 scored_query=5/8
example=60 scored_query=6/8
example=60 scored_query=7/8
example=60 scored_query=8/8
control draft score example 61/260
example=61 scored_query=1/8
example=61 scored_query=2/8
example=61 scored_query=3/8
example=61 scored_query=4/8
example=61 scored_query=5/8
example=61 scored_query=6/8
example=61 scored_query=7/8
example=61 scored_query=8/8
control draft score example 62/260
example=62 scored_query=1/8
example=62 scored_query=2/8
example=62 scored_query=3/8
example=62 scored_query=4/8
example=62 scored_query=5/8
example=62 scored_query=6/8
example=62 scored_query=7/8
example=62 scored_query=8/8
control draft score example 63/260
example=63 scored_query=1/8
example=63 scored_query=2/8
example=63 scored_query=3/8
example=63 scored_query=4/8
example=63 scored_query=5/8
example=63 scored_query=6/8
example=63 scored_query=7/8
example=63 scored_query=8/8
control draft score example 64/260
example=64 scored_query=1/8
example=64 scored_query=2/8
example=64 scored_query=3/8
example=64 scored_query=4/8
example=64 scored_query=5/8
example=64 scored_query=6/8
example=64 scored_query=7/8
example=64 scored_query=8/8
control draft score example 65/260
example=65 scored_query=1/8
example=65 scored_query=2/8
example=65 scored_query=3/8
example=65 scored_query=4/8
example=65 scored_query=5/8
example=65 scored_query=6/8
example=65 scored_query=7/8
example=65 scored_query=8/8
control draft score example 66/260
example=66 scored_query=1/8
example=66 scored_query=2/8
example=66 scored_query=3/8
example=66 scored_query=4/8
example=66 scored_query=5/8
example=66 scored_query=6/8
example=66 scored_query=7/8
example=66 scored_query=8/8
control draft score example 67/260
example=67 scored_query=1/8
example=67 scored_query=2/8
example=67 scored_query=3/8
example=67 scored_query=4/8
example=67 scored_query=5/8
example=67 scored_query=6/8
example=67 scored_query=7/8
example=67 scored_query=8/8
control draft score example 68/260
example=68 scored_query=1/8
example=68 scored_query=2/8
example=68 scored_query=3/8
example=68 scored_query=4/8
example=68 scored_query=5/8
example=68 scored_query=6/8
example=68 scored_query=7/8
example=68 scored_query=8/8
control draft score example 69/260
example=69 scored_query=1/8
example=69 scored_query=2/8
example=69 scored_query=3/8
example=69 scored_query=4/8
example=69 scored_query=5/8
example=69 scored_query=6/8
example=69 scored_query=7/8
example=69 scored_query=8/8
control draft score example 70/260
example=70 scored_query=1/8
example=70 scored_query=2/8
example=70 scored_query=3/8
example=70 scored_query=4/8
example=70 scored_query=5/8
example=70 scored_query=6/8
example=70 scored_query=7/8
example=70 scored_query=8/8
control draft score example 71/260
example=71 scored_query=1/8
example=71 scored_query=2/8
example=71 scored_query=3/8
example=71 scored_query=4/8
example=71 scored_query=5/8
example=71 scored_query=6/8
example=71 scored_query=7/8
example=71 scored_query=8/8
control draft score example 72/260
example=72 scored_query=1/8
example=72 scored_query=2/8
example=72 scored_query=3/8
example=72 scored_query=4/8
example=72 scored_query=5/8
example=72 scored_query=6/8
example=72 scored_query=7/8
example=72 scored_query=8/8
control draft score example 73/260
example=73 scored_query=1/8
example=73 scored_query=2/8
example=73 scored_query=3/8
example=73 scored_query=4/8
example=73 scored_query=5/8
example=73 scored_query=6/8
example=73 scored_query=7/8
example=73 scored_query=8/8
control draft score example 74/260
example=74 scored_query=1/8
example=74 scored_query=2/8
example=74 scored_query=3/8
example=74 scored_query=4/8
example=74 scored_query=5/8
example=74 scored_query=6/8
example=74 scored_query=7/8
example=74 scored_query=8/8
control draft score example 75/260
example=75 scored_query=1/8
example=75 scored_query=2/8
example=75 scored_query=3/8
example=75 scored_query=4/8
example=75 scored_query=5/8
example=75 scored_query=6/8
example=75 scored_query=7/8
example=75 scored_query=8/8
control draft score example 76/260
example=76 scored_query=1/8
example=76 scored_query=2/8
example=76 scored_query=3/8
example=76 scored_query=4/8
example=76 scored_query=5/8
example=76 scored_query=6/8
example=76 scored_query=7/8
example=76 scored_query=8/8
control draft score example 77/260
example=77 scored_query=1/8
example=77 scored_query=2/8
example=77 scored_query=3/8
example=77 scored_query=4/8
example=77 scored_query=5/8
example=77 scored_query=6/8
example=77 scored_query=7/8
example=77 scored_query=8/8
control draft score example 78/260
example=78 scored_query=1/8
example=78 scored_query=2/8
example=78 scored_query=3/8
example=78 scored_query=4/8
example=78 scored_query=5/8
example=78 scored_query=6/8
example=78 scored_query=7/8
example=78 scored_query=8/8
control draft score example 79/260
example=79 scored_query=1/8
example=79 scored_query=2/8
example=79 scored_query=3/8
example=79 scored_query=4/8
example=79 scored_query=5/8
example=79 scored_query=6/8
example=79 scored_query=7/8
example=79 scored_query=8/8
control draft score example 80/260
example=80 scored_query=1/8
example=80 scored_query=2/8
example=80 scored_query=3/8
example=80 scored_query=4/8
example=80 scored_query=5/8
example=80 scored_query=6/8
example=80 scored_query=7/8
example=80 scored_query=8/8
control draft score example 81/260
example=81 scored_query=1/8
example=81 scored_query=2/8
example=81 scored_query=3/8
example=81 scored_query=4/8
example=81 scored_query=5/8
example=81 scored_query=6/8
example=81 scored_query=7/8
example=81 scored_query=8/8
control draft score example 82/260
example=82 scored_query=1/8
example=82 scored_query=2/8
example=82 scored_query=3/8
example=82 scored_query=4/8
example=82 scored_query=5/8
example=82 scored_query=6/8
example=82 scored_query=7/8
example=82 scored_query=8/8
control draft score example 83/260
example=83 scored_query=1/8
example=83 scored_query=2/8
example=83 scored_query=3/8
example=83 scored_query=4/8
example=83 scored_query=5/8
example=83 scored_query=6/8
example=83 scored_query=7/8
example=83 scored_query=8/8
control draft score example 84/260
example=84 scored_query=1/8
example=84 scored_query=2/8
example=84 scored_query=3/8
example=84 scored_query=4/8
example=84 scored_query=5/8
example=84 scored_query=6/8
example=84 scored_query=7/8
example=84 scored_query=8/8
control draft score example 85/260
example=85 scored_query=1/8
example=85 scored_query=2/8
example=85 scored_query=3/8
example=85 scored_query=4/8
example=85 scored_query=5/8
example=85 scored_query=6/8
example=85 scored_query=7/8
example=85 scored_query=8/8
control draft score example 86/260
example=86 scored_query=1/8
example=86 scored_query=2/8
example=86 scored_query=3/8
example=86 scored_query=4/8
example=86 scored_query=5/8
example=86 scored_query=6/8
example=86 scored_query=7/8
example=86 scored_query=8/8
control draft score example 87/260
example=87 scored_query=1/8
example=87 scored_query=2/8
example=87 scored_query=3/8
example=87 scored_query=4/8
example=87 scored_query=5/8
example=87 scored_query=6/8
example=87 scored_query=7/8
example=87 scored_query=8/8
control draft score example 88/260
example=88 scored_query=1/8
example=88 scored_query=2/8
example=88 scored_query=3/8
example=88 scored_query=4/8
example=88 scored_query=5/8
example=88 scored_query=6/8
example=88 scored_query=7/8
example=88 scored_query=8/8
control draft score example 89/260
example=89 scored_query=1/8
example=89 scored_query=2/8
example=89 scored_query=3/8
example=89 scored_query=4/8
example=89 scored_query=5/8
example=89 scored_query=6/8
example=89 scored_query=7/8
example=89 scored_query=8/8
control draft score example 90/260
example=90 scored_query=1/8
example=90 scored_query=2/8
example=90 scored_query=3/8
example=90 scored_query=4/8
example=90 scored_query=5/8
example=90 scored_query=6/8
example=90 scored_query=7/8
example=90 scored_query=8/8
control draft score example 91/260
example=91 scored_query=1/8
example=91 scored_query=2/8
example=91 scored_query=3/8
example=91 scored_query=4/8
example=91 scored_query=5/8
example=91 scored_query=6/8
example=91 scored_query=7/8
example=91 scored_query=8/8
control draft score example 92/260
example=92 scored_query=1/8
example=92 scored_query=2/8
example=92 scored_query=3/8
example=92 scored_query=4/8
example=92 scored_query=5/8
example=92 scored_query=6/8
example=92 scored_query=7/8
example=92 scored_query=8/8
control draft score example 93/260
example=93 scored_query=1/8
example=93 scored_query=2/8
example=93 scored_query=3/8
example=93 scored_query=4/8
example=93 scored_query=5/8
example=93 scored_query=6/8
example=93 scored_query=7/8
example=93 scored_query=8/8
control draft score example 94/260
example=94 scored_query=1/8
example=94 scored_query=2/8
example=94 scored_query=3/8
example=94 scored_query=4/8
example=94 scored_query=5/8
example=94 scored_query=6/8
example=94 scored_query=7/8
example=94 scored_query=8/8
control draft score example 95/260
example=95 scored_query=1/8
example=95 scored_query=2/8
example=95 scored_query=3/8
example=95 scored_query=4/8
example=95 scored_query=5/8
example=95 scored_query=6/8
example=95 scored_query=7/8
example=95 scored_query=8/8
control draft score example 96/260
example=96 scored_query=1/8
example=96 scored_query=2/8
example=96 scored_query=3/8
example=96 scored_query=4/8
example=96 scored_query=5/8
example=96 scored_query=6/8
example=96 scored_query=7/8
example=96 scored_query=8/8
control draft score example 97/260
example=97 scored_query=1/8
example=97 scored_query=2/8
example=97 scored_query=3/8
example=97 scored_query=4/8
example=97 scored_query=5/8
example=97 scored_query=6/8
example=97 scored_query=7/8
example=97 scored_query=8/8
control draft score example 98/260
example=98 scored_query=1/8
example=98 scored_query=2/8
example=98 scored_query=3/8
example=98 scored_query=4/8
example=98 scored_query=5/8
example=98 scored_query=6/8
example=98 scored_query=7/8
example=98 scored_query=8/8
control draft score example 99/260
example=99 scored_query=1/8
example=99 scored_query=2/8
example=99 scored_query=3/8
example=99 scored_query=4/8
example=99 scored_query=5/8
example=99 scored_query=6/8
example=99 scored_query=7/8
example=99 scored_query=8/8
control draft score example 100/260
example=100 scored_query=1/8
example=100 scored_query=2/8
example=100 scored_query=3/8
example=100 scored_query=4/8
example=100 scored_query=5/8
example=100 scored_query=6/8
example=100 scored_query=7/8
example=100 scored_query=8/8
control draft score example 101/260
example=101 scored_query=1/8
example=101 scored_query=2/8
example=101 scored_query=3/8
example=101 scored_query=4/8
example=101 scored_query=5/8
example=101 scored_query=6/8
example=101 scored_query=7/8
example=101 scored_query=8/8
control draft score example 102/260
example=102 scored_query=1/8
example=102 scored_query=2/8
example=102 scored_query=3/8
example=102 scored_query=4/8
example=102 scored_query=5/8
example=102 scored_query=6/8
example=102 scored_query=7/8
example=102 scored_query=8/8
control draft score example 103/260
example=103 scored_query=1/8
example=103 scored_query=2/8
example=103 scored_query=3/8
example=103 scored_query=4/8
example=103 scored_query=5/8
example=103 scored_query=6/8
example=103 scored_query=7/8
example=103 scored_query=8/8
control draft score example 104/260
example=104 scored_query=1/8
example=104 scored_query=2/8
example=104 scored_query=3/8
example=104 scored_query=4/8
example=104 scored_query=5/8
example=104 scored_query=6/8
example=104 scored_query=7/8
example=104 scored_query=8/8
control draft score example 105/260
example=105 scored_query=1/8
example=105 scored_query=2/8
example=105 scored_query=3/8
example=105 scored_query=4/8
example=105 scored_query=5/8
example=105 scored_query=6/8
example=105 scored_query=7/8
example=105 scored_query=8/8
control draft score example 106/260
example=106 scored_query=1/8
example=106 scored_query=2/8
example=106 scored_query=3/8
example=106 scored_query=4/8
example=106 scored_query=5/8
example=106 scored_query=6/8
example=106 scored_query=7/8
example=106 scored_query=8/8
control draft score example 107/260
example=107 scored_query=1/8
example=107 scored_query=2/8
example=107 scored_query=3/8
example=107 scored_query=4/8
example=107 scored_query=5/8
example=107 scored_query=6/8
example=107 scored_query=7/8
example=107 scored_query=8/8
control draft score example 108/260
example=108 scored_query=1/8
example=108 scored_query=2/8
example=108 scored_query=3/8
example=108 scored_query=4/8
example=108 scored_query=5/8
example=108 scored_query=6/8
example=108 scored_query=7/8
example=108 scored_query=8/8
control draft score example 109/260
example=109 scored_query=1/8
example=109 scored_query=2/8
example=109 scored_query=3/8
example=109 scored_query=4/8
example=109 scored_query=5/8
example=109 scored_query=6/8
example=109 scored_query=7/8
example=109 scored_query=8/8
control draft score example 110/260
example=110 scored_query=1/8
example=110 scored_query=2/8
example=110 scored_query=3/8
example=110 scored_query=4/8
example=110 scored_query=5/8
example=110 scored_query=6/8
example=110 scored_query=7/8
example=110 scored_query=8/8
control draft score example 111/260
example=111 scored_query=1/8
example=111 scored_query=2/8
example=111 scored_query=3/8
example=111 scored_query=4/8
example=111 scored_query=5/8
example=111 scored_query=6/8
example=111 scored_query=7/8
example=111 scored_query=8/8
control draft score example 112/260
example=112 scored_query=1/8
example=112 scored_query=2/8
example=112 scored_query=3/8
example=112 scored_query=4/8
example=112 scored_query=5/8
example=112 scored_query=6/8
example=112 scored_query=7/8
example=112 scored_query=8/8
control draft score example 113/260
example=113 scored_query=1/8
example=113 scored_query=2/8
example=113 scored_query=3/8
example=113 scored_query=4/8
example=113 scored_query=5/8
example=113 scored_query=6/8
example=113 scored_query=7/8
example=113 scored_query=8/8
control draft score example 114/260
example=114 scored_query=1/8
example=114 scored_query=2/8
example=114 scored_query=3/8
example=114 scored_query=4/8
example=114 scored_query=5/8
example=114 scored_query=6/8
example=114 scored_query=7/8
example=114 scored_query=8/8
control draft score example 115/260
example=115 scored_query=1/8
example=115 scored_query=2/8
example=115 scored_query=3/8
example=115 scored_query=4/8
example=115 scored_query=5/8
example=115 scored_query=6/8
example=115 scored_query=7/8
example=115 scored_query=8/8
control draft score example 116/260
example=116 scored_query=1/8
example=116 scored_query=2/8
example=116 scored_query=3/8
example=116 scored_query=4/8
example=116 scored_query=5/8
example=116 scored_query=6/8
example=116 scored_query=7/8
example=116 scored_query=8/8
control draft score example 117/260
example=117 scored_query=1/8
example=117 scored_query=2/8
example=117 scored_query=3/8
example=117 scored_query=4/8
example=117 scored_query=5/8
example=117 scored_query=6/8
example=117 scored_query=7/8
example=117 scored_query=8/8
control draft score example 118/260
example=118 scored_query=1/8
example=118 scored_query=2/8
example=118 scored_query=3/8
example=118 scored_query=4/8
example=118 scored_query=5/8
example=118 scored_query=6/8
example=118 scored_query=7/8
example=118 scored_query=8/8
control draft score example 119/260
example=119 scored_query=1/8
example=119 scored_query=2/8
example=119 scored_query=3/8
example=119 scored_query=4/8
example=119 scored_query=5/8
example=119 scored_query=6/8
example=119 scored_query=7/8
example=119 scored_query=8/8
control draft score example 120/260
example=120 scored_query=1/8
example=120 scored_query=2/8
example=120 scored_query=3/8
example=120 scored_query=4/8
example=120 scored_query=5/8
example=120 scored_query=6/8
example=120 scored_query=7/8
example=120 scored_query=8/8
control draft score example 121/260
example=121 scored_query=1/8
example=121 scored_query=2/8
example=121 scored_query=3/8
example=121 scored_query=4/8
example=121 scored_query=5/8
example=121 scored_query=6/8
example=121 scored_query=7/8
example=121 scored_query=8/8
control draft score example 122/260
example=122 scored_query=1/8
example=122 scored_query=2/8
example=122 scored_query=3/8
example=122 scored_query=4/8
example=122 scored_query=5/8
example=122 scored_query=6/8
example=122 scored_query=7/8
example=122 scored_query=8/8
control draft score example 123/260
example=123 scored_query=1/8
example=123 scored_query=2/8
example=123 scored_query=3/8
example=123 scored_query=4/8
example=123 scored_query=5/8
example=123 scored_query=6/8
example=123 scored_query=7/8
example=123 scored_query=8/8
control draft score example 124/260
example=124 scored_query=1/8
example=124 scored_query=2/8
example=124 scored_query=3/8
example=124 scored_query=4/8
example=124 scored_query=5/8
example=124 scored_query=6/8
example=124 scored_query=7/8
example=124 scored_query=8/8
control draft score example 125/260
example=125 scored_query=1/8
example=125 scored_query=2/8
example=125 scored_query=3/8
example=125 scored_query=4/8
example=125 scored_query=5/8
example=125 scored_query=6/8
example=125 scored_query=7/8
example=125 scored_query=8/8
control draft score example 126/260
example=126 scored_query=1/8
example=126 scored_query=2/8
example=126 scored_query=3/8
example=126 scored_query=4/8
example=126 scored_query=5/8
example=126 scored_query=6/8
example=126 scored_query=7/8
example=126 scored_query=8/8
control draft score example 127/260
example=127 scored_query=1/8
example=127 scored_query=2/8
example=127 scored_query=3/8
example=127 scored_query=4/8
example=127 scored_query=5/8
example=127 scored_query=6/8
example=127 scored_query=7/8
example=127 scored_query=8/8
control draft score example 128/260
example=128 scored_query=1/8
example=128 scored_query=2/8
example=128 scored_query=3/8
example=128 scored_query=4/8
example=128 scored_query=5/8
example=128 scored_query=6/8
example=128 scored_query=7/8
example=128 scored_query=8/8
control draft score example 129/260
example=129 scored_query=1/8
example=129 scored_query=2/8
example=129 scored_query=3/8
example=129 scored_query=4/8
example=129 scored_query=5/8
example=129 scored_query=6/8
example=129 scored_query=7/8
example=129 scored_query=8/8
control draft score example 130/260
example=130 scored_query=1/8
example=130 scored_query=2/8
example=130 scored_query=3/8
example=130 scored_query=4/8
example=130 scored_query=5/8
example=130 scored_query=6/8
example=130 scored_query=7/8
example=130 scored_query=8/8
control draft score example 131/260
example=131 scored_query=1/8
example=131 scored_query=2/8
example=131 scored_query=3/8
example=131 scored_query=4/8
example=131 scored_query=5/8
example=131 scored_query=6/8
example=131 scored_query=7/8
example=131 scored_query=8/8
control draft score example 132/260
example=132 scored_query=1/8
example=132 scored_query=2/8
example=132 scored_query=3/8
example=132 scored_query=4/8
example=132 scored_query=5/8
example=132 scored_query=6/8
example=132 scored_query=7/8
example=132 scored_query=8/8
control draft score example 133/260
example=133 scored_query=1/8
example=133 scored_query=2/8
example=133 scored_query=3/8
example=133 scored_query=4/8
example=133 scored_query=5/8
example=133 scored_query=6/8
example=133 scored_query=7/8
example=133 scored_query=8/8
control draft score example 134/260
example=134 scored_query=1/8
example=134 scored_query=2/8
example=134 scored_query=3/8
example=134 scored_query=4/8
example=134 scored_query=5/8
example=134 scored_query=6/8
example=134 scored_query=7/8
example=134 scored_query=8/8
control draft score example 135/260
example=135 scored_query=1/8
example=135 scored_query=2/8
example=135 scored_query=3/8
example=135 scored_query=4/8
example=135 scored_query=5/8
example=135 scored_query=6/8
example=135 scored_query=7/8
example=135 scored_query=8/8
control draft score example 136/260
example=136 scored_query=1/8
example=136 scored_query=2/8
example=136 scored_query=3/8
example=136 scored_query=4/8
example=136 scored_query=5/8
example=136 scored_query=6/8
example=136 scored_query=7/8
example=136 scored_query=8/8
control draft score example 137/260
example=137 scored_query=1/8
example=137 scored_query=2/8
example=137 scored_query=3/8
example=137 scored_query=4/8
example=137 scored_query=5/8
example=137 scored_query=6/8
example=137 scored_query=7/8
example=137 scored_query=8/8
control draft score example 138/260
example=138 scored_query=1/8
example=138 scored_query=2/8
example=138 scored_query=3/8
example=138 scored_query=4/8
example=138 scored_query=5/8
example=138 scored_query=6/8
example=138 scored_query=7/8
example=138 scored_query=8/8
control draft score example 139/260
example=139 scored_query=1/8
example=139 scored_query=2/8
example=139 scored_query=3/8
example=139 scored_query=4/8
example=139 scored_query=5/8
example=139 scored_query=6/8
example=139 scored_query=7/8
example=139 scored_query=8/8
control draft score example 140/260
example=140 scored_query=1/8
example=140 scored_query=2/8
example=140 scored_query=3/8
example=140 scored_query=4/8
example=140 scored_query=5/8
example=140 scored_query=6/8
example=140 scored_query=7/8
example=140 scored_query=8/8
control draft score example 141/260
example=141 scored_query=1/8
example=141 scored_query=2/8
example=141 scored_query=3/8
example=141 scored_query=4/8
example=141 scored_query=5/8
example=141 scored_query=6/8
example=141 scored_query=7/8
example=141 scored_query=8/8
control draft score example 142/260
example=142 scored_query=1/8
example=142 scored_query=2/8
example=142 scored_query=3/8
example=142 scored_query=4/8
example=142 scored_query=5/8
example=142 scored_query=6/8
example=142 scored_query=7/8
example=142 scored_query=8/8
control draft score example 143/260
example=143 scored_query=1/8
example=143 scored_query=2/8
example=143 scored_query=3/8
example=143 scored_query=4/8
example=143 scored_query=5/8
example=143 scored_query=6/8
example=143 scored_query=7/8
example=143 scored_query=8/8
control draft score example 144/260
example=144 scored_query=1/8
example=144 scored_query=2/8
example=144 scored_query=3/8
example=144 scored_query=4/8
example=144 scored_query=5/8
example=144 scored_query=6/8
example=144 scored_query=7/8
example=144 scored_query=8/8
control draft score example 145/260
example=145 scored_query=1/8
example=145 scored_query=2/8
example=145 scored_query=3/8
example=145 scored_query=4/8
example=145 scored_query=5/8
example=145 scored_query=6/8
example=145 scored_query=7/8
example=145 scored_query=8/8
control draft score example 146/260
example=146 scored_query=1/8
example=146 scored_query=2/8
example=146 scored_query=3/8
example=146 scored_query=4/8
example=146 scored_query=5/8
example=146 scored_query=6/8
example=146 scored_query=7/8
example=146 scored_query=8/8
control draft score example 147/260
example=147 scored_query=1/8
example=147 scored_query=2/8
example=147 scored_query=3/8
example=147 scored_query=4/8
example=147 scored_query=5/8
example=147 scored_query=6/8
example=147 scored_query=7/8
example=147 scored_query=8/8
control draft score example 148/260
example=148 scored_query=1/8
example=148 scored_query=2/8
example=148 scored_query=3/8
example=148 scored_query=4/8
example=148 scored_query=5/8
example=148 scored_query=6/8
example=148 scored_query=7/8
example=148 scored_query=8/8
control draft score example 149/260
example=149 scored_query=1/8
example=149 scored_query=2/8
example=149 scored_query=3/8
example=149 scored_query=4/8
example=149 scored_query=5/8
example=149 scored_query=6/8
example=149 scored_query=7/8
example=149 scored_query=8/8
control draft score example 150/260
example=150 scored_query=1/8
example=150 scored_query=2/8
example=150 scored_query=3/8
example=150 scored_query=4/8
example=150 scored_query=5/8
example=150 scored_query=6/8
example=150 scored_query=7/8
example=150 scored_query=8/8
control draft score example 151/260
example=151 scored_query=1/8
example=151 scored_query=2/8
example=151 scored_query=3/8
example=151 scored_query=4/8
example=151 scored_query=5/8
example=151 scored_query=6/8
example=151 scored_query=7/8
example=151 scored_query=8/8
control draft score example 152/260
example=152 scored_query=1/8
example=152 scored_query=2/8
example=152 scored_query=3/8
example=152 scored_query=4/8
example=152 scored_query=5/8
example=152 scored_query=6/8
example=152 scored_query=7/8
example=152 scored_query=8/8
control draft score example 153/260
example=153 scored_query=1/8
example=153 scored_query=2/8
example=153 scored_query=3/8
example=153 scored_query=4/8
example=153 scored_query=5/8
example=153 scored_query=6/8
example=153 scored_query=7/8
example=153 scored_query=8/8
control draft score example 154/260
example=154 scored_query=1/8
example=154 scored_query=2/8
example=154 scored_query=3/8
example=154 scored_query=4/8
example=154 scored_query=5/8
example=154 scored_query=6/8
example=154 scored_query=7/8
example=154 scored_query=8/8
control draft score example 155/260
example=155 scored_query=1/8
example=155 scored_query=2/8
example=155 scored_query=3/8
example=155 scored_query=4/8
example=155 scored_query=5/8
example=155 scored_query=6/8
example=155 scored_query=7/8
example=155 scored_query=8/8
control draft score example 156/260
example=156 scored_query=1/8
example=156 scored_query=2/8
example=156 scored_query=3/8
example=156 scored_query=4/8
example=156 scored_query=5/8
example=156 scored_query=6/8
example=156 scored_query=7/8
example=156 scored_query=8/8
control draft score example 157/260
example=157 scored_query=1/8
example=157 scored_query=2/8
example=157 scored_query=3/8
example=157 scored_query=4/8
example=157 scored_query=5/8
example=157 scored_query=6/8
example=157 scored_query=7/8
example=157 scored_query=8/8
control draft score example 158/260
example=158 scored_query=1/8
example=158 scored_query=2/8
example=158 scored_query=3/8
example=158 scored_query=4/8
example=158 scored_query=5/8
example=158 scored_query=6/8
example=158 scored_query=7/8
example=158 scored_query=8/8
control draft score example 159/260
example=159 scored_query=1/8
example=159 scored_query=2/8
example=159 scored_query=3/8
example=159 scored_query=4/8
example=159 scored_query=5/8
example=159 scored_query=6/8
example=159 scored_query=7/8
example=159 scored_query=8/8
control draft score example 160/260
example=160 scored_query=1/8
example=160 scored_query=2/8
example=160 scored_query=3/8
example=160 scored_query=4/8
example=160 scored_query=5/8
example=160 scored_query=6/8
example=160 scored_query=7/8
example=160 scored_query=8/8
control draft score example 161/260
example=161 scored_query=1/8
example=161 scored_query=2/8
example=161 scored_query=3/8
example=161 scored_query=4/8
example=161 scored_query=5/8
example=161 scored_query=6/8
example=161 scored_query=7/8
example=161 scored_query=8/8
control draft score example 162/260
example=162 scored_query=1/8
example=162 scored_query=2/8
example=162 scored_query=3/8
example=162 scored_query=4/8
example=162 scored_query=5/8
example=162 scored_query=6/8
example=162 scored_query=7/8
example=162 scored_query=8/8
control draft score example 163/260
example=163 scored_query=1/8
example=163 scored_query=2/8
example=163 scored_query=3/8
example=163 scored_query=4/8
example=163 scored_query=5/8
example=163 scored_query=6/8
example=163 scored_query=7/8
example=163 scored_query=8/8
control draft score example 164/260
example=164 scored_query=1/8
example=164 scored_query=2/8
example=164 scored_query=3/8
example=164 scored_query=4/8
example=164 scored_query=5/8
example=164 scored_query=6/8
example=164 scored_query=7/8
example=164 scored_query=8/8
control draft score example 165/260
example=165 scored_query=1/8
example=165 scored_query=2/8
example=165 scored_query=3/8
example=165 scored_query=4/8
example=165 scored_query=5/8
example=165 scored_query=6/8
example=165 scored_query=7/8
example=165 scored_query=8/8
control draft score example 166/260
example=166 scored_query=1/8
example=166 scored_query=2/8
example=166 scored_query=3/8
example=166 scored_query=4/8
example=166 scored_query=5/8
example=166 scored_query=6/8
example=166 scored_query=7/8
example=166 scored_query=8/8
control draft score example 167/260
example=167 scored_query=1/8
example=167 scored_query=2/8
example=167 scored_query=3/8
example=167 scored_query=4/8
example=167 scored_query=5/8
example=167 scored_query=6/8
example=167 scored_query=7/8
example=167 scored_query=8/8
control draft score example 168/260
example=168 scored_query=1/8
example=168 scored_query=2/8
example=168 scored_query=3/8
example=168 scored_query=4/8
example=168 scored_query=5/8
example=168 scored_query=6/8
example=168 scored_query=7/8
example=168 scored_query=8/8
control draft score example 169/260
example=169 scored_query=1/8
example=169 scored_query=2/8
example=169 scored_query=3/8
example=169 scored_query=4/8
example=169 scored_query=5/8
example=169 scored_query=6/8
example=169 scored_query=7/8
example=169 scored_query=8/8
control draft score example 170/260
example=170 scored_query=1/8
example=170 scored_query=2/8
example=170 scored_query=3/8
example=170 scored_query=4/8
example=170 scored_query=5/8
example=170 scored_query=6/8
example=170 scored_query=7/8
example=170 scored_query=8/8
control draft score example 171/260
example=171 scored_query=1/8
example=171 scored_query=2/8
example=171 scored_query=3/8
example=171 scored_query=4/8
example=171 scored_query=5/8
example=171 scored_query=6/8
example=171 scored_query=7/8
example=171 scored_query=8/8
control draft score example 172/260
example=172 scored_query=1/8
example=172 scored_query=2/8
example=172 scored_query=3/8
example=172 scored_query=4/8
example=172 scored_query=5/8
example=172 scored_query=6/8
example=172 scored_query=7/8
example=172 scored_query=8/8
control draft score example 173/260
example=173 scored_query=1/8
example=173 scored_query=2/8
example=173 scored_query=3/8
example=173 scored_query=4/8
example=173 scored_query=5/8
example=173 scored_query=6/8
example=173 scored_query=7/8
example=173 scored_query=8/8
control draft score example 174/260
example=174 scored_query=1/8
example=174 scored_query=2/8
example=174 scored_query=3/8
example=174 scored_query=4/8
example=174 scored_query=5/8
example=174 scored_query=6/8
example=174 scored_query=7/8
example=174 scored_query=8/8
control draft score example 175/260
example=175 scored_query=1/8
example=175 scored_query=2/8
example=175 scored_query=3/8
example=175 scored_query=4/8
example=175 scored_query=5/8
example=175 scored_query=6/8
example=175 scored_query=7/8
example=175 scored_query=8/8
control draft score example 176/260
example=176 scored_query=1/8
example=176 scored_query=2/8
example=176 scored_query=3/8
example=176 scored_query=4/8
example=176 scored_query=5/8
example=176 scored_query=6/8
example=176 scored_query=7/8
example=176 scored_query=8/8
control draft score example 177/260
example=177 scored_query=1/8
example=177 scored_query=2/8
example=177 scored_query=3/8
example=177 scored_query=4/8
example=177 scored_query=5/8
example=177 scored_query=6/8
example=177 scored_query=7/8
example=177 scored_query=8/8
control draft score example 178/260
example=178 scored_query=1/8
example=178 scored_query=2/8
example=178 scored_query=3/8
example=178 scored_query=4/8
example=178 scored_query=5/8
example=178 scored_query=6/8
example=178 scored_query=7/8
example=178 scored_query=8/8
control draft score example 179/260
example=179 scored_query=1/8
example=179 scored_query=2/8
example=179 scored_query=3/8
example=179 scored_query=4/8
example=179 scored_query=5/8
example=179 scored_query=6/8
example=179 scored_query=7/8
example=179 scored_query=8/8
control draft score example 180/260
example=180 scored_query=1/8
example=180 scored_query=2/8
example=180 scored_query=3/8
example=180 scored_query=4/8
example=180 scored_query=5/8
example=180 scored_query=6/8
example=180 scored_query=7/8
example=180 scored_query=8/8
control draft score example 181/260
example=181 scored_query=1/8
example=181 scored_query=2/8
example=181 scored_query=3/8
example=181 scored_query=4/8
example=181 scored_query=5/8
example=181 scored_query=6/8
example=181 scored_query=7/8
example=181 scored_query=8/8
control draft score example 182/260
example=182 scored_query=1/8
example=182 scored_query=2/8
example=182 scored_query=3/8
example=182 scored_query=4/8
example=182 scored_query=5/8
example=182 scored_query=6/8
example=182 scored_query=7/8
example=182 scored_query=8/8
control draft score example 183/260
example=183 scored_query=1/8
example=183 scored_query=2/8
example=183 scored_query=3/8
example=183 scored_query=4/8
example=183 scored_query=5/8
example=183 scored_query=6/8
example=183 scored_query=7/8
example=183 scored_query=8/8
control draft score example 184/260
example=184 scored_query=1/8
example=184 scored_query=2/8
example=184 scored_query=3/8
example=184 scored_query=4/8
example=184 scored_query=5/8
example=184 scored_query=6/8
example=184 scored_query=7/8
example=184 scored_query=8/8
control draft score example 185/260
example=185 scored_query=1/8
example=185 scored_query=2/8
example=185 scored_query=3/8
example=185 scored_query=4/8
example=185 scored_query=5/8
example=185 scored_query=6/8
example=185 scored_query=7/8
example=185 scored_query=8/8
control draft score example 186/260
example=186 scored_query=1/8
example=186 scored_query=2/8
example=186 scored_query=3/8
example=186 scored_query=4/8
example=186 scored_query=5/8
example=186 scored_query=6/8
example=186 scored_query=7/8
example=186 scored_query=8/8
control draft score example 187/260
example=187 scored_query=1/8
example=187 scored_query=2/8
example=187 scored_query=3/8
example=187 scored_query=4/8
example=187 scored_query=5/8
example=187 scored_query=6/8
example=187 scored_query=7/8
example=187 scored_query=8/8
control draft score example 188/260
example=188 scored_query=1/8
example=188 scored_query=2/8
example=188 scored_query=3/8
example=188 scored_query=4/8
example=188 scored_query=5/8
example=188 scored_query=6/8
example=188 scored_query=7/8
example=188 scored_query=8/8
control draft score example 189/260
example=189 scored_query=1/8
example=189 scored_query=2/8
example=189 scored_query=3/8
example=189 scored_query=4/8
example=189 scored_query=5/8
example=189 scored_query=6/8
example=189 scored_query=7/8
example=189 scored_query=8/8
control draft score example 190/260
example=190 scored_query=1/8
example=190 scored_query=2/8
example=190 scored_query=3/8
example=190 scored_query=4/8
example=190 scored_query=5/8
example=190 scored_query=6/8
example=190 scored_query=7/8
example=190 scored_query=8/8
control draft score example 191/260
example=191 scored_query=1/8
example=191 scored_query=2/8
example=191 scored_query=3/8
example=191 scored_query=4/8
example=191 scored_query=5/8
example=191 scored_query=6/8
example=191 scored_query=7/8
example=191 scored_query=8/8
control draft score example 192/260
example=192 scored_query=1/8
example=192 scored_query=2/8
example=192 scored_query=3/8
example=192 scored_query=4/8
example=192 scored_query=5/8
example=192 scored_query=6/8
example=192 scored_query=7/8
example=192 scored_query=8/8
control draft score example 193/260
example=193 scored_query=1/8
example=193 scored_query=2/8
example=193 scored_query=3/8
example=193 scored_query=4/8
example=193 scored_query=5/8
example=193 scored_query=6/8
example=193 scored_query=7/8
example=193 scored_query=8/8
control draft score example 194/260
example=194 scored_query=1/8
example=194 scored_query=2/8
example=194 scored_query=3/8
example=194 scored_query=4/8
example=194 scored_query=5/8
example=194 scored_query=6/8
example=194 scored_query=7/8
example=194 scored_query=8/8
control draft score example 195/260
example=195 scored_query=1/8
example=195 scored_query=2/8
example=195 scored_query=3/8
example=195 scored_query=4/8
example=195 scored_query=5/8
example=195 scored_query=6/8
example=195 scored_query=7/8
example=195 scored_query=8/8
control draft score example 196/260
example=196 scored_query=1/8
example=196 scored_query=2/8
example=196 scored_query=3/8
example=196 scored_query=4/8
example=196 scored_query=5/8
example=196 scored_query=6/8
example=196 scored_query=7/8
example=196 scored_query=8/8
control draft score example 197/260
example=197 scored_query=1/8
example=197 scored_query=2/8
example=197 scored_query=3/8
example=197 scored_query=4/8
example=197 scored_query=5/8
example=197 scored_query=6/8
example=197 scored_query=7/8
example=197 scored_query=8/8
control draft score example 198/260
example=198 scored_query=1/8
example=198 scored_query=2/8
example=198 scored_query=3/8
example=198 scored_query=4/8
example=198 scored_query=5/8
example=198 scored_query=6/8
example=198 scored_query=7/8
example=198 scored_query=8/8
control draft score example 199/260
example=199 scored_query=1/8
example=199 scored_query=2/8
example=199 scored_query=3/8
example=199 scored_query=4/8
example=199 scored_query=5/8
example=199 scored_query=6/8
example=199 scored_query=7/8
example=199 scored_query=8/8
control draft score example 200/260
example=200 scored_query=1/8
example=200 scored_query=2/8
example=200 scored_query=3/8
example=200 scored_query=4/8
example=200 scored_query=5/8
example=200 scored_query=6/8
example=200 scored_query=7/8
example=200 scored_query=8/8
control draft score example 201/260
example=201 scored_query=1/8
example=201 scored_query=2/8
example=201 scored_query=3/8
example=201 scored_query=4/8
example=201 scored_query=5/8
example=201 scored_query=6/8
example=201 scored_query=7/8
example=201 scored_query=8/8
control draft score example 202/260
example=202 scored_query=1/8
example=202 scored_query=2/8
example=202 scored_query=3/8
example=202 scored_query=4/8
example=202 scored_query=5/8
example=202 scored_query=6/8
example=202 scored_query=7/8
example=202 scored_query=8/8
control draft score example 203/260
example=203 scored_query=1/8
example=203 scored_query=2/8
example=203 scored_query=3/8
example=203 scored_query=4/8
example=203 scored_query=5/8
example=203 scored_query=6/8
example=203 scored_query=7/8
example=203 scored_query=8/8
control draft score example 204/260
example=204 scored_query=1/8
example=204 scored_query=2/8
example=204 scored_query=3/8
example=204 scored_query=4/8
example=204 scored_query=5/8
example=204 scored_query=6/8
example=204 scored_query=7/8
example=204 scored_query=8/8
control draft score example 205/260
example=205 scored_query=1/8
example=205 scored_query=2/8
example=205 scored_query=3/8
example=205 scored_query=4/8
example=205 scored_query=5/8
example=205 scored_query=6/8
example=205 scored_query=7/8
example=205 scored_query=8/8
control draft score example 206/260
example=206 scored_query=1/8
example=206 scored_query=2/8
example=206 scored_query=3/8
example=206 scored_query=4/8
example=206 scored_query=5/8
example=206 scored_query=6/8
example=206 scored_query=7/8
example=206 scored_query=8/8
control draft score example 207/260
example=207 scored_query=1/8
example=207 scored_query=2/8
example=207 scored_query=3/8
example=207 scored_query=4/8
example=207 scored_query=5/8
example=207 scored_query=6/8
example=207 scored_query=7/8
example=207 scored_query=8/8
control draft score example 208/260
example=208 scored_query=1/8
example=208 scored_query=2/8
example=208 scored_query=3/8
example=208 scored_query=4/8
example=208 scored_query=5/8
example=208 scored_query=6/8
example=208 scored_query=7/8
example=208 scored_query=8/8
control draft score example 209/260
example=209 scored_query=1/8
example=209 scored_query=2/8
example=209 scored_query=3/8
example=209 scored_query=4/8
example=209 scored_query=5/8
example=209 scored_query=6/8
example=209 scored_query=7/8
example=209 scored_query=8/8
control draft score example 210/260
example=210 scored_query=1/8
example=210 scored_query=2/8
example=210 scored_query=3/8
example=210 scored_query=4/8
example=210 scored_query=5/8
example=210 scored_query=6/8
example=210 scored_query=7/8
example=210 scored_query=8/8
control draft score example 211/260
example=211 scored_query=1/8
example=211 scored_query=2/8
example=211 scored_query=3/8
example=211 scored_query=4/8
example=211 scored_query=5/8
example=211 scored_query=6/8
example=211 scored_query=7/8
example=211 scored_query=8/8
control draft score example 212/260
example=212 scored_query=1/8
example=212 scored_query=2/8
example=212 scored_query=3/8
example=212 scored_query=4/8
example=212 scored_query=5/8
example=212 scored_query=6/8
example=212 scored_query=7/8
example=212 scored_query=8/8
control draft score example 213/260
example=213 scored_query=1/8
example=213 scored_query=2/8
example=213 scored_query=3/8
example=213 scored_query=4/8
example=213 scored_query=5/8
example=213 scored_query=6/8
example=213 scored_query=7/8
example=213 scored_query=8/8
control draft score example 214/260
example=214 scored_query=1/8
example=214 scored_query=2/8
example=214 scored_query=3/8
example=214 scored_query=4/8
example=214 scored_query=5/8
example=214 scored_query=6/8
example=214 scored_query=7/8
example=214 scored_query=8/8
control draft score example 215/260
example=215 scored_query=1/8
example=215 scored_query=2/8
example=215 scored_query=3/8
example=215 scored_query=4/8
example=215 scored_query=5/8
example=215 scored_query=6/8
example=215 scored_query=7/8
example=215 scored_query=8/8
control draft score example 216/260
example=216 scored_query=1/8
example=216 scored_query=2/8
example=216 scored_query=3/8
example=216 scored_query=4/8
example=216 scored_query=5/8
example=216 scored_query=6/8
example=216 scored_query=7/8
example=216 scored_query=8/8
control draft score example 217/260
example=217 scored_query=1/8
example=217 scored_query=2/8
example=217 scored_query=3/8
example=217 scored_query=4/8
example=217 scored_query=5/8
example=217 scored_query=6/8
example=217 scored_query=7/8
example=217 scored_query=8/8
control draft score example 218/260
example=218 scored_query=1/8
example=218 scored_query=2/8
example=218 scored_query=3/8
example=218 scored_query=4/8
example=218 scored_query=5/8
example=218 scored_query=6/8
example=218 scored_query=7/8
example=218 scored_query=8/8
control draft score example 219/260
example=219 scored_query=1/8
example=219 scored_query=2/8
example=219 scored_query=3/8
example=219 scored_query=4/8
example=219 scored_query=5/8
example=219 scored_query=6/8
example=219 scored_query=7/8
example=219 scored_query=8/8
control draft score example 220/260
example=220 scored_query=1/8
example=220 scored_query=2/8
example=220 scored_query=3/8
example=220 scored_query=4/8
example=220 scored_query=5/8
example=220 scored_query=6/8
example=220 scored_query=7/8
example=220 scored_query=8/8
control draft score example 221/260
example=221 scored_query=1/8
example=221 scored_query=2/8
example=221 scored_query=3/8
example=221 scored_query=4/8
example=221 scored_query=5/8
example=221 scored_query=6/8
example=221 scored_query=7/8
example=221 scored_query=8/8
control draft score example 222/260
example=222 scored_query=1/8
example=222 scored_query=2/8
example=222 scored_query=3/8
example=222 scored_query=4/8
example=222 scored_query=5/8
example=222 scored_query=6/8
example=222 scored_query=7/8
example=222 scored_query=8/8
control draft score example 223/260
example=223 scored_query=1/8
example=223 scored_query=2/8
example=223 scored_query=3/8
example=223 scored_query=4/8
example=223 scored_query=5/8
example=223 scored_query=6/8
example=223 scored_query=7/8
example=223 scored_query=8/8
control draft score example 224/260
example=224 scored_query=1/8
example=224 scored_query=2/8
example=224 scored_query=3/8
example=224 scored_query=4/8
example=224 scored_query=5/8
example=224 scored_query=6/8
example=224 scored_query=7/8
example=224 scored_query=8/8
control draft score example 225/260
example=225 scored_query=1/8
example=225 scored_query=2/8
example=225 scored_query=3/8
example=225 scored_query=4/8
example=225 scored_query=5/8
example=225 scored_query=6/8
example=225 scored_query=7/8
example=225 scored_query=8/8
control draft score example 226/260
example=226 scored_query=1/8
example=226 scored_query=2/8
example=226 scored_query=3/8
example=226 scored_query=4/8
example=226 scored_query=5/8
example=226 scored_query=6/8
example=226 scored_query=7/8
example=226 scored_query=8/8
control draft score example 227/260
example=227 scored_query=1/8
example=227 scored_query=2/8
example=227 scored_query=3/8
example=227 scored_query=4/8
example=227 scored_query=5/8
example=227 scored_query=6/8
example=227 scored_query=7/8
example=227 scored_query=8/8
control draft score example 228/260
example=228 scored_query=1/8
example=228 scored_query=2/8
example=228 scored_query=3/8
example=228 scored_query=4/8
example=228 scored_query=5/8
example=228 scored_query=6/8
example=228 scored_query=7/8
example=228 scored_query=8/8
control draft score example 229/260
example=229 scored_query=1/8
example=229 scored_query=2/8
example=229 scored_query=3/8
example=229 scored_query=4/8
example=229 scored_query=5/8
example=229 scored_query=6/8
example=229 scored_query=7/8
example=229 scored_query=8/8
control draft score example 230/260
example=230 scored_query=1/8
example=230 scored_query=2/8
example=230 scored_query=3/8
example=230 scored_query=4/8
example=230 scored_query=5/8
example=230 scored_query=6/8
example=230 scored_query=7/8
example=230 scored_query=8/8
control draft score example 231/260
example=231 scored_query=1/8
example=231 scored_query=2/8
example=231 scored_query=3/8
example=231 scored_query=4/8
example=231 scored_query=5/8
example=231 scored_query=6/8
example=231 scored_query=7/8
example=231 scored_query=8/8
control draft score example 232/260
example=232 scored_query=1/8
example=232 scored_query=2/8
example=232 scored_query=3/8
example=232 scored_query=4/8
example=232 scored_query=5/8
example=232 scored_query=6/8
example=232 scored_query=7/8
example=232 scored_query=8/8
control draft score example 233/260
example=233 scored_query=1/8
example=233 scored_query=2/8
example=233 scored_query=3/8
example=233 scored_query=4/8
example=233 scored_query=5/8
example=233 scored_query=6/8
example=233 scored_query=7/8
example=233 scored_query=8/8
control draft score example 234/260
example=234 scored_query=1/8
example=234 scored_query=2/8
example=234 scored_query=3/8
example=234 scored_query=4/8
example=234 scored_query=5/8
example=234 scored_query=6/8
example=234 scored_query=7/8
example=234 scored_query=8/8
control draft score example 235/260
example=235 scored_query=1/8
example=235 scored_query=2/8
example=235 scored_query=3/8
example=235 scored_query=4/8
example=235 scored_query=5/8
example=235 scored_query=6/8
example=235 scored_query=7/8
example=235 scored_query=8/8
control draft score example 236/260
example=236 scored_query=1/8
example=236 scored_query=2/8
example=236 scored_query=3/8
example=236 scored_query=4/8
example=236 scored_query=5/8
example=236 scored_query=6/8
example=236 scored_query=7/8
example=236 scored_query=8/8
control draft score example 237/260
example=237 scored_query=1/8
example=237 scored_query=2/8
example=237 scored_query=3/8
example=237 scored_query=4/8
example=237 scored_query=5/8
example=237 scored_query=6/8
example=237 scored_query=7/8
example=237 scored_query=8/8
control draft score example 238/260
example=238 scored_query=1/8
example=238 scored_query=2/8
example=238 scored_query=3/8
example=238 scored_query=4/8
example=238 scored_query=5/8
example=238 scored_query=6/8
example=238 scored_query=7/8
example=238 scored_query=8/8
control draft score example 239/260
example=239 scored_query=1/8
example=239 scored_query=2/8
example=239 scored_query=3/8
example=239 scored_query=4/8
example=239 scored_query=5/8
example=239 scored_query=6/8
example=239 scored_query=7/8
example=239 scored_query=8/8
control draft score example 240/260
example=240 scored_query=1/8
example=240 scored_query=2/8
example=240 scored_query=3/8
example=240 scored_query=4/8
example=240 scored_query=5/8
example=240 scored_query=6/8
example=240 scored_query=7/8
example=240 scored_query=8/8
control draft score example 241/260
example=241 scored_query=1/8
example=241 scored_query=2/8
example=241 scored_query=3/8
example=241 scored_query=4/8
example=241 scored_query=5/8
example=241 scored_query=6/8
example=241 scored_query=7/8
example=241 scored_query=8/8
control draft score example 242/260
example=242 scored_query=1/8
example=242 scored_query=2/8
example=242 scored_query=3/8
example=242 scored_query=4/8
example=242 scored_query=5/8
example=242 scored_query=6/8
example=242 scored_query=7/8
example=242 scored_query=8/8
control draft score example 243/260
example=243 scored_query=1/8
example=243 scored_query=2/8
example=243 scored_query=3/8
example=243 scored_query=4/8
example=243 scored_query=5/8
example=243 scored_query=6/8
example=243 scored_query=7/8
example=243 scored_query=8/8
control draft score example 244/260
example=244 scored_query=1/8
example=244 scored_query=2/8
example=244 scored_query=3/8
example=244 scored_query=4/8
example=244 scored_query=5/8
example=244 scored_query=6/8
example=244 scored_query=7/8
example=244 scored_query=8/8
control draft score example 245/260
example=245 scored_query=1/8
example=245 scored_query=2/8
example=245 scored_query=3/8
example=245 scored_query=4/8
example=245 scored_query=5/8
example=245 scored_query=6/8
example=245 scored_query=7/8
example=245 scored_query=8/8
control draft score example 246/260
example=246 scored_query=1/8
example=246 scored_query=2/8
example=246 scored_query=3/8
example=246 scored_query=4/8
example=246 scored_query=5/8
example=246 scored_query=6/8
example=246 scored_query=7/8
example=246 scored_query=8/8
control draft score example 247/260
example=247 scored_query=1/8
example=247 scored_query=2/8
example=247 scored_query=3/8
example=247 scored_query=4/8
example=247 scored_query=5/8
example=247 scored_query=6/8
example=247 scored_query=7/8
example=247 scored_query=8/8
control draft score example 248/260
example=248 scored_query=1/8
example=248 scored_query=2/8
example=248 scored_query=3/8
example=248 scored_query=4/8
example=248 scored_query=5/8
example=248 scored_query=6/8
example=248 scored_query=7/8
example=248 scored_query=8/8
control draft score example 249/260
example=249 scored_query=1/8
example=249 scored_query=2/8
example=249 scored_query=3/8
example=249 scored_query=4/8
example=249 scored_query=5/8
example=249 scored_query=6/8
example=249 scored_query=7/8
example=249 scored_query=8/8
control draft score example 250/260
example=250 scored_query=1/8
example=250 scored_query=2/8
example=250 scored_query=3/8
example=250 scored_query=4/8
example=250 scored_query=5/8
example=250 scored_query=6/8
example=250 scored_query=7/8
example=250 scored_query=8/8
control draft score example 251/260
example=251 scored_query=1/8
example=251 scored_query=2/8
example=251 scored_query=3/8
example=251 scored_query=4/8
example=251 scored_query=5/8
example=251 scored_query=6/8
example=251 scored_query=7/8
example=251 scored_query=8/8
control draft score example 252/260
example=252 scored_query=1/8
example=252 scored_query=2/8
example=252 scored_query=3/8
example=252 scored_query=4/8
example=252 scored_query=5/8
example=252 scored_query=6/8
example=252 scored_query=7/8
example=252 scored_query=8/8
control draft score example 253/260
example=253 scored_query=1/8
example=253 scored_query=2/8
example=253 scored_query=3/8
example=253 scored_query=4/8
example=253 scored_query=5/8
example=253 scored_query=6/8
example=253 scored_query=7/8
example=253 scored_query=8/8
control draft score example 254/260
example=254 scored_query=1/8
example=254 scored_query=2/8
example=254 scored_query=3/8
example=254 scored_query=4/8
example=254 scored_query=5/8
example=254 scored_query=6/8
example=254 scored_query=7/8
example=254 scored_query=8/8
control draft score example 255/260
example=255 scored_query=1/8
example=255 scored_query=2/8
example=255 scored_query=3/8
example=255 scored_query=4/8
example=255 scored_query=5/8
example=255 scored_query=6/8
example=255 scored_query=7/8
example=255 scored_query=8/8
control draft score example 256/260
example=256 scored_query=1/8
example=256 scored_query=2/8
example=256 scored_query=3/8
example=256 scored_query=4/8
example=256 scored_query=5/8
example=256 scored_query=6/8
example=256 scored_query=7/8
example=256 scored_query=8/8
control draft score example 257/260
example=257 scored_query=1/8
example=257 scored_query=2/8
example=257 scored_query=3/8
example=257 scored_query=4/8
example=257 scored_query=5/8
example=257 scored_query=6/8
example=257 scored_query=7/8
example=257 scored_query=8/8
control draft score example 258/260
example=258 scored_query=1/8
example=258 scored_query=2/8
example=258 scored_query=3/8
example=258 scored_query=4/8
example=258 scored_query=5/8
example=258 scored_query=6/8
example=258 scored_query=7/8
example=258 scored_query=8/8
control draft score example 259/260
example=259 scored_query=1/8
example=259 scored_query=2/8
example=259 scored_query=3/8
example=259 scored_query=4/8
example=259 scored_query=5/8
example=259 scored_query=6/8
example=259 scored_query=7/8
example=259 scored_query=8/8
