/mnt/qjhs-sh-lab-01/wjh/FusionRAG/.venv/lib/python3.10/site-packages/torch/cuda/__init__.py:61: FutureWarning: The pynvml package is deprecated. Please install nvidia-ml-py instead. If you did not install pynvml directly, please report this to the maintainers of the package that installed pynvml for you.
  import pynvml  # type: ignore[import]
Loading dataset from /raid/home/hming/FusionRAG-pca-analysis/MOTIVATION_EXPERIMENTS/cross_dataset_offline_generalization/data/2wikimqa_reflect.json...

================================================================================
Building document corpus with scope: global
================================================================================
  Main question 1: 10 unique documents, 1 sub-questions
  Main question 2: 10 unique documents, 1 sub-questions
  Main question 3: 10 unique documents, 1 sub-questions
  Main question 4: 10 unique documents, 1 sub-questions
  Main question 5: 10 unique documents, 1 sub-questions
  Main question 6: 10 unique documents, 1 sub-questions
  Main question 7: 10 unique documents, 1 sub-questions
  Main question 8: 10 unique documents, 1 sub-questions
  Main question 9: 10 unique documents, 1 sub-questions
  Main question 10: 10 unique documents, 1 sub-questions
  Main question 11: 10 unique documents, 1 sub-questions
  Main question 12: 10 unique documents, 1 sub-questions
  Main question 13: 10 unique documents, 1 sub-questions
  Main question 14: 10 unique documents, 1 sub-questions
  Main question 15: 10 unique documents, 1 sub-questions
  Main question 16: 10 unique documents, 1 sub-questions
  Main question 17: 9 unique documents, 1 sub-questions
  Main question 18: 10 unique documents, 1 sub-questions
  Main question 19: 10 unique documents, 1 sub-questions
  Main question 20: 10 unique documents, 1 sub-questions
  Main question 21: 10 unique documents, 1 sub-questions
  Main question 22: 10 unique documents, 1 sub-questions
  Main question 23: 10 unique documents, 1 sub-questions
  Main question 24: 10 unique documents, 1 sub-questions
  Main question 25: 10 unique documents, 1 sub-questions
  Main question 26: 10 unique documents, 1 sub-questions
  Main question 27: 10 unique documents, 1 sub-questions
  Main question 28: 10 unique documents, 1 sub-questions
  Main question 29: 10 unique documents, 1 sub-questions
  Main question 30: 10 unique documents, 1 sub-questions
  Main question 31: 10 unique documents, 1 sub-questions
  Main question 32: 10 unique documents, 1 sub-questions
  Main question 33: 10 unique documents, 1 sub-questions
  Main question 34: 10 unique documents, 1 sub-questions
  Main question 35: 10 unique documents, 1 sub-questions
  Main question 36: 10 unique documents, 1 sub-questions
  Main question 37: 10 unique documents, 1 sub-questions
  Main question 38: 10 unique documents, 1 sub-questions
  Main question 39: 10 unique documents, 1 sub-questions
  Main question 40: 10 unique documents, 1 sub-questions
  Main question 41: 10 unique documents, 1 sub-questions
  Main question 42: 10 unique documents, 1 sub-questions
  Main question 43: 10 unique documents, 1 sub-questions
  Main question 44: 10 unique documents, 1 sub-questions
  Main question 45: 10 unique documents, 1 sub-questions
  Main question 46: 10 unique documents, 1 sub-questions
  Main question 47: 10 unique documents, 1 sub-questions
  Main question 48: 10 unique documents, 1 sub-questions
  Main question 49: 10 unique documents, 1 sub-questions
  Main question 50: 10 unique documents, 1 sub-questions
  Main question 51: 10 unique documents, 1 sub-questions
  Main question 52: 10 unique documents, 1 sub-questions
  Main question 53: 10 unique documents, 1 sub-questions
  Main question 54: 10 unique documents, 1 sub-questions
  Main question 55: 10 unique documents, 1 sub-questions
  Main question 56: 10 unique documents, 1 sub-questions
  Main question 57: 10 unique documents, 1 sub-questions
  Main question 58: 10 unique documents, 1 sub-questions
  Main question 59: 10 unique documents, 1 sub-questions
  Main question 60: 10 unique documents, 1 sub-questions
  Main question 61: 10 unique documents, 1 sub-questions
  Main question 62: 10 unique documents, 1 sub-questions
  Main question 63: 10 unique documents, 1 sub-questions
  Main question 64: 10 unique documents, 1 sub-questions
  Main question 65: 10 unique documents, 1 sub-questions
  Main question 66: 10 unique documents, 1 sub-questions
  Main question 67: 10 unique documents, 1 sub-questions
  Main question 68: 10 unique documents, 1 sub-questions
  Main question 69: 10 unique documents, 1 sub-questions
  Main question 70: 10 unique documents, 1 sub-questions
  Main question 71: 10 unique documents, 1 sub-questions
  Main question 72: 10 unique documents, 1 sub-questions
  Main question 73: 10 unique documents, 1 sub-questions
  Main question 74: 10 unique documents, 1 sub-questions
  Main question 75: 9 unique documents, 1 sub-questions
  Main question 76: 10 unique documents, 1 sub-questions
  Main question 77: 10 unique documents, 1 sub-questions
  Main question 78: 10 unique documents, 1 sub-questions
  Main question 79: 10 unique documents, 1 sub-questions
  Main question 80: 10 unique documents, 1 sub-questions
  Main question 81: 10 unique documents, 1 sub-questions
  Main question 82: 10 unique documents, 1 sub-questions
  Main question 83: 10 unique documents, 1 sub-questions
  Main question 84: 10 unique documents, 1 sub-questions
  Main question 85: 10 unique documents, 1 sub-questions
  Main question 86: 10 unique documents, 1 sub-questions
  Main question 87: 10 unique documents, 1 sub-questions
  Main question 88: 10 unique documents, 1 sub-questions
  Main question 89: 10 unique documents, 1 sub-questions
  Main question 90: 10 unique documents, 1 sub-questions
  Main question 91: 10 unique documents, 1 sub-questions
  Main question 92: 10 unique documents, 1 sub-questions
  Main question 93: 10 unique documents, 1 sub-questions
  Main question 94: 10 unique documents, 1 sub-questions
  Main question 95: 10 unique documents, 1 sub-questions
  Main question 96: 10 unique documents, 1 sub-questions
  Main question 97: 10 unique documents, 1 sub-questions
  Main question 98: 10 unique documents, 1 sub-questions
  Main question 99: 10 unique documents, 1 sub-questions
  Main question 100: 10 unique documents, 1 sub-questions
  Main question 101: 10 unique documents, 1 sub-questions
  Main question 102: 10 unique documents, 1 sub-questions
  Main question 103: 10 unique documents, 1 sub-questions
  Main question 104: 10 unique documents, 1 sub-questions
  Main question 105: 10 unique documents, 1 sub-questions
  Main question 106: 10 unique documents, 1 sub-questions
  Main question 107: 10 unique documents, 1 sub-questions
  Main question 108: 10 unique documents, 1 sub-questions
  Main question 109: 10 unique documents, 1 sub-questions
  Main question 110: 10 unique documents, 1 sub-questions
  Main question 111: 9 unique documents, 1 sub-questions
  Main question 112: 10 unique documents, 1 sub-questions
  Main question 113: 10 unique documents, 1 sub-questions
  Main question 114: 10 unique documents, 1 sub-questions
  Main question 115: 10 unique documents, 1 sub-questions
  Main question 116: 10 unique documents, 1 sub-questions
  Main question 117: 10 unique documents, 1 sub-questions
  Main question 118: 7 unique documents, 1 sub-questions
  Main question 119: 10 unique documents, 1 sub-questions
  Main question 120: 10 unique documents, 1 sub-questions
  Main question 121: 10 unique documents, 1 sub-questions
  Main question 122: 10 unique documents, 1 sub-questions
  Main question 123: 10 unique documents, 1 sub-questions
  Main question 124: 8 unique documents, 1 sub-questions
  Main question 125: 10 unique documents, 1 sub-questions
  Main question 126: 10 unique documents, 1 sub-questions
  Main question 127: 10 unique documents, 1 sub-questions
  Main question 128: 10 unique documents, 1 sub-questions
  Main question 129: 10 unique documents, 1 sub-questions
  Main question 130: 10 unique documents, 1 sub-questions
  Main question 131: 10 unique documents, 1 sub-questions
  Main question 132: 10 unique documents, 1 sub-questions
  Main question 133: 10 unique documents, 1 sub-questions
  Main question 134: 10 unique documents, 1 sub-questions
  Main question 135: 10 unique documents, 1 sub-questions
  Main question 136: 10 unique documents, 1 sub-questions
  Main question 137: 10 unique documents, 1 sub-questions
  Main question 138: 10 unique documents, 1 sub-questions
  Main question 139: 10 unique documents, 1 sub-questions
  Main question 140: 10 unique documents, 1 sub-questions
  Main question 141: 10 unique documents, 1 sub-questions
  Main question 142: 10 unique documents, 1 sub-questions
  Main question 143: 10 unique documents, 1 sub-questions
  Main question 144: 10 unique documents, 1 sub-questions
  Main question 145: 10 unique documents, 1 sub-questions
  Main question 146: 10 unique documents, 1 sub-questions
  Main question 147: 10 unique documents, 1 sub-questions
  Main question 148: 10 unique documents, 1 sub-questions
  Main question 149: 10 unique documents, 1 sub-questions
  Main question 150: 10 unique documents, 1 sub-questions
  Main question 151: 10 unique documents, 1 sub-questions
  Main question 152: 10 unique documents, 1 sub-questions
  Main question 153: 10 unique documents, 1 sub-questions
  Main question 154: 10 unique documents, 1 sub-questions
  Main question 155: 10 unique documents, 1 sub-questions
  Main question 156: 10 unique documents, 1 sub-questions
  Main question 157: 10 unique documents, 1 sub-questions
  Main question 158: 10 unique documents, 1 sub-questions
  Main question 159: 10 unique documents, 1 sub-questions
  Main question 160: 10 unique documents, 1 sub-questions
  Main question 161: 10 unique documents, 1 sub-questions
  Main question 162: 10 unique documents, 1 sub-questions
  Main question 163: 10 unique documents, 1 sub-questions
  Main question 164: 9 unique documents, 1 sub-questions
  Main question 165: 10 unique documents, 1 sub-questions
  Main question 166: 10 unique documents, 1 sub-questions
  Main question 167: 10 unique documents, 1 sub-questions
  Main question 168: 10 unique documents, 1 sub-questions
  Main question 169: 10 unique documents, 1 sub-questions
  Main question 170: 10 unique documents, 1 sub-questions
  Main question 171: 10 unique documents, 1 sub-questions
  Main question 172: 10 unique documents, 1 sub-questions
  Main question 173: 10 unique documents, 1 sub-questions
  Main question 174: 10 unique documents, 1 sub-questions
  Main question 175: 10 unique documents, 1 sub-questions
  Main question 176: 10 unique documents, 1 sub-questions
  Main question 177: 10 unique documents, 1 sub-questions
  Main question 178: 10 unique documents, 1 sub-questions
  Main question 179: 10 unique documents, 1 sub-questions
  Main question 180: 10 unique documents, 1 sub-questions
  Main question 181: 10 unique documents, 1 sub-questions
  Main question 182: 10 unique documents, 1 sub-questions
  Main question 183: 10 unique documents, 1 sub-questions
  Main question 184: 10 unique documents, 1 sub-questions
  Main question 185: 10 unique documents, 1 sub-questions
  Main question 186: 10 unique documents, 1 sub-questions
  Main question 187: 10 unique documents, 1 sub-questions
  Main question 188: 10 unique documents, 1 sub-questions
  Main question 189: 10 unique documents, 1 sub-questions
  Main question 190: 10 unique documents, 1 sub-questions
  Main question 191: 10 unique documents, 1 sub-questions
  Main question 192: 10 unique documents, 1 sub-questions
  Main question 193: 10 unique documents, 1 sub-questions
  Main question 194: 10 unique documents, 1 sub-questions
  Main question 195: 10 unique documents, 1 sub-questions
  Main question 196: 10 unique documents, 1 sub-questions
  Main question 197: 10 unique documents, 1 sub-questions
  Main question 198: 10 unique documents, 1 sub-questions
  Main question 199: 10 unique documents, 1 sub-questions
  Main question 200: 10 unique documents, 1 sub-questions
Loading checkpoint shards:   0%|          | 0/17 [00:00<?, ?it/s]Loading checkpoint shards: 100%|██████████| 17/17 [00:00<00:00, 254.81it/s]
control draft score example 0/200
example=0 scored_query=1/8
example=0 scored_query=2/8
example=0 scored_query=3/8
example=0 scored_query=4/8
example=0 scored_query=5/8
example=0 scored_query=6/8
example=0 scored_query=7/8
example=0 scored_query=8/8
control draft score example 1/200
example=1 scored_query=1/8
example=1 scored_query=2/8
example=1 scored_query=3/8
example=1 scored_query=4/8
example=1 scored_query=5/8
example=1 scored_query=6/8
example=1 scored_query=7/8
example=1 scored_query=8/8
control draft score example 2/200
example=2 scored_query=1/8
example=2 scored_query=2/8
example=2 scored_query=3/8
example=2 scored_query=4/8
example=2 scored_query=5/8
example=2 scored_query=6/8
example=2 scored_query=7/8
example=2 scored_query=8/8
control draft score example 3/200
example=3 scored_query=1/8
example=3 scored_query=2/8
example=3 scored_query=3/8
example=3 scored_query=4/8
example=3 scored_query=5/8
example=3 scored_query=6/8
example=3 scored_query=7/8
example=3 scored_query=8/8
control draft score example 4/200
example=4 scored_query=1/8
example=4 scored_query=2/8
example=4 scored_query=3/8
example=4 scored_query=4/8
example=4 scored_query=5/8
example=4 scored_query=6/8
example=4 scored_query=7/8
example=4 scored_query=8/8
control draft score example 5/200
example=5 scored_query=1/8
example=5 scored_query=2/8
example=5 scored_query=3/8
example=5 scored_query=4/8
example=5 scored_query=5/8
example=5 scored_query=6/8
example=5 scored_query=7/8
example=5 scored_query=8/8
control draft score example 6/200
example=6 scored_query=1/8
example=6 scored_query=2/8
example=6 scored_query=3/8
example=6 scored_query=4/8
example=6 scored_query=5/8
example=6 scored_query=6/8
example=6 scored_query=7/8
example=6 scored_query=8/8
control draft score example 7/200
example=7 scored_query=1/8
example=7 scored_query=2/8
example=7 scored_query=3/8
example=7 scored_query=4/8
example=7 scored_query=5/8
example=7 scored_query=6/8
example=7 scored_query=7/8
example=7 scored_query=8/8
control draft score example 8/200
example=8 scored_query=1/8
example=8 scored_query=2/8
example=8 scored_query=3/8
example=8 scored_query=4/8
example=8 scored_query=5/8
example=8 scored_query=6/8
example=8 scored_query=7/8
example=8 scored_query=8/8
control draft score example 9/200
example=9 scored_query=1/8
example=9 scored_query=2/8
example=9 scored_query=3/8
example=9 scored_query=4/8
example=9 scored_query=5/8
example=9 scored_query=6/8
example=9 scored_query=7/8
example=9 scored_query=8/8
control draft score example 10/200
example=10 scored_query=1/8
example=10 scored_query=2/8
example=10 scored_query=3/8
example=10 scored_query=4/8
example=10 scored_query=5/8
example=10 scored_query=6/8
example=10 scored_query=7/8
example=10 scored_query=8/8
control draft score example 11/200
example=11 scored_query=1/8
example=11 scored_query=2/8
example=11 scored_query=3/8
example=11 scored_query=4/8
example=11 scored_query=5/8
example=11 scored_query=6/8
example=11 scored_query=7/8
example=11 scored_query=8/8
control draft score example 12/200
example=12 scored_query=1/8
example=12 scored_query=2/8
example=12 scored_query=3/8
example=12 scored_query=4/8
example=12 scored_query=5/8
example=12 scored_query=6/8
example=12 scored_query=7/8
example=12 scored_query=8/8
control draft score example 13/200
example=13 scored_query=1/8
example=13 scored_query=2/8
example=13 scored_query=3/8
example=13 scored_query=4/8
example=13 scored_query=5/8
example=13 scored_query=6/8
example=13 scored_query=7/8
example=13 scored_query=8/8
control draft score example 14/200
example=14 scored_query=1/8
example=14 scored_query=2/8
example=14 scored_query=3/8
example=14 scored_query=4/8
example=14 scored_query=5/8
example=14 scored_query=6/8
example=14 scored_query=7/8
example=14 scored_query=8/8
control draft score example 15/200
example=15 scored_query=1/8
example=15 scored_query=2/8
example=15 scored_query=3/8
example=15 scored_query=4/8
example=15 scored_query=5/8
example=15 scored_query=6/8
example=15 scored_query=7/8
example=15 scored_query=8/8
control draft score example 16/200
example=16 scored_query=1/8
example=16 scored_query=2/8
example=16 scored_query=3/8
example=16 scored_query=4/8
example=16 scored_query=5/8
example=16 scored_query=6/8
example=16 scored_query=7/8
example=16 scored_query=8/8
control draft score example 17/200
example=17 scored_query=1/8
example=17 scored_query=2/8
example=17 scored_query=3/8
example=17 scored_query=4/8
example=17 scored_query=5/8
example=17 scored_query=6/8
example=17 scored_query=7/8
example=17 scored_query=8/8
control draft score example 18/200
example=18 scored_query=1/8
example=18 scored_query=2/8
example=18 scored_query=3/8
example=18 scored_query=4/8
example=18 scored_query=5/8
example=18 scored_query=6/8
example=18 scored_query=7/8
example=18 scored_query=8/8
control draft score example 19/200
example=19 scored_query=1/8
example=19 scored_query=2/8
example=19 scored_query=3/8
example=19 scored_query=4/8
example=19 scored_query=5/8
example=19 scored_query=6/8
example=19 scored_query=7/8
example=19 scored_query=8/8
control draft score example 20/200
example=20 scored_query=1/8
example=20 scored_query=2/8
example=20 scored_query=3/8
example=20 scored_query=4/8
example=20 scored_query=5/8
example=20 scored_query=6/8
example=20 scored_query=7/8
example=20 scored_query=8/8
control draft score example 21/200
example=21 scored_query=1/8
example=21 scored_query=2/8
example=21 scored_query=3/8
example=21 scored_query=4/8
example=21 scored_query=5/8
example=21 scored_query=6/8
example=21 scored_query=7/8
example=21 scored_query=8/8
control draft score example 22/200
example=22 scored_query=1/8
example=22 scored_query=2/8
example=22 scored_query=3/8
example=22 scored_query=4/8
example=22 scored_query=5/8
example=22 scored_query=6/8
example=22 scored_query=7/8
example=22 scored_query=8/8
control draft score example 23/200
example=23 scored_query=1/8
example=23 scored_query=2/8
example=23 scored_query=3/8
example=23 scored_query=4/8
example=23 scored_query=5/8
example=23 scored_query=6/8
example=23 scored_query=7/8
example=23 scored_query=8/8
control draft score example 24/200
example=24 scored_query=1/8
example=24 scored_query=2/8
example=24 scored_query=3/8
example=24 scored_query=4/8
example=24 scored_query=5/8
example=24 scored_query=6/8
example=24 scored_query=7/8
example=24 scored_query=8/8
control draft score example 25/200
example=25 scored_query=1/8
example=25 scored_query=2/8
example=25 scored_query=3/8
example=25 scored_query=4/8
example=25 scored_query=5/8
example=25 scored_query=6/8
example=25 scored_query=7/8
example=25 scored_query=8/8
control draft score example 26/200
example=26 scored_query=1/8
example=26 scored_query=2/8
example=26 scored_query=3/8
example=26 scored_query=4/8
example=26 scored_query=5/8
example=26 scored_query=6/8
example=26 scored_query=7/8
example=26 scored_query=8/8
control draft score example 27/200
example=27 scored_query=1/8
example=27 scored_query=2/8
example=27 scored_query=3/8
example=27 scored_query=4/8
example=27 scored_query=5/8
example=27 scored_query=6/8
example=27 scored_query=7/8
example=27 scored_query=8/8
control draft score example 28/200
example=28 scored_query=1/8
example=28 scored_query=2/8
example=28 scored_query=3/8
example=28 scored_query=4/8
example=28 scored_query=5/8
example=28 scored_query=6/8
example=28 scored_query=7/8
example=28 scored_query=8/8
control draft score example 29/200
example=29 scored_query=1/8
example=29 scored_query=2/8
example=29 scored_query=3/8
example=29 scored_query=4/8
example=29 scored_query=5/8
example=29 scored_query=6/8
example=29 scored_query=7/8
example=29 scored_query=8/8
control draft score example 30/200
example=30 scored_query=1/8
example=30 scored_query=2/8
example=30 scored_query=3/8
example=30 scored_query=4/8
example=30 scored_query=5/8
example=30 scored_query=6/8
example=30 scored_query=7/8
example=30 scored_query=8/8
control draft score example 31/200
example=31 scored_query=1/8
example=31 scored_query=2/8
example=31 scored_query=3/8
example=31 scored_query=4/8
example=31 scored_query=5/8
example=31 scored_query=6/8
example=31 scored_query=7/8
example=31 scored_query=8/8
control draft score example 32/200
example=32 scored_query=1/8
example=32 scored_query=2/8
example=32 scored_query=3/8
example=32 scored_query=4/8
example=32 scored_query=5/8
example=32 scored_query=6/8
example=32 scored_query=7/8
example=32 scored_query=8/8
control draft score example 33/200
example=33 scored_query=1/8
example=33 scored_query=2/8
example=33 scored_query=3/8
example=33 scored_query=4/8
example=33 scored_query=5/8
example=33 scored_query=6/8
example=33 scored_query=7/8
example=33 scored_query=8/8
control draft score example 34/200
example=34 scored_query=1/8
example=34 scored_query=2/8
example=34 scored_query=3/8
example=34 scored_query=4/8
example=34 scored_query=5/8
example=34 scored_query=6/8
example=34 scored_query=7/8
example=34 scored_query=8/8
control draft score example 35/200
example=35 scored_query=1/8
example=35 scored_query=2/8
example=35 scored_query=3/8
example=35 scored_query=4/8
example=35 scored_query=5/8
example=35 scored_query=6/8
example=35 scored_query=7/8
example=35 scored_query=8/8
control draft score example 36/200
example=36 scored_query=1/8
example=36 scored_query=2/8
example=36 scored_query=3/8
example=36 scored_query=4/8
example=36 scored_query=5/8
example=36 scored_query=6/8
example=36 scored_query=7/8
example=36 scored_query=8/8
control draft score example 37/200
example=37 scored_query=1/8
example=37 scored_query=2/8
example=37 scored_query=3/8
example=37 scored_query=4/8
example=37 scored_query=5/8
example=37 scored_query=6/8
example=37 scored_query=7/8
example=37 scored_query=8/8
control draft score example 38/200
example=38 scored_query=1/8
example=38 scored_query=2/8
example=38 scored_query=3/8
example=38 scored_query=4/8
example=38 scored_query=5/8
example=38 scored_query=6/8
example=38 scored_query=7/8
example=38 scored_query=8/8
control draft score example 39/200
example=39 scored_query=1/8
example=39 scored_query=2/8
example=39 scored_query=3/8
example=39 scored_query=4/8
example=39 scored_query=5/8
example=39 scored_query=6/8
example=39 scored_query=7/8
example=39 scored_query=8/8
control draft score example 40/200
example=40 scored_query=1/8
example=40 scored_query=2/8
example=40 scored_query=3/8
example=40 scored_query=4/8
example=40 scored_query=5/8
example=40 scored_query=6/8
example=40 scored_query=7/8
example=40 scored_query=8/8
control draft score example 41/200
example=41 scored_query=1/8
example=41 scored_query=2/8
example=41 scored_query=3/8
example=41 scored_query=4/8
example=41 scored_query=5/8
example=41 scored_query=6/8
example=41 scored_query=7/8
example=41 scored_query=8/8
control draft score example 42/200
example=42 scored_query=1/8
example=42 scored_query=2/8
example=42 scored_query=3/8
example=42 scored_query=4/8
example=42 scored_query=5/8
example=42 scored_query=6/8
example=42 scored_query=7/8
example=42 scored_query=8/8
control draft score example 43/200
example=43 scored_query=1/8
example=43 scored_query=2/8
example=43 scored_query=3/8
example=43 scored_query=4/8
example=43 scored_query=5/8
example=43 scored_query=6/8
example=43 scored_query=7/8
example=43 scored_query=8/8
control draft score example 44/200
example=44 scored_query=1/8
example=44 scored_query=2/8
example=44 scored_query=3/8
example=44 scored_query=4/8
example=44 scored_query=5/8
example=44 scored_query=6/8
example=44 scored_query=7/8
example=44 scored_query=8/8
control draft score example 45/200
example=45 scored_query=1/8
example=45 scored_query=2/8
example=45 scored_query=3/8
example=45 scored_query=4/8
example=45 scored_query=5/8
example=45 scored_query=6/8
example=45 scored_query=7/8
example=45 scored_query=8/8
control draft score example 46/200
example=46 scored_query=1/8
example=46 scored_query=2/8
example=46 scored_query=3/8
example=46 scored_query=4/8
example=46 scored_query=5/8
example=46 scored_query=6/8
example=46 scored_query=7/8
example=46 scored_query=8/8
control draft score example 47/200
example=47 scored_query=1/8
example=47 scored_query=2/8
example=47 scored_query=3/8
example=47 scored_query=4/8
example=47 scored_query=5/8
example=47 scored_query=6/8
example=47 scored_query=7/8
example=47 scored_query=8/8
control draft score example 48/200
example=48 scored_query=1/8
example=48 scored_query=2/8
example=48 scored_query=3/8
example=48 scored_query=4/8
example=48 scored_query=5/8
example=48 scored_query=6/8
example=48 scored_query=7/8
example=48 scored_query=8/8
control draft score example 49/200
example=49 scored_query=1/8
example=49 scored_query=2/8
example=49 scored_query=3/8
example=49 scored_query=4/8
example=49 scored_query=5/8
example=49 scored_query=6/8
example=49 scored_query=7/8
example=49 scored_query=8/8
control draft score example 50/200
control draft score example 51/200
control draft score example 52/200
control draft score example 53/200
control draft score example 54/200
control draft score example 55/200
control draft score example 56/200
control draft score example 57/200
control draft score example 58/200
control draft score example 59/200
control draft score example 60/200
control draft score example 61/200
control draft score example 62/200
control draft score example 63/200
control draft score example 64/200
control draft score example 65/200
control draft score example 66/200
control draft score example 67/200
control draft score example 68/200
control draft score example 69/200
control draft score example 70/200
control draft score example 71/200
control draft score example 72/200
example=72 scored_query=1/8
example=72 scored_query=2/8
example=72 scored_query=3/8
example=72 scored_query=4/8
example=72 scored_query=5/8
example=72 scored_query=6/8
example=72 scored_query=7/8
example=72 scored_query=8/8
control draft score example 73/200
example=73 scored_query=1/8
example=73 scored_query=2/8
example=73 scored_query=3/8
example=73 scored_query=4/8
example=73 scored_query=5/8
example=73 scored_query=6/8
example=73 scored_query=7/8
example=73 scored_query=8/8
control draft score example 74/200
example=74 scored_query=1/8
example=74 scored_query=2/8
example=74 scored_query=3/8
example=74 scored_query=4/8
example=74 scored_query=5/8
example=74 scored_query=6/8
example=74 scored_query=7/8
example=74 scored_query=8/8
control draft score example 75/200
example=75 scored_query=1/8
example=75 scored_query=2/8
example=75 scored_query=3/8
example=75 scored_query=4/8
example=75 scored_query=5/8
example=75 scored_query=6/8
example=75 scored_query=7/8
example=75 scored_query=8/8
control draft score example 76/200
example=76 scored_query=1/8
example=76 scored_query=2/8
example=76 scored_query=3/8
example=76 scored_query=4/8
example=76 scored_query=5/8
example=76 scored_query=6/8
example=76 scored_query=7/8
example=76 scored_query=8/8
control draft score example 77/200
example=77 scored_query=1/8
example=77 scored_query=2/8
example=77 scored_query=3/8
example=77 scored_query=4/8
example=77 scored_query=5/8
example=77 scored_query=6/8
example=77 scored_query=7/8
example=77 scored_query=8/8
control draft score example 78/200
example=78 scored_query=1/8
example=78 scored_query=2/8
example=78 scored_query=3/8
example=78 scored_query=4/8
example=78 scored_query=5/8
example=78 scored_query=6/8
example=78 scored_query=7/8
example=78 scored_query=8/8
control draft score example 79/200
example=79 scored_query=1/8
example=79 scored_query=2/8
example=79 scored_query=3/8
example=79 scored_query=4/8
example=79 scored_query=5/8
example=79 scored_query=6/8
example=79 scored_query=7/8
example=79 scored_query=8/8
control draft score example 80/200
example=80 scored_query=1/8
example=80 scored_query=2/8
example=80 scored_query=3/8
example=80 scored_query=4/8
example=80 scored_query=5/8
example=80 scored_query=6/8
example=80 scored_query=7/8
example=80 scored_query=8/8
control draft score example 81/200
example=81 scored_query=1/8
example=81 scored_query=2/8
example=81 scored_query=3/8
example=81 scored_query=4/8
example=81 scored_query=5/8
example=81 scored_query=6/8
example=81 scored_query=7/8
example=81 scored_query=8/8
control draft score example 82/200
example=82 scored_query=1/8
example=82 scored_query=2/8
example=82 scored_query=3/8
example=82 scored_query=4/8
example=82 scored_query=5/8
example=82 scored_query=6/8
example=82 scored_query=7/8
example=82 scored_query=8/8
control draft score example 83/200
example=83 scored_query=1/8
example=83 scored_query=2/8
example=83 scored_query=3/8
example=83 scored_query=4/8
example=83 scored_query=5/8
example=83 scored_query=6/8
example=83 scored_query=7/8
example=83 scored_query=8/8
control draft score example 84/200
example=84 scored_query=1/8
example=84 scored_query=2/8
example=84 scored_query=3/8
example=84 scored_query=4/8
example=84 scored_query=5/8
example=84 scored_query=6/8
example=84 scored_query=7/8
example=84 scored_query=8/8
control draft score example 85/200
example=85 scored_query=1/8
example=85 scored_query=2/8
example=85 scored_query=3/8
example=85 scored_query=4/8
example=85 scored_query=5/8
example=85 scored_query=6/8
example=85 scored_query=7/8
example=85 scored_query=8/8
control draft score example 86/200
example=86 scored_query=1/8
example=86 scored_query=2/8
example=86 scored_query=3/8
example=86 scored_query=4/8
example=86 scored_query=5/8
example=86 scored_query=6/8
example=86 scored_query=7/8
example=86 scored_query=8/8
control draft score example 87/200
example=87 scored_query=1/8
example=87 scored_query=2/8
example=87 scored_query=3/8
example=87 scored_query=4/8
example=87 scored_query=5/8
example=87 scored_query=6/8
example=87 scored_query=7/8
example=87 scored_query=8/8
control draft score example 88/200
example=88 scored_query=1/8
example=88 scored_query=2/8
example=88 scored_query=3/8
example=88 scored_query=4/8
example=88 scored_query=5/8
example=88 scored_query=6/8
example=88 scored_query=7/8
example=88 scored_query=8/8
control draft score example 89/200
example=89 scored_query=1/8
example=89 scored_query=2/8
example=89 scored_query=3/8
example=89 scored_query=4/8
example=89 scored_query=5/8
example=89 scored_query=6/8
example=89 scored_query=7/8
example=89 scored_query=8/8
control draft score example 90/200
example=90 scored_query=1/8
example=90 scored_query=2/8
example=90 scored_query=3/8
example=90 scored_query=4/8
example=90 scored_query=5/8
example=90 scored_query=6/8
example=90 scored_query=7/8
example=90 scored_query=8/8
control draft score example 91/200
example=91 scored_query=1/8
example=91 scored_query=2/8
example=91 scored_query=3/8
example=91 scored_query=4/8
example=91 scored_query=5/8
example=91 scored_query=6/8
example=91 scored_query=7/8
example=91 scored_query=8/8
control draft score example 92/200
example=92 scored_query=1/8
example=92 scored_query=2/8
example=92 scored_query=3/8
example=92 scored_query=4/8
example=92 scored_query=5/8
example=92 scored_query=6/8
example=92 scored_query=7/8
example=92 scored_query=8/8
control draft score example 93/200
example=93 scored_query=1/8
example=93 scored_query=2/8
example=93 scored_query=3/8
example=93 scored_query=4/8
example=93 scored_query=5/8
example=93 scored_query=6/8
example=93 scored_query=7/8
example=93 scored_query=8/8
control draft score example 94/200
example=94 scored_query=1/8
example=94 scored_query=2/8
example=94 scored_query=3/8
example=94 scored_query=4/8
example=94 scored_query=5/8
example=94 scored_query=6/8
example=94 scored_query=7/8
example=94 scored_query=8/8
control draft score example 95/200
example=95 scored_query=1/8
example=95 scored_query=2/8
example=95 scored_query=3/8
example=95 scored_query=4/8
example=95 scored_query=5/8
example=95 scored_query=6/8
example=95 scored_query=7/8
example=95 scored_query=8/8
control draft score example 96/200
example=96 scored_query=1/8
example=96 scored_query=2/8
example=96 scored_query=3/8
example=96 scored_query=4/8
example=96 scored_query=5/8
example=96 scored_query=6/8
example=96 scored_query=7/8
example=96 scored_query=8/8
control draft score example 97/200
example=97 scored_query=1/8
example=97 scored_query=2/8
example=97 scored_query=3/8
example=97 scored_query=4/8
example=97 scored_query=5/8
example=97 scored_query=6/8
example=97 scored_query=7/8
example=97 scored_query=8/8
control draft score example 98/200
example=98 scored_query=1/8
example=98 scored_query=2/8
example=98 scored_query=3/8
example=98 scored_query=4/8
example=98 scored_query=5/8
example=98 scored_query=6/8
example=98 scored_query=7/8
example=98 scored_query=8/8
control draft score example 99/200
example=99 scored_query=1/8
example=99 scored_query=2/8
example=99 scored_query=3/8
example=99 scored_query=4/8
example=99 scored_query=5/8
example=99 scored_query=6/8
example=99 scored_query=7/8
example=99 scored_query=8/8
control draft score example 100/200
example=100 scored_query=1/8
example=100 scored_query=2/8
example=100 scored_query=3/8
example=100 scored_query=4/8
example=100 scored_query=5/8
example=100 scored_query=6/8
example=100 scored_query=7/8
example=100 scored_query=8/8
control draft score example 101/200
example=101 scored_query=1/8
example=101 scored_query=2/8
example=101 scored_query=3/8
example=101 scored_query=4/8
example=101 scored_query=5/8
example=101 scored_query=6/8
example=101 scored_query=7/8
example=101 scored_query=8/8
control draft score example 102/200
example=102 scored_query=1/8
example=102 scored_query=2/8
example=102 scored_query=3/8
example=102 scored_query=4/8
example=102 scored_query=5/8
example=102 scored_query=6/8
example=102 scored_query=7/8
example=102 scored_query=8/8
control draft score example 103/200
example=103 scored_query=1/8
example=103 scored_query=2/8
example=103 scored_query=3/8
example=103 scored_query=4/8
example=103 scored_query=5/8
example=103 scored_query=6/8
example=103 scored_query=7/8
example=103 scored_query=8/8
control draft score example 104/200
example=104 scored_query=1/8
example=104 scored_query=2/8
example=104 scored_query=3/8
example=104 scored_query=4/8
example=104 scored_query=5/8
example=104 scored_query=6/8
example=104 scored_query=7/8
example=104 scored_query=8/8
control draft score example 105/200
example=105 scored_query=1/8
example=105 scored_query=2/8
example=105 scored_query=3/8
example=105 scored_query=4/8
example=105 scored_query=5/8
example=105 scored_query=6/8
example=105 scored_query=7/8
example=105 scored_query=8/8
control draft score example 106/200
example=106 scored_query=1/8
example=106 scored_query=2/8
example=106 scored_query=3/8
example=106 scored_query=4/8
example=106 scored_query=5/8
example=106 scored_query=6/8
example=106 scored_query=7/8
example=106 scored_query=8/8
control draft score example 107/200
example=107 scored_query=1/8
example=107 scored_query=2/8
example=107 scored_query=3/8
example=107 scored_query=4/8
example=107 scored_query=5/8
example=107 scored_query=6/8
example=107 scored_query=7/8
example=107 scored_query=8/8
control draft score example 108/200
example=108 scored_query=1/8
example=108 scored_query=2/8
example=108 scored_query=3/8
example=108 scored_query=4/8
example=108 scored_query=5/8
example=108 scored_query=6/8
example=108 scored_query=7/8
example=108 scored_query=8/8
control draft score example 109/200
example=109 scored_query=1/8
example=109 scored_query=2/8
example=109 scored_query=3/8
example=109 scored_query=4/8
example=109 scored_query=5/8
example=109 scored_query=6/8
example=109 scored_query=7/8
example=109 scored_query=8/8
control draft score example 110/200
example=110 scored_query=1/8
example=110 scored_query=2/8
example=110 scored_query=3/8
example=110 scored_query=4/8
example=110 scored_query=5/8
example=110 scored_query=6/8
example=110 scored_query=7/8
example=110 scored_query=8/8
control draft score example 111/200
example=111 scored_query=1/8
example=111 scored_query=2/8
example=111 scored_query=3/8
example=111 scored_query=4/8
example=111 scored_query=5/8
example=111 scored_query=6/8
example=111 scored_query=7/8
example=111 scored_query=8/8
control draft score example 112/200
example=112 scored_query=1/8
example=112 scored_query=2/8
example=112 scored_query=3/8
example=112 scored_query=4/8
example=112 scored_query=5/8
example=112 scored_query=6/8
example=112 scored_query=7/8
example=112 scored_query=8/8
control draft score example 113/200
example=113 scored_query=1/8
example=113 scored_query=2/8
example=113 scored_query=3/8
example=113 scored_query=4/8
example=113 scored_query=5/8
example=113 scored_query=6/8
example=113 scored_query=7/8
example=113 scored_query=8/8
control draft score example 114/200
example=114 scored_query=1/8
example=114 scored_query=2/8
example=114 scored_query=3/8
example=114 scored_query=4/8
example=114 scored_query=5/8
example=114 scored_query=6/8
example=114 scored_query=7/8
example=114 scored_query=8/8
control draft score example 115/200
example=115 scored_query=1/8
example=115 scored_query=2/8
example=115 scored_query=3/8
example=115 scored_query=4/8
example=115 scored_query=5/8
example=115 scored_query=6/8
example=115 scored_query=7/8
example=115 scored_query=8/8
control draft score example 116/200
example=116 scored_query=1/8
example=116 scored_query=2/8
example=116 scored_query=3/8
example=116 scored_query=4/8
example=116 scored_query=5/8
example=116 scored_query=6/8
example=116 scored_query=7/8
example=116 scored_query=8/8
control draft score example 117/200
example=117 scored_query=1/8
example=117 scored_query=2/8
example=117 scored_query=3/8
example=117 scored_query=4/8
example=117 scored_query=5/8
example=117 scored_query=6/8
example=117 scored_query=7/8
example=117 scored_query=8/8
control draft score example 118/200
example=118 scored_query=1/8
example=118 scored_query=2/8
example=118 scored_query=3/8
example=118 scored_query=4/8
example=118 scored_query=5/8
example=118 scored_query=6/8
example=118 scored_query=7/8
example=118 scored_query=8/8
control draft score example 119/200
example=119 scored_query=1/8
example=119 scored_query=2/8
example=119 scored_query=3/8
example=119 scored_query=4/8
example=119 scored_query=5/8
example=119 scored_query=6/8
example=119 scored_query=7/8
example=119 scored_query=8/8
control draft score example 120/200
example=120 scored_query=1/8
example=120 scored_query=2/8
example=120 scored_query=3/8
example=120 scored_query=4/8
example=120 scored_query=5/8
example=120 scored_query=6/8
example=120 scored_query=7/8
example=120 scored_query=8/8
control draft score example 121/200
example=121 scored_query=1/8
example=121 scored_query=2/8
example=121 scored_query=3/8
example=121 scored_query=4/8
example=121 scored_query=5/8
example=121 scored_query=6/8
example=121 scored_query=7/8
example=121 scored_query=8/8
control draft score example 122/200
example=122 scored_query=1/8
example=122 scored_query=2/8
example=122 scored_query=3/8
example=122 scored_query=4/8
example=122 scored_query=5/8
example=122 scored_query=6/8
example=122 scored_query=7/8
example=122 scored_query=8/8
control draft score example 123/200
example=123 scored_query=1/8
example=123 scored_query=2/8
example=123 scored_query=3/8
example=123 scored_query=4/8
example=123 scored_query=5/8
example=123 scored_query=6/8
example=123 scored_query=7/8
example=123 scored_query=8/8
control draft score example 124/200
example=124 scored_query=1/8
example=124 scored_query=2/8
example=124 scored_query=3/8
example=124 scored_query=4/8
example=124 scored_query=5/8
example=124 scored_query=6/8
example=124 scored_query=7/8
example=124 scored_query=8/8
control draft score example 125/200
control draft score example 126/200
control draft score example 127/200
control draft score example 128/200
control draft score example 129/200
control draft score example 130/200
control draft score example 131/200
control draft score example 132/200
control draft score example 133/200
control draft score example 134/200
control draft score example 135/200
control draft score example 136/200
control draft score example 137/200
control draft score example 138/200
control draft score example 139/200
control draft score example 140/200
control draft score example 141/200
control draft score example 142/200
control draft score example 143/200
control draft score example 144/200
control draft score example 145/200
control draft score example 146/200
control draft score example 147/200
control draft score example 148/200
control draft score example 149/200
control draft score example 150/200
control draft score example 151/200
control draft score example 152/200
control draft score example 153/200
control draft score example 154/200
control draft score example 155/200
control draft score example 156/200
control draft score example 157/200
control draft score example 158/200
control draft score example 159/200
control draft score example 160/200
control draft score example 161/200
control draft score example 162/200
control draft score example 163/200
control draft score example 164/200
control draft score example 165/200
control draft score example 166/200
control draft score example 167/200
control draft score example 168/200
control draft score example 169/200
control draft score example 170/200
control draft score example 171/200
control draft score example 172/200
control draft score example 173/200
control draft score example 174/200
control draft score example 175/200
control draft score example 176/200
control draft score example 177/200
control draft score example 178/200
control draft score example 179/200
control draft score example 180/200
control draft score example 181/200
control draft score example 182/200
control draft score example 183/200
control draft score example 184/200
control draft score example 185/200
control draft score example 186/200
control draft score example 187/200
control draft score example 188/200
control draft score example 189/200
control draft score example 190/200
control draft score example 191/200
control draft score example 192/200
control draft score example 193/200
control draft score example 194/200
control draft score example 195/200
control draft score example 196/200
control draft score example 197/200
control draft score example 198/200
control draft score example 199/200
