[2026-07-08 14:57:51] supervisor start
[2026-07-08 14:57:51] 等待 3B/32B score cache 完成并等待写入进程退出
[2026-07-08 14:57:51] 2wikimqa-3b=200/200 2wikimqa-32b=116/200 hotpotqa-3b=260/260 hotpotqa-32b=215/260 triviaqa-3b=270/270 triviaqa-32b=270/270 running_score_process=5
[2026-07-08 15:02:51] 2wikimqa-3b=200/200 2wikimqa-32b=133/200 hotpotqa-3b=260/260 hotpotqa-32b=242/260 triviaqa-3b=270/270 triviaqa-32b=270/270 running_score_process=8
[2026-07-08 15:07:51] 2wikimqa-3b=200/200 2wikimqa-32b=153/200 hotpotqa-3b=260/260 hotpotqa-32b=260/260 triviaqa-3b=270/270 triviaqa-32b=270/270 running_score_process=8
[2026-07-08 15:12:51] 2wikimqa-3b=200/200 2wikimqa-32b=184/200 hotpotqa-3b=260/260 hotpotqa-32b=260/260 triviaqa-3b=270/270 triviaqa-32b=270/270 running_score_process=7
[2026-07-08 15:23:00] supervisor start
[2026-07-08 15:23:00] 等待 3B/32B score cache 完成并等待写入进程退出
[2026-07-08 15:23:00] 2wikimqa-3b=200/200 2wikimqa-32b=200/200 hotpotqa-3b=260/260 hotpotqa-32b=260/260 triviaqa-3b=270/270 triviaqa-32b=270/270 running_score_process=0
[2026-07-08 15:23:00] score cache 已完成
[2026-07-08 15:23:00] 开始派生 offline fixed sets
[2026-07-08 15:23:09] derive done: 2wikimqa 3b -> /raid/home/hming/FusionRAG-pca-analysis/MOTIVATION_EXPERIMENTS/cross_dataset_offline_generalization/fixed_sets_2wikimqa_3b
[2026-07-08 15:23:23] derive done: 2wikimqa 32b -> /raid/home/hming/FusionRAG-pca-analysis/MOTIVATION_EXPERIMENTS/cross_dataset_offline_generalization/fixed_sets_2wikimqa_32b
[2026-07-08 15:23:28] derive done: hotpotqa 3b -> /raid/home/hming/FusionRAG-pca-analysis/MOTIVATION_EXPERIMENTS/cross_dataset_offline_generalization/fixed_sets_hotpotqa_3b
[2026-07-08 15:23:32] derive done: hotpotqa 32b -> /raid/home/hming/FusionRAG-pca-analysis/MOTIVATION_EXPERIMENTS/cross_dataset_offline_generalization/fixed_sets_hotpotqa_32b
[2026-07-08 15:23:36] derive done: triviaqa 3b -> /raid/home/hming/FusionRAG-pca-analysis/MOTIVATION_EXPERIMENTS/cross_dataset_offline_generalization/fixed_sets_triviaqa_3b
[2026-07-08 15:23:41] derive done: triviaqa 32b -> /raid/home/hming/FusionRAG-pca-analysis/MOTIVATION_EXPERIMENTS/cross_dataset_offline_generalization/fixed_sets_triviaqa_32b
[2026-07-08 15:23:41] accuracy task list written: /raid/home/hming/FusionRAG-pca-analysis/MOTIVATION_EXPERIMENTS/cross_dataset_offline_generalization/logs/accuracy_tasks.tsv (180 tasks)
[2026-07-08 15:23:41] 启动 8 个 accuracy worker
[2026-07-08 15:23:41] launched accuracy worker gpu=0 pid=3045482
[2026-07-08 15:23:41] launched accuracy worker gpu=1 pid=3045490
[2026-07-08 15:23:41] start accuracy cfg=full_rate1 dataset=2wikimqa segment=0-25 gpu=0
[2026-07-08 15:23:41] launched accuracy worker gpu=2 pid=3045500
[2026-07-08 15:23:41] launched accuracy worker gpu=3 pid=3045511
[2026-07-08 15:23:41] start accuracy cfg=full_rate1 dataset=2wikimqa segment=25-50 gpu=1
[2026-07-08 15:23:41] start accuracy cfg=full_rate1 dataset=2wikimqa segment=50-75 gpu=2
[2026-07-08 15:23:41] launched accuracy worker gpu=4 pid=3045527
[2026-07-08 15:23:41] start accuracy cfg=full_rate1 dataset=2wikimqa segment=75-100 gpu=3
[2026-07-08 15:23:41] launched accuracy worker gpu=5 pid=3045543
[2026-07-08 15:23:41] start accuracy cfg=full_rate1 dataset=2wikimqa segment=100-125 gpu=4
[2026-07-08 15:23:41] launched accuracy worker gpu=6 pid=3045556
[2026-07-08 15:23:41] start accuracy cfg=full_rate1 dataset=2wikimqa segment=125-150 gpu=5
[2026-07-08 15:23:41] launched accuracy worker gpu=7 pid=3045568
[2026-07-08 15:23:41] start accuracy cfg=full_rate1 dataset=2wikimqa segment=150-175 gpu=6
[2026-07-08 15:23:41] start accuracy cfg=full_rate1 dataset=2wikimqa segment=175-200 gpu=7
[2026-07-08 15:23:41] accuracy workers running=8
[2026-07-08 15:28:41] accuracy workers running=8
[2026-07-08 15:29:05] done accuracy cfg=full_rate1 dataset=2wikimqa segment=75-100 gpu=3
[2026-07-08 15:29:05] start accuracy cfg=online_qk_rate015 dataset=2wikimqa segment=75-100 gpu=3
[2026-07-08 15:29:18] done accuracy cfg=full_rate1 dataset=2wikimqa segment=50-75 gpu=2
[2026-07-08 15:29:18] start accuracy cfg=online_qk_rate015 dataset=2wikimqa segment=50-75 gpu=2
[2026-07-08 15:29:25] done accuracy cfg=full_rate1 dataset=2wikimqa segment=0-25 gpu=0
[2026-07-08 15:29:25] start accuracy cfg=online_qk_rate015 dataset=2wikimqa segment=0-25 gpu=0
[2026-07-08 15:29:47] done accuracy cfg=full_rate1 dataset=2wikimqa segment=175-200 gpu=7
[2026-07-08 15:29:47] start accuracy cfg=online_qk_rate015 dataset=2wikimqa segment=175-200 gpu=7
[2026-07-08 15:29:56] done accuracy cfg=full_rate1 dataset=2wikimqa segment=25-50 gpu=1
[2026-07-08 15:29:56] start accuracy cfg=online_qk_rate015 dataset=2wikimqa segment=25-50 gpu=1
[2026-07-08 15:30:23] done accuracy cfg=full_rate1 dataset=2wikimqa segment=150-175 gpu=6
[2026-07-08 15:30:23] start accuracy cfg=online_qk_rate015 dataset=2wikimqa segment=150-175 gpu=6
[2026-07-08 15:30:24] done accuracy cfg=full_rate1 dataset=2wikimqa segment=100-125 gpu=4
[2026-07-08 15:30:24] start accuracy cfg=online_qk_rate015 dataset=2wikimqa segment=100-125 gpu=4
[2026-07-08 15:31:27] done accuracy cfg=full_rate1 dataset=2wikimqa segment=125-150 gpu=5
[2026-07-08 15:31:27] start accuracy cfg=online_qk_rate015 dataset=2wikimqa segment=125-150 gpu=5
[2026-07-08 15:33:41] accuracy workers running=7
[2026-07-08 15:37:10] supervisor start
[2026-07-08 15:37:10] 等待 3B/32B score cache 完成并等待写入进程退出
[2026-07-08 15:37:10] 2wikimqa-3b=200/200 2wikimqa-32b=200/200 hotpotqa-3b=260/260 hotpotqa-32b=260/260 triviaqa-3b=270/270 triviaqa-32b=270/270 running_score_process=0
[2026-07-08 15:37:10] score cache 已完成
[2026-07-08 15:37:10] 开始派生 offline fixed sets
[2026-07-08 15:37:10] skip derive: 2wikimqa 3b 已存在
[2026-07-08 15:37:10] skip derive: 2wikimqa 32b 已存在
[2026-07-08 15:37:10] skip derive: hotpotqa 3b 已存在
[2026-07-08 15:37:10] skip derive: hotpotqa 32b 已存在
[2026-07-08 15:37:10] skip derive: triviaqa 3b 已存在
[2026-07-08 15:37:10] skip derive: triviaqa 32b 已存在
[2026-07-08 15:37:10] accuracy task list written: /raid/home/hming/FusionRAG-pca-analysis/MOTIVATION_EXPERIMENTS/cross_dataset_offline_generalization/logs/accuracy_tasks.tsv (180 tasks)
[2026-07-08 15:37:10] 启动 8 个 accuracy worker
[2026-07-08 15:37:10] launched accuracy worker gpu=0 pid=3129545
[2026-07-08 15:37:10] launched accuracy worker gpu=1 pid=3129552
[2026-07-08 15:37:10] launched accuracy worker gpu=2 pid=3129562
[2026-07-08 15:37:10] start accuracy cfg=full_rate1 dataset=2wikimqa segment=0-25 gpu=0
[2026-07-08 15:37:10] start accuracy cfg=full_rate1 dataset=2wikimqa segment=25-50 gpu=1
[2026-07-08 15:37:10] launched accuracy worker gpu=3 pid=3129575
[2026-07-08 15:37:10] start accuracy cfg=full_rate1 dataset=2wikimqa segment=50-75 gpu=2
[2026-07-08 15:37:10] launched accuracy worker gpu=4 pid=3129590
[2026-07-08 15:37:10] start accuracy cfg=full_rate1 dataset=2wikimqa segment=75-100 gpu=3
[2026-07-08 15:37:10] launched accuracy worker gpu=5 pid=3129605
[2026-07-08 15:37:10] start accuracy cfg=full_rate1 dataset=2wikimqa segment=100-125 gpu=4
[2026-07-08 15:37:10] launched accuracy worker gpu=6 pid=3129617
[2026-07-08 15:37:10] launched accuracy worker gpu=7 pid=3129632
[2026-07-08 15:37:10] start accuracy cfg=full_rate1 dataset=2wikimqa segment=125-150 gpu=5
[2026-07-08 15:37:10] start accuracy cfg=full_rate1 dataset=2wikimqa segment=150-175 gpu=6
[2026-07-08 15:37:10] start accuracy cfg=full_rate1 dataset=2wikimqa segment=175-200 gpu=7
[2026-07-08 15:37:10] accuracy workers running=8
[2026-07-08 15:42:10] accuracy workers running=8
[2026-07-08 15:42:36] done accuracy cfg=full_rate1 dataset=2wikimqa segment=75-100 gpu=3
[2026-07-08 15:42:36] start accuracy cfg=online_qk_rate015 dataset=2wikimqa segment=75-100 gpu=3
[2026-07-08 15:42:38] done accuracy cfg=full_rate1 dataset=2wikimqa segment=50-75 gpu=2
[2026-07-08 15:42:38] start accuracy cfg=online_qk_rate015 dataset=2wikimqa segment=50-75 gpu=2
[2026-07-08 15:42:56] done accuracy cfg=full_rate1 dataset=2wikimqa segment=0-25 gpu=0
[2026-07-08 15:42:56] start accuracy cfg=online_qk_rate015 dataset=2wikimqa segment=0-25 gpu=0
[2026-07-08 15:43:14] done accuracy cfg=full_rate1 dataset=2wikimqa segment=25-50 gpu=1
[2026-07-08 15:43:14] start accuracy cfg=online_qk_rate015 dataset=2wikimqa segment=25-50 gpu=1
[2026-07-08 15:43:25] done accuracy cfg=full_rate1 dataset=2wikimqa segment=175-200 gpu=7
[2026-07-08 15:43:25] start accuracy cfg=online_qk_rate015 dataset=2wikimqa segment=175-200 gpu=7
[2026-07-08 15:43:28] done accuracy cfg=full_rate1 dataset=2wikimqa segment=100-125 gpu=4
[2026-07-08 15:43:28] start accuracy cfg=online_qk_rate015 dataset=2wikimqa segment=100-125 gpu=4
[2026-07-08 15:44:26] done accuracy cfg=full_rate1 dataset=2wikimqa segment=125-150 gpu=5
[2026-07-08 15:44:26] start accuracy cfg=online_qk_rate015 dataset=2wikimqa segment=125-150 gpu=5
[2026-07-08 15:44:33] done accuracy cfg=full_rate1 dataset=2wikimqa segment=150-175 gpu=6
[2026-07-08 15:44:33] start accuracy cfg=online_qk_rate015 dataset=2wikimqa segment=150-175 gpu=6
[2026-07-08 15:47:10] accuracy workers running=8
[2026-07-08 15:52:10] accuracy workers running=8
[2026-07-08 15:54:38] supervisor start
[2026-07-08 15:54:38] 等待 3B/32B score cache 完成并等待写入进程退出
[2026-07-08 15:54:38] 2wikimqa-3b=200/200 2wikimqa-32b=200/200 hotpotqa-3b=260/260 hotpotqa-32b=260/260 triviaqa-3b=270/270 triviaqa-32b=270/270 running_score_process=0
[2026-07-08 15:54:38] score cache 已完成
[2026-07-08 15:54:38] 开始派生 offline fixed sets
[2026-07-08 15:54:38] skip derive: 2wikimqa 3b 已存在
[2026-07-08 15:54:38] skip derive: 2wikimqa 32b 已存在
[2026-07-08 15:54:38] skip derive: hotpotqa 3b 已存在
[2026-07-08 15:54:38] skip derive: hotpotqa 32b 已存在
[2026-07-08 15:54:38] skip derive: triviaqa 3b 已存在
[2026-07-08 15:54:38] skip derive: triviaqa 32b 已存在
[2026-07-08 15:54:38] accuracy task list written: /raid/home/hming/FusionRAG-pca-analysis/MOTIVATION_EXPERIMENTS/cross_dataset_offline_generalization/logs/accuracy_tasks.tsv (180 tasks)
[2026-07-08 15:54:38] 启动 8 个 accuracy worker
[2026-07-08 15:54:38] launched accuracy worker gpu=0 pid=3237029
[2026-07-08 15:54:38] launched accuracy worker gpu=1 pid=3237036
[2026-07-08 15:54:38] launched accuracy worker gpu=2 pid=3237044
[2026-07-08 15:54:38] start accuracy cfg=full_rate1 dataset=2wikimqa segment=0-25 gpu=0
[2026-07-08 15:54:38] start accuracy cfg=full_rate1 dataset=2wikimqa segment=25-50 gpu=1
[2026-07-08 15:54:38] launched accuracy worker gpu=3 pid=3237059
[2026-07-08 15:54:38] start accuracy cfg=full_rate1 dataset=2wikimqa segment=50-75 gpu=2
[2026-07-08 15:54:38] launched accuracy worker gpu=4 pid=3237075
[2026-07-08 15:54:38] start accuracy cfg=full_rate1 dataset=2wikimqa segment=75-100 gpu=3
[2026-07-08 15:54:38] launched accuracy worker gpu=5 pid=3237089
[2026-07-08 15:54:38] start accuracy cfg=full_rate1 dataset=2wikimqa segment=100-125 gpu=4
[2026-07-08 15:54:38] launched accuracy worker gpu=6 pid=3237103
[2026-07-08 15:54:38] start accuracy cfg=full_rate1 dataset=2wikimqa segment=125-150 gpu=5
[2026-07-08 15:54:38] launched accuracy worker gpu=7 pid=3237117
[2026-07-08 15:54:38] start accuracy cfg=full_rate1 dataset=2wikimqa segment=150-175 gpu=6
[2026-07-08 15:54:38] start accuracy cfg=full_rate1 dataset=2wikimqa segment=175-200 gpu=7
[2026-07-08 15:54:39] accuracy workers running=8
[2026-07-08 15:59:39] accuracy workers running=8
[2026-07-08 16:00:10] done accuracy cfg=full_rate1 dataset=2wikimqa segment=75-100 gpu=3
[2026-07-08 16:00:10] start accuracy cfg=online_qk_rate015 dataset=2wikimqa segment=75-100 gpu=3
[2026-07-08 16:00:23] done accuracy cfg=full_rate1 dataset=2wikimqa segment=50-75 gpu=2
[2026-07-08 16:00:23] start accuracy cfg=online_qk_rate015 dataset=2wikimqa segment=50-75 gpu=2
[2026-07-08 16:00:54] done accuracy cfg=full_rate1 dataset=2wikimqa segment=0-25 gpu=0
[2026-07-08 16:00:54] start accuracy cfg=online_qk_rate015 dataset=2wikimqa segment=0-25 gpu=0
[2026-07-08 16:00:58] done accuracy cfg=full_rate1 dataset=2wikimqa segment=175-200 gpu=7
[2026-07-08 16:00:58] start accuracy cfg=online_qk_rate015 dataset=2wikimqa segment=175-200 gpu=7
[2026-07-08 16:01:12] done accuracy cfg=full_rate1 dataset=2wikimqa segment=25-50 gpu=1
[2026-07-08 16:01:12] start accuracy cfg=online_qk_rate015 dataset=2wikimqa segment=25-50 gpu=1
[2026-07-08 16:01:23] done accuracy cfg=full_rate1 dataset=2wikimqa segment=100-125 gpu=4
[2026-07-08 16:01:23] start accuracy cfg=online_qk_rate015 dataset=2wikimqa segment=100-125 gpu=4
[2026-07-08 16:01:38] done accuracy cfg=full_rate1 dataset=2wikimqa segment=150-175 gpu=6
[2026-07-08 16:01:38] start accuracy cfg=online_qk_rate015 dataset=2wikimqa segment=150-175 gpu=6
[2026-07-08 16:02:45] done accuracy cfg=full_rate1 dataset=2wikimqa segment=125-150 gpu=5
[2026-07-08 16:02:45] start accuracy cfg=online_qk_rate015 dataset=2wikimqa segment=125-150 gpu=5
[2026-07-08 16:04:39] accuracy workers running=8
[2026-07-08 16:09:39] accuracy workers running=8
[2026-07-08 16:14:39] accuracy workers running=8
[2026-07-08 16:19:39] accuracy workers running=8
[2026-07-08 16:24:39] accuracy workers running=8
[2026-07-08 16:29:39] accuracy workers running=8
[2026-07-08 16:34:39] accuracy workers running=8
[2026-07-08 16:39:53] accuracy workers running=8
[2026-07-08 16:44:53] accuracy workers running=8
[2026-07-08 16:50:09] accuracy workers running=8
[2026-07-08 16:55:09] accuracy workers running=8
[2026-07-08 17:00:19] accuracy workers running=8
[2026-07-08 17:05:19] accuracy workers running=8
[2026-07-08 17:10:19] accuracy workers running=8
[2026-07-08 17:10:21] done accuracy cfg=online_qk_rate015 dataset=2wikimqa segment=75-100 gpu=3
[2026-07-08 17:10:21] start accuracy cfg=online_draft_rate015 dataset=2wikimqa segment=75-100 gpu=3
[2026-07-08 17:11:46] done accuracy cfg=online_qk_rate015 dataset=2wikimqa segment=0-25 gpu=0
[2026-07-08 17:11:46] start accuracy cfg=online_draft_rate015 dataset=2wikimqa segment=0-25 gpu=0
[2026-07-08 17:13:31] done accuracy cfg=online_qk_rate015 dataset=2wikimqa segment=175-200 gpu=7
[2026-07-08 17:13:31] start accuracy cfg=online_draft_rate015 dataset=2wikimqa segment=175-200 gpu=7
[2026-07-08 17:15:19] accuracy workers running=8
[2026-07-08 17:15:43] done accuracy cfg=online_qk_rate015 dataset=2wikimqa segment=100-125 gpu=4
[2026-07-08 17:15:43] start accuracy cfg=online_draft_rate015 dataset=2wikimqa segment=100-125 gpu=4
[2026-07-08 17:15:59] done accuracy cfg=online_qk_rate015 dataset=2wikimqa segment=125-150 gpu=5
[2026-07-08 17:15:59] start accuracy cfg=online_draft_rate015 dataset=2wikimqa segment=125-150 gpu=5
[2026-07-08 17:16:12] done accuracy cfg=online_qk_rate015 dataset=2wikimqa segment=150-175 gpu=6
[2026-07-08 17:16:12] start accuracy cfg=online_draft_rate015 dataset=2wikimqa segment=150-175 gpu=6
[2026-07-08 17:16:14] done accuracy cfg=online_draft_rate015 dataset=2wikimqa segment=75-100 gpu=3
[2026-07-08 17:16:14] start accuracy cfg=offline3b_mean dataset=2wikimqa segment=75-100 gpu=3
[2026-07-08 17:16:42] done accuracy cfg=online_qk_rate015 dataset=2wikimqa segment=50-75 gpu=2
[2026-07-08 17:16:42] start accuracy cfg=online_draft_rate015 dataset=2wikimqa segment=50-75 gpu=2
[2026-07-08 17:17:54] done accuracy cfg=online_qk_rate015 dataset=2wikimqa segment=25-50 gpu=1
[2026-07-08 17:17:54] start accuracy cfg=online_draft_rate015 dataset=2wikimqa segment=25-50 gpu=1
[2026-07-08 17:19:58] done accuracy cfg=online_draft_rate015 dataset=2wikimqa segment=0-25 gpu=0
[2026-07-08 17:19:58] start accuracy cfg=offline3b_mean dataset=2wikimqa segment=0-25 gpu=0
[2026-07-08 17:20:19] accuracy workers running=8
[2026-07-08 17:21:22] done accuracy cfg=online_draft_rate015 dataset=2wikimqa segment=175-200 gpu=7
[2026-07-08 17:21:22] start accuracy cfg=offline3b_mean dataset=2wikimqa segment=175-200 gpu=7
[2026-07-08 17:23:43] done accuracy cfg=online_draft_rate015 dataset=2wikimqa segment=150-175 gpu=6
[2026-07-08 17:23:43] start accuracy cfg=offline3b_mean dataset=2wikimqa segment=150-175 gpu=6
[2026-07-08 17:24:21] done accuracy cfg=offline3b_mean dataset=2wikimqa segment=75-100 gpu=3
[2026-07-08 17:24:21] start accuracy cfg=offline3b_freq_boundary2 dataset=2wikimqa segment=75-100 gpu=3
[2026-07-08 17:24:27] done accuracy cfg=online_draft_rate015 dataset=2wikimqa segment=125-150 gpu=5
[2026-07-08 17:24:27] start accuracy cfg=offline3b_mean dataset=2wikimqa segment=125-150 gpu=5
[2026-07-08 17:24:40] done accuracy cfg=online_draft_rate015 dataset=2wikimqa segment=25-50 gpu=1
[2026-07-08 17:24:40] start accuracy cfg=offline3b_mean dataset=2wikimqa segment=25-50 gpu=1
[2026-07-08 17:25:20] accuracy workers running=8
[2026-07-08 17:25:42] done accuracy cfg=online_draft_rate015 dataset=2wikimqa segment=50-75 gpu=2
[2026-07-08 17:25:42] start accuracy cfg=offline3b_mean dataset=2wikimqa segment=50-75 gpu=2
[2026-07-08 17:26:19] done accuracy cfg=online_draft_rate015 dataset=2wikimqa segment=100-125 gpu=4
[2026-07-08 17:26:19] start accuracy cfg=offline3b_mean dataset=2wikimqa segment=100-125 gpu=4
[2026-07-08 17:27:57] done accuracy cfg=offline3b_mean dataset=2wikimqa segment=0-25 gpu=0
[2026-07-08 17:27:57] start accuracy cfg=offline3b_freq_boundary2 dataset=2wikimqa segment=0-25 gpu=0
[2026-07-08 17:29:33] done accuracy cfg=offline3b_mean dataset=2wikimqa segment=175-200 gpu=7
[2026-07-08 17:29:33] start accuracy cfg=offline3b_freq_boundary2 dataset=2wikimqa segment=175-200 gpu=7
[2026-07-08 17:30:06] done accuracy cfg=offline3b_freq_boundary2 dataset=2wikimqa segment=75-100 gpu=3
[2026-07-08 17:30:06] start accuracy cfg=offline32b_top2 dataset=2wikimqa segment=75-100 gpu=3
[2026-07-08 17:30:20] accuracy workers running=8
[2026-07-08 17:32:23] done accuracy cfg=offline3b_mean dataset=2wikimqa segment=25-50 gpu=1
[2026-07-08 17:32:23] start accuracy cfg=offline3b_freq_boundary2 dataset=2wikimqa segment=25-50 gpu=1
[2026-07-08 17:33:06] done accuracy cfg=offline3b_mean dataset=2wikimqa segment=125-150 gpu=5
[2026-07-08 17:33:06] start accuracy cfg=offline3b_freq_boundary2 dataset=2wikimqa segment=125-150 gpu=5
[2026-07-08 17:33:07] done accuracy cfg=offline3b_mean dataset=2wikimqa segment=150-175 gpu=6
[2026-07-08 17:33:07] start accuracy cfg=offline3b_freq_boundary2 dataset=2wikimqa segment=150-175 gpu=6
[2026-07-08 17:33:26] done accuracy cfg=offline3b_mean dataset=2wikimqa segment=50-75 gpu=2
[2026-07-08 17:33:26] start accuracy cfg=offline3b_freq_boundary2 dataset=2wikimqa segment=50-75 gpu=2
[2026-07-08 17:34:52] done accuracy cfg=offline3b_freq_boundary2 dataset=2wikimqa segment=0-25 gpu=0
[2026-07-08 17:34:52] start accuracy cfg=offline32b_top2 dataset=2wikimqa segment=0-25 gpu=0
[2026-07-08 17:35:20] accuracy workers running=8
[2026-07-08 17:36:08] done accuracy cfg=offline32b_top2 dataset=2wikimqa segment=75-100 gpu=3
[2026-07-08 17:36:08] start accuracy cfg=full_rate1 dataset=hotpotqa segment=75-100 gpu=3
[2026-07-08 17:36:36] done accuracy cfg=offline3b_mean dataset=2wikimqa segment=100-125 gpu=4
[2026-07-08 17:36:36] start accuracy cfg=offline3b_freq_boundary2 dataset=2wikimqa segment=100-125 gpu=4
[2026-07-08 17:38:34] done accuracy cfg=offline3b_freq_boundary2 dataset=2wikimqa segment=175-200 gpu=7
[2026-07-08 17:38:34] start accuracy cfg=offline32b_top2 dataset=2wikimqa segment=175-200 gpu=7
[2026-07-08 17:38:54] done accuracy cfg=offline3b_freq_boundary2 dataset=2wikimqa segment=25-50 gpu=1
[2026-07-08 17:38:54] start accuracy cfg=offline32b_top2 dataset=2wikimqa segment=25-50 gpu=1
[2026-07-08 17:39:05] done accuracy cfg=full_rate1 dataset=hotpotqa segment=75-100 gpu=3
[2026-07-08 17:39:05] start accuracy cfg=online_qk_rate015 dataset=hotpotqa segment=0-25 gpu=3
[2026-07-08 17:40:20] accuracy workers running=8
[2026-07-08 17:41:12] done accuracy cfg=offline3b_freq_boundary2 dataset=2wikimqa segment=150-175 gpu=6
[2026-07-08 17:41:12] start accuracy cfg=offline32b_top2 dataset=2wikimqa segment=150-175 gpu=6
[2026-07-08 17:41:13] done accuracy cfg=offline3b_freq_boundary2 dataset=2wikimqa segment=50-75 gpu=2
[2026-07-08 17:41:13] start accuracy cfg=offline32b_top2 dataset=2wikimqa segment=50-75 gpu=2
[2026-07-08 17:41:58] done accuracy cfg=offline3b_freq_boundary2 dataset=2wikimqa segment=125-150 gpu=5
[2026-07-08 17:41:58] start accuracy cfg=offline32b_top2 dataset=2wikimqa segment=125-150 gpu=5
[2026-07-08 17:42:12] done accuracy cfg=offline32b_top2 dataset=2wikimqa segment=0-25 gpu=0
[2026-07-08 17:42:12] start accuracy cfg=full_rate1 dataset=hotpotqa segment=0-25 gpu=0
[2026-07-08 17:44:21] done accuracy cfg=offline32b_top2 dataset=2wikimqa segment=25-50 gpu=1
[2026-07-08 17:44:21] start accuracy cfg=full_rate1 dataset=hotpotqa segment=25-50 gpu=1
[2026-07-08 17:45:02] done accuracy cfg=offline3b_freq_boundary2 dataset=2wikimqa segment=100-125 gpu=4
[2026-07-08 17:45:02] start accuracy cfg=offline32b_top2 dataset=2wikimqa segment=100-125 gpu=4
[2026-07-08 17:45:20] accuracy workers running=8
[2026-07-08 17:45:25] done accuracy cfg=full_rate1 dataset=hotpotqa segment=0-25 gpu=0
[2026-07-08 17:45:25] start accuracy cfg=full_rate1 dataset=hotpotqa segment=200-225 gpu=0
[2026-07-08 17:46:26] done accuracy cfg=offline32b_top2 dataset=2wikimqa segment=175-200 gpu=7
[2026-07-08 17:46:26] start accuracy cfg=full_rate1 dataset=hotpotqa segment=175-200 gpu=7
[2026-07-08 17:48:12] done accuracy cfg=full_rate1 dataset=hotpotqa segment=25-50 gpu=1
[2026-07-08 17:48:12] start accuracy cfg=full_rate1 dataset=hotpotqa segment=225-250 gpu=1
[2026-07-08 17:48:47] done accuracy cfg=offline32b_top2 dataset=2wikimqa segment=50-75 gpu=2
[2026-07-08 17:48:47] start accuracy cfg=full_rate1 dataset=hotpotqa segment=50-75 gpu=2
[2026-07-08 17:49:13] done accuracy cfg=offline32b_top2 dataset=2wikimqa segment=150-175 gpu=6
[2026-07-08 17:49:13] start accuracy cfg=full_rate1 dataset=hotpotqa segment=150-175 gpu=6
[2026-07-08 17:49:14] done accuracy cfg=full_rate1 dataset=hotpotqa segment=200-225 gpu=0
[2026-07-08 17:49:14] start accuracy cfg=online_qk_rate015 dataset=hotpotqa segment=125-150 gpu=0
[2026-07-08 17:49:25] done accuracy cfg=offline32b_top2 dataset=2wikimqa segment=125-150 gpu=5
[2026-07-08 17:49:25] start accuracy cfg=full_rate1 dataset=hotpotqa segment=125-150 gpu=5
[2026-07-08 17:49:58] done accuracy cfg=full_rate1 dataset=hotpotqa segment=175-200 gpu=7
[2026-07-08 17:49:58] start accuracy cfg=online_qk_rate015 dataset=hotpotqa segment=100-125 gpu=7
[2026-07-08 17:50:20] accuracy workers running=8
[2026-07-08 17:51:27] done accuracy cfg=full_rate1 dataset=hotpotqa segment=225-250 gpu=1
[2026-07-08 17:51:27] start accuracy cfg=online_qk_rate015 dataset=hotpotqa segment=150-175 gpu=1
[2026-07-08 17:52:16] done accuracy cfg=full_rate1 dataset=hotpotqa segment=50-75 gpu=2
[2026-07-08 17:52:16] start accuracy cfg=full_rate1 dataset=hotpotqa segment=250-260 gpu=2
[2026-07-08 17:52:27] done accuracy cfg=full_rate1 dataset=hotpotqa segment=150-175 gpu=6
[2026-07-08 17:52:27] start accuracy cfg=online_qk_rate015 dataset=hotpotqa segment=75-100 gpu=6
[2026-07-08 17:52:48] done accuracy cfg=full_rate1 dataset=hotpotqa segment=125-150 gpu=5
[2026-07-08 17:52:49] start accuracy cfg=online_qk_rate015 dataset=hotpotqa segment=50-75 gpu=5
[2026-07-08 17:53:59] done accuracy cfg=full_rate1 dataset=hotpotqa segment=250-260 gpu=2
[2026-07-08 17:53:59] start accuracy cfg=online_qk_rate015 dataset=hotpotqa segment=175-200 gpu=2
[2026-07-08 17:55:21] accuracy workers running=8
[2026-07-08 17:57:24] done accuracy cfg=offline32b_top2 dataset=2wikimqa segment=100-125 gpu=4
[2026-07-08 17:57:24] start accuracy cfg=full_rate1 dataset=hotpotqa segment=100-125 gpu=4
[2026-07-08 18:00:20] done accuracy cfg=full_rate1 dataset=hotpotqa segment=100-125 gpu=4
[2026-07-08 18:00:20] start accuracy cfg=online_qk_rate015 dataset=hotpotqa segment=25-50 gpu=4
[2026-07-08 18:00:21] accuracy workers running=8
[2026-07-08 18:05:21] accuracy workers running=8
[2026-07-08 18:10:21] accuracy workers running=8
[2026-07-08 18:15:22] accuracy workers running=8
[2026-07-08 18:20:22] accuracy workers running=8
[2026-07-08 18:25:22] accuracy workers running=8
[2026-07-08 18:28:53] done accuracy cfg=online_qk_rate015 dataset=hotpotqa segment=0-25 gpu=3
[2026-07-08 18:28:53] start accuracy cfg=online_qk_rate015 dataset=hotpotqa segment=200-225 gpu=3
[2026-07-08 18:30:33] accuracy workers running=8
[2026-07-08 18:35:33] accuracy workers running=8
[2026-07-08 18:39:38] done accuracy cfg=online_qk_rate015 dataset=hotpotqa segment=125-150 gpu=0
[2026-07-08 18:39:38] start accuracy cfg=online_draft_rate015 dataset=hotpotqa segment=50-75 gpu=0
[2026-07-08 18:40:15] done accuracy cfg=online_qk_rate015 dataset=hotpotqa segment=100-125 gpu=7
[2026-07-08 18:40:15] start accuracy cfg=online_draft_rate015 dataset=hotpotqa segment=25-50 gpu=7
[2026-07-08 18:40:33] accuracy workers running=8
[2026-07-08 18:44:23] done accuracy cfg=online_qk_rate015 dataset=hotpotqa segment=50-75 gpu=5
[2026-07-08 18:44:23] start accuracy cfg=online_qk_rate015 dataset=hotpotqa segment=250-260 gpu=5
[2026-07-08 18:44:48] done accuracy cfg=online_qk_rate015 dataset=hotpotqa segment=150-175 gpu=1
[2026-07-08 18:44:48] start accuracy cfg=online_draft_rate015 dataset=hotpotqa segment=75-100 gpu=1
[2026-07-08 18:45:00] done accuracy cfg=online_qk_rate015 dataset=hotpotqa segment=75-100 gpu=6
[2026-07-08 18:45:00] start accuracy cfg=online_draft_rate015 dataset=hotpotqa segment=0-25 gpu=6
[2026-07-08 18:45:33] accuracy workers running=8
[2026-07-08 18:47:34] done accuracy cfg=online_qk_rate015 dataset=hotpotqa segment=175-200 gpu=2
[2026-07-08 18:47:34] start accuracy cfg=online_draft_rate015 dataset=hotpotqa segment=100-125 gpu=2
[2026-07-08 18:50:34] accuracy workers running=8
[2026-07-08 18:55:34] accuracy workers running=8
[2026-07-08 18:57:16] done accuracy cfg=online_qk_rate015 dataset=hotpotqa segment=25-50 gpu=4
[2026-07-08 18:57:16] start accuracy cfg=online_qk_rate015 dataset=hotpotqa segment=225-250 gpu=4
[2026-07-08 18:58:13] done accuracy cfg=online_qk_rate015 dataset=hotpotqa segment=250-260 gpu=5
[2026-07-08 18:58:13] start accuracy cfg=online_draft_rate015 dataset=hotpotqa segment=175-200 gpu=5
[2026-07-08 19:00:19] done accuracy cfg=online_qk_rate015 dataset=hotpotqa segment=200-225 gpu=3
[2026-07-08 19:00:19] start accuracy cfg=online_draft_rate015 dataset=hotpotqa segment=125-150 gpu=3
[2026-07-08 19:00:34] accuracy workers running=8
[2026-07-08 19:05:34] accuracy workers running=8
[2026-07-08 19:08:35] done accuracy cfg=online_draft_rate015 dataset=hotpotqa segment=50-75 gpu=0
[2026-07-08 19:08:35] start accuracy cfg=online_draft_rate015 dataset=hotpotqa segment=250-260 gpu=0
[2026-07-08 19:10:35] accuracy workers running=8
[2026-07-08 19:12:11] done accuracy cfg=online_draft_rate015 dataset=hotpotqa segment=25-50 gpu=7
[2026-07-08 19:12:11] start accuracy cfg=online_draft_rate015 dataset=hotpotqa segment=225-250 gpu=7
[2026-07-08 19:12:17] done accuracy cfg=online_draft_rate015 dataset=hotpotqa segment=75-100 gpu=1
[2026-07-08 19:12:17] start accuracy cfg=offline3b_mean dataset=hotpotqa segment=0-25 gpu=1
[2026-07-08 19:12:51] done accuracy cfg=online_draft_rate015 dataset=hotpotqa segment=0-25 gpu=6
[2026-07-08 19:12:51] start accuracy cfg=online_draft_rate015 dataset=hotpotqa segment=200-225 gpu=6
[2026-07-08 19:15:05] done accuracy cfg=online_draft_rate015 dataset=hotpotqa segment=100-125 gpu=2
[2026-07-08 19:15:05] start accuracy cfg=offline3b_mean dataset=hotpotqa segment=25-50 gpu=2
[2026-07-08 19:15:35] accuracy workers running=8
[2026-07-08 19:17:47] done accuracy cfg=online_draft_rate015 dataset=hotpotqa segment=250-260 gpu=0
[2026-07-08 19:17:47] start accuracy cfg=offline3b_mean dataset=hotpotqa segment=175-200 gpu=0
[2026-07-08 19:19:48] done accuracy cfg=online_draft_rate015 dataset=hotpotqa segment=125-150 gpu=3
[2026-07-08 19:19:48] start accuracy cfg=offline3b_mean dataset=hotpotqa segment=50-75 gpu=3
[2026-07-08 19:20:35] accuracy workers running=8
[2026-07-08 19:23:18] done accuracy cfg=online_qk_rate015 dataset=hotpotqa segment=225-250 gpu=4
[2026-07-08 19:23:18] start accuracy cfg=online_draft_rate015 dataset=hotpotqa segment=150-175 gpu=4
[2026-07-08 19:25:15] done accuracy cfg=online_draft_rate015 dataset=hotpotqa segment=175-200 gpu=5
[2026-07-08 19:25:15] start accuracy cfg=offline3b_mean dataset=hotpotqa segment=100-125 gpu=5
[2026-07-08 19:25:40] accuracy workers running=8
[2026-07-08 19:30:40] accuracy workers running=8
[2026-07-08 19:32:33] done accuracy cfg=offline3b_mean dataset=hotpotqa segment=0-25 gpu=1
[2026-07-08 19:32:33] start accuracy cfg=offline3b_mean dataset=hotpotqa segment=200-225 gpu=1
[2026-07-08 19:33:57] done accuracy cfg=online_draft_rate015 dataset=hotpotqa segment=225-250 gpu=7
[2026-07-08 19:33:57] start accuracy cfg=offline3b_mean dataset=hotpotqa segment=150-175 gpu=7
[2026-07-08 19:35:07] done accuracy cfg=online_draft_rate015 dataset=hotpotqa segment=200-225 gpu=6
[2026-07-08 19:35:07] start accuracy cfg=offline3b_mean dataset=hotpotqa segment=125-150 gpu=6
[2026-07-08 19:35:30] done accuracy cfg=offline3b_mean dataset=hotpotqa segment=50-75 gpu=3
[2026-07-08 19:35:30] start accuracy cfg=offline3b_mean dataset=hotpotqa segment=250-260 gpu=3
[2026-07-08 19:35:46] accuracy workers running=8
[2026-07-08 19:36:02] done accuracy cfg=offline3b_mean dataset=hotpotqa segment=25-50 gpu=2
[2026-07-08 19:36:02] start accuracy cfg=offline3b_mean dataset=hotpotqa segment=225-250 gpu=2
[2026-07-08 19:38:24] done accuracy cfg=offline3b_mean dataset=hotpotqa segment=175-200 gpu=0
[2026-07-08 19:38:24] start accuracy cfg=offline3b_freq_boundary2 dataset=hotpotqa segment=100-125 gpu=0
[2026-07-08 19:40:47] accuracy workers running=8
[2026-07-08 19:43:14] done accuracy cfg=offline3b_mean dataset=hotpotqa segment=250-260 gpu=3
[2026-07-08 19:43:14] start accuracy cfg=offline3b_freq_boundary2 dataset=hotpotqa segment=175-200 gpu=3
[2026-07-08 19:43:20] done accuracy cfg=offline3b_mean dataset=hotpotqa segment=100-125 gpu=5
[2026-07-08 19:43:20] start accuracy cfg=offline3b_freq_boundary2 dataset=hotpotqa segment=25-50 gpu=5
[2026-07-08 19:44:49] done accuracy cfg=online_draft_rate015 dataset=hotpotqa segment=150-175 gpu=4
[2026-07-08 19:44:49] start accuracy cfg=offline3b_mean dataset=hotpotqa segment=75-100 gpu=4
[2026-07-08 19:46:01] accuracy workers running=8
[2026-07-08 19:48:24] done accuracy cfg=offline3b_mean dataset=hotpotqa segment=200-225 gpu=1
[2026-07-08 19:48:24] start accuracy cfg=offline3b_freq_boundary2 dataset=hotpotqa segment=125-150 gpu=1
[2026-07-08 19:49:58] done accuracy cfg=offline3b_mean dataset=hotpotqa segment=225-250 gpu=2
[2026-07-08 19:49:58] start accuracy cfg=offline3b_freq_boundary2 dataset=hotpotqa segment=150-175 gpu=2
[2026-07-08 19:50:37] done accuracy cfg=offline3b_mean dataset=hotpotqa segment=125-150 gpu=6
[2026-07-08 19:50:37] start accuracy cfg=offline3b_freq_boundary2 dataset=hotpotqa segment=50-75 gpu=6
[2026-07-08 19:50:51] done accuracy cfg=offline3b_mean dataset=hotpotqa segment=150-175 gpu=7
[2026-07-08 19:50:51] start accuracy cfg=offline3b_freq_boundary2 dataset=hotpotqa segment=75-100 gpu=7
[2026-07-08 19:51:02] accuracy workers running=8
[2026-07-08 19:53:11] done accuracy cfg=offline3b_freq_boundary2 dataset=hotpotqa segment=100-125 gpu=0
[2026-07-08 19:53:11] start accuracy cfg=offline32b_top2 dataset=hotpotqa segment=25-50 gpu=0
[2026-07-08 19:56:06] accuracy workers running=8
[2026-07-08 19:58:25] done accuracy cfg=offline3b_freq_boundary2 dataset=hotpotqa segment=175-200 gpu=3
[2026-07-08 19:58:25] start accuracy cfg=offline32b_top2 dataset=hotpotqa segment=100-125 gpu=3
[2026-07-08 19:58:56] done accuracy cfg=offline3b_mean dataset=hotpotqa segment=75-100 gpu=4
[2026-07-08 19:58:56] start accuracy cfg=offline3b_freq_boundary2 dataset=hotpotqa segment=0-25 gpu=4
[2026-07-08 20:01:06] accuracy workers running=8
[2026-07-08 20:01:51] done accuracy cfg=offline3b_freq_boundary2 dataset=hotpotqa segment=25-50 gpu=5
[2026-07-08 20:01:51] start accuracy cfg=offline3b_freq_boundary2 dataset=hotpotqa segment=225-250 gpu=5
[2026-07-08 20:02:08] done accuracy cfg=offline3b_freq_boundary2 dataset=hotpotqa segment=125-150 gpu=1
[2026-07-08 20:02:08] start accuracy cfg=offline32b_top2 dataset=hotpotqa segment=50-75 gpu=1
[2026-07-08 20:03:10] done accuracy cfg=offline3b_freq_boundary2 dataset=hotpotqa segment=75-100 gpu=7
[2026-07-08 20:03:10] start accuracy cfg=offline32b_top2 dataset=hotpotqa segment=0-25 gpu=7
[2026-07-08 20:03:31] done accuracy cfg=offline3b_freq_boundary2 dataset=hotpotqa segment=50-75 gpu=6
[2026-07-08 20:03:31] start accuracy cfg=offline3b_freq_boundary2 dataset=hotpotqa segment=250-260 gpu=6
[2026-07-08 20:04:11] done accuracy cfg=offline3b_freq_boundary2 dataset=hotpotqa segment=150-175 gpu=2
[2026-07-08 20:04:11] start accuracy cfg=offline32b_top2 dataset=hotpotqa segment=75-100 gpu=2
[2026-07-08 20:06:07] accuracy workers running=8
[2026-07-08 20:06:46] done accuracy cfg=offline32b_top2 dataset=hotpotqa segment=25-50 gpu=0
[2026-07-08 20:06:46] start accuracy cfg=offline32b_top2 dataset=hotpotqa segment=225-250 gpu=0
[2026-07-08 20:10:22] done accuracy cfg=offline3b_freq_boundary2 dataset=hotpotqa segment=250-260 gpu=6
[2026-07-08 20:10:22] start accuracy cfg=offline32b_top2 dataset=hotpotqa segment=175-200 gpu=6
[2026-07-08 20:10:52] done accuracy cfg=offline32b_top2 dataset=hotpotqa segment=100-125 gpu=3
[2026-07-08 20:10:52] start accuracy cfg=full_rate1 dataset=triviaqa segment=25-50 gpu=3
[2026-07-08 20:11:07] accuracy workers running=8
[2026-07-08 20:12:57] done accuracy cfg=offline3b_freq_boundary2 dataset=hotpotqa segment=0-25 gpu=4
[2026-07-08 20:12:57] start accuracy cfg=offline3b_freq_boundary2 dataset=hotpotqa segment=200-225 gpu=4
[2026-07-08 20:13:30] done accuracy cfg=full_rate1 dataset=triviaqa segment=25-50 gpu=3
[2026-07-08 20:13:30] start accuracy cfg=full_rate1 dataset=triviaqa segment=225-250 gpu=3
[2026-07-08 20:13:55] done accuracy cfg=offline3b_freq_boundary2 dataset=hotpotqa segment=225-250 gpu=5
[2026-07-08 20:13:55] start accuracy cfg=offline32b_top2 dataset=hotpotqa segment=150-175 gpu=5
[2026-07-08 20:14:02] done accuracy cfg=offline32b_top2 dataset=hotpotqa segment=50-75 gpu=1
[2026-07-08 20:14:02] start accuracy cfg=offline32b_top2 dataset=hotpotqa segment=250-260 gpu=1
[2026-07-08 20:15:44] done accuracy cfg=offline32b_top2 dataset=hotpotqa segment=75-100 gpu=2
[2026-07-08 20:15:44] start accuracy cfg=full_rate1 dataset=triviaqa segment=0-25 gpu=2
[2026-07-08 20:16:07] accuracy workers running=8
[2026-07-08 20:16:24] done accuracy cfg=offline32b_top2 dataset=hotpotqa segment=0-25 gpu=7
[2026-07-08 20:16:24] start accuracy cfg=offline32b_top2 dataset=hotpotqa segment=200-225 gpu=7
[2026-07-08 20:16:30] done accuracy cfg=full_rate1 dataset=triviaqa segment=225-250 gpu=3
[2026-07-08 20:16:30] start accuracy cfg=online_qk_rate015 dataset=triviaqa segment=150-175 gpu=3
[2026-07-08 20:18:00] done accuracy cfg=offline32b_top2 dataset=hotpotqa segment=225-250 gpu=0
[2026-07-08 20:18:00] start accuracy cfg=full_rate1 dataset=triviaqa segment=150-175 gpu=0
[2026-07-08 20:18:38] done accuracy cfg=full_rate1 dataset=triviaqa segment=0-25 gpu=2
[2026-07-08 20:18:38] start accuracy cfg=full_rate1 dataset=triviaqa segment=200-225 gpu=2
[2026-07-08 20:20:12] done accuracy cfg=offline32b_top2 dataset=hotpotqa segment=250-260 gpu=1
[2026-07-08 20:20:12] start accuracy cfg=full_rate1 dataset=triviaqa segment=175-200 gpu=1
[2026-07-08 20:21:05] done accuracy cfg=full_rate1 dataset=triviaqa segment=150-175 gpu=0
[2026-07-08 20:21:05] start accuracy cfg=online_qk_rate015 dataset=triviaqa segment=75-100 gpu=0
[2026-07-08 20:21:08] accuracy workers running=8
[2026-07-08 20:22:21] done accuracy cfg=full_rate1 dataset=triviaqa segment=200-225 gpu=2
[2026-07-08 20:22:21] start accuracy cfg=online_qk_rate015 dataset=triviaqa segment=125-150 gpu=2
[2026-07-08 20:22:56] done accuracy cfg=full_rate1 dataset=triviaqa segment=175-200 gpu=1
[2026-07-08 20:22:56] start accuracy cfg=online_qk_rate015 dataset=triviaqa segment=100-125 gpu=1
[2026-07-08 20:23:23] done accuracy cfg=offline32b_top2 dataset=hotpotqa segment=175-200 gpu=6
[2026-07-08 20:23:23] start accuracy cfg=full_rate1 dataset=triviaqa segment=100-125 gpu=6
[2026-07-08 20:24:57] done accuracy cfg=offline3b_freq_boundary2 dataset=hotpotqa segment=200-225 gpu=4
[2026-07-08 20:24:57] start accuracy cfg=offline32b_top2 dataset=hotpotqa segment=125-150 gpu=4
[2026-07-08 20:25:26] done accuracy cfg=offline32b_top2 dataset=hotpotqa segment=150-175 gpu=5
[2026-07-08 20:25:26] start accuracy cfg=full_rate1 dataset=triviaqa segment=75-100 gpu=5
[2026-07-08 20:26:08] accuracy workers running=8
[2026-07-08 20:26:18] done accuracy cfg=full_rate1 dataset=triviaqa segment=100-125 gpu=6
[2026-07-08 20:26:18] start accuracy cfg=online_qk_rate015 dataset=triviaqa segment=25-50 gpu=6
[2026-07-08 20:28:28] done accuracy cfg=full_rate1 dataset=triviaqa segment=75-100 gpu=5
[2026-07-08 20:28:28] start accuracy cfg=online_qk_rate015 dataset=triviaqa segment=0-25 gpu=5
[2026-07-08 20:29:53] done accuracy cfg=offline32b_top2 dataset=hotpotqa segment=200-225 gpu=7
[2026-07-08 20:29:53] start accuracy cfg=full_rate1 dataset=triviaqa segment=125-150 gpu=7
[2026-07-08 20:31:09] accuracy workers running=8
[2026-07-08 20:32:34] done accuracy cfg=full_rate1 dataset=triviaqa segment=125-150 gpu=7
[2026-07-08 20:32:34] start accuracy cfg=online_qk_rate015 dataset=triviaqa segment=50-75 gpu=7
[2026-07-08 20:36:00] done accuracy cfg=offline32b_top2 dataset=hotpotqa segment=125-150 gpu=4
[2026-07-08 20:36:00] start accuracy cfg=full_rate1 dataset=triviaqa segment=50-75 gpu=4
[2026-07-08 20:36:09] accuracy workers running=8
[2026-07-08 20:38:54] done accuracy cfg=full_rate1 dataset=triviaqa segment=50-75 gpu=4
[2026-07-08 20:38:54] start accuracy cfg=full_rate1 dataset=triviaqa segment=250-270 gpu=4
[2026-07-08 20:41:09] accuracy workers running=8
[2026-07-08 20:41:18] done accuracy cfg=full_rate1 dataset=triviaqa segment=250-270 gpu=4
[2026-07-08 20:41:18] start accuracy cfg=online_qk_rate015 dataset=triviaqa segment=175-200 gpu=4
[2026-07-08 20:46:10] accuracy workers running=8
[2026-07-08 20:51:10] accuracy workers running=8
[2026-07-08 20:56:11] accuracy workers running=8
[2026-07-08 21:01:11] accuracy workers running=8
[2026-07-08 21:06:12] accuracy workers running=8
[2026-07-08 21:08:57] done accuracy cfg=online_qk_rate015 dataset=triviaqa segment=150-175 gpu=3
[2026-07-08 21:08:57] start accuracy cfg=online_draft_rate015 dataset=triviaqa segment=75-100 gpu=3
[2026-07-08 21:11:12] accuracy workers running=8
[2026-07-08 21:11:24] done accuracy cfg=online_qk_rate015 dataset=triviaqa segment=125-150 gpu=2
[2026-07-08 21:11:24] start accuracy cfg=online_draft_rate015 dataset=triviaqa segment=50-75 gpu=2
[2026-07-08 21:14:30] done accuracy cfg=online_qk_rate015 dataset=triviaqa segment=100-125 gpu=1
[2026-07-08 21:14:30] start accuracy cfg=online_draft_rate015 dataset=triviaqa segment=25-50 gpu=1
[2026-07-08 21:14:42] done accuracy cfg=online_qk_rate015 dataset=triviaqa segment=75-100 gpu=0
[2026-07-08 21:14:42] start accuracy cfg=online_draft_rate015 dataset=triviaqa segment=0-25 gpu=0
[2026-07-08 21:14:57] done accuracy cfg=online_qk_rate015 dataset=triviaqa segment=25-50 gpu=6
[2026-07-08 21:14:57] start accuracy cfg=online_qk_rate015 dataset=triviaqa segment=225-250 gpu=6
[2026-07-08 21:16:12] accuracy workers running=8
[2026-07-08 21:20:43] done accuracy cfg=online_qk_rate015 dataset=triviaqa segment=0-25 gpu=5
[2026-07-08 21:20:43] start accuracy cfg=online_qk_rate015 dataset=triviaqa segment=200-225 gpu=5
[2026-07-08 21:21:13] accuracy workers running=8
[2026-07-08 21:23:12] done accuracy cfg=online_qk_rate015 dataset=triviaqa segment=50-75 gpu=7
[2026-07-08 21:23:12] start accuracy cfg=online_qk_rate015 dataset=triviaqa segment=250-270 gpu=7
[2026-07-08 21:26:13] accuracy workers running=8
[2026-07-08 21:31:14] accuracy workers running=8
[2026-07-08 21:33:36] done accuracy cfg=online_qk_rate015 dataset=triviaqa segment=175-200 gpu=4
[2026-07-08 21:33:36] start accuracy cfg=online_draft_rate015 dataset=triviaqa segment=100-125 gpu=4
[2026-07-08 21:36:16] accuracy workers running=8
[2026-07-08 21:41:11] done accuracy cfg=online_draft_rate015 dataset=triviaqa segment=50-75 gpu=2
[2026-07-08 21:41:11] start accuracy cfg=online_draft_rate015 dataset=triviaqa segment=250-270 gpu=2
[2026-07-08 21:41:21] accuracy workers running=8
[2026-07-08 21:41:29] done accuracy cfg=online_draft_rate015 dataset=triviaqa segment=0-25 gpu=0
[2026-07-08 21:41:29] start accuracy cfg=online_draft_rate015 dataset=triviaqa segment=200-225 gpu=0
[2026-07-08 21:41:29] done accuracy cfg=online_draft_rate015 dataset=triviaqa segment=25-50 gpu=1
[2026-07-08 21:41:29] start accuracy cfg=online_draft_rate015 dataset=triviaqa segment=225-250 gpu=1
[2026-07-08 21:41:37] done accuracy cfg=online_draft_rate015 dataset=triviaqa segment=75-100 gpu=3
[2026-07-08 21:41:37] start accuracy cfg=offline3b_mean dataset=triviaqa segment=0-25 gpu=3
[2026-07-08 21:42:43] done accuracy cfg=online_qk_rate015 dataset=triviaqa segment=225-250 gpu=6
[2026-07-08 21:42:43] start accuracy cfg=online_draft_rate015 dataset=triviaqa segment=150-175 gpu=6
[2026-07-08 21:46:22] accuracy workers running=8
[2026-07-08 21:46:29] done accuracy cfg=online_qk_rate015 dataset=triviaqa segment=250-270 gpu=7
[2026-07-08 21:46:29] start accuracy cfg=online_draft_rate015 dataset=triviaqa segment=175-200 gpu=7
[2026-07-08 21:49:23] done accuracy cfg=online_qk_rate015 dataset=triviaqa segment=200-225 gpu=5
[2026-07-08 21:49:23] start accuracy cfg=online_draft_rate015 dataset=triviaqa segment=125-150 gpu=5
[2026-07-08 21:51:22] accuracy workers running=8
[2026-07-08 21:56:23] accuracy workers running=8
[2026-07-08 21:58:09] done accuracy cfg=online_draft_rate015 dataset=triviaqa segment=250-270 gpu=2
[2026-07-08 21:58:09] start accuracy cfg=offline3b_mean dataset=triviaqa segment=175-200 gpu=2
[2026-07-08 22:00:53] done accuracy cfg=offline3b_mean dataset=triviaqa segment=0-25 gpu=3
[2026-07-08 22:00:53] start accuracy cfg=offline3b_mean dataset=triviaqa segment=200-225 gpu=3
[2026-07-08 22:01:10] done accuracy cfg=online_draft_rate015 dataset=triviaqa segment=225-250 gpu=1
[2026-07-08 22:01:10] start accuracy cfg=offline3b_mean dataset=triviaqa segment=150-175 gpu=1
[2026-07-08 22:01:24] accuracy workers running=8
[2026-07-08 22:01:38] done accuracy cfg=online_draft_rate015 dataset=triviaqa segment=100-125 gpu=4
[2026-07-08 22:01:38] start accuracy cfg=offline3b_mean dataset=triviaqa segment=25-50 gpu=4
[2026-07-08 22:03:00] done accuracy cfg=online_draft_rate015 dataset=triviaqa segment=200-225 gpu=0
[2026-07-08 22:03:00] start accuracy cfg=offline3b_mean dataset=triviaqa segment=125-150 gpu=0
[2026-07-08 22:03:02] done accuracy cfg=online_draft_rate015 dataset=triviaqa segment=150-175 gpu=6
[2026-07-08 22:03:02] start accuracy cfg=offline3b_mean dataset=triviaqa segment=75-100 gpu=6
[2026-07-08 22:06:25] accuracy workers running=8
[2026-07-08 22:09:14] done accuracy cfg=online_draft_rate015 dataset=triviaqa segment=175-200 gpu=7
[2026-07-08 22:09:14] start accuracy cfg=offline3b_mean dataset=triviaqa segment=100-125 gpu=7
[2026-07-08 22:09:26] done accuracy cfg=online_draft_rate015 dataset=triviaqa segment=125-150 gpu=5
[2026-07-08 22:09:26] start accuracy cfg=offline3b_mean dataset=triviaqa segment=50-75 gpu=5
[2026-07-08 22:11:28] accuracy workers running=8
[2026-07-08 22:15:30] done accuracy cfg=offline3b_mean dataset=triviaqa segment=175-200 gpu=2
[2026-07-08 22:15:30] start accuracy cfg=offline3b_freq_boundary2 dataset=triviaqa segment=100-125 gpu=2
[2026-07-08 22:16:28] accuracy workers running=8
[2026-07-08 22:17:37] done accuracy cfg=offline3b_mean dataset=triviaqa segment=150-175 gpu=1
[2026-07-08 22:17:37] start accuracy cfg=offline3b_freq_boundary2 dataset=triviaqa segment=75-100 gpu=1
[2026-07-08 22:18:49] done accuracy cfg=offline3b_mean dataset=triviaqa segment=125-150 gpu=0
[2026-07-08 22:18:49] start accuracy cfg=offline3b_freq_boundary2 dataset=triviaqa segment=50-75 gpu=0
[2026-07-08 22:19:04] done accuracy cfg=offline3b_mean dataset=triviaqa segment=200-225 gpu=3
[2026-07-08 22:19:04] start accuracy cfg=offline3b_freq_boundary2 dataset=triviaqa segment=125-150 gpu=3
[2026-07-08 22:21:28] done accuracy cfg=offline3b_mean dataset=triviaqa segment=25-50 gpu=4
[2026-07-08 22:21:28] start accuracy cfg=offline3b_mean dataset=triviaqa segment=225-250 gpu=4
[2026-07-08 22:21:30] accuracy workers running=8
[2026-07-08 22:22:26] done accuracy cfg=offline3b_mean dataset=triviaqa segment=75-100 gpu=6
[2026-07-08 22:22:26] start accuracy cfg=offline3b_freq_boundary2 dataset=triviaqa segment=0-25 gpu=6
[2026-07-08 22:24:39] done accuracy cfg=offline3b_mean dataset=triviaqa segment=100-125 gpu=7
[2026-07-08 22:24:39] start accuracy cfg=offline3b_freq_boundary2 dataset=triviaqa segment=25-50 gpu=7
[2026-07-08 22:25:23] done accuracy cfg=offline3b_mean dataset=triviaqa segment=50-75 gpu=5
[2026-07-08 22:25:23] start accuracy cfg=offline3b_mean dataset=triviaqa segment=250-270 gpu=5
[2026-07-08 22:26:30] accuracy workers running=8
[2026-07-08 22:28:09] done accuracy cfg=offline3b_freq_boundary2 dataset=triviaqa segment=100-125 gpu=2
[2026-07-08 22:28:09] start accuracy cfg=offline32b_top2 dataset=triviaqa segment=25-50 gpu=2
[2026-07-08 22:31:48] accuracy workers running=8
[2026-07-08 22:32:14] done accuracy cfg=offline3b_freq_boundary2 dataset=triviaqa segment=50-75 gpu=0
[2026-07-08 22:32:14] start accuracy cfg=offline3b_freq_boundary2 dataset=triviaqa segment=250-270 gpu=0
[2026-07-08 22:32:39] done accuracy cfg=offline3b_freq_boundary2 dataset=triviaqa segment=125-150 gpu=3
[2026-07-08 22:32:39] start accuracy cfg=offline32b_top2 dataset=triviaqa segment=50-75 gpu=3
[2026-07-08 22:33:00] done accuracy cfg=offline3b_freq_boundary2 dataset=triviaqa segment=75-100 gpu=1
[2026-07-08 22:33:00] start accuracy cfg=offline32b_top2 dataset=triviaqa segment=0-25 gpu=1
[2026-07-08 22:35:46] done accuracy cfg=offline3b_freq_boundary2 dataset=triviaqa segment=0-25 gpu=6
[2026-07-08 22:35:46] start accuracy cfg=offline3b_freq_boundary2 dataset=triviaqa segment=200-225 gpu=6
[2026-07-08 22:36:37] done accuracy cfg=offline3b_mean dataset=triviaqa segment=250-270 gpu=5
[2026-07-08 22:36:37] start accuracy cfg=offline3b_freq_boundary2 dataset=triviaqa segment=175-200 gpu=5
[2026-07-08 22:36:48] accuracy workers running=8
[2026-07-08 22:38:07] done accuracy cfg=offline3b_mean dataset=triviaqa segment=225-250 gpu=4
[2026-07-08 22:38:07] start accuracy cfg=offline3b_freq_boundary2 dataset=triviaqa segment=150-175 gpu=4
[2026-07-08 22:38:17] done accuracy cfg=offline3b_freq_boundary2 dataset=triviaqa segment=25-50 gpu=7
[2026-07-08 22:38:17] start accuracy cfg=offline3b_freq_boundary2 dataset=triviaqa segment=225-250 gpu=7
[2026-07-08 22:39:24] done accuracy cfg=offline32b_top2 dataset=triviaqa segment=25-50 gpu=2
[2026-07-08 22:39:24] start accuracy cfg=offline32b_top2 dataset=triviaqa segment=225-250 gpu=2
[2026-07-08 22:41:00] done accuracy cfg=offline3b_freq_boundary2 dataset=triviaqa segment=250-270 gpu=0
[2026-07-08 22:41:00] start accuracy cfg=offline32b_top2 dataset=triviaqa segment=175-200 gpu=0
[2026-07-08 22:41:53] accuracy workers running=8
[2026-07-08 22:44:22] done accuracy cfg=offline32b_top2 dataset=triviaqa segment=50-75 gpu=3
[2026-07-08 22:44:22] start accuracy cfg=offline32b_top2 dataset=triviaqa segment=250-270 gpu=3
[2026-07-08 22:44:27] done accuracy cfg=offline32b_top2 dataset=triviaqa segment=0-25 gpu=1
[2026-07-08 22:44:27] start accuracy cfg=offline32b_top2 dataset=triviaqa segment=200-225 gpu=1
[2026-07-08 22:46:54] accuracy workers running=8
[2026-07-08 22:52:02] accuracy workers running=0
