[2026-06-30 23:42:32] waiting for at least 8 GPUs with <20GB used
[2026-06-30 23:42:32] free_gpus=none
[2026-06-30 23:47:32] free_gpus=none
[2026-06-30 23:52:32] free_gpus=none
[2026-06-30 23:57:32] free_gpus=none
[2026-07-01 00:02:32] free_gpus=none
[2026-07-01 00:07:32] free_gpus=none
[2026-07-01 00:12:32] free_gpus=none
[2026-07-01 00:17:32] free_gpus=none
[2026-07-01 00:22:32] free_gpus=none
[2026-07-01 00:27:33] free_gpus=none
[2026-07-01 00:32:33] free_gpus=none
[2026-07-01 00:37:33] free_gpus=none
[2026-07-01 00:42:33] free_gpus=none
[2026-07-01 00:47:33] free_gpus=none
[2026-07-01 00:52:33] free_gpus=none
[2026-07-01 00:57:33] free_gpus=none
[2026-07-01 01:02:33] free_gpus=none
[2026-07-01 01:07:33] free_gpus=none
[2026-07-01 01:12:33] free_gpus=none
[2026-07-01 01:17:33] free_gpus=none
[2026-07-01 01:22:34] free_gpus=none
[2026-07-01 01:27:34] free_gpus=none
[2026-07-01 01:32:34] free_gpus=none
[2026-07-01 01:37:34] free_gpus=none
[2026-07-01 01:42:34] free_gpus=none
[2026-07-01 01:47:34] free_gpus=none
[2026-07-01 01:52:34] free_gpus=none
[2026-07-01 01:57:34] free_gpus=none
[2026-07-01 02:02:34] free_gpus=none
[2026-07-01 02:07:34] free_gpus=none
[2026-07-01 02:12:34] free_gpus=none
[2026-07-01 02:17:35] free_gpus=none
[2026-07-01 02:22:35] free_gpus=none
[2026-07-01 02:27:35] free_gpus=none
[2026-07-01 02:32:35] free_gpus=none
[2026-07-01 02:37:35] free_gpus=none
[2026-07-01 02:42:35] free_gpus=none
[2026-07-01 02:47:35] free_gpus=none
[2026-07-01 02:52:35] free_gpus=none
[2026-07-01 02:57:35] free_gpus=none
[2026-07-01 03:02:35] free_gpus=none
[2026-07-01 03:07:35] free_gpus=none
[2026-07-01 03:12:36] free_gpus=none
[2026-07-01 03:17:36] free_gpus=none
[2026-07-01 03:22:36] free_gpus=none
[2026-07-01 03:27:36] free_gpus=none
[2026-07-01 03:32:36] free_gpus=none
[2026-07-01 03:37:36] free_gpus=none
[2026-07-01 03:42:36] free_gpus=none
[2026-07-01 03:47:36] free_gpus=none
[2026-07-01 03:52:36] free_gpus=none
[2026-07-01 03:57:36] free_gpus=none
[2026-07-01 04:02:36] free_gpus=none
[2026-07-01 04:07:36] free_gpus=none
[2026-07-01 04:12:37] free_gpus=none
[2026-07-01 04:17:37] free_gpus=none
[2026-07-01 04:22:37] free_gpus=none
[2026-07-01 04:27:37] free_gpus=none
[2026-07-01 04:32:37] free_gpus=none
[2026-07-01 04:37:37] free_gpus=none
[2026-07-01 04:42:37] free_gpus=none
[2026-07-01 04:47:37] free_gpus=none
[2026-07-01 04:52:37] free_gpus=none
[2026-07-01 04:57:37] free_gpus=none
[2026-07-01 05:02:37] free_gpus=none
[2026-07-01 05:07:38] free_gpus=none
[2026-07-01 05:12:38] free_gpus=none
[2026-07-01 05:17:38] free_gpus=none
[2026-07-01 05:22:38] free_gpus=none
[2026-07-01 05:27:38] free_gpus=none
[2026-07-01 05:32:38] free_gpus=none
[2026-07-01 05:37:38] free_gpus=none
[2026-07-01 05:42:38] free_gpus=none
[2026-07-01 05:47:38] free_gpus=none
[2026-07-01 05:52:38] free_gpus=none
[2026-07-01 05:57:38] free_gpus=none
[2026-07-01 06:02:39] free_gpus=none
[2026-07-01 06:07:39] free_gpus=none
[2026-07-01 06:12:39] free_gpus=none
[2026-07-01 06:17:39] free_gpus=none
[2026-07-01 06:22:39] free_gpus=none
[2026-07-01 06:27:39] free_gpus=none
[2026-07-01 06:32:39] free_gpus=none
[2026-07-01 06:37:39] free_gpus=none
[2026-07-01 06:42:39] free_gpus=none
[2026-07-01 06:47:39] free_gpus=none
[2026-07-01 06:52:39] free_gpus=none
[2026-07-01 06:57:40] free_gpus=none
[2026-07-01 07:02:40] free_gpus=none
[2026-07-01 07:07:40] free_gpus=none
[2026-07-01 07:12:40] free_gpus=none
[2026-07-01 07:17:40] free_gpus=none
[2026-07-01 07:22:40] free_gpus=none
[2026-07-01 07:27:40] free_gpus=none
[2026-07-01 07:32:40] free_gpus=none
[2026-07-01 07:37:40] free_gpus=none
[2026-07-01 07:42:40] free_gpus=none
[2026-07-01 07:47:40] free_gpus=none
[2026-07-01 07:52:41] free_gpus=none
[2026-07-01 07:57:41] free_gpus=none
[2026-07-01 08:02:41] free_gpus=none
[2026-07-01 08:07:41] free_gpus=none
[2026-07-01 08:12:41] free_gpus=none
[2026-07-01 08:17:41] free_gpus=none
[2026-07-01 08:22:41] free_gpus=none
[2026-07-01 08:27:41] free_gpus=none
[2026-07-01 08:32:41] free_gpus=none
[2026-07-01 08:37:41] free_gpus=none
[2026-07-01 08:42:41] free_gpus=none
[2026-07-01 08:47:41] free_gpus=none
[2026-07-01 08:52:42] free_gpus=none
[2026-07-01 08:57:42] free_gpus=none
[2026-07-01 09:02:42] free_gpus=none
[2026-07-01 09:07:42] free_gpus=none
[2026-07-01 09:12:42] free_gpus=none
[2026-07-01 09:17:42] free_gpus=none
[2026-07-01 09:22:42] free_gpus=none
[2026-07-01 09:27:42] free_gpus=none
[2026-07-01 09:32:42] free_gpus=none
[2026-07-01 22:18:14] waiting for at least 8 GPUs with <20GB used
[2026-07-01 22:18:15] free_gpus=0 1 2 3 4 5 6 7
[2026-07-01 22:18:15] start draft_score_lexical_tiebreak gpu=0 pid=3595756
[2026-07-01 22:18:15] start hybrid_draft70_qk30_score gpu=1 pid=3595760
[2026-07-01 22:18:15] start hybrid_intersection_fill_draft gpu=2 pid=3595764
[2026-07-01 22:18:15] start draft90_lexical10 gpu=3 pid=3595768
[2026-07-01 22:18:15] start draft80_lexical20 gpu=4 pid=3595772
[2026-07-01 22:18:15] start hybrid_draft50_qk50_score gpu=5 pid=3595776
[2026-07-01 22:18:15] start lexical_entity_number gpu=6 pid=3595780
[2026-07-01 22:18:15] start lexical_idf_entity_boundary gpu=7 pid=3595784
[2026-07-01 22:18:15] launch complete
