[
  {
    "source": "raw",
    "kind": "hidden_layer_input",
    "relative_l2": 0.720417444411411,
    "diff_norm": 3431283.229477428,
    "full_norm": 4762909.693671875,
    "source_norm": 5177851.861746377,
    "cosine_source_full": 0.7647859779689526,
    "num_examples": 50,
    "num_chunks": 1166,
    "num_tokens": 827074
  },
  {
    "source": "preprocess",
    "kind": "hidden_layer_input",
    "relative_l2": 0.7431398637186619,
    "diff_norm": 3539508.0606596107,
    "full_norm": 4762909.693671875,
    "source_norm": 4735350.601273772,
    "cosine_source_full": 0.7222813835383591,
    "num_examples": 50,
    "num_chunks": 1166,
    "num_tokens": 827074
  }
]
merged_shards=5 skipped=0
