date: extra operand ‘%T’
Try 'date --help' for more information.
[] START raw_rate0_no_doc_recompute on GPU 0
date: extra operand ‘%T’
Try 'date --help' for more information.
[] START raw_online_qk_rate015 on GPU 1
date: extra operand ‘%T’
Try 'date --help' for more information.
[] START raw_offline_qk_frequency on GPU 2
date: extra operand ‘%T’
Try 'date --help' for more information.
[] START raw_offline_qk_mean on GPU 3
date: extra operand ‘%T’
Try 'date --help' for more information.
[] START raw_offline_draft_frequency on GPU 4
date: extra operand ‘%T’
Try 'date --help' for more information.
[] START raw_offline_draft_mean on GPU 5
date: extra operand ‘%T’
Try 'date --help' for more information.
[] START raw_hybrid_draft70_qk30 on GPU 6
date: extra operand ‘%T’
Try 'date --help' for more information.
[] START raw_online_draft_profile_sparse on GPU 7
date: extra operand ‘%T’
Try 'date --help' for more information.
[] all raw-vs-preprocess jobs finished
[] all raw-vs-preprocess jobs finished
