usage: run_setup_v2_task.py [-h] --dataset
                            {musique-v2,2wikimqa-v2,hotpotqa-v2,triviaqa-v2}
                            --method
                            {dense_working_kv_preprocess,dense_working_kv_raw,full_rate1,offline32b_top2,offline3b_freq_boundary2,offline3b_mean,offline3b_top2,online_draft,online_qk,position_adapter_preprocess_rate0,position_adapter_raw_rate0,preprocess_rate0,raw_rate0,sparse_block_preprocess,sparse_block_raw,sparse_delta_adapter_preprocess,sparse_delta_adapter_raw,sparse_working_kv_preprocess,sparse_working_kv_raw,uniform_alpha0p1_draft}
                            [--rate RATE] --start START --end END [--gpu GPU]
                            [--cache-root CACHE_ROOT]
                            [--result-root RESULT_ROOT]
                            [--offline-fixed-set-dir OFFLINE_FIXED_SET_DIR]
                            [--topk TOPK] [--revert-rope] [--no-revert-rope]
                            [--static-key-bias-path STATIC_KEY_BIAS_PATH]
                            [--static-key-bias-scale STATIC_KEY_BIAS_SCALE]
                            [--static-key-bias-require-all]
                            [--static-value-bias-path STATIC_VALUE_BIAS_PATH]
                            [--static-value-bias-scale STATIC_VALUE_BIAS_SCALE]
                            [--static-value-bias-require-all]
                            [--sparse-block-size SPARSE_BLOCK_SIZE]
                            [--sparse-block-topk SPARSE_BLOCK_TOPK]
                            [--adapter-alpha ADAPTER_ALPHA]
                            [--working-kv-alpha WORKING_KV_ALPHA]
run_setup_v2_task.py: error: argument --method: invalid choice: 'dense_working_kv_preprocess 0.0 0' (choose from 'dense_working_kv_preprocess', 'dense_working_kv_raw', 'full_rate1', 'offline32b_top2', 'offline3b_freq_boundary2', 'offline3b_mean', 'offline3b_top2', 'online_draft', 'online_qk', 'position_adapter_preprocess_rate0', 'position_adapter_raw_rate0', 'preprocess_rate0', 'raw_rate0', 'sparse_block_preprocess', 'sparse_block_raw', 'sparse_delta_adapter_preprocess', 'sparse_delta_adapter_raw', 'sparse_working_kv_preprocess', 'sparse_working_kv_raw', 'uniform_alpha0p1_draft')
