done_docs=20/2181 ok_questions=40320
done_docs=40/2181 ok_questions=40960
done_docs=60/2181 ok_questions=41600
done_docs=80/2181 ok_questions=42240
done_docs=100/2181 ok_questions=42880
done_docs=120/2181 ok_questions=43520
done_docs=140/2181 ok_questions=44160
done_docs=160/2181 ok_questions=44800
done_docs=180/2181 ok_questions=45440
done_docs=200/2181 ok_questions=46080
done_docs=220/2181 ok_questions=46720
done_docs=240/2181 ok_questions=47360
done_docs=260/2181 ok_questions=48000
done_docs=280/2181 ok_questions=48640
done_docs=300/2181 ok_questions=49280
done_docs=320/2181 ok_questions=49920
done_docs=340/2181 ok_questions=50560
done_docs=360/2181 ok_questions=51200
done_docs=380/2181 ok_questions=51840
done_docs=400/2181 ok_questions=52480
done_docs=420/2181 ok_questions=53120
done_docs=440/2181 ok_questions=53760
done_docs=460/2181 ok_questions=54400
done_docs=480/2181 ok_questions=55040
done_docs=500/2181 ok_questions=55680
done_docs=520/2181 ok_questions=56320
done_docs=540/2181 ok_questions=56960
done_docs=560/2181 ok_questions=57600
done_docs=580/2181 ok_questions=58240
done_docs=600/2181 ok_questions=58880
done_docs=620/2181 ok_questions=59520
done_docs=640/2181 ok_questions=60160
done_docs=660/2181 ok_questions=60800
done_docs=680/2181 ok_questions=61440
done_docs=700/2181 ok_questions=62080
done_docs=720/2181 ok_questions=62720
done_docs=740/2181 ok_questions=63360
done_docs=760/2181 ok_questions=64000
done_docs=780/2181 ok_questions=64640
done_docs=800/2181 ok_questions=65280
done_docs=820/2181 ok_questions=65920
done_docs=840/2181 ok_questions=66560
done_docs=860/2181 ok_questions=67200
done_docs=880/2181 ok_questions=67840
done_docs=900/2181 ok_questions=68480
done_docs=920/2181 ok_questions=69120
done_docs=940/2181 ok_questions=69760
done_docs=960/2181 ok_questions=70400
done_docs=980/2181 ok_questions=71040
done_docs=1000/2181 ok_questions=71680
done_docs=1020/2181 ok_questions=72320
done_docs=1040/2181 ok_questions=72960
done_docs=1060/2181 ok_questions=73600
done_docs=1080/2181 ok_questions=74240
done_docs=1100/2181 ok_questions=74880
done_docs=1120/2181 ok_questions=75520
done_docs=1140/2181 ok_questions=76160
done_docs=1160/2181 ok_questions=76800
done_docs=1180/2181 ok_questions=77440
done_docs=1200/2181 ok_questions=78080
done_docs=1220/2181 ok_questions=78720
done_docs=1240/2181 ok_questions=79360
done_docs=1260/2181 ok_questions=80000
done_docs=1280/2181 ok_questions=80640
done_docs=1300/2181 ok_questions=81280
done_docs=1320/2181 ok_questions=81920
done_docs=1340/2181 ok_questions=82560
done_docs=1360/2181 ok_questions=83200
done_docs=1380/2181 ok_questions=83840
done_docs=1400/2181 ok_questions=84480
done_docs=1420/2181 ok_questions=85120
done_docs=1440/2181 ok_questions=85760
done_docs=1460/2181 ok_questions=86400
done_docs=1480/2181 ok_questions=87040
done_docs=1500/2181 ok_questions=87680
done_docs=1520/2181 ok_questions=88320
Traceback (most recent call last):
  File "/raid/home/hming/FusionRAG-pca-analysis/MOTIVATION_EXPERIMENTS/offline_doc_generated_query_calibration/generate_docgen_queries.py", line 277, in <module>
    main()
  File "/raid/home/hming/FusionRAG-pca-analysis/MOTIVATION_EXPERIMENTS/offline_doc_generated_query_calibration/generate_docgen_queries.py", line 245, in main
    cache_path.write_text(json.dumps(cache, ensure_ascii=False, indent=2), encoding="utf-8")
  File "/usr/lib/python3.10/json/__init__.py", line 238, in dumps
    **kw).encode(obj)
  File "/usr/lib/python3.10/json/encoder.py", line 201, in encode
    chunks = list(chunks)
  File "/usr/lib/python3.10/json/encoder.py", line 431, in _iterencode
    yield from _iterencode_dict(o, _current_indent_level)
  File "/usr/lib/python3.10/json/encoder.py", line 356, in _iterencode_dict
    for key, value in items:
RuntimeError: dictionary changed size during iteration
