/mnt/qjhs-sh-lab-01/wjh/FusionRAG/.venv/lib/python3.10/site-packages/torch/cuda/__init__.py:61: FutureWarning: The pynvml package is deprecated. Please install nvidia-ml-py instead. If you did not install pynvml directly, please report this to the maintainers of the package that installed pynvml for you.
  import pynvml  # type: ignore[import]
/raid/home/hming/FusionRAG-pca-analysis/MOTIVATION_EXPERIMENTS/kv_lora/scripts/analyze_cross_target_shared_basis.py:14: FutureWarning: You are using `torch.load` with `weights_only=False` (the current default value), which uses the default pickle module implicitly. It is possible to construct malicious pickle data which will execute arbitrary code during unpickling (See https://github.com/pytorch/pytorch/blob/main/SECURITY.md#untrusted-models for more details). In a future release, the default value for `weights_only` will be flipped to `True`. This limits the functions that could be executed during unpickling. Arbitrary objects will no longer be allowed to be loaded via this mode unless they are explicitly allowlisted by the user via `torch.serialization.add_safe_globals`. We recommend you start setting `weights_only=True` for any use case where you don't have full control of the loaded file. Please open an issue on GitHub for any issues related to this experimental feature.
  for d in docs:payload[(d["example"],d["target"])]=torch.load(d["path"],map_location="cpu")
[
  {
    "rank": 1,
    "n": 56,
    "original_gap_mean": 0.3959677517414093,
    "original_gap_std": 0.05958336591720581,
    "original_gap_median": 0.38801324367523193,
    "original_gap_p10": 0.33079278469085693,
    "original_gap_p90": 0.4756287932395935,
    "delta_recovery_error_mean": 0.966659426689148,
    "delta_recovery_error_std": 0.0074903531931340694,
    "delta_recovery_error_median": 0.9671172499656677,
    "delta_recovery_error_p10": 0.9558776617050171,
    "delta_recovery_error_p90": 0.9751212000846863,
    "final_kv_error_mean": 0.38282114267349243,
    "final_kv_error_std": 0.05805230885744095,
    "final_kv_error_median": 0.37215831875801086,
    "final_kv_error_p10": 0.31960806250572205,
    "final_kv_error_p90": 0.4612148404121399,
    "explained_delta_energy_mean": 0.06551439315080643,
    "explained_delta_energy_std": 0.014470254071056843,
    "explained_delta_energy_median": 0.06373508274555206,
    "explained_delta_energy_p10": 0.049138668924570084,
    "explained_delta_energy_p90": 0.08629772067070007
  },
  {
    "rank": 2,
    "n": 56,
    "original_gap_mean": 0.3959677517414093,
    "original_gap_std": 0.05958336591720581,
    "original_gap_median": 0.38801324367523193,
    "original_gap_p10": 0.33079278469085693,
    "original_gap_p90": 0.4756287932395935,
    "delta_recovery_error_mean": 0.9483888745307922,
    "delta_recovery_error_std": 0.010304690338671207,
    "delta_recovery_error_median": 0.9488680362701416,
    "delta_recovery_error_p10": 0.9333884119987488,
    "delta_recovery_error_p90": 0.9599710702896118,
    "final_kv_error_mean": 0.37561124563217163,
    "final_kv_error_std": 0.057211365550756454,
    "final_kv_error_median": 0.3651692271232605,
    "final_kv_error_p10": 0.31351885199546814,
    "final_kv_error_p90": 0.4531477689743042,
    "explained_delta_energy_mean": 0.10045434534549713,
    "explained_delta_energy_std": 0.019524946808815002,
    "explained_delta_energy_median": 0.09851105511188507,
    "explained_delta_energy_p10": 0.0784553661942482,
    "explained_delta_energy_p90": 0.12878596782684326
  },
  {
    "rank": 4,
    "n": 56,
    "original_gap_mean": 0.3959677517414093,
    "original_gap_std": 0.05958336591720581,
    "original_gap_median": 0.38801324367523193,
    "original_gap_p10": 0.33079278469085693,
    "original_gap_p90": 0.4756287932395935,
    "delta_recovery_error_mean": 0.924560546875,
    "delta_recovery_error_std": 0.013028536923229694,
    "delta_recovery_error_median": 0.9237527251243591,
    "delta_recovery_error_p10": 0.9085922241210938,
    "delta_recovery_error_p90": 0.9393129944801331,
    "final_kv_error_mean": 0.36619099974632263,
    "final_kv_error_std": 0.05597221478819847,
    "final_kv_error_median": 0.3566427528858185,
    "final_kv_error_p10": 0.306053102016449,
    "final_kv_error_p90": 0.44370806217193604,
    "explained_delta_energy_mean": 0.145020991563797,
    "explained_delta_energy_std": 0.024077147245407104,
    "explained_delta_energy_median": 0.14622674882411957,
    "explained_delta_energy_p10": 0.1176910251379013,
    "explained_delta_energy_p90": 0.17445917427539825
  },
  {
    "rank": 8,
    "n": 56,
    "original_gap_mean": 0.3959677517414093,
    "original_gap_std": 0.05958336591720581,
    "original_gap_median": 0.38801324367523193,
    "original_gap_p10": 0.33079278469085693,
    "original_gap_p90": 0.4756287932395935,
    "delta_recovery_error_mean": 0.8891376256942749,
    "delta_recovery_error_std": 0.015344006940722466,
    "delta_recovery_error_median": 0.8892514705657959,
    "delta_recovery_error_p10": 0.8717366456985474,
    "delta_recovery_error_p90": 0.9046927690505981,
    "final_kv_error_mean": 0.35217469930648804,
    "final_kv_error_std": 0.05397452041506767,
    "final_kv_error_median": 0.3434171974658966,
    "final_kv_error_p10": 0.2952370047569275,
    "final_kv_error_p90": 0.4297482967376709,
    "explained_delta_energy_mean": 0.2092030793428421,
    "explained_delta_energy_std": 0.027224211022257805,
    "explained_delta_energy_median": 0.20656417310237885,
    "explained_delta_energy_p10": 0.18153057992458344,
    "explained_delta_energy_p90": 0.24007481336593628
  },
  {
    "rank": 16,
    "n": 56,
    "original_gap_mean": 0.3959677517414093,
    "original_gap_std": 0.05958336591720581,
    "original_gap_median": 0.38801324367523193,
    "original_gap_p10": 0.33079278469085693,
    "original_gap_p90": 0.4756287932395935,
    "delta_recovery_error_mean": 0.8339400291442871,
    "delta_recovery_error_std": 0.017823657020926476,
    "delta_recovery_error_median": 0.833267092704773,
    "delta_recovery_error_p10": 0.8138207197189331,
    "delta_recovery_error_p90": 0.8543986678123474,
    "final_kv_error_mean": 0.33027783036231995,
    "final_kv_error_std": 0.050631333142519,
    "final_kv_error_median": 0.323245108127594,
    "final_kv_error_p10": 0.2775028347969055,
    "final_kv_error_p90": 0.4045915901660919,
    "explained_delta_energy_mean": 0.3042319118976593,
    "explained_delta_energy_std": 0.029669320210814476,
    "explained_delta_energy_median": 0.3040951192378998,
    "explained_delta_energy_p10": 0.27000218629837036,
    "explained_delta_energy_p90": 0.3376957178115845
  },
  {
    "rank": 32,
    "n": 56,
    "original_gap_mean": 0.3959677517414093,
    "original_gap_std": 0.05958336591720581,
    "original_gap_median": 0.38801324367523193,
    "original_gap_p10": 0.33079278469085693,
    "original_gap_p90": 0.4756287932395935,
    "delta_recovery_error_mean": 0.7432198524475098,
    "delta_recovery_error_std": 0.02005533128976822,
    "delta_recovery_error_median": 0.7453702688217163,
    "delta_recovery_error_p10": 0.7191722393035889,
    "delta_recovery_error_p90": 0.7669640779495239,
    "final_kv_error_mean": 0.2942785322666168,
    "final_kv_error_std": 0.044961217790842056,
    "final_kv_error_median": 0.2912638783454895,
    "final_kv_error_p10": 0.24757149815559387,
    "final_kv_error_p90": 0.3610547184944153,
    "explained_delta_energy_mean": 0.44722917675971985,
    "explained_delta_energy_std": 0.02975662238895893,
    "explained_delta_energy_median": 0.4442934989929199,
    "explained_delta_energy_p10": 0.41176605224609375,
    "explained_delta_energy_p90": 0.48279035091400146
  },
  {
    "rank": 64,
    "n": 56,
    "original_gap_mean": 0.3959677517414093,
    "original_gap_std": 0.05958336591720581,
    "original_gap_median": 0.38801324367523193,
    "original_gap_p10": 0.33079278469085693,
    "original_gap_p90": 0.4756287932395935,
    "delta_recovery_error_mean": 0.5743259787559509,
    "delta_recovery_error_std": 0.02025505155324936,
    "delta_recovery_error_median": 0.5778733491897583,
    "delta_recovery_error_p10": 0.5500147342681885,
    "delta_recovery_error_p90": 0.5965271592140198,
    "final_kv_error_mean": 0.2273436039686203,
    "final_kv_error_std": 0.03472878783941269,
    "final_kv_error_median": 0.2278742492198944,
    "final_kv_error_p10": 0.19087280333042145,
    "final_kv_error_p90": 0.2761395275592804,
    "explained_delta_energy_mean": 0.6697468161582947,
    "explained_delta_energy_std": 0.023188136518001556,
    "explained_delta_energy_median": 0.664567232131958,
    "explained_delta_energy_p10": 0.6441553831100464,
    "explained_delta_energy_p90": 0.697483479976654
  }
]
