/mnt/qjhs-sh-lab-01/wjh/FusionRAG/.venv/lib/python3.10/site-packages/torch/cuda/__init__.py:61: FutureWarning: The pynvml package is deprecated. Please install nvidia-ml-py instead. If you did not install pynvml directly, please report this to the maintainers of the package that installed pynvml for you.
  import pynvml  # type: ignore[import]
/raid/home/hming/FusionRAG-pca-analysis/MOTIVATION_EXPERIMENTS/kv_lora/scripts/analyze_cross_target_shared_basis.py:14: FutureWarning: You are using `torch.load` with `weights_only=False` (the current default value), which uses the default pickle module implicitly. It is possible to construct malicious pickle data which will execute arbitrary code during unpickling (See https://github.com/pytorch/pytorch/blob/main/SECURITY.md#untrusted-models for more details). In a future release, the default value for `weights_only` will be flipped to `True`. This limits the functions that could be executed during unpickling. Arbitrary objects will no longer be allowed to be loaded via this mode unless they are explicitly allowlisted by the user via `torch.serialization.add_safe_globals`. We recommend you start setting `weights_only=True` for any use case where you don't have full control of the loaded file. Please open an issue on GitHub for any issues related to this experimental feature.
  for d in docs:payload[(d["example"],d["target"])]=torch.load(d["path"],map_location="cpu")
[
  {
    "rank": 1,
    "n": 56,
    "original_gap_mean": 0.356749951839447,
    "original_gap_std": 0.10201943665742874,
    "original_gap_median": 0.4111056923866272,
    "original_gap_p10": 0.20073843002319336,
    "original_gap_p90": 0.45584046840667725,
    "delta_recovery_error_mean": 0.8951296210289001,
    "delta_recovery_error_std": 0.048593152314424515,
    "delta_recovery_error_median": 0.8747075796127319,
    "delta_recovery_error_p10": 0.845994234085083,
    "delta_recovery_error_p90": 0.9669002294540405,
    "final_kv_error_mean": 0.3147151470184326,
    "final_kv_error_std": 0.07820690423250198,
    "final_kv_error_median": 0.35232606530189514,
    "final_kv_error_p10": 0.19373205304145813,
    "final_kv_error_p90": 0.38557136058807373,
    "explained_delta_energy_mean": 0.19642387330532074,
    "explained_delta_energy_std": 0.08821012079715729,
    "explained_delta_energy_median": 0.2280122935771942,
    "explained_delta_energy_p10": 0.06510394811630249,
    "explained_delta_energy_p90": 0.2842937409877777
  },
  {
    "rank": 2,
    "n": 56,
    "original_gap_mean": 0.356749951839447,
    "original_gap_std": 0.10201943665742874,
    "original_gap_median": 0.4111056923866272,
    "original_gap_p10": 0.20073843002319336,
    "original_gap_p90": 0.45584046840667725,
    "delta_recovery_error_mean": 0.8529031872749329,
    "delta_recovery_error_std": 0.045417629182338715,
    "delta_recovery_error_median": 0.8372834324836731,
    "delta_recovery_error_p10": 0.8070650100708008,
    "delta_recovery_error_p90": 0.92258220911026,
    "final_kv_error_mean": 0.300092488527298,
    "final_kv_error_std": 0.07517953217029572,
    "final_kv_error_median": 0.33775338530540466,
    "final_kv_error_p10": 0.1796962320804596,
    "final_kv_error_p90": 0.3697003126144409,
    "explained_delta_energy_mean": 0.2705302834510803,
    "explained_delta_energy_std": 0.07875901460647583,
    "explained_delta_energy_median": 0.2988242208957672,
    "explained_delta_energy_p10": 0.14884135127067566,
    "explained_delta_energy_p90": 0.3486461341381073
  },
  {
    "rank": 4,
    "n": 56,
    "original_gap_mean": 0.356749951839447,
    "original_gap_std": 0.10201943665742874,
    "original_gap_median": 0.4111056923866272,
    "original_gap_p10": 0.20073843002319336,
    "original_gap_p90": 0.45584046840667725,
    "delta_recovery_error_mean": 0.7981035113334656,
    "delta_recovery_error_std": 0.03732534125447273,
    "delta_recovery_error_median": 0.7865506410598755,
    "delta_recovery_error_p10": 0.7623210549354553,
    "delta_recovery_error_p90": 0.8582335114479065,
    "final_kv_error_mean": 0.2818000018596649,
    "final_kv_error_std": 0.0734102800488472,
    "final_kv_error_median": 0.3217112123966217,
    "final_kv_error_p10": 0.16824910044670105,
    "final_kv_error_p90": 0.35121214389801025,
    "explained_delta_energy_mean": 0.36166253685951233,
    "explained_delta_energy_std": 0.060751814395189285,
    "explained_delta_energy_median": 0.3805198669433594,
    "explained_delta_energy_p10": 0.26338332891464233,
    "explained_delta_energy_p90": 0.4188653528690338
  },
  {
    "rank": 8,
    "n": 56,
    "original_gap_mean": 0.356749951839447,
    "original_gap_std": 0.10201943665742874,
    "original_gap_median": 0.4111056923866272,
    "original_gap_p10": 0.20073843002319336,
    "original_gap_p90": 0.45584046840667725,
    "delta_recovery_error_mean": 0.7233676314353943,
    "delta_recovery_error_std": 0.027243096381425858,
    "delta_recovery_error_median": 0.7225295305252075,
    "delta_recovery_error_p10": 0.6860840320587158,
    "delta_recovery_error_p90": 0.7569898366928101,
    "final_kv_error_mean": 0.25685665011405945,
    "final_kv_error_std": 0.07080524414777756,
    "final_kv_error_median": 0.2949800491333008,
    "final_kv_error_p10": 0.14771121740341187,
    "final_kv_error_p90": 0.3222881555557251,
    "explained_delta_energy_mean": 0.47601041197776794,
    "explained_delta_energy_std": 0.039508745074272156,
    "explained_delta_energy_median": 0.4768179953098297,
    "explained_delta_energy_p10": 0.42696434259414673,
    "explained_delta_energy_p90": 0.529287576675415
  },
  {
    "rank": 16,
    "n": 56,
    "original_gap_mean": 0.356749951839447,
    "original_gap_std": 0.10201943665742874,
    "original_gap_median": 0.4111056923866272,
    "original_gap_p10": 0.20073843002319336,
    "original_gap_p90": 0.45584046840667725,
    "delta_recovery_error_mean": 0.6229599714279175,
    "delta_recovery_error_std": 0.026080723851919174,
    "delta_recovery_error_median": 0.6280823945999146,
    "delta_recovery_error_p10": 0.5935420989990234,
    "delta_recovery_error_p90": 0.6500969529151917,
    "final_kv_error_mean": 0.22255726158618927,
    "final_kv_error_std": 0.06501530110836029,
    "final_kv_error_median": 0.2542487382888794,
    "final_kv_error_p10": 0.12307813763618469,
    "final_kv_error_p90": 0.28147509694099426,
    "explained_delta_energy_mean": 0.6112528443336487,
    "explained_delta_energy_std": 0.03140502795577049,
    "explained_delta_energy_median": 0.6051148772239685,
    "explained_delta_energy_p10": 0.5773739814758301,
    "explained_delta_energy_p90": 0.6477046608924866
  },
  {
    "rank": 32,
    "n": 56,
    "original_gap_mean": 0.356749951839447,
    "original_gap_std": 0.10201943665742874,
    "original_gap_median": 0.4111056923866272,
    "original_gap_p10": 0.20073843002319336,
    "original_gap_p90": 0.45584046840667725,
    "delta_recovery_error_mean": 0.5006781816482544,
    "delta_recovery_error_std": 0.02544817514717579,
    "delta_recovery_error_median": 0.5034297704696655,
    "delta_recovery_error_p10": 0.4768522381782532,
    "delta_recovery_error_p90": 0.5274828672409058,
    "final_kv_error_mean": 0.1796092838048935,
    "final_kv_error_std": 0.05442587658762932,
    "final_kv_error_median": 0.2065364569425583,
    "final_kv_error_p10": 0.09597466886043549,
    "final_kv_error_p90": 0.22758430242538452,
    "explained_delta_energy_mean": 0.7486853003501892,
    "explained_delta_energy_std": 0.02445182390511036,
    "explained_delta_energy_median": 0.7459544539451599,
    "explained_delta_energy_p10": 0.7217618227005005,
    "explained_delta_energy_p90": 0.7726112008094788
  },
  {
    "rank": 64,
    "n": 56,
    "original_gap_mean": 0.356749951839447,
    "original_gap_std": 0.10201943665742874,
    "original_gap_median": 0.4111056923866272,
    "original_gap_p10": 0.20073843002319336,
    "original_gap_p90": 0.45584046840667725,
    "delta_recovery_error_mean": 0.34676915407180786,
    "delta_recovery_error_std": 0.019671356305480003,
    "delta_recovery_error_median": 0.34761640429496765,
    "delta_recovery_error_p10": 0.326915442943573,
    "delta_recovery_error_p90": 0.36632487177848816,
    "final_kv_error_mean": 0.12457963079214096,
    "final_kv_error_std": 0.03828660026192665,
    "final_kv_error_median": 0.14364269375801086,
    "final_kv_error_p10": 0.06623109430074692,
    "final_kv_error_p90": 0.15929028391838074,
    "explained_delta_energy_mean": 0.8793710470199585,
    "explained_delta_energy_std": 0.013172064907848835,
    "explained_delta_energy_median": 0.8783119320869446,
    "explained_delta_energy_p10": 0.8657984137535095,
    "explained_delta_energy_p90": 0.8931204676628113
  }
]
