/mnt/qjhs-sh-lab-01/wjh/FusionRAG/.venv/lib/python3.10/site-packages/torch/cuda/__init__.py:61: FutureWarning: The pynvml package is deprecated. Please install nvidia-ml-py instead. If you did not install pynvml directly, please report this to the maintainers of the package that installed pynvml for you.
  import pynvml  # type: ignore[import]
/raid/home/hming/FusionRAG-pca-analysis/MOTIVATION_EXPERIMENTS/kv_lora/scripts/analyze_cross_target_shared_basis.py:14: FutureWarning: You are using `torch.load` with `weights_only=False` (the current default value), which uses the default pickle module implicitly. It is possible to construct malicious pickle data which will execute arbitrary code during unpickling (See https://github.com/pytorch/pytorch/blob/main/SECURITY.md#untrusted-models for more details). In a future release, the default value for `weights_only` will be flipped to `True`. This limits the functions that could be executed during unpickling. Arbitrary objects will no longer be allowed to be loaded via this mode unless they are explicitly allowlisted by the user via `torch.serialization.add_safe_globals`. We recommend you start setting `weights_only=True` for any use case where you don't have full control of the loaded file. Please open an issue on GitHub for any issues related to this experimental feature.
  for d in docs:payload[(d["example"],d["target"])]=torch.load(d["path"],map_location="cpu")
[
  {
    "rank": 1,
    "n": 56,
    "original_gap_mean": 0.7557567358016968,
    "original_gap_std": 0.2565499246120453,
    "original_gap_median": 0.8967434763908386,
    "original_gap_p10": 0.35558491945266724,
    "original_gap_p90": 0.967715859413147,
    "delta_recovery_error_mean": 0.964207112789154,
    "delta_recovery_error_std": 0.01636742614209652,
    "delta_recovery_error_median": 0.9596450328826904,
    "delta_recovery_error_p10": 0.9438621401786804,
    "delta_recovery_error_p90": 0.9850794076919556,
    "final_kv_error_mean": 0.7252827882766724,
    "final_kv_error_std": 0.23972682654857635,
    "final_kv_error_median": 0.854494035243988,
    "final_kv_error_p10": 0.3498275876045227,
    "final_kv_error_p90": 0.9243296980857849,
    "explained_delta_energy_mean": 0.0700414627790451,
    "explained_delta_energy_std": 0.03156116604804993,
    "explained_delta_energy_median": 0.07763442397117615,
    "explained_delta_energy_p10": 0.02961861714720726,
    "explained_delta_energy_p90": 0.10912424325942993
  },
  {
    "rank": 2,
    "n": 56,
    "original_gap_mean": 0.7557567358016968,
    "original_gap_std": 0.2565499246120453,
    "original_gap_median": 0.8967434763908386,
    "original_gap_p10": 0.35558491945266724,
    "original_gap_p90": 0.967715859413147,
    "delta_recovery_error_mean": 0.9483708143234253,
    "delta_recovery_error_std": 0.018722042441368103,
    "delta_recovery_error_median": 0.9445894956588745,
    "delta_recovery_error_p10": 0.9249223470687866,
    "delta_recovery_error_p90": 0.9721490740776062,
    "final_kv_error_mean": 0.7128983736038208,
    "final_kv_error_std": 0.23476357758045197,
    "final_kv_error_median": 0.8370278477668762,
    "final_kv_error_p10": 0.3446221947669983,
    "final_kv_error_p90": 0.9073830842971802,
    "explained_delta_energy_mean": 0.10024863481521606,
    "explained_delta_energy_std": 0.03549570590257645,
    "explained_delta_energy_median": 0.10665737092494965,
    "explained_delta_energy_p10": 0.054925769567489624,
    "explained_delta_energy_p90": 0.14451852440834045
  },
  {
    "rank": 4,
    "n": 56,
    "original_gap_mean": 0.7557567358016968,
    "original_gap_std": 0.2565499246120453,
    "original_gap_median": 0.8967434763908386,
    "original_gap_p10": 0.35558491945266724,
    "original_gap_p90": 0.967715859413147,
    "delta_recovery_error_mean": 0.926028311252594,
    "delta_recovery_error_std": 0.02074406109750271,
    "delta_recovery_error_median": 0.9233823418617249,
    "delta_recovery_error_p10": 0.8979225754737854,
    "delta_recovery_error_p90": 0.9514127969741821,
    "final_kv_error_mean": 0.6957510113716125,
    "final_kv_error_std": 0.22853809595108032,
    "final_kv_error_median": 0.8129947185516357,
    "final_kv_error_p10": 0.3367282450199127,
    "final_kv_error_p90": 0.8860102891921997,
    "explained_delta_energy_mean": 0.14204895496368408,
    "explained_delta_energy_std": 0.03835957124829292,
    "explained_delta_energy_median": 0.14660565555095673,
    "explained_delta_energy_p10": 0.0948137417435646,
    "explained_delta_energy_p90": 0.19373033940792084
  },
  {
    "rank": 8,
    "n": 56,
    "original_gap_mean": 0.7557567358016968,
    "original_gap_std": 0.2565499246120453,
    "original_gap_median": 0.8967434763908386,
    "original_gap_p10": 0.35558491945266724,
    "original_gap_p90": 0.967715859413147,
    "delta_recovery_error_mean": 0.8923168182373047,
    "delta_recovery_error_std": 0.022469498217105865,
    "delta_recovery_error_median": 0.891467273235321,
    "delta_recovery_error_p10": 0.8611247539520264,
    "delta_recovery_error_p90": 0.919342041015625,
    "final_kv_error_mean": 0.6701517701148987,
    "final_kv_error_std": 0.21976391971111298,
    "final_kv_error_median": 0.7801120281219482,
    "final_kv_error_p10": 0.3245859146118164,
    "final_kv_error_p90": 0.8527635335922241,
    "explained_delta_energy_mean": 0.20327472686767578,
    "explained_delta_energy_std": 0.03999980539083481,
    "explained_delta_energy_median": 0.20482778549194336,
    "explained_delta_energy_p10": 0.15481020510196686,
    "explained_delta_energy_p90": 0.2584611475467682
  },
  {
    "rank": 16,
    "n": 56,
    "original_gap_mean": 0.7557567358016968,
    "original_gap_std": 0.2565499246120453,
    "original_gap_median": 0.8967434763908386,
    "original_gap_p10": 0.35558491945266724,
    "original_gap_p90": 0.967715859413147,
    "delta_recovery_error_mean": 0.8379431962966919,
    "delta_recovery_error_std": 0.023859525099396706,
    "delta_recovery_error_median": 0.8363098502159119,
    "delta_recovery_error_p10": 0.8044264316558838,
    "delta_recovery_error_p90": 0.8668038845062256,
    "final_kv_error_mean": 0.6291425824165344,
    "final_kv_error_std": 0.20618438720703125,
    "final_kv_error_median": 0.7318123579025269,
    "final_kv_error_p10": 0.30547070503234863,
    "final_kv_error_p90": 0.8011305332183838,
    "explained_delta_energy_mean": 0.29729199409484863,
    "explained_delta_energy_std": 0.039859019219875336,
    "explained_delta_energy_median": 0.2935175895690918,
    "explained_delta_energy_p10": 0.24865099787712097,
    "explained_delta_energy_p90": 0.35289549827575684
  },
  {
    "rank": 32,
    "n": 56,
    "original_gap_mean": 0.7557567358016968,
    "original_gap_std": 0.2565499246120453,
    "original_gap_median": 0.8967434763908386,
    "original_gap_p10": 0.35558491945266724,
    "original_gap_p90": 0.967715859413147,
    "delta_recovery_error_mean": 0.745589554309845,
    "delta_recovery_error_std": 0.025854816660284996,
    "delta_recovery_error_median": 0.7479874491691589,
    "delta_recovery_error_p10": 0.7096086740493774,
    "delta_recovery_error_p90": 0.7759387493133545,
    "final_kv_error_mean": 0.5592578053474426,
    "final_kv_error_std": 0.18255746364593506,
    "final_kv_error_median": 0.6525153517723083,
    "final_kv_error_p10": 0.2740854024887085,
    "final_kv_error_p90": 0.7128759026527405,
    "explained_delta_energy_mean": 0.4434397518634796,
    "explained_delta_energy_std": 0.038369398564100266,
    "explained_delta_energy_median": 0.44013383984565735,
    "explained_delta_energy_p10": 0.3979189693927765,
    "explained_delta_energy_p90": 0.4964553713798523
  },
  {
    "rank": 64,
    "n": 56,
    "original_gap_mean": 0.7557567358016968,
    "original_gap_std": 0.2565499246120453,
    "original_gap_median": 0.8967434763908386,
    "original_gap_p10": 0.35558491945266724,
    "original_gap_p90": 0.967715859413147,
    "delta_recovery_error_mean": 0.573096752166748,
    "delta_recovery_error_std": 0.026271464303135872,
    "delta_recovery_error_median": 0.5757917761802673,
    "delta_recovery_error_p10": 0.5358132719993591,
    "delta_recovery_error_p90": 0.6008158922195435,
    "final_kv_error_mean": 0.42907238006591797,
    "final_kv_error_std": 0.13909859955310822,
    "final_kv_error_median": 0.49122336506843567,
    "final_kv_error_p10": 0.213298961520195,
    "final_kv_error_p90": 0.5464249849319458,
    "explained_delta_energy_mean": 0.6708822250366211,
    "explained_delta_energy_std": 0.029807208105921745,
    "explained_delta_energy_median": 0.6672574281692505,
    "explained_delta_energy_p10": 0.6390202045440674,
    "explained_delta_energy_p90": 0.7129040360450745
  }
]
