/mnt/qjhs-sh-lab-01/wjh/FusionRAG/.venv/lib/python3.10/site-packages/torch/cuda/__init__.py:61: FutureWarning: The pynvml package is deprecated. Please install nvidia-ml-py instead. If you did not install pynvml directly, please report this to the maintainers of the package that installed pynvml for you.
  import pynvml  # type: ignore[import]
[
  {
    "source": "raw",
    "kind": "k",
    "rank": 0,
    "method": "mean",
    "remaining_delta": 0.5427511073008129,
    "explained_delta_energy": 0.7054212355237415
  },
  {
    "source": "raw",
    "kind": "k",
    "rank": 1,
    "method": "oracle_r1",
    "remaining_delta": 0.5286284859090102,
    "explained_delta_energy": 0.7205519238855473
  },
  {
    "source": "raw",
    "kind": "k",
    "rank": 2,
    "method": "oracle_r2",
    "remaining_delta": 0.5192863252504436,
    "explained_delta_energy": 0.7303417124078905
  },
  {
    "source": "raw",
    "kind": "k",
    "rank": 4,
    "method": "oracle_r4",
    "remaining_delta": 0.5083895579640869,
    "explained_delta_energy": 0.7415400573530804
  },
  {
    "source": "raw",
    "kind": "k",
    "rank": 5,
    "method": "oracle_r5",
    "remaining_delta": 0.5055234777350587,
    "explained_delta_energy": 0.7444460134586517
  },
  {
    "source": "raw",
    "kind": "v",
    "rank": 0,
    "method": "mean",
    "remaining_delta": 0.6578253765014406,
    "explained_delta_energy": 0.5672657740307379
  },
  {
    "source": "raw",
    "kind": "v",
    "rank": 1,
    "method": "oracle_r1",
    "remaining_delta": 0.6496273366816737,
    "explained_delta_energy": 0.5779843234358752
  },
  {
    "source": "raw",
    "kind": "v",
    "rank": 2,
    "method": "oracle_r2",
    "remaining_delta": 0.6449238448841986,
    "explained_delta_energy": 0.5840732342997821
  },
  {
    "source": "raw",
    "kind": "v",
    "rank": 4,
    "method": "oracle_r4",
    "remaining_delta": 0.63944016850224,
    "explained_delta_energy": 0.591116270905827
  },
  {
    "source": "raw",
    "kind": "v",
    "rank": 5,
    "method": "oracle_r5",
    "remaining_delta": 0.637434472380673,
    "explained_delta_energy": 0.593677293420773
  },
  {
    "source": "preprocess",
    "kind": "k",
    "rank": 0,
    "method": "mean",
    "remaining_delta": 0.26718383737224266,
    "explained_delta_energy": 0.928612797047043
  },
  {
    "source": "preprocess",
    "kind": "k",
    "rank": 1,
    "method": "oracle_r1",
    "remaining_delta": 0.26023159175799515,
    "explained_delta_energy": 0.9322795186511001
  },
  {
    "source": "preprocess",
    "kind": "k",
    "rank": 2,
    "method": "oracle_r2",
    "remaining_delta": 0.25563265873992014,
    "explained_delta_energy": 0.9346519437855595
  },
  {
    "source": "preprocess",
    "kind": "k",
    "rank": 4,
    "method": "oracle_r4",
    "remaining_delta": 0.25026844146114136,
    "explained_delta_energy": 0.9373657072086112
  },
  {
    "source": "preprocess",
    "kind": "k",
    "rank": 5,
    "method": "oracle_r5",
    "remaining_delta": 0.2488575290421624,
    "explained_delta_energy": 0.9380699302390293
  },
  {
    "source": "preprocess",
    "kind": "v",
    "rank": 0,
    "method": "mean",
    "remaining_delta": 0.28758984119430986,
    "explained_delta_energy": 0.9172920832418316
  },
  {
    "source": "preprocess",
    "kind": "v",
    "rank": 1,
    "method": "oracle_r1",
    "remaining_delta": 0.2840058008628007,
    "explained_delta_energy": 0.9193407050762792
  },
  {
    "source": "preprocess",
    "kind": "v",
    "rank": 2,
    "method": "oracle_r2",
    "remaining_delta": 0.2819495157716244,
    "explained_delta_energy": 0.9205044705561465
  },
  {
    "source": "preprocess",
    "kind": "v",
    "rank": 4,
    "method": "oracle_r4",
    "remaining_delta": 0.2795521452283406,
    "explained_delta_energy": 0.9218505980982328
  },
  {
    "source": "preprocess",
    "kind": "v",
    "rank": 5,
    "method": "oracle_r5",
    "remaining_delta": 0.27867528880486064,
    "explained_delta_energy": 0.9223400834095274
  }
]
