/mnt/qjhs-sh-lab-01/wjh/FusionRAG/.venv/lib/python3.10/site-packages/torch/cuda/__init__.py:61: FutureWarning: The pynvml package is deprecated. Please install nvidia-ml-py instead. If you did not install pynvml directly, please report this to the maintainers of the package that installed pynvml for you.
  import pynvml  # type: ignore[import]
/raid/home/hming/FusionRAG-pca-analysis/MOTIVATION_EXPERIMENTS/kv_lora/scripts/analyze_strict_cross_x_basis.py:19: FutureWarning: You are using `torch.load` with `weights_only=False` (the current default value), which uses the default pickle module implicitly. It is possible to construct malicious pickle data which will execute arbitrary code during unpickling (See https://github.com/pytorch/pytorch/blob/main/SECURITY.md#untrusted-models for more details). In a future release, the default value for `weights_only` will be flipped to `True`. This limits the functions that could be executed during unpickling. Arbitrary objects will no longer be allowed to be loaded via this mode unless they are explicitly allowlisted by the user via `torch.serialization.add_safe_globals`. We recommend you start setting `weights_only=True` for any use case where you don't have full control of the loaded file. Please open an issue on GitHub for any issues related to this experimental feature.
  ps=[torch.load(x,map_location="cpu") for x in sorted(D.glob(f"context_*_{a.source}.pt"))]
[
  {
    "target": 1,
    "source": "preprocess",
    "kind": "k",
    "mode": "shared",
    "rank": 0,
    "remaining_delta": 0.8204743266105652,
    "explained_delta_energy": 0.3268219232559204
  },
  {
    "target": 1,
    "source": "preprocess",
    "kind": "k",
    "mode": "per_x",
    "rank": 0,
    "remaining_delta": 0.8204743266105652,
    "explained_delta_energy": 0.3268219232559204
  },
  {
    "target": 1,
    "source": "preprocess",
    "kind": "k",
    "mode": "shared",
    "rank": 1,
    "remaining_delta": 0.7029092311859131,
    "explained_delta_energy": 0.5059186220169067
  },
  {
    "target": 1,
    "source": "preprocess",
    "kind": "k",
    "mode": "per_x",
    "rank": 1,
    "remaining_delta": 0.7086402773857117,
    "explained_delta_energy": 0.49782896041870117
  },
  {
    "target": 1,
    "source": "preprocess",
    "kind": "k",
    "mode": "shared",
    "rank": 2,
    "remaining_delta": 0.6577343344688416,
    "explained_delta_energy": 0.5673855543136597
  },
  {
    "target": 1,
    "source": "preprocess",
    "kind": "k",
    "mode": "per_x",
    "rank": 2,
    "remaining_delta": 0.5816746950149536,
    "explained_delta_energy": 0.6616545915603638
  },
  {
    "target": 1,
    "source": "preprocess",
    "kind": "k",
    "mode": "shared",
    "rank": 4,
    "remaining_delta": 0.5288729667663574,
    "explained_delta_energy": 0.720293402671814
  },
  {
    "target": 1,
    "source": "preprocess",
    "kind": "k",
    "mode": "per_x",
    "rank": 4,
    "remaining_delta": 0.5037568211555481,
    "explained_delta_energy": 0.7462290525436401
  },
  {
    "target": 1,
    "source": "preprocess",
    "kind": "k",
    "mode": "shared",
    "rank": 8,
    "remaining_delta": 0.36210691928863525,
    "explained_delta_energy": 0.8688786029815674
  },
  {
    "target": 1,
    "source": "preprocess",
    "kind": "k",
    "mode": "per_x",
    "rank": 8,
    "remaining_delta": 0.4375583827495575,
    "explained_delta_energy": 0.8085426688194275
  },
  {
    "target": 1,
    "source": "preprocess",
    "kind": "k",
    "mode": "shared",
    "rank": 16,
    "remaining_delta": 0.2654196619987488,
    "explained_delta_energy": 0.929552435874939
  },
  {
    "target": 1,
    "source": "preprocess",
    "kind": "k",
    "mode": "per_x",
    "rank": 16,
    "remaining_delta": 0.35427770018577576,
    "explained_delta_energy": 0.8744872808456421
  },
  {
    "target": 1,
    "source": "preprocess",
    "kind": "k",
    "mode": "shared",
    "rank": 32,
    "remaining_delta": 0.21247799694538116,
    "explained_delta_energy": 0.9548531174659729
  },
  {
    "target": 1,
    "source": "preprocess",
    "kind": "k",
    "mode": "per_x",
    "rank": 32,
    "remaining_delta": 0.30900952219963074,
    "explained_delta_energy": 0.9045131206512451
  },
  {
    "target": 2,
    "source": "preprocess",
    "kind": "k",
    "mode": "shared",
    "rank": 0,
    "remaining_delta": 0.6104438304901123,
    "explained_delta_energy": 0.6273583173751831
  },
  {
    "target": 2,
    "source": "preprocess",
    "kind": "k",
    "mode": "per_x",
    "rank": 0,
    "remaining_delta": 0.6104438304901123,
    "explained_delta_energy": 0.6273583173751831
  },
  {
    "target": 2,
    "source": "preprocess",
    "kind": "k",
    "mode": "shared",
    "rank": 1,
    "remaining_delta": 0.4981551766395569,
    "explained_delta_energy": 0.7518414258956909
  },
  {
    "target": 2,
    "source": "preprocess",
    "kind": "k",
    "mode": "per_x",
    "rank": 1,
    "remaining_delta": 0.5056822896003723,
    "explained_delta_energy": 0.7442854046821594
  },
  {
    "target": 2,
    "source": "preprocess",
    "kind": "k",
    "mode": "shared",
    "rank": 2,
    "remaining_delta": 0.4830434024333954,
    "explained_delta_energy": 0.7666690945625305
  },
  {
    "target": 2,
    "source": "preprocess",
    "kind": "k",
    "mode": "per_x",
    "rank": 2,
    "remaining_delta": 0.44966351985931396,
    "explained_delta_energy": 0.797802746295929
  },
  {
    "target": 2,
    "source": "preprocess",
    "kind": "k",
    "mode": "shared",
    "rank": 4,
    "remaining_delta": 0.367173969745636,
    "explained_delta_energy": 0.8651832938194275
  },
  {
    "target": 2,
    "source": "preprocess",
    "kind": "k",
    "mode": "per_x",
    "rank": 4,
    "remaining_delta": 0.40171146392822266,
    "explained_delta_energy": 0.8386279344558716
  },
  {
    "target": 2,
    "source": "preprocess",
    "kind": "k",
    "mode": "shared",
    "rank": 8,
    "remaining_delta": 0.2553376257419586,
    "explained_delta_energy": 0.9348027110099792
  },
  {
    "target": 2,
    "source": "preprocess",
    "kind": "k",
    "mode": "per_x",
    "rank": 8,
    "remaining_delta": 0.35138559341430664,
    "explained_delta_energy": 0.8765281438827515
  },
  {
    "target": 2,
    "source": "preprocess",
    "kind": "k",
    "mode": "shared",
    "rank": 16,
    "remaining_delta": 0.17985299229621887,
    "explained_delta_energy": 0.9676529169082642
  },
  {
    "target": 2,
    "source": "preprocess",
    "kind": "k",
    "mode": "per_x",
    "rank": 16,
    "remaining_delta": 0.30870765447616577,
    "explained_delta_energy": 0.9046995639801025
  },
  {
    "target": 2,
    "source": "preprocess",
    "kind": "k",
    "mode": "shared",
    "rank": 32,
    "remaining_delta": 0.14051759243011475,
    "explained_delta_energy": 0.9802548289299011
  },
  {
    "target": 2,
    "source": "preprocess",
    "kind": "k",
    "mode": "per_x",
    "rank": 32,
    "remaining_delta": 0.2388610988855362,
    "explained_delta_energy": 0.9429453611373901
  },
  {
    "target": 3,
    "source": "preprocess",
    "kind": "k",
    "mode": "shared",
    "rank": 0,
    "remaining_delta": 0.7537186741828918,
    "explained_delta_energy": 0.43190813064575195
  },
  {
    "target": 3,
    "source": "preprocess",
    "kind": "k",
    "mode": "per_x",
    "rank": 0,
    "remaining_delta": 0.7537186741828918,
    "explained_delta_energy": 0.43190813064575195
  },
  {
    "target": 3,
    "source": "preprocess",
    "kind": "k",
    "mode": "shared",
    "rank": 1,
    "remaining_delta": 0.6884858012199402,
    "explained_delta_energy": 0.5259872674942017
  },
  {
    "target": 3,
    "source": "preprocess",
    "kind": "k",
    "mode": "per_x",
    "rank": 1,
    "remaining_delta": 0.697824239730835,
    "explained_delta_energy": 0.5130413770675659
  },
  {
    "target": 3,
    "source": "preprocess",
    "kind": "k",
    "mode": "shared",
    "rank": 2,
    "remaining_delta": 0.6223234534263611,
    "explained_delta_energy": 0.6127135157585144
  },
  {
    "target": 3,
    "source": "preprocess",
    "kind": "k",
    "mode": "per_x",
    "rank": 2,
    "remaining_delta": 0.6208050847053528,
    "explained_delta_energy": 0.6146010756492615
  },
  {
    "target": 3,
    "source": "preprocess",
    "kind": "k",
    "mode": "shared",
    "rank": 4,
    "remaining_delta": 0.4879592955112457,
    "explained_delta_energy": 0.7618957161903381
  },
  {
    "target": 3,
    "source": "preprocess",
    "kind": "k",
    "mode": "per_x",
    "rank": 4,
    "remaining_delta": 0.468915194272995,
    "explained_delta_energy": 0.7801185250282288
  },
  {
    "target": 3,
    "source": "preprocess",
    "kind": "k",
    "mode": "shared",
    "rank": 8,
    "remaining_delta": 0.2805100381374359,
    "explained_delta_energy": 0.9213141202926636
  },
  {
    "target": 3,
    "source": "preprocess",
    "kind": "k",
    "mode": "per_x",
    "rank": 8,
    "remaining_delta": 0.385243684053421,
    "explained_delta_energy": 0.8515872955322266
  },
  {
    "target": 3,
    "source": "preprocess",
    "kind": "k",
    "mode": "shared",
    "rank": 16,
    "remaining_delta": 0.19636866450309753,
    "explained_delta_energy": 0.9614393711090088
  },
  {
    "target": 3,
    "source": "preprocess",
    "kind": "k",
    "mode": "per_x",
    "rank": 16,
    "remaining_delta": 0.3299767076969147,
    "explained_delta_energy": 0.8911153674125671
  },
  {
    "target": 3,
    "source": "preprocess",
    "kind": "k",
    "mode": "shared",
    "rank": 32,
    "remaining_delta": 0.1508924961090088,
    "explained_delta_energy": 0.9772314429283142
  },
  {
    "target": 3,
    "source": "preprocess",
    "kind": "k",
    "mode": "per_x",
    "rank": 32,
    "remaining_delta": 0.23787632584571838,
    "explained_delta_energy": 0.9434148669242859
  },
  {
    "target": 4,
    "source": "preprocess",
    "kind": "k",
    "mode": "shared",
    "rank": 0,
    "remaining_delta": 0.9250255823135376,
    "explained_delta_energy": 0.14432764053344727
  },
  {
    "target": 4,
    "source": "preprocess",
    "kind": "k",
    "mode": "per_x",
    "rank": 0,
    "remaining_delta": 0.9250255823135376,
    "explained_delta_energy": 0.14432764053344727
  },
  {
    "target": 4,
    "source": "preprocess",
    "kind": "k",
    "mode": "shared",
    "rank": 1,
    "remaining_delta": 0.8423916101455688,
    "explained_delta_energy": 0.29037636518478394
  },
  {
    "target": 4,
    "source": "preprocess",
    "kind": "k",
    "mode": "per_x",
    "rank": 1,
    "remaining_delta": 0.8905342817306519,
    "explained_delta_energy": 0.20694869756698608
  },
  {
    "target": 4,
    "source": "preprocess",
    "kind": "k",
    "mode": "shared",
    "rank": 2,
    "remaining_delta": 0.7959133386611938,
    "explained_delta_energy": 0.366521954536438
  },
  {
    "target": 4,
    "source": "preprocess",
    "kind": "k",
    "mode": "per_x",
    "rank": 2,
    "remaining_delta": 0.7487409114837646,
    "explained_delta_energy": 0.43938708305358887
  },
  {
    "target": 4,
    "source": "preprocess",
    "kind": "k",
    "mode": "shared",
    "rank": 4,
    "remaining_delta": 0.6738587617874146,
    "explained_delta_energy": 0.5459144115447998
  },
  {
    "target": 4,
    "source": "preprocess",
    "kind": "k",
    "mode": "per_x",
    "rank": 4,
    "remaining_delta": 0.6335936784744263,
    "explained_delta_energy": 0.5985590815544128
  },
  {
    "target": 4,
    "source": "preprocess",
    "kind": "k",
    "mode": "shared",
    "rank": 8,
    "remaining_delta": 0.38544762134552,
    "explained_delta_energy": 0.8514301180839539
  },
  {
    "target": 4,
    "source": "preprocess",
    "kind": "k",
    "mode": "per_x",
    "rank": 8,
    "remaining_delta": 0.5737209320068359,
    "explained_delta_energy": 0.670844316482544
  },
  {
    "target": 4,
    "source": "preprocess",
    "kind": "k",
    "mode": "shared",
    "rank": 16,
    "remaining_delta": 0.23276259005069733,
    "explained_delta_energy": 0.9458215832710266
  },
  {
    "target": 4,
    "source": "preprocess",
    "kind": "k",
    "mode": "per_x",
    "rank": 16,
    "remaining_delta": 0.40075212717056274,
    "explained_delta_energy": 0.8393977284431458
  },
  {
    "target": 4,
    "source": "preprocess",
    "kind": "k",
    "mode": "shared",
    "rank": 32,
    "remaining_delta": 0.19517500698566437,
    "explained_delta_energy": 0.9619067311286926
  },
  {
    "target": 4,
    "source": "preprocess",
    "kind": "k",
    "mode": "per_x",
    "rank": 32,
    "remaining_delta": 0.31456226110458374,
    "explained_delta_energy": 0.9010505676269531
  },
  {
    "target": 5,
    "source": "preprocess",
    "kind": "k",
    "mode": "shared",
    "rank": 0,
    "remaining_delta": 0.3770464062690735,
    "explained_delta_energy": 0.8578360080718994
  },
  {
    "target": 5,
    "source": "preprocess",
    "kind": "k",
    "mode": "per_x",
    "rank": 0,
    "remaining_delta": 0.3770464062690735,
    "explained_delta_energy": 0.8578360080718994
  },
  {
    "target": 5,
    "source": "preprocess",
    "kind": "k",
    "mode": "shared",
    "rank": 1,
    "remaining_delta": 0.31748950481414795,
    "explained_delta_energy": 0.899200439453125
  },
  {
    "target": 5,
    "source": "preprocess",
    "kind": "k",
    "mode": "per_x",
    "rank": 1,
    "remaining_delta": 0.3312171697616577,
    "explained_delta_energy": 0.890295147895813
  },
  {
    "target": 5,
    "source": "preprocess",
    "kind": "k",
    "mode": "shared",
    "rank": 2,
    "remaining_delta": 0.2778923213481903,
    "explained_delta_energy": 0.9227758646011353
  },
  {
    "target": 5,
    "source": "preprocess",
    "kind": "k",
    "mode": "per_x",
    "rank": 2,
    "remaining_delta": 0.2339920699596405,
    "explained_delta_energy": 0.9452477097511292
  },
  {
    "target": 5,
    "source": "preprocess",
    "kind": "k",
    "mode": "shared",
    "rank": 4,
    "remaining_delta": 0.24801978468894958,
    "explained_delta_energy": 0.9384862184524536
  },
  {
    "target": 5,
    "source": "preprocess",
    "kind": "k",
    "mode": "per_x",
    "rank": 4,
    "remaining_delta": 0.20706984400749207,
    "explained_delta_energy": 0.9571220874786377
  },
  {
    "target": 5,
    "source": "preprocess",
    "kind": "k",
    "mode": "shared",
    "rank": 8,
    "remaining_delta": 0.18183518946170807,
    "explained_delta_energy": 0.9669359922409058
  },
  {
    "target": 5,
    "source": "preprocess",
    "kind": "k",
    "mode": "per_x",
    "rank": 8,
    "remaining_delta": 0.16801269352436066,
    "explained_delta_energy": 0.9717717170715332
  },
  {
    "target": 5,
    "source": "preprocess",
    "kind": "k",
    "mode": "shared",
    "rank": 16,
    "remaining_delta": 0.11442576348781586,
    "explained_delta_energy": 0.9869067668914795
  },
  {
    "target": 5,
    "source": "preprocess",
    "kind": "k",
    "mode": "per_x",
    "rank": 16,
    "remaining_delta": 0.13494570553302765,
    "explained_delta_energy": 0.9817896485328674
  },
  {
    "target": 5,
    "source": "preprocess",
    "kind": "k",
    "mode": "shared",
    "rank": 32,
    "remaining_delta": 0.09561960399150848,
    "explained_delta_energy": 0.9908568859100342
  },
  {
    "target": 5,
    "source": "preprocess",
    "kind": "k",
    "mode": "per_x",
    "rank": 32,
    "remaining_delta": 0.12362167239189148,
    "explained_delta_energy": 0.9847176671028137
  }
]
