/mnt/qjhs-sh-lab-01/wjh/FusionRAG/.venv/lib/python3.10/site-packages/torch/cuda/__init__.py:61: FutureWarning: The pynvml package is deprecated. Please install nvidia-ml-py instead. If you did not install pynvml directly, please report this to the maintainers of the package that installed pynvml for you.
  import pynvml  # type: ignore[import]
/raid/home/hming/FusionRAG-pca-analysis/MOTIVATION_EXPERIMENTS/kv_lora/scripts/analyze_strict_cross_x_basis.py:19: FutureWarning: You are using `torch.load` with `weights_only=False` (the current default value), which uses the default pickle module implicitly. It is possible to construct malicious pickle data which will execute arbitrary code during unpickling (See https://github.com/pytorch/pytorch/blob/main/SECURITY.md#untrusted-models for more details). In a future release, the default value for `weights_only` will be flipped to `True`. This limits the functions that could be executed during unpickling. Arbitrary objects will no longer be allowed to be loaded via this mode unless they are explicitly allowlisted by the user via `torch.serialization.add_safe_globals`. We recommend you start setting `weights_only=True` for any use case where you don't have full control of the loaded file. Please open an issue on GitHub for any issues related to this experimental feature.
  ps=[torch.load(x,map_location="cpu") for x in sorted(D.glob(f"context_*_{a.source}.pt"))]
[
  {
    "target": 1,
    "source": "raw",
    "kind": "k",
    "mode": "shared",
    "rank": 0,
    "remaining_delta": 0.5972419381141663,
    "explained_delta_energy": 0.6433020830154419
  },
  {
    "target": 1,
    "source": "raw",
    "kind": "k",
    "mode": "per_x",
    "rank": 0,
    "remaining_delta": 0.5972419381141663,
    "explained_delta_energy": 0.6433020830154419
  },
  {
    "target": 1,
    "source": "raw",
    "kind": "k",
    "mode": "shared",
    "rank": 1,
    "remaining_delta": 0.5116572976112366,
    "explained_delta_energy": 0.7382068037986755
  },
  {
    "target": 1,
    "source": "raw",
    "kind": "k",
    "mode": "per_x",
    "rank": 1,
    "remaining_delta": 0.5158305764198303,
    "explained_delta_energy": 0.7339188456535339
  },
  {
    "target": 1,
    "source": "raw",
    "kind": "k",
    "mode": "shared",
    "rank": 2,
    "remaining_delta": 0.4787702262401581,
    "explained_delta_energy": 0.7707790732383728
  },
  {
    "target": 1,
    "source": "raw",
    "kind": "k",
    "mode": "per_x",
    "rank": 2,
    "remaining_delta": 0.42340922355651855,
    "explained_delta_energy": 0.820724606513977
  },
  {
    "target": 1,
    "source": "raw",
    "kind": "k",
    "mode": "shared",
    "rank": 4,
    "remaining_delta": 0.3849748969078064,
    "explained_delta_energy": 0.8517943620681763
  },
  {
    "target": 1,
    "source": "raw",
    "kind": "k",
    "mode": "per_x",
    "rank": 4,
    "remaining_delta": 0.36668968200683594,
    "explained_delta_energy": 0.8655387163162231
  },
  {
    "target": 1,
    "source": "raw",
    "kind": "k",
    "mode": "shared",
    "rank": 8,
    "remaining_delta": 0.26358214020729065,
    "explained_delta_energy": 0.930524468421936
  },
  {
    "target": 1,
    "source": "raw",
    "kind": "k",
    "mode": "per_x",
    "rank": 8,
    "remaining_delta": 0.31849992275238037,
    "explained_delta_energy": 0.8985577821731567
  },
  {
    "target": 1,
    "source": "raw",
    "kind": "k",
    "mode": "shared",
    "rank": 16,
    "remaining_delta": 0.19320379197597504,
    "explained_delta_energy": 0.9626722931861877
  },
  {
    "target": 1,
    "source": "raw",
    "kind": "k",
    "mode": "per_x",
    "rank": 16,
    "remaining_delta": 0.2578815519809723,
    "explained_delta_energy": 0.9334970712661743
  },
  {
    "target": 1,
    "source": "raw",
    "kind": "k",
    "mode": "shared",
    "rank": 32,
    "remaining_delta": 0.15465736389160156,
    "explained_delta_energy": 0.9760810732841492
  },
  {
    "target": 1,
    "source": "raw",
    "kind": "k",
    "mode": "per_x",
    "rank": 32,
    "remaining_delta": 0.22494497895240784,
    "explained_delta_energy": 0.9493997693061829
  },
  {
    "target": 2,
    "source": "raw",
    "kind": "k",
    "mode": "shared",
    "rank": 0,
    "remaining_delta": 0.5684862732887268,
    "explained_delta_energy": 0.6768233776092529
  },
  {
    "target": 2,
    "source": "raw",
    "kind": "k",
    "mode": "per_x",
    "rank": 0,
    "remaining_delta": 0.5684862732887268,
    "explained_delta_energy": 0.6768233776092529
  },
  {
    "target": 2,
    "source": "raw",
    "kind": "k",
    "mode": "shared",
    "rank": 1,
    "remaining_delta": 0.46391433477401733,
    "explained_delta_energy": 0.7847834825515747
  },
  {
    "target": 2,
    "source": "raw",
    "kind": "k",
    "mode": "per_x",
    "rank": 1,
    "remaining_delta": 0.4709226191043854,
    "explained_delta_energy": 0.7782318592071533
  },
  {
    "target": 2,
    "source": "raw",
    "kind": "k",
    "mode": "shared",
    "rank": 2,
    "remaining_delta": 0.4498422145843506,
    "explained_delta_energy": 0.7976419925689697
  },
  {
    "target": 2,
    "source": "raw",
    "kind": "k",
    "mode": "per_x",
    "rank": 2,
    "remaining_delta": 0.4187603294849396,
    "explained_delta_energy": 0.8246397972106934
  },
  {
    "target": 2,
    "source": "raw",
    "kind": "k",
    "mode": "shared",
    "rank": 4,
    "remaining_delta": 0.34192216396331787,
    "explained_delta_energy": 0.8830892443656921
  },
  {
    "target": 2,
    "source": "raw",
    "kind": "k",
    "mode": "per_x",
    "rank": 4,
    "remaining_delta": 0.3740914463996887,
    "explained_delta_energy": 0.8600555658340454
  },
  {
    "target": 2,
    "source": "raw",
    "kind": "k",
    "mode": "shared",
    "rank": 8,
    "remaining_delta": 0.23779384791851044,
    "explained_delta_energy": 0.9434540867805481
  },
  {
    "target": 2,
    "source": "raw",
    "kind": "k",
    "mode": "per_x",
    "rank": 8,
    "remaining_delta": 0.32723891735076904,
    "explained_delta_energy": 0.8929147124290466
  },
  {
    "target": 2,
    "source": "raw",
    "kind": "k",
    "mode": "shared",
    "rank": 16,
    "remaining_delta": 0.16748319566249847,
    "explained_delta_energy": 0.9719493985176086
  },
  {
    "target": 2,
    "source": "raw",
    "kind": "k",
    "mode": "per_x",
    "rank": 16,
    "remaining_delta": 0.28746211528778076,
    "explained_delta_energy": 0.917365550994873
  },
  {
    "target": 2,
    "source": "raw",
    "kind": "k",
    "mode": "shared",
    "rank": 32,
    "remaining_delta": 0.13085782527923584,
    "explained_delta_energy": 0.9828762412071228
  },
  {
    "target": 2,
    "source": "raw",
    "kind": "k",
    "mode": "per_x",
    "rank": 32,
    "remaining_delta": 0.22237662971019745,
    "explained_delta_energy": 0.9505486488342285
  },
  {
    "target": 3,
    "source": "raw",
    "kind": "k",
    "mode": "shared",
    "rank": 0,
    "remaining_delta": 0.6632052063941956,
    "explained_delta_energy": 0.5601588487625122
  },
  {
    "target": 3,
    "source": "raw",
    "kind": "k",
    "mode": "per_x",
    "rank": 0,
    "remaining_delta": 0.6632052063941956,
    "explained_delta_energy": 0.5601588487625122
  },
  {
    "target": 3,
    "source": "raw",
    "kind": "k",
    "mode": "shared",
    "rank": 1,
    "remaining_delta": 0.6057993769645691,
    "explained_delta_energy": 0.6330071687698364
  },
  {
    "target": 3,
    "source": "raw",
    "kind": "k",
    "mode": "per_x",
    "rank": 1,
    "remaining_delta": 0.614011824131012,
    "explained_delta_energy": 0.6229894757270813
  },
  {
    "target": 3,
    "source": "raw",
    "kind": "k",
    "mode": "shared",
    "rank": 2,
    "remaining_delta": 0.5475797057151794,
    "explained_delta_energy": 0.7001564502716064
  },
  {
    "target": 3,
    "source": "raw",
    "kind": "k",
    "mode": "per_x",
    "rank": 2,
    "remaining_delta": 0.5462185144424438,
    "explained_delta_energy": 0.7016453146934509
  },
  {
    "target": 3,
    "source": "raw",
    "kind": "k",
    "mode": "shared",
    "rank": 4,
    "remaining_delta": 0.42933452129364014,
    "explained_delta_energy": 0.8156718611717224
  },
  {
    "target": 3,
    "source": "raw",
    "kind": "k",
    "mode": "per_x",
    "rank": 4,
    "remaining_delta": 0.41256585717201233,
    "explained_delta_energy": 0.829789400100708
  },
  {
    "target": 3,
    "source": "raw",
    "kind": "k",
    "mode": "shared",
    "rank": 8,
    "remaining_delta": 0.24681170284748077,
    "explained_delta_energy": 0.939083993434906
  },
  {
    "target": 3,
    "source": "raw",
    "kind": "k",
    "mode": "per_x",
    "rank": 8,
    "remaining_delta": 0.3389994204044342,
    "explained_delta_energy": 0.8850793838500977
  },
  {
    "target": 3,
    "source": "raw",
    "kind": "k",
    "mode": "shared",
    "rank": 16,
    "remaining_delta": 0.1727811098098755,
    "explained_delta_energy": 0.9701467156410217
  },
  {
    "target": 3,
    "source": "raw",
    "kind": "k",
    "mode": "per_x",
    "rank": 16,
    "remaining_delta": 0.2903231084346771,
    "explained_delta_energy": 0.9157124757766724
  },
  {
    "target": 3,
    "source": "raw",
    "kind": "k",
    "mode": "shared",
    "rank": 32,
    "remaining_delta": 0.1327763944864273,
    "explained_delta_energy": 0.9823704361915588
  },
  {
    "target": 3,
    "source": "raw",
    "kind": "k",
    "mode": "per_x",
    "rank": 32,
    "remaining_delta": 0.209283247590065,
    "explained_delta_energy": 0.9562005400657654
  },
  {
    "target": 4,
    "source": "raw",
    "kind": "k",
    "mode": "shared",
    "rank": 0,
    "remaining_delta": 0.7022660374641418,
    "explained_delta_energy": 0.5068223476409912
  },
  {
    "target": 4,
    "source": "raw",
    "kind": "k",
    "mode": "per_x",
    "rank": 0,
    "remaining_delta": 0.7022660374641418,
    "explained_delta_energy": 0.5068223476409912
  },
  {
    "target": 4,
    "source": "raw",
    "kind": "k",
    "mode": "shared",
    "rank": 1,
    "remaining_delta": 0.6395253539085388,
    "explained_delta_energy": 0.5910072922706604
  },
  {
    "target": 4,
    "source": "raw",
    "kind": "k",
    "mode": "per_x",
    "rank": 1,
    "remaining_delta": 0.6760745048522949,
    "explained_delta_energy": 0.5429232120513916
  },
  {
    "target": 4,
    "source": "raw",
    "kind": "k",
    "mode": "shared",
    "rank": 2,
    "remaining_delta": 0.604242205619812,
    "explained_delta_energy": 0.6348913311958313
  },
  {
    "target": 4,
    "source": "raw",
    "kind": "k",
    "mode": "per_x",
    "rank": 2,
    "remaining_delta": 0.5684266090393066,
    "explained_delta_energy": 0.6768912076950073
  },
  {
    "target": 4,
    "source": "raw",
    "kind": "k",
    "mode": "shared",
    "rank": 4,
    "remaining_delta": 0.5115610957145691,
    "explained_delta_energy": 0.7383052110671997
  },
  {
    "target": 4,
    "source": "raw",
    "kind": "k",
    "mode": "per_x",
    "rank": 4,
    "remaining_delta": 0.4810171127319336,
    "explained_delta_energy": 0.7686225175857544
  },
  {
    "target": 4,
    "source": "raw",
    "kind": "k",
    "mode": "shared",
    "rank": 8,
    "remaining_delta": 0.2926042377948761,
    "explained_delta_energy": 0.9143827557563782
  },
  {
    "target": 4,
    "source": "raw",
    "kind": "k",
    "mode": "per_x",
    "rank": 8,
    "remaining_delta": 0.43555429577827454,
    "explained_delta_energy": 0.8102924823760986
  },
  {
    "target": 4,
    "source": "raw",
    "kind": "k",
    "mode": "shared",
    "rank": 16,
    "remaining_delta": 0.17671097815036774,
    "explained_delta_energy": 0.9687732458114624
  },
  {
    "target": 4,
    "source": "raw",
    "kind": "k",
    "mode": "per_x",
    "rank": 16,
    "remaining_delta": 0.3042357265949249,
    "explained_delta_energy": 0.9074406027793884
  },
  {
    "target": 4,
    "source": "raw",
    "kind": "k",
    "mode": "shared",
    "rank": 32,
    "remaining_delta": 0.14817553758621216,
    "explained_delta_energy": 0.9780440330505371
  },
  {
    "target": 4,
    "source": "raw",
    "kind": "k",
    "mode": "per_x",
    "rank": 32,
    "remaining_delta": 0.2387574464082718,
    "explained_delta_energy": 0.9429948925971985
  },
  {
    "target": 5,
    "source": "raw",
    "kind": "k",
    "mode": "shared",
    "rank": 0,
    "remaining_delta": 0.6407554149627686,
    "explained_delta_energy": 0.5894324779510498
  },
  {
    "target": 5,
    "source": "raw",
    "kind": "k",
    "mode": "per_x",
    "rank": 0,
    "remaining_delta": 0.6407554149627686,
    "explained_delta_energy": 0.5894324779510498
  },
  {
    "target": 5,
    "source": "raw",
    "kind": "k",
    "mode": "shared",
    "rank": 1,
    "remaining_delta": 0.5395399928092957,
    "explained_delta_energy": 0.7088965773582458
  },
  {
    "target": 5,
    "source": "raw",
    "kind": "k",
    "mode": "per_x",
    "rank": 1,
    "remaining_delta": 0.5628410577774048,
    "explained_delta_energy": 0.6832098960876465
  },
  {
    "target": 5,
    "source": "raw",
    "kind": "k",
    "mode": "shared",
    "rank": 2,
    "remaining_delta": 0.47224658727645874,
    "explained_delta_energy": 0.7769831418991089
  },
  {
    "target": 5,
    "source": "raw",
    "kind": "k",
    "mode": "per_x",
    "rank": 2,
    "remaining_delta": 0.3976283669471741,
    "explained_delta_energy": 0.8418917059898376
  },
  {
    "target": 5,
    "source": "raw",
    "kind": "k",
    "mode": "shared",
    "rank": 4,
    "remaining_delta": 0.42149364948272705,
    "explained_delta_energy": 0.822343111038208
  },
  {
    "target": 5,
    "source": "raw",
    "kind": "k",
    "mode": "per_x",
    "rank": 4,
    "remaining_delta": 0.3518853485584259,
    "explained_delta_energy": 0.8761767148971558
  },
  {
    "target": 5,
    "source": "raw",
    "kind": "k",
    "mode": "shared",
    "rank": 8,
    "remaining_delta": 0.3089873790740967,
    "explained_delta_energy": 0.9045268297195435
  },
  {
    "target": 5,
    "source": "raw",
    "kind": "k",
    "mode": "per_x",
    "rank": 8,
    "remaining_delta": 0.28548723459243774,
    "explained_delta_energy": 0.9184970259666443
  },
  {
    "target": 5,
    "source": "raw",
    "kind": "k",
    "mode": "shared",
    "rank": 16,
    "remaining_delta": 0.19445133209228516,
    "explained_delta_energy": 0.9621886610984802
  },
  {
    "target": 5,
    "source": "raw",
    "kind": "k",
    "mode": "per_x",
    "rank": 16,
    "remaining_delta": 0.22930744290351868,
    "explained_delta_energy": 0.9474180936813354
  },
  {
    "target": 5,
    "source": "raw",
    "kind": "k",
    "mode": "shared",
    "rank": 32,
    "remaining_delta": 0.16248001158237457,
    "explained_delta_energy": 0.9736002683639526
  },
  {
    "target": 5,
    "source": "raw",
    "kind": "k",
    "mode": "per_x",
    "rank": 32,
    "remaining_delta": 0.21004745364189148,
    "explained_delta_energy": 0.9558800458908081
  }
]
