/mnt/qjhs-sh-lab-01/wjh/FusionRAG/.venv/lib/python3.10/site-packages/torch/cuda/__init__.py:61: FutureWarning: The pynvml package is deprecated. Please install nvidia-ml-py instead. If you did not install pynvml directly, please report this to the maintainers of the package that installed pynvml for you.
  import pynvml  # type: ignore[import]
/raid/home/hming/FusionRAG-pca-analysis/MOTIVATION_EXPERIMENTS/kv_lora/scripts/analyze_strict_rank_directions.py:42: FutureWarning: You are using `torch.load` with `weights_only=False` (the current default value), which uses the default pickle module implicitly. It is possible to construct malicious pickle data which will execute arbitrary code during unpickling (See https://github.com/pytorch/pytorch/blob/main/SECURITY.md#untrusted-models for more details). In a future release, the default value for `weights_only` will be flipped to `True`. This limits the functions that could be executed during unpickling. Arbitrary objects will no longer be allowed to be loaded via this mode unless they are explicitly allowlisted by the user via `torch.serialization.add_safe_globals`. We recommend you start setting `weights_only=True` for any use case where you don't have full control of the loaded file. Please open an issue on GitHub for any issues related to this experimental feature.
  payload = [torch.load(x, map_location="cpu") for x in paths]
[
  {
    "target": 1,
    "source": "raw",
    "kind": "v",
    "method": "mean",
    "rank": 0,
    "original_gap": 0.388835908896297,
    "final_kv_error": 0.30905757550099383,
    "remaining_delta": 0.7948277626370662,
    "explained_delta_energy": 0.3682488277413556,
    "cosine": 0.6626338957979949,
    "train_effective_rank": 11.866909645497799
  },
  {
    "target": 1,
    "source": "raw",
    "kind": "v",
    "method": "oracle_r1",
    "rank": 1,
    "original_gap": 0.388835908896297,
    "final_kv_error": 0.2822737561773217,
    "remaining_delta": 0.7259457002789433,
    "explained_delta_energy": 0.4730028402465146,
    "cosine": 0.7059774723510637,
    "train_effective_rank": 11.866909645497799
  },
  {
    "target": 1,
    "source": "raw",
    "kind": "v",
    "method": "oracle_r2",
    "rank": 2,
    "original_gap": 0.388835908896297,
    "final_kv_error": 0.27245644187238643,
    "remaining_delta": 0.7006977381429319,
    "explained_delta_energy": 0.5090226797613793,
    "cosine": 0.7220227040456751,
    "train_effective_rank": 11.866909645497799
  },
  {
    "target": 1,
    "source": "raw",
    "kind": "v",
    "method": "oracle_r4",
    "rank": 4,
    "original_gap": 0.388835908896297,
    "final_kv_error": 0.2665207053791592,
    "remaining_delta": 0.6854323360609181,
    "explained_delta_energy": 0.5301825126820726,
    "cosine": 0.7350219394562332,
    "train_effective_rank": 11.866909645497799
  },
  {
    "target": 1,
    "source": "raw",
    "kind": "v",
    "method": "oracle_r8",
    "rank": 8,
    "original_gap": 0.388835908896297,
    "final_kv_error": 0.2470362679973893,
    "remaining_delta": 0.6353226704256735,
    "explained_delta_energy": 0.596365104443191,
    "cosine": 0.7723637751859936,
    "train_effective_rank": 11.866909645497799
  },
  {
    "target": 1,
    "source": "raw",
    "kind": "v",
    "method": "oracle_r16",
    "rank": 16,
    "original_gap": 0.388835908896297,
    "final_kv_error": 0.23964453031031388,
    "remaining_delta": 0.6163127551427545,
    "explained_delta_energy": 0.6201585878483471,
    "cosine": 0.7875014978023431,
    "train_effective_rank": 11.866909645497799
  },
  {
    "target": 1,
    "source": "raw",
    "kind": "v",
    "method": "oracle_r32",
    "rank": 32,
    "original_gap": 0.388835908896297,
    "final_kv_error": 0.2363902570287232,
    "remaining_delta": 0.6079434836656734,
    "explained_delta_energy": 0.6304047206684451,
    "cosine": 0.7939803705134854,
    "train_effective_rank": 11.866909645497799
  },
  {
    "target": 2,
    "source": "raw",
    "kind": "v",
    "method": "mean",
    "rank": 0,
    "original_gap": 0.35950626428227217,
    "final_kv_error": 0.27165086413680245,
    "remaining_delta": 0.7556220603808766,
    "explained_delta_energy": 0.4290353018657588,
    "cosine": 0.68142457763819,
    "train_effective_rank": 12.46253802627325
  },
  {
    "target": 2,
    "source": "raw",
    "kind": "v",
    "method": "oracle_r1",
    "rank": 1,
    "original_gap": 0.35950626428227217,
    "final_kv_error": 0.24820997019578606,
    "remaining_delta": 0.6904190409347082,
    "explained_delta_energy": 0.5233215479147978,
    "cosine": 0.7291972026582706,
    "train_effective_rank": 12.46253802627325
  },
  {
    "target": 2,
    "source": "raw",
    "kind": "v",
    "method": "oracle_r2",
    "rank": 2,
    "original_gap": 0.35950626428227217,
    "final_kv_error": 0.2460093431117782,
    "remaining_delta": 0.6842977927044409,
    "explained_delta_energy": 0.5317365308998301,
    "cosine": 0.7350291532195083,
    "train_effective_rank": 12.46253802627325
  },
  {
    "target": 2,
    "source": "raw",
    "kind": "v",
    "method": "oracle_r4",
    "rank": 4,
    "original_gap": 0.35950626428227217,
    "final_kv_error": 0.24055544256411418,
    "remaining_delta": 0.6691272627595669,
    "explained_delta_energy": 0.5522687062318896,
    "cosine": 0.7460995288080334,
    "train_effective_rank": 12.46253802627325
  },
  {
    "target": 2,
    "source": "raw",
    "kind": "v",
    "method": "oracle_r8",
    "rank": 8,
    "original_gap": 0.35950626428227217,
    "final_kv_error": 0.22416774123448532,
    "remaining_delta": 0.6235433523864173,
    "explained_delta_energy": 0.6111936876947082,
    "cosine": 0.7818053763639283,
    "train_effective_rank": 12.46253802627325
  },
  {
    "target": 2,
    "source": "raw",
    "kind": "v",
    "method": "oracle_r16",
    "rank": 16,
    "original_gap": 0.35950626428227217,
    "final_kv_error": 0.21834061854471207,
    "remaining_delta": 0.6073346704559185,
    "explained_delta_energy": 0.6311445980622009,
    "cosine": 0.7944480791295289,
    "train_effective_rank": 12.46253802627325
  },
  {
    "target": 2,
    "source": "raw",
    "kind": "v",
    "method": "oracle_r32",
    "rank": 32,
    "original_gap": 0.35950626428227217,
    "final_kv_error": 0.21432731209356598,
    "remaining_delta": 0.596171286532252,
    "explained_delta_energy": 0.6445797971144795,
    "cosine": 0.8028574148040509,
    "train_effective_rank": 12.46253802627325
  },
  {
    "target": 3,
    "source": "raw",
    "kind": "v",
    "method": "mean",
    "rank": 0,
    "original_gap": 0.3569379784635964,
    "final_kv_error": 0.2751958255132449,
    "remaining_delta": 0.7709905981363979,
    "explained_delta_energy": 0.4055734975852794,
    "cosine": 0.6985242703698141,
    "train_effective_rank": 10.33704350143671
  },
  {
    "target": 3,
    "source": "raw",
    "kind": "v",
    "method": "oracle_r1",
    "rank": 1,
    "original_gap": 0.3569379784635964,
    "final_kv_error": 0.24046192199336436,
    "remaining_delta": 0.6736798449646869,
    "explained_delta_energy": 0.5461554664883554,
    "cosine": 0.750329753658351,
    "train_effective_rank": 10.33704350143671
  },
  {
    "target": 3,
    "source": "raw",
    "kind": "v",
    "method": "oracle_r2",
    "rank": 2,
    "original_gap": 0.3569379784635964,
    "final_kv_error": 0.23857097745351818,
    "remaining_delta": 0.6683821611822395,
    "explained_delta_energy": 0.5532652866133589,
    "cosine": 0.7536398211359959,
    "train_effective_rank": 10.33704350143671
  },
  {
    "target": 3,
    "source": "raw",
    "kind": "v",
    "method": "oracle_r4",
    "rank": 4,
    "original_gap": 0.3569379784635964,
    "final_kv_error": 0.225156438005873,
    "remaining_delta": 0.6307998912725293,
    "explained_delta_energy": 0.6020914971705651,
    "cosine": 0.7767814959211032,
    "train_effective_rank": 10.33704350143671
  },
  {
    "target": 3,
    "source": "raw",
    "kind": "v",
    "method": "oracle_r8",
    "rank": 8,
    "original_gap": 0.3569379784635964,
    "final_kv_error": 0.2120322927782613,
    "remaining_delta": 0.5940311918920284,
    "explained_delta_energy": 0.6471269430593362,
    "cosine": 0.8044443209992115,
    "train_effective_rank": 10.33704350143671
  },
  {
    "target": 3,
    "source": "raw",
    "kind": "v",
    "method": "oracle_r16",
    "rank": 16,
    "original_gap": 0.3569379784635964,
    "final_kv_error": 0.20774465358216895,
    "remaining_delta": 0.5820189111743864,
    "explained_delta_energy": 0.6612539870353817,
    "cosine": 0.8131756526721214,
    "train_effective_rank": 10.33704350143671
  },
  {
    "target": 3,
    "source": "raw",
    "kind": "v",
    "method": "oracle_r32",
    "rank": 32,
    "original_gap": 0.3569379784635964,
    "final_kv_error": 0.20487776782483008,
    "remaining_delta": 0.573987023478717,
    "explained_delta_energy": 0.6705388968780428,
    "cosine": 0.818864412258267,
    "train_effective_rank": 10.33704350143671
  },
  {
    "target": 4,
    "source": "raw",
    "kind": "v",
    "method": "mean",
    "rank": 0,
    "original_gap": 0.3807998872984692,
    "final_kv_error": 0.2945829599413484,
    "remaining_delta": 0.7735899346799325,
    "explained_delta_energy": 0.40155861296189777,
    "cosine": 0.6569893835717958,
    "train_effective_rank": 11.309310100972652
  },
  {
    "target": 4,
    "source": "raw",
    "kind": "v",
    "method": "oracle_r1",
    "rank": 1,
    "original_gap": 0.3807998872984692,
    "final_kv_error": 0.2895148036460003,
    "remaining_delta": 0.7602806967720553,
    "explained_delta_energy": 0.4219732621157981,
    "cosine": 0.667137991474782,
    "train_effective_rank": 11.309310100972652
  },
  {
    "target": 4,
    "source": "raw",
    "kind": "v",
    "method": "oracle_r2",
    "rank": 2,
    "original_gap": 0.3807998872984692,
    "final_kv_error": 0.27700956730947895,
    "remaining_delta": 0.7274413059170897,
    "explained_delta_energy": 0.4708291464456392,
    "cosine": 0.688073566693968,
    "train_effective_rank": 11.309310100972652
  },
  {
    "target": 4,
    "source": "raw",
    "kind": "v",
    "method": "oracle_r4",
    "rank": 4,
    "original_gap": 0.3807998872984692,
    "final_kv_error": 0.2710247440186898,
    "remaining_delta": 0.7117248535482413,
    "explained_delta_energy": 0.4934477328417344,
    "cosine": 0.7025497411020512,
    "train_effective_rank": 11.309310100972652
  },
  {
    "target": 4,
    "source": "raw",
    "kind": "v",
    "method": "oracle_r8",
    "rank": 8,
    "original_gap": 0.3807998872984692,
    "final_kv_error": 0.2645926189069863,
    "remaining_delta": 0.6948337636969935,
    "explained_delta_energy": 0.5172060408266705,
    "cosine": 0.7191755900566058,
    "train_effective_rank": 11.309310100972652
  },
  {
    "target": 4,
    "source": "raw",
    "kind": "v",
    "method": "oracle_r16",
    "rank": 16,
    "original_gap": 0.3807998872984692,
    "final_kv_error": 0.26214345767930736,
    "remaining_delta": 0.6884021409224854,
    "explained_delta_energy": 0.5261024923733385,
    "cosine": 0.7253293849971779,
    "train_effective_rank": 11.309310100972652
  },
  {
    "target": 4,
    "source": "raw",
    "kind": "v",
    "method": "oracle_r32",
    "rank": 32,
    "original_gap": 0.3807998872984692,
    "final_kv_error": 0.2597866139485532,
    "remaining_delta": 0.6822129486213152,
    "explained_delta_energy": 0.5345854927334108,
    "cosine": 0.7311535557503365,
    "train_effective_rank": 11.309310100972652
  },
  {
    "target": 5,
    "source": "raw",
    "kind": "v",
    "method": "mean",
    "rank": 0,
    "original_gap": 0.3801237373528846,
    "final_kv_error": 0.2526654038452801,
    "remaining_delta": 0.6646925172439845,
    "explained_delta_energy": 0.5581838575198553,
    "cosine": 0.7589907010827591,
    "train_effective_rank": 12.272892281413078
  },
  {
    "target": 5,
    "source": "raw",
    "kind": "v",
    "method": "oracle_r1",
    "rank": 1,
    "original_gap": 0.3801237373528846,
    "final_kv_error": 0.231320081443783,
    "remaining_delta": 0.6085389011869021,
    "explained_delta_energy": 0.6296804057422377,
    "cosine": 0.793711155483728,
    "train_effective_rank": 12.272892281413078
  },
  {
    "target": 5,
    "source": "raw",
    "kind": "v",
    "method": "oracle_r2",
    "rank": 2,
    "original_gap": 0.3801237373528846,
    "final_kv_error": 0.2244447421526782,
    "remaining_delta": 0.5904517926601276,
    "explained_delta_energy": 0.6513666805444417,
    "cosine": 0.807121306523129,
    "train_effective_rank": 12.272892281413078
  },
  {
    "target": 5,
    "source": "raw",
    "kind": "v",
    "method": "oracle_r4",
    "rank": 4,
    "original_gap": 0.3801237373528846,
    "final_kv_error": 0.20898344801904448,
    "remaining_delta": 0.54977742109548,
    "explained_delta_energy": 0.6977447872536033,
    "cosine": 0.8355304293106137,
    "train_effective_rank": 12.272892281413078
  },
  {
    "target": 5,
    "source": "raw",
    "kind": "v",
    "method": "oracle_r8",
    "rank": 8,
    "original_gap": 0.3801237373528846,
    "final_kv_error": 0.1963115907010239,
    "remaining_delta": 0.5164412832203104,
    "explained_delta_energy": 0.7332884009857592,
    "cosine": 0.8563251048074416,
    "train_effective_rank": 12.272892281413078
  },
  {
    "target": 5,
    "source": "raw",
    "kind": "v",
    "method": "oracle_r16",
    "rank": 16,
    "original_gap": 0.3801237373528846,
    "final_kv_error": 0.1919481404085062,
    "remaining_delta": 0.5049622571460535,
    "explained_delta_energy": 0.745013118857963,
    "cosine": 0.8631415902106431,
    "train_effective_rank": 12.272892281413078
  },
  {
    "target": 5,
    "source": "raw",
    "kind": "v",
    "method": "oracle_r32",
    "rank": 32,
    "original_gap": 0.3801237373528846,
    "final_kv_error": 0.18877613070690855,
    "remaining_delta": 0.49661758042660686,
    "explained_delta_energy": 0.7533709788112226,
    "cosine": 0.8679695832969176,
    "train_effective_rank": 12.272892281413078
  }
]
