/mnt/qjhs-sh-lab-01/wjh/FusionRAG/.venv/lib/python3.10/site-packages/torch/cuda/__init__.py:61: FutureWarning: The pynvml package is deprecated. Please install nvidia-ml-py instead. If you did not install pynvml directly, please report this to the maintainers of the package that installed pynvml for you.
  import pynvml  # type: ignore[import]
/raid/home/hming/FusionRAG-pca-analysis/MOTIVATION_EXPERIMENTS/kv_lora/scripts/analyze_strict_cross_x_basis.py:19: FutureWarning: You are using `torch.load` with `weights_only=False` (the current default value), which uses the default pickle module implicitly. It is possible to construct malicious pickle data which will execute arbitrary code during unpickling (See https://github.com/pytorch/pytorch/blob/main/SECURITY.md#untrusted-models for more details). In a future release, the default value for `weights_only` will be flipped to `True`. This limits the functions that could be executed during unpickling. Arbitrary objects will no longer be allowed to be loaded via this mode unless they are explicitly allowlisted by the user via `torch.serialization.add_safe_globals`. We recommend you start setting `weights_only=True` for any use case where you don't have full control of the loaded file. Please open an issue on GitHub for any issues related to this experimental feature.
  ps=[torch.load(x,map_location="cpu") for x in sorted(D.glob(f"context_*_{a.source}.pt"))]
[
  {
    "target": 1,
    "source": "raw",
    "kind": "v",
    "mode": "shared",
    "rank": 0,
    "remaining_delta": 0.8097630739212036,
    "explained_delta_energy": 0.3442837595939636
  },
  {
    "target": 1,
    "source": "raw",
    "kind": "v",
    "mode": "per_x",
    "rank": 0,
    "remaining_delta": 0.8097630739212036,
    "explained_delta_energy": 0.3442837595939636
  },
  {
    "target": 1,
    "source": "raw",
    "kind": "v",
    "mode": "shared",
    "rank": 1,
    "remaining_delta": 0.7481626868247986,
    "explained_delta_energy": 0.4402526021003723
  },
  {
    "target": 1,
    "source": "raw",
    "kind": "v",
    "mode": "per_x",
    "rank": 1,
    "remaining_delta": 0.7322614789009094,
    "explained_delta_energy": 0.4637930989265442
  },
  {
    "target": 1,
    "source": "raw",
    "kind": "v",
    "mode": "shared",
    "rank": 2,
    "remaining_delta": 0.7098698616027832,
    "explained_delta_energy": 0.4960848093032837
  },
  {
    "target": 1,
    "source": "raw",
    "kind": "v",
    "mode": "per_x",
    "rank": 2,
    "remaining_delta": 0.7023658752441406,
    "explained_delta_energy": 0.5066821575164795
  },
  {
    "target": 1,
    "source": "raw",
    "kind": "v",
    "mode": "shared",
    "rank": 4,
    "remaining_delta": 0.6816489100456238,
    "explained_delta_energy": 0.535354733467102
  },
  {
    "target": 1,
    "source": "raw",
    "kind": "v",
    "mode": "per_x",
    "rank": 4,
    "remaining_delta": 0.6734504699707031,
    "explained_delta_energy": 0.5464644432067871
  },
  {
    "target": 1,
    "source": "raw",
    "kind": "v",
    "mode": "shared",
    "rank": 8,
    "remaining_delta": 0.6286543607711792,
    "explained_delta_energy": 0.6047936677932739
  },
  {
    "target": 1,
    "source": "raw",
    "kind": "v",
    "mode": "per_x",
    "rank": 8,
    "remaining_delta": 0.6199065446853638,
    "explained_delta_energy": 0.6157158613204956
  },
  {
    "target": 1,
    "source": "raw",
    "kind": "v",
    "mode": "shared",
    "rank": 16,
    "remaining_delta": 0.5523098707199097,
    "explained_delta_energy": 0.6949537992477417
  },
  {
    "target": 1,
    "source": "raw",
    "kind": "v",
    "mode": "per_x",
    "rank": 16,
    "remaining_delta": 0.5862690210342407,
    "explained_delta_energy": 0.6562886238098145
  },
  {
    "target": 1,
    "source": "raw",
    "kind": "v",
    "mode": "shared",
    "rank": 32,
    "remaining_delta": 0.4909507930278778,
    "explained_delta_energy": 0.7589672803878784
  },
  {
    "target": 1,
    "source": "raw",
    "kind": "v",
    "mode": "per_x",
    "rank": 32,
    "remaining_delta": 0.5674856305122375,
    "explained_delta_energy": 0.6779600381851196
  },
  {
    "target": 2,
    "source": "raw",
    "kind": "v",
    "mode": "shared",
    "rank": 0,
    "remaining_delta": 0.738383412361145,
    "explained_delta_energy": 0.454789936542511
  },
  {
    "target": 2,
    "source": "raw",
    "kind": "v",
    "mode": "per_x",
    "rank": 0,
    "remaining_delta": 0.738383412361145,
    "explained_delta_energy": 0.454789936542511
  },
  {
    "target": 2,
    "source": "raw",
    "kind": "v",
    "mode": "shared",
    "rank": 1,
    "remaining_delta": 0.675134539604187,
    "explained_delta_energy": 0.5441933870315552
  },
  {
    "target": 2,
    "source": "raw",
    "kind": "v",
    "mode": "per_x",
    "rank": 1,
    "remaining_delta": 0.6862595081329346,
    "explained_delta_energy": 0.5290478467941284
  },
  {
    "target": 2,
    "source": "raw",
    "kind": "v",
    "mode": "shared",
    "rank": 2,
    "remaining_delta": 0.664075493812561,
    "explained_delta_energy": 0.5590037703514099
  },
  {
    "target": 2,
    "source": "raw",
    "kind": "v",
    "mode": "per_x",
    "rank": 2,
    "remaining_delta": 0.6549538969993591,
    "explained_delta_energy": 0.5710353851318359
  },
  {
    "target": 2,
    "source": "raw",
    "kind": "v",
    "mode": "shared",
    "rank": 4,
    "remaining_delta": 0.636551022529602,
    "explained_delta_energy": 0.594802737236023
  },
  {
    "target": 2,
    "source": "raw",
    "kind": "v",
    "mode": "per_x",
    "rank": 4,
    "remaining_delta": 0.6314289569854736,
    "explained_delta_energy": 0.6012974381446838
  },
  {
    "target": 2,
    "source": "raw",
    "kind": "v",
    "mode": "shared",
    "rank": 8,
    "remaining_delta": 0.5839671492576599,
    "explained_delta_energy": 0.6589823961257935
  },
  {
    "target": 2,
    "source": "raw",
    "kind": "v",
    "mode": "per_x",
    "rank": 8,
    "remaining_delta": 0.5904194116592407,
    "explained_delta_energy": 0.6514049172401428
  },
  {
    "target": 2,
    "source": "raw",
    "kind": "v",
    "mode": "shared",
    "rank": 16,
    "remaining_delta": 0.49867886304855347,
    "explained_delta_energy": 0.751319408416748
  },
  {
    "target": 2,
    "source": "raw",
    "kind": "v",
    "mode": "per_x",
    "rank": 16,
    "remaining_delta": 0.5733485817909241,
    "explained_delta_energy": 0.6712714433670044
  },
  {
    "target": 2,
    "source": "raw",
    "kind": "v",
    "mode": "shared",
    "rank": 32,
    "remaining_delta": 0.4676750600337982,
    "explained_delta_energy": 0.7812800407409668
  },
  {
    "target": 2,
    "source": "raw",
    "kind": "v",
    "mode": "per_x",
    "rank": 32,
    "remaining_delta": 0.5566700100898743,
    "explained_delta_energy": 0.6901185512542725
  },
  {
    "target": 3,
    "source": "raw",
    "kind": "v",
    "mode": "shared",
    "rank": 0,
    "remaining_delta": 0.7777848243713379,
    "explained_delta_energy": 0.3950507640838623
  },
  {
    "target": 3,
    "source": "raw",
    "kind": "v",
    "mode": "per_x",
    "rank": 0,
    "remaining_delta": 0.7777848243713379,
    "explained_delta_energy": 0.3950507640838623
  },
  {
    "target": 3,
    "source": "raw",
    "kind": "v",
    "mode": "shared",
    "rank": 1,
    "remaining_delta": 0.758664608001709,
    "explained_delta_energy": 0.4244280457496643
  },
  {
    "target": 3,
    "source": "raw",
    "kind": "v",
    "mode": "per_x",
    "rank": 1,
    "remaining_delta": 0.6974805593490601,
    "explained_delta_energy": 0.5135208368301392
  },
  {
    "target": 3,
    "source": "raw",
    "kind": "v",
    "mode": "shared",
    "rank": 2,
    "remaining_delta": 0.7230061292648315,
    "explained_delta_energy": 0.47726213932037354
  },
  {
    "target": 3,
    "source": "raw",
    "kind": "v",
    "mode": "per_x",
    "rank": 2,
    "remaining_delta": 0.6600068807601929,
    "explained_delta_energy": 0.5643908977508545
  },
  {
    "target": 3,
    "source": "raw",
    "kind": "v",
    "mode": "shared",
    "rank": 4,
    "remaining_delta": 0.6612160205841064,
    "explained_delta_energy": 0.5627933740615845
  },
  {
    "target": 3,
    "source": "raw",
    "kind": "v",
    "mode": "per_x",
    "rank": 4,
    "remaining_delta": 0.6168542504310608,
    "explained_delta_energy": 0.6194908022880554
  },
  {
    "target": 3,
    "source": "raw",
    "kind": "v",
    "mode": "shared",
    "rank": 8,
    "remaining_delta": 0.5422323346138,
    "explained_delta_energy": 0.7059841156005859
  },
  {
    "target": 3,
    "source": "raw",
    "kind": "v",
    "mode": "per_x",
    "rank": 8,
    "remaining_delta": 0.5732167363166809,
    "explained_delta_energy": 0.6714226007461548
  },
  {
    "target": 3,
    "source": "raw",
    "kind": "v",
    "mode": "shared",
    "rank": 16,
    "remaining_delta": 0.4741054177284241,
    "explained_delta_energy": 0.7752240896224976
  },
  {
    "target": 3,
    "source": "raw",
    "kind": "v",
    "mode": "per_x",
    "rank": 16,
    "remaining_delta": 0.5320245027542114,
    "explained_delta_energy": 0.7169499397277832
  },
  {
    "target": 3,
    "source": "raw",
    "kind": "v",
    "mode": "shared",
    "rank": 32,
    "remaining_delta": 0.4055000841617584,
    "explained_delta_energy": 0.8355696797370911
  },
  {
    "target": 3,
    "source": "raw",
    "kind": "v",
    "mode": "per_x",
    "rank": 32,
    "remaining_delta": 0.4945431351661682,
    "explained_delta_energy": 0.7554271221160889
  },
  {
    "target": 4,
    "source": "raw",
    "kind": "v",
    "mode": "shared",
    "rank": 0,
    "remaining_delta": 0.8023248314857483,
    "explained_delta_energy": 0.35627490282058716
  },
  {
    "target": 4,
    "source": "raw",
    "kind": "v",
    "mode": "per_x",
    "rank": 0,
    "remaining_delta": 0.8023248314857483,
    "explained_delta_energy": 0.35627490282058716
  },
  {
    "target": 4,
    "source": "raw",
    "kind": "v",
    "mode": "shared",
    "rank": 1,
    "remaining_delta": 0.7827820777893066,
    "explained_delta_energy": 0.38725221157073975
  },
  {
    "target": 4,
    "source": "raw",
    "kind": "v",
    "mode": "per_x",
    "rank": 1,
    "remaining_delta": 0.7790967226028442,
    "explained_delta_energy": 0.393008291721344
  },
  {
    "target": 4,
    "source": "raw",
    "kind": "v",
    "mode": "shared",
    "rank": 2,
    "remaining_delta": 0.7626453042030334,
    "explained_delta_energy": 0.41837215423583984
  },
  {
    "target": 4,
    "source": "raw",
    "kind": "v",
    "mode": "per_x",
    "rank": 2,
    "remaining_delta": 0.6967938542366028,
    "explained_delta_energy": 0.514478325843811
  },
  {
    "target": 4,
    "source": "raw",
    "kind": "v",
    "mode": "shared",
    "rank": 4,
    "remaining_delta": 0.7153359651565552,
    "explained_delta_energy": 0.48829448223114014
  },
  {
    "target": 4,
    "source": "raw",
    "kind": "v",
    "mode": "per_x",
    "rank": 4,
    "remaining_delta": 0.6620211005210876,
    "explained_delta_energy": 0.5617281198501587
  },
  {
    "target": 4,
    "source": "raw",
    "kind": "v",
    "mode": "shared",
    "rank": 8,
    "remaining_delta": 0.6198642253875732,
    "explained_delta_energy": 0.6157683730125427
  },
  {
    "target": 4,
    "source": "raw",
    "kind": "v",
    "mode": "per_x",
    "rank": 8,
    "remaining_delta": 0.6303473114967346,
    "explained_delta_energy": 0.6026623249053955
  },
  {
    "target": 4,
    "source": "raw",
    "kind": "v",
    "mode": "shared",
    "rank": 16,
    "remaining_delta": 0.5038973689079285,
    "explained_delta_energy": 0.7460874319076538
  },
  {
    "target": 4,
    "source": "raw",
    "kind": "v",
    "mode": "per_x",
    "rank": 16,
    "remaining_delta": 0.5978224277496338,
    "explained_delta_energy": 0.6426083445549011
  },
  {
    "target": 4,
    "source": "raw",
    "kind": "v",
    "mode": "shared",
    "rank": 32,
    "remaining_delta": 0.4585874378681183,
    "explained_delta_energy": 0.7896975874900818
  },
  {
    "target": 4,
    "source": "raw",
    "kind": "v",
    "mode": "per_x",
    "rank": 32,
    "remaining_delta": 0.5666213035583496,
    "explained_delta_energy": 0.6789402961730957
  },
  {
    "target": 5,
    "source": "raw",
    "kind": "v",
    "mode": "shared",
    "rank": 0,
    "remaining_delta": 0.7226499915122986,
    "explained_delta_energy": 0.47777700424194336
  },
  {
    "target": 5,
    "source": "raw",
    "kind": "v",
    "mode": "per_x",
    "rank": 0,
    "remaining_delta": 0.7226499915122986,
    "explained_delta_energy": 0.47777700424194336
  },
  {
    "target": 5,
    "source": "raw",
    "kind": "v",
    "mode": "shared",
    "rank": 1,
    "remaining_delta": 0.7032704949378967,
    "explained_delta_energy": 0.5054106116294861
  },
  {
    "target": 5,
    "source": "raw",
    "kind": "v",
    "mode": "per_x",
    "rank": 1,
    "remaining_delta": 0.6855483651161194,
    "explained_delta_energy": 0.530023455619812
  },
  {
    "target": 5,
    "source": "raw",
    "kind": "v",
    "mode": "shared",
    "rank": 2,
    "remaining_delta": 0.6714954376220703,
    "explained_delta_energy": 0.5490939021110535
  },
  {
    "target": 5,
    "source": "raw",
    "kind": "v",
    "mode": "per_x",
    "rank": 2,
    "remaining_delta": 0.5974448323249817,
    "explained_delta_energy": 0.6430596709251404
  },
  {
    "target": 5,
    "source": "raw",
    "kind": "v",
    "mode": "shared",
    "rank": 4,
    "remaining_delta": 0.6364052295684814,
    "explained_delta_energy": 0.5949883460998535
  },
  {
    "target": 5,
    "source": "raw",
    "kind": "v",
    "mode": "per_x",
    "rank": 4,
    "remaining_delta": 0.5653294324874878,
    "explained_delta_energy": 0.6804026365280151
  },
  {
    "target": 5,
    "source": "raw",
    "kind": "v",
    "mode": "shared",
    "rank": 8,
    "remaining_delta": 0.5772966146469116,
    "explained_delta_energy": 0.6667286157608032
  },
  {
    "target": 5,
    "source": "raw",
    "kind": "v",
    "mode": "per_x",
    "rank": 8,
    "remaining_delta": 0.5201392769813538,
    "explained_delta_energy": 0.7294551134109497
  },
  {
    "target": 5,
    "source": "raw",
    "kind": "v",
    "mode": "shared",
    "rank": 16,
    "remaining_delta": 0.4865652322769165,
    "explained_delta_energy": 0.7632542848587036
  },
  {
    "target": 5,
    "source": "raw",
    "kind": "v",
    "mode": "per_x",
    "rank": 16,
    "remaining_delta": 0.5006681680679321,
    "explained_delta_energy": 0.7493314146995544
  },
  {
    "target": 5,
    "source": "raw",
    "kind": "v",
    "mode": "shared",
    "rank": 32,
    "remaining_delta": 0.4387264549732208,
    "explained_delta_energy": 0.8075190782546997
  },
  {
    "target": 5,
    "source": "raw",
    "kind": "v",
    "mode": "per_x",
    "rank": 32,
    "remaining_delta": 0.4775960445404053,
    "explained_delta_energy": 0.7719020247459412
  }
]
