/mnt/qjhs-sh-lab-01/wjh/FusionRAG/.venv/lib/python3.10/site-packages/torch/cuda/__init__.py:61: FutureWarning: The pynvml package is deprecated. Please install nvidia-ml-py instead. If you did not install pynvml directly, please report this to the maintainers of the package that installed pynvml for you.
  import pynvml  # type: ignore[import]
/raid/home/hming/FusionRAG-pca-analysis/MOTIVATION_EXPERIMENTS/kv_lora/scripts/analyze_strict_cross_x_basis.py:19: FutureWarning: You are using `torch.load` with `weights_only=False` (the current default value), which uses the default pickle module implicitly. It is possible to construct malicious pickle data which will execute arbitrary code during unpickling (See https://github.com/pytorch/pytorch/blob/main/SECURITY.md#untrusted-models for more details). In a future release, the default value for `weights_only` will be flipped to `True`. This limits the functions that could be executed during unpickling. Arbitrary objects will no longer be allowed to be loaded via this mode unless they are explicitly allowlisted by the user via `torch.serialization.add_safe_globals`. We recommend you start setting `weights_only=True` for any use case where you don't have full control of the loaded file. Please open an issue on GitHub for any issues related to this experimental feature.
  ps=[torch.load(x,map_location="cpu") for x in sorted(D.glob(f"context_*_{a.source}.pt"))]
[
  {
    "target": 1,
    "source": "preprocess",
    "kind": "v",
    "mode": "shared",
    "rank": 0,
    "remaining_delta": 0.8591616153717041,
    "explained_delta_energy": 0.2618412971496582
  },
  {
    "target": 1,
    "source": "preprocess",
    "kind": "v",
    "mode": "per_x",
    "rank": 0,
    "remaining_delta": 0.8591616153717041,
    "explained_delta_energy": 0.2618412971496582
  },
  {
    "target": 1,
    "source": "preprocess",
    "kind": "v",
    "mode": "shared",
    "rank": 1,
    "remaining_delta": 0.7938015460968018,
    "explained_delta_energy": 0.3698790669441223
  },
  {
    "target": 1,
    "source": "preprocess",
    "kind": "v",
    "mode": "per_x",
    "rank": 1,
    "remaining_delta": 0.7769319415092468,
    "explained_delta_energy": 0.39637672901153564
  },
  {
    "target": 1,
    "source": "preprocess",
    "kind": "v",
    "mode": "shared",
    "rank": 2,
    "remaining_delta": 0.7531741261482239,
    "explained_delta_energy": 0.43272876739501953
  },
  {
    "target": 1,
    "source": "preprocess",
    "kind": "v",
    "mode": "per_x",
    "rank": 2,
    "remaining_delta": 0.7452134490013123,
    "explained_delta_energy": 0.4446569085121155
  },
  {
    "target": 1,
    "source": "preprocess",
    "kind": "v",
    "mode": "shared",
    "rank": 4,
    "remaining_delta": 0.7232320308685303,
    "explained_delta_energy": 0.47693538665771484
  },
  {
    "target": 1,
    "source": "preprocess",
    "kind": "v",
    "mode": "per_x",
    "rank": 4,
    "remaining_delta": 0.7145334482192993,
    "explained_delta_energy": 0.4894419312477112
  },
  {
    "target": 1,
    "source": "preprocess",
    "kind": "v",
    "mode": "shared",
    "rank": 8,
    "remaining_delta": 0.6670058369636536,
    "explained_delta_energy": 0.5551031827926636
  },
  {
    "target": 1,
    "source": "preprocess",
    "kind": "v",
    "mode": "per_x",
    "rank": 8,
    "remaining_delta": 0.6577229499816895,
    "explained_delta_energy": 0.5674005746841431
  },
  {
    "target": 1,
    "source": "preprocess",
    "kind": "v",
    "mode": "shared",
    "rank": 16,
    "remaining_delta": 0.5860027074813843,
    "explained_delta_energy": 0.656600832939148
  },
  {
    "target": 1,
    "source": "preprocess",
    "kind": "v",
    "mode": "per_x",
    "rank": 16,
    "remaining_delta": 0.6220331788063049,
    "explained_delta_energy": 0.6130747199058533
  },
  {
    "target": 1,
    "source": "preprocess",
    "kind": "v",
    "mode": "shared",
    "rank": 32,
    "remaining_delta": 0.520900309085846,
    "explained_delta_energy": 0.7286628484725952
  },
  {
    "target": 1,
    "source": "preprocess",
    "kind": "v",
    "mode": "per_x",
    "rank": 32,
    "remaining_delta": 0.6021039485931396,
    "explained_delta_energy": 0.6374708414077759
  },
  {
    "target": 2,
    "source": "preprocess",
    "kind": "v",
    "mode": "shared",
    "rank": 0,
    "remaining_delta": 0.652182400226593,
    "explained_delta_energy": 0.5746580958366394
  },
  {
    "target": 2,
    "source": "preprocess",
    "kind": "v",
    "mode": "per_x",
    "rank": 0,
    "remaining_delta": 0.652182400226593,
    "explained_delta_energy": 0.5746580958366394
  },
  {
    "target": 2,
    "source": "preprocess",
    "kind": "v",
    "mode": "shared",
    "rank": 1,
    "remaining_delta": 0.5963184833526611,
    "explained_delta_energy": 0.6444042325019836
  },
  {
    "target": 2,
    "source": "preprocess",
    "kind": "v",
    "mode": "per_x",
    "rank": 1,
    "remaining_delta": 0.6061433553695679,
    "explained_delta_energy": 0.6325901746749878
  },
  {
    "target": 2,
    "source": "preprocess",
    "kind": "v",
    "mode": "shared",
    "rank": 2,
    "remaining_delta": 0.5865501761436462,
    "explained_delta_energy": 0.655958890914917
  },
  {
    "target": 2,
    "source": "preprocess",
    "kind": "v",
    "mode": "per_x",
    "rank": 2,
    "remaining_delta": 0.5784927606582642,
    "explained_delta_energy": 0.6653461456298828
  },
  {
    "target": 2,
    "source": "preprocess",
    "kind": "v",
    "mode": "shared",
    "rank": 4,
    "remaining_delta": 0.5622391104698181,
    "explained_delta_energy": 0.6838871240615845
  },
  {
    "target": 2,
    "source": "preprocess",
    "kind": "v",
    "mode": "per_x",
    "rank": 4,
    "remaining_delta": 0.5577142834663391,
    "explained_delta_energy": 0.688954770565033
  },
  {
    "target": 2,
    "source": "preprocess",
    "kind": "v",
    "mode": "shared",
    "rank": 8,
    "remaining_delta": 0.5157922506332397,
    "explained_delta_energy": 0.73395836353302
  },
  {
    "target": 2,
    "source": "preprocess",
    "kind": "v",
    "mode": "per_x",
    "rank": 8,
    "remaining_delta": 0.5214923024177551,
    "explained_delta_energy": 0.7280458211898804
  },
  {
    "target": 2,
    "source": "preprocess",
    "kind": "v",
    "mode": "shared",
    "rank": 16,
    "remaining_delta": 0.44046154618263245,
    "explained_delta_energy": 0.8059936165809631
  },
  {
    "target": 2,
    "source": "preprocess",
    "kind": "v",
    "mode": "per_x",
    "rank": 16,
    "remaining_delta": 0.5064148306846619,
    "explained_delta_energy": 0.7435440421104431
  },
  {
    "target": 2,
    "source": "preprocess",
    "kind": "v",
    "mode": "shared",
    "rank": 32,
    "remaining_delta": 0.4130776822566986,
    "explained_delta_energy": 0.8293668031692505
  },
  {
    "target": 2,
    "source": "preprocess",
    "kind": "v",
    "mode": "per_x",
    "rank": 32,
    "remaining_delta": 0.4916832447052002,
    "explained_delta_energy": 0.7582476139068604
  },
  {
    "target": 3,
    "source": "preprocess",
    "kind": "v",
    "mode": "shared",
    "rank": 0,
    "remaining_delta": 0.7256801724433899,
    "explained_delta_energy": 0.4733882546424866
  },
  {
    "target": 3,
    "source": "preprocess",
    "kind": "v",
    "mode": "per_x",
    "rank": 0,
    "remaining_delta": 0.7256801724433899,
    "explained_delta_energy": 0.4733882546424866
  },
  {
    "target": 3,
    "source": "preprocess",
    "kind": "v",
    "mode": "shared",
    "rank": 1,
    "remaining_delta": 0.7078414559364319,
    "explained_delta_energy": 0.4989604949951172
  },
  {
    "target": 3,
    "source": "preprocess",
    "kind": "v",
    "mode": "per_x",
    "rank": 1,
    "remaining_delta": 0.6507559418678284,
    "explained_delta_energy": 0.5765167474746704
  },
  {
    "target": 3,
    "source": "preprocess",
    "kind": "v",
    "mode": "shared",
    "rank": 2,
    "remaining_delta": 0.6745708584785461,
    "explained_delta_energy": 0.5449541807174683
  },
  {
    "target": 3,
    "source": "preprocess",
    "kind": "v",
    "mode": "per_x",
    "rank": 2,
    "remaining_delta": 0.6157920360565186,
    "explained_delta_energy": 0.6208001375198364
  },
  {
    "target": 3,
    "source": "preprocess",
    "kind": "v",
    "mode": "shared",
    "rank": 4,
    "remaining_delta": 0.6169198751449585,
    "explained_delta_energy": 0.6194098591804504
  },
  {
    "target": 3,
    "source": "preprocess",
    "kind": "v",
    "mode": "per_x",
    "rank": 4,
    "remaining_delta": 0.5755303502082825,
    "explained_delta_energy": 0.6687648296356201
  },
  {
    "target": 3,
    "source": "preprocess",
    "kind": "v",
    "mode": "shared",
    "rank": 8,
    "remaining_delta": 0.5059079527854919,
    "explained_delta_energy": 0.7440571188926697
  },
  {
    "target": 3,
    "source": "preprocess",
    "kind": "v",
    "mode": "per_x",
    "rank": 8,
    "remaining_delta": 0.5348163843154907,
    "explained_delta_energy": 0.7139713764190674
  },
  {
    "target": 3,
    "source": "preprocess",
    "kind": "v",
    "mode": "shared",
    "rank": 16,
    "remaining_delta": 0.44234421849250793,
    "explained_delta_energy": 0.8043316006660461
  },
  {
    "target": 3,
    "source": "preprocess",
    "kind": "v",
    "mode": "per_x",
    "rank": 16,
    "remaining_delta": 0.4963834881782532,
    "explained_delta_energy": 0.753603458404541
  },
  {
    "target": 3,
    "source": "preprocess",
    "kind": "v",
    "mode": "shared",
    "rank": 32,
    "remaining_delta": 0.3783348798751831,
    "explained_delta_energy": 0.8568627238273621
  },
  {
    "target": 3,
    "source": "preprocess",
    "kind": "v",
    "mode": "per_x",
    "rank": 32,
    "remaining_delta": 0.46141350269317627,
    "explained_delta_energy": 0.7870975732803345
  },
  {
    "target": 4,
    "source": "preprocess",
    "kind": "v",
    "mode": "shared",
    "rank": 0,
    "remaining_delta": 0.8742053508758545,
    "explained_delta_energy": 0.23576503992080688
  },
  {
    "target": 4,
    "source": "preprocess",
    "kind": "v",
    "mode": "per_x",
    "rank": 0,
    "remaining_delta": 0.8742053508758545,
    "explained_delta_energy": 0.23576503992080688
  },
  {
    "target": 4,
    "source": "preprocess",
    "kind": "v",
    "mode": "shared",
    "rank": 1,
    "remaining_delta": 0.8529120683670044,
    "explained_delta_energy": 0.2725410461425781
  },
  {
    "target": 4,
    "source": "preprocess",
    "kind": "v",
    "mode": "per_x",
    "rank": 1,
    "remaining_delta": 0.8488962650299072,
    "explained_delta_energy": 0.2793751358985901
  },
  {
    "target": 4,
    "source": "preprocess",
    "kind": "v",
    "mode": "shared",
    "rank": 2,
    "remaining_delta": 0.8309711813926697,
    "explained_delta_energy": 0.30948686599731445
  },
  {
    "target": 4,
    "source": "preprocess",
    "kind": "v",
    "mode": "per_x",
    "rank": 2,
    "remaining_delta": 0.7592199444770813,
    "explained_delta_energy": 0.42358511686325073
  },
  {
    "target": 4,
    "source": "preprocess",
    "kind": "v",
    "mode": "shared",
    "rank": 4,
    "remaining_delta": 0.779423177242279,
    "explained_delta_energy": 0.39249950647354126
  },
  {
    "target": 4,
    "source": "preprocess",
    "kind": "v",
    "mode": "per_x",
    "rank": 4,
    "remaining_delta": 0.7213319540023804,
    "explained_delta_energy": 0.4796801805496216
  },
  {
    "target": 4,
    "source": "preprocess",
    "kind": "v",
    "mode": "shared",
    "rank": 8,
    "remaining_delta": 0.6753981709480286,
    "explained_delta_energy": 0.543837308883667
  },
  {
    "target": 4,
    "source": "preprocess",
    "kind": "v",
    "mode": "per_x",
    "rank": 8,
    "remaining_delta": 0.686820387840271,
    "explained_delta_energy": 0.5282777547836304
  },
  {
    "target": 4,
    "source": "preprocess",
    "kind": "v",
    "mode": "shared",
    "rank": 16,
    "remaining_delta": 0.5490418076515198,
    "explained_delta_energy": 0.6985530853271484
  },
  {
    "target": 4,
    "source": "preprocess",
    "kind": "v",
    "mode": "per_x",
    "rank": 16,
    "remaining_delta": 0.6513820886611938,
    "explained_delta_energy": 0.5757013559341431
  },
  {
    "target": 4,
    "source": "preprocess",
    "kind": "v",
    "mode": "shared",
    "rank": 32,
    "remaining_delta": 0.49967318773269653,
    "explained_delta_energy": 0.7503266930580139
  },
  {
    "target": 4,
    "source": "preprocess",
    "kind": "v",
    "mode": "per_x",
    "rank": 32,
    "remaining_delta": 0.6173849701881409,
    "explained_delta_energy": 0.6188358068466187
  },
  {
    "target": 5,
    "source": "preprocess",
    "kind": "v",
    "mode": "shared",
    "rank": 0,
    "remaining_delta": 0.19774964451789856,
    "explained_delta_energy": 0.9608950614929199
  },
  {
    "target": 5,
    "source": "preprocess",
    "kind": "v",
    "mode": "per_x",
    "rank": 0,
    "remaining_delta": 0.19774964451789856,
    "explained_delta_energy": 0.9608950614929199
  },
  {
    "target": 5,
    "source": "preprocess",
    "kind": "v",
    "mode": "shared",
    "rank": 1,
    "remaining_delta": 0.192446768283844,
    "explained_delta_energy": 0.9629642367362976
  },
  {
    "target": 5,
    "source": "preprocess",
    "kind": "v",
    "mode": "per_x",
    "rank": 1,
    "remaining_delta": 0.18759682774543762,
    "explained_delta_energy": 0.9648074507713318
  },
  {
    "target": 5,
    "source": "preprocess",
    "kind": "v",
    "mode": "shared",
    "rank": 2,
    "remaining_delta": 0.18375138938426971,
    "explained_delta_energy": 0.9662353992462158
  },
  {
    "target": 5,
    "source": "preprocess",
    "kind": "v",
    "mode": "per_x",
    "rank": 2,
    "remaining_delta": 0.16348782181739807,
    "explained_delta_energy": 0.9732717275619507
  },
  {
    "target": 5,
    "source": "preprocess",
    "kind": "v",
    "mode": "shared",
    "rank": 4,
    "remaining_delta": 0.17414915561676025,
    "explained_delta_energy": 0.9696720838546753
  },
  {
    "target": 5,
    "source": "preprocess",
    "kind": "v",
    "mode": "per_x",
    "rank": 4,
    "remaining_delta": 0.15469972789287567,
    "explained_delta_energy": 0.9760680198669434
  },
  {
    "target": 5,
    "source": "preprocess",
    "kind": "v",
    "mode": "shared",
    "rank": 8,
    "remaining_delta": 0.1579742729663849,
    "explained_delta_energy": 0.9750441312789917
  },
  {
    "target": 5,
    "source": "preprocess",
    "kind": "v",
    "mode": "per_x",
    "rank": 8,
    "remaining_delta": 0.14233365654945374,
    "explained_delta_energy": 0.9797411561012268
  },
  {
    "target": 5,
    "source": "preprocess",
    "kind": "v",
    "mode": "shared",
    "rank": 16,
    "remaining_delta": 0.13314610719680786,
    "explained_delta_energy": 0.9822720885276794
  },
  {
    "target": 5,
    "source": "preprocess",
    "kind": "v",
    "mode": "per_x",
    "rank": 16,
    "remaining_delta": 0.13700543344020844,
    "explained_delta_energy": 0.9812294840812683
  },
  {
    "target": 5,
    "source": "preprocess",
    "kind": "v",
    "mode": "shared",
    "rank": 32,
    "remaining_delta": 0.12005554884672165,
    "explained_delta_energy": 0.9855866432189941
  },
  {
    "target": 5,
    "source": "preprocess",
    "kind": "v",
    "mode": "per_x",
    "rank": 32,
    "remaining_delta": 0.1306917816400528,
    "explained_delta_energy": 0.9829196333885193
  }
]
