/mnt/qjhs-sh-lab-01/wjh/FusionRAG/.venv/lib/python3.10/site-packages/torch/cuda/__init__.py:61: FutureWarning: The pynvml package is deprecated. Please install nvidia-ml-py instead. If you did not install pynvml directly, please report this to the maintainers of the package that installed pynvml for you.
  import pynvml  # type: ignore[import]
{"epoch": 1, "train_loss": 0.9908356869848151, "validation_loss": 0.8001922224249158}
{"epoch": 2, "train_loss": 0.9730557327521475, "validation_loss": 0.7903576689107078}
{"epoch": 3, "train_loss": 0.9579728565717999, "validation_loss": 0.7849672266415187}
{"epoch": 4, "train_loss": 0.9478984532858196, "validation_loss": 0.7818083558763776}
{"epoch": 5, "train_loss": 0.9407854885804026, "validation_loss": 0.7799976434026445}
{"epoch": 6, "train_loss": 0.9355434278437966, "validation_loss": 0.7788986066977183}
{"epoch": 7, "train_loss": 0.931361194660789, "validation_loss": 0.778193423861549}
{"epoch": 8, "train_loss": 0.9280144943689045, "validation_loss": 0.7777714649836223}
{"epoch": 9, "train_loss": 0.9251131189496894, "validation_loss": 0.7776594437303997}
{"epoch": 10, "train_loss": 0.9227435734397487, "validation_loss": 0.7776632433845884}
{"epoch": 11, "train_loss": 0.9205997458257174, "validation_loss": 0.7775798695428031}
{"epoch": 12, "train_loss": 0.918746455594113, "validation_loss": 0.7777426628839402}
{"epoch": 13, "train_loss": 0.9170620250701904, "validation_loss": 0.7778473507790339}
{"epoch": 14, "train_loss": 0.9156282698480707, "validation_loss": 0.7778994775953747}
{"epoch": 15, "train_loss": 0.9143465215281437, "validation_loss": 0.7782727462904794}
{"epoch": 16, "train_loss": 0.9131774189597682, "validation_loss": 0.7784860630830129}
{"epoch": 17, "train_loss": 0.9120599796897486, "validation_loss": 0.7788673673357283}
{
  "architecture": "shared token/prefix encoder + per-layer/head rank8 output heads; rank64 K/V coefficients",
  "parameters": 1312416,
  "train_examples": [
    0,
    1,
    2,
    3,
    4,
    6,
    7,
    9,
    10,
    11,
    12,
    13,
    14,
    15,
    16,
    17,
    18,
    19,
    20,
    21,
    24,
    25,
    26,
    27,
    32,
    33,
    35,
    36,
    37,
    38,
    39,
    40,
    43,
    44,
    45,
    46,
    50,
    51,
    52,
    53,
    54,
    55,
    56,
    57,
    58,
    59,
    60,
    63,
    64,
    66,
    68
  ],
  "validation_examples": [
    71,
    72,
    74,
    75,
    77,
    78,
    79,
    80,
    81,
    82,
    84
  ],
  "test_examples": [
    85,
    86,
    88,
    89,
    90,
    91,
    93,
    95,
    96,
    97,
    98
  ],
  "train_samples": 486400,
  "validation_samples": 107520,
  "best_epoch": 11,
  "history": [
    {
      "epoch": 1,
      "train_loss": 0.9908356869848151,
      "validation_loss": 0.8001922224249158
    },
    {
      "epoch": 2,
      "train_loss": 0.9730557327521475,
      "validation_loss": 0.7903576689107078
    },
    {
      "epoch": 3,
      "train_loss": 0.9579728565717999,
      "validation_loss": 0.7849672266415187
    },
    {
      "epoch": 4,
      "train_loss": 0.9478984532858196,
      "validation_loss": 0.7818083558763776
    },
    {
      "epoch": 5,
      "train_loss": 0.9407854885804026,
      "validation_loss": 0.7799976434026445
    },
    {
      "epoch": 6,
      "train_loss": 0.9355434278437966,
      "validation_loss": 0.7788986066977183
    },
    {
      "epoch": 7,
      "train_loss": 0.931361194660789,
      "validation_loss": 0.778193423861549
    },
    {
      "epoch": 8,
      "train_loss": 0.9280144943689045,
      "validation_loss": 0.7777714649836223
    },
    {
      "epoch": 9,
      "train_loss": 0.9251131189496894,
      "validation_loss": 0.7776594437303997
    },
    {
      "epoch": 10,
      "train_loss": 0.9227435734397487,
      "validation_loss": 0.7776632433845884
    },
    {
      "epoch": 11,
      "train_loss": 0.9205997458257174,
      "validation_loss": 0.7775798695428031
    },
    {
      "epoch": 12,
      "train_loss": 0.918746455594113,
      "validation_loss": 0.7777426628839402
    },
    {
      "epoch": 13,
      "train_loss": 0.9170620250701904,
      "validation_loss": 0.7778473507790339
    },
    {
      "epoch": 14,
      "train_loss": 0.9156282698480707,
      "validation_loss": 0.7778994775953747
    },
    {
      "epoch": 15,
      "train_loss": 0.9143465215281437,
      "validation_loss": 0.7782727462904794
    },
    {
      "epoch": 16,
      "train_loss": 0.9131774189597682,
      "validation_loss": 0.7784860630830129
    },
    {
      "epoch": 17,
      "train_loss": 0.9120599796897486,
      "validation_loss": 0.7788673673357283
    }
  ],
  "test_document_instances": 220,
  "rows": [
    {
      "kind": "k",
      "method": "mean",
      "remaining_delta": 0.9166192502928167,
      "explained_delta_energy": 0.15980914999263474,
      "original_gap": 0.3783407354663414,
      "final_kv_error": 0.3467944012983907,
      "delta_cosine": 0.4014704741061176
    },
    {
      "kind": "k",
      "method": "mlp",
      "remaining_delta": 0.8633665621776957,
      "explained_delta_energy": 0.25459817931346707,
      "original_gap": 0.3783407354663414,
      "final_kv_error": 0.3266467401113561,
      "delta_cosine": 0.5045797950620842
    },
    {
      "kind": "k",
      "method": "oracle_rank64",
      "remaining_delta": 0.334365897373052,
      "explained_delta_energy": 0.8881994466739136,
      "original_gap": 0.3783407354663414,
      "final_kv_error": 0.1265042395269837,
      "delta_cosine": 0.9424433539848444
    },
    {
      "kind": "v",
      "method": "mean",
      "remaining_delta": 0.9804889326476881,
      "explained_delta_energy": 0.03864145295539734,
      "original_gap": 0.8123167053034964,
      "final_kv_error": 0.7964675393549118,
      "delta_cosine": 0.19709044269683162
    },
    {
      "kind": "v",
      "method": "mlp",
      "remaining_delta": 0.9610820268419284,
      "explained_delta_energy": 0.0763213376814107,
      "original_gap": 0.8123167053034964,
      "final_kv_error": 0.7807029855706419,
      "delta_cosine": 0.27864383400464215
    },
    {
      "kind": "v",
      "method": "oracle_rank64",
      "remaining_delta": 0.5777386192585368,
      "explained_delta_energy": 0.6662180878172395,
      "original_gap": 0.8123167053034964,
      "final_kv_error": 0.4693067317226858,
      "delta_cosine": 0.8162218520310709
    }
  ]
}
