/mnt/qjhs-sh-lab-01/wjh/FusionRAG/.venv/lib/python3.10/site-packages/torch/cuda/__init__.py:61: FutureWarning: The pynvml package is deprecated. Please install nvidia-ml-py instead. If you did not install pynvml directly, please report this to the maintainers of the package that installed pynvml for you.
  import pynvml  # type: ignore[import]
{"epoch": 1, "train_loss": 0.9936844542152004, "validation_loss": 0.8077021204289936}
{"epoch": 2, "train_loss": 0.9915544632861488, "validation_loss": 0.8059107161703564}
{"epoch": 3, "train_loss": 0.9883297671769795, "validation_loss": 0.8035639904794238}
{"epoch": 4, "train_loss": 0.9851515961948194, "validation_loss": 0.8016085863113404}
{"epoch": 5, "train_loss": 0.9825385787612514, "validation_loss": 0.8001906976813362}
{"epoch": 6, "train_loss": 0.98039028544175, "validation_loss": 0.7990611998807816}
{"epoch": 7, "train_loss": 0.9786495161056519, "validation_loss": 0.7981547188191187}
{"epoch": 8, "train_loss": 0.977149069936652, "validation_loss": 0.797356180917649}
{"epoch": 9, "train_loss": 0.9758006959212454, "validation_loss": 0.7967454705919538}
{"epoch": 10, "train_loss": 0.9745873813880117, "validation_loss": 0.7961737275123596}
{"epoch": 11, "train_loss": 0.9735159339402851, "validation_loss": 0.7955863549595787}
{"epoch": 12, "train_loss": 0.9725314363680387, "validation_loss": 0.7951273500919342}
{"epoch": 13, "train_loss": 0.9716904010270772, "validation_loss": 0.7948135810238974}
{"epoch": 14, "train_loss": 0.9707947728508397, "validation_loss": 0.7944261834734963}
{"epoch": 15, "train_loss": 0.9700333605314556, "validation_loss": 0.794098124617622}
{"epoch": 16, "train_loss": 0.9693803626612613, "validation_loss": 0.7937287813141233}
{"epoch": 17, "train_loss": 0.9687605311996058, "validation_loss": 0.7936798958551317}
{"epoch": 18, "train_loss": 0.9682615125806708, "validation_loss": 0.7933990631784712}
{"epoch": 19, "train_loss": 0.967768093661258, "validation_loss": 0.7932468936556861}
{"epoch": 20, "train_loss": 0.9673359055268137, "validation_loss": 0.7929814755916595}
{"epoch": 21, "train_loss": 0.9668603617266605, "validation_loss": 0.7928252018633343}
{"epoch": 22, "train_loss": 0.9665081792128714, "validation_loss": 0.7927210143634251}
{"epoch": 23, "train_loss": 0.9661443982626262, "validation_loss": 0.7929179878461928}
{"epoch": 24, "train_loss": 0.9657915780418798, "validation_loss": 0.7924583003634498}
{"epoch": 25, "train_loss": 0.9654769380469072, "validation_loss": 0.792470511936006}
{"epoch": 26, "train_loss": 0.9652218930344832, "validation_loss": 0.7924517526513054}
{"epoch": 27, "train_loss": 0.9649311127160725, "validation_loss": 0.7921073944795699}
{"epoch": 28, "train_loss": 0.9647558623866032, "validation_loss": 0.7921128187860761}
{"epoch": 29, "train_loss": 0.9644692069605777, "validation_loss": 0.7921579939978464}
{"epoch": 30, "train_loss": 0.9642587724484896, "validation_loss": 0.7920457550457546}
{"epoch": 31, "train_loss": 0.9640377468811838, "validation_loss": 0.7920565590971992}
{"epoch": 32, "train_loss": 0.9638767799578215, "validation_loss": 0.7919192728542146}
{"epoch": 33, "train_loss": 0.9636328754926983, "validation_loss": 0.7917445761816843}
{"epoch": 34, "train_loss": 0.9635024774701971, "validation_loss": 0.7917995901334853}
{"epoch": 35, "train_loss": 0.9633288087342915, "validation_loss": 0.7917667681262607}
{"epoch": 36, "train_loss": 0.9631861380526894, "validation_loss": 0.7915975678534735}
{"epoch": 37, "train_loss": 0.9629920088617425, "validation_loss": 0.7917784097648802}
{"epoch": 38, "train_loss": 0.9628741829018844, "validation_loss": 0.7915720269793556}
{"epoch": 39, "train_loss": 0.9627432614878604, "validation_loss": 0.7915682537215096}
{"epoch": 40, "train_loss": 0.9625767387841877, "validation_loss": 0.7916495033672878}
{
  "architecture": "shared MLP, prefix bottleneck32, rank64 K/V coefficients",
  "parameters": 199008,
  "train_examples": [
    0,
    1,
    2,
    3,
    4,
    6,
    7,
    9,
    10,
    11,
    12,
    13,
    14,
    15,
    16,
    17,
    18,
    19,
    20,
    21,
    24,
    25,
    26,
    27,
    32,
    33,
    35,
    36,
    37,
    38,
    39,
    40,
    43,
    44,
    45,
    46,
    50,
    51,
    52,
    53,
    54,
    55,
    56,
    57,
    58,
    59,
    60,
    63,
    64,
    66,
    68
  ],
  "validation_examples": [
    71,
    72,
    74,
    75,
    77,
    78,
    79,
    80,
    81,
    82,
    84
  ],
  "test_examples": [
    85,
    86,
    88,
    89,
    90,
    91,
    93,
    95,
    96,
    97,
    98
  ],
  "train_samples": 486400,
  "validation_samples": 107520,
  "best_epoch": 39,
  "history": [
    {
      "epoch": 1,
      "train_loss": 0.9936844542152004,
      "validation_loss": 0.8077021204289936
    },
    {
      "epoch": 2,
      "train_loss": 0.9915544632861488,
      "validation_loss": 0.8059107161703564
    },
    {
      "epoch": 3,
      "train_loss": 0.9883297671769795,
      "validation_loss": 0.8035639904794238
    },
    {
      "epoch": 4,
      "train_loss": 0.9851515961948194,
      "validation_loss": 0.8016085863113404
    },
    {
      "epoch": 5,
      "train_loss": 0.9825385787612514,
      "validation_loss": 0.8001906976813362
    },
    {
      "epoch": 6,
      "train_loss": 0.98039028544175,
      "validation_loss": 0.7990611998807816
    },
    {
      "epoch": 7,
      "train_loss": 0.9786495161056519,
      "validation_loss": 0.7981547188191187
    },
    {
      "epoch": 8,
      "train_loss": 0.977149069936652,
      "validation_loss": 0.797356180917649
    },
    {
      "epoch": 9,
      "train_loss": 0.9758006959212454,
      "validation_loss": 0.7967454705919538
    },
    {
      "epoch": 10,
      "train_loss": 0.9745873813880117,
      "validation_loss": 0.7961737275123596
    },
    {
      "epoch": 11,
      "train_loss": 0.9735159339402851,
      "validation_loss": 0.7955863549595787
    },
    {
      "epoch": 12,
      "train_loss": 0.9725314363680387,
      "validation_loss": 0.7951273500919342
    },
    {
      "epoch": 13,
      "train_loss": 0.9716904010270772,
      "validation_loss": 0.7948135810238974
    },
    {
      "epoch": 14,
      "train_loss": 0.9707947728508397,
      "validation_loss": 0.7944261834734963
    },
    {
      "epoch": 15,
      "train_loss": 0.9700333605314556,
      "validation_loss": 0.794098124617622
    },
    {
      "epoch": 16,
      "train_loss": 0.9693803626612613,
      "validation_loss": 0.7937287813141233
    },
    {
      "epoch": 17,
      "train_loss": 0.9687605311996058,
      "validation_loss": 0.7936798958551317
    },
    {
      "epoch": 18,
      "train_loss": 0.9682615125806708,
      "validation_loss": 0.7933990631784712
    },
    {
      "epoch": 19,
      "train_loss": 0.967768093661258,
      "validation_loss": 0.7932468936556861
    },
    {
      "epoch": 20,
      "train_loss": 0.9673359055268137,
      "validation_loss": 0.7929814755916595
    },
    {
      "epoch": 21,
      "train_loss": 0.9668603617266605,
      "validation_loss": 0.7928252018633343
    },
    {
      "epoch": 22,
      "train_loss": 0.9665081792128714,
      "validation_loss": 0.7927210143634251
    },
    {
      "epoch": 23,
      "train_loss": 0.9661443982626262,
      "validation_loss": 0.7929179878461928
    },
    {
      "epoch": 24,
      "train_loss": 0.9657915780418798,
      "validation_loss": 0.7924583003634498
    },
    {
      "epoch": 25,
      "train_loss": 0.9654769380469072,
      "validation_loss": 0.792470511936006
    },
    {
      "epoch": 26,
      "train_loss": 0.9652218930344832,
      "validation_loss": 0.7924517526513054
    },
    {
      "epoch": 27,
      "train_loss": 0.9649311127160725,
      "validation_loss": 0.7921073944795699
    },
    {
      "epoch": 28,
      "train_loss": 0.9647558623866032,
      "validation_loss": 0.7921128187860761
    },
    {
      "epoch": 29,
      "train_loss": 0.9644692069605777,
      "validation_loss": 0.7921579939978464
    },
    {
      "epoch": 30,
      "train_loss": 0.9642587724484896,
      "validation_loss": 0.7920457550457546
    },
    {
      "epoch": 31,
      "train_loss": 0.9640377468811838,
      "validation_loss": 0.7920565590971992
    },
    {
      "epoch": 32,
      "train_loss": 0.9638767799578215,
      "validation_loss": 0.7919192728542146
    },
    {
      "epoch": 33,
      "train_loss": 0.9636328754926983,
      "validation_loss": 0.7917445761816843
    },
    {
      "epoch": 34,
      "train_loss": 0.9635024774701971,
      "validation_loss": 0.7917995901334853
    },
    {
      "epoch": 35,
      "train_loss": 0.9633288087342915,
      "validation_loss": 0.7917667681262607
    },
    {
      "epoch": 36,
      "train_loss": 0.9631861380526894,
      "validation_loss": 0.7915975678534735
    },
    {
      "epoch": 37,
      "train_loss": 0.9629920088617425,
      "validation_loss": 0.7917784097648802
    },
    {
      "epoch": 38,
      "train_loss": 0.9628741829018844,
      "validation_loss": 0.7915720269793556
    },
    {
      "epoch": 39,
      "train_loss": 0.9627432614878604,
      "validation_loss": 0.7915682537215096
    },
    {
      "epoch": 40,
      "train_loss": 0.9625767387841877,
      "validation_loss": 0.7916495033672878
    }
  ],
  "test_document_instances": 220,
  "rows": [
    {
      "kind": "k",
      "method": "mean",
      "remaining_delta": 0.9166192502928167,
      "explained_delta_energy": 0.15980914999263474,
      "original_gap": 0.3783407354663414,
      "final_kv_error": 0.3467944012983907,
      "delta_cosine": 0.4014704741061176
    },
    {
      "kind": "k",
      "method": "mlp",
      "remaining_delta": 0.8887891853742339,
      "explained_delta_energy": 0.21005378396180563,
      "original_gap": 0.3783407354663414,
      "final_kv_error": 0.3362651540690181,
      "delta_cosine": 0.45832057008581006
    },
    {
      "kind": "k",
      "method": "oracle_rank64",
      "remaining_delta": 0.334365897373052,
      "explained_delta_energy": 0.8881994466739136,
      "original_gap": 0.3783407354663414,
      "final_kv_error": 0.1265042395269837,
      "delta_cosine": 0.9424433539848444
    },
    {
      "kind": "v",
      "method": "mean",
      "remaining_delta": 0.9804889326476881,
      "explained_delta_energy": 0.03864145295539734,
      "original_gap": 0.8123167053034964,
      "final_kv_error": 0.7964675393549118,
      "delta_cosine": 0.19709044269683162
    },
    {
      "kind": "v",
      "method": "mlp",
      "remaining_delta": 0.9691626393458324,
      "explained_delta_energy": 0.06072377849622013,
      "original_gap": 0.8123167053034964,
      "final_kv_error": 0.7872670020966474,
      "delta_cosine": 0.24726620736036314
    },
    {
      "kind": "v",
      "method": "oracle_rank64",
      "remaining_delta": 0.5777386192585368,
      "explained_delta_energy": 0.6662180878172395,
      "original_gap": 0.8123167053034964,
      "final_kv_error": 0.4693067317226858,
      "delta_cosine": 0.8162218520310709
    }
  ]
}
