/mnt/qjhs-sh-lab-01/wjh/FusionRAG/.venv/lib/python3.10/site-packages/torch/cuda/__init__.py:61: FutureWarning: The pynvml package is deprecated. Please install nvidia-ml-py instead. If you did not install pynvml directly, please report this to the maintainers of the package that installed pynvml for you.
  import pynvml  # type: ignore[import]
{
  "source": "BGE preprocess",
  "rank": 64,
  "ridge": 0.001,
  "train_examples": [
    0,
    1,
    2,
    3,
    4,
    6,
    7,
    9,
    10,
    11,
    12,
    13,
    14,
    15,
    16,
    17,
    18,
    19,
    20,
    21,
    24,
    25,
    26,
    27,
    32,
    33,
    35,
    36,
    37,
    38,
    39,
    40,
    43,
    44,
    45,
    46,
    50,
    51,
    52,
    53,
    54,
    55,
    56,
    57,
    58,
    59,
    60,
    63,
    64,
    66,
    68
  ],
  "test_examples": [
    85,
    86,
    88,
    89,
    90,
    91,
    93,
    95,
    96,
    97,
    98
  ],
  "test_document_instances": 220,
  "rows": [
    {
      "kind": "k",
      "method": "mean",
      "remaining_delta": 0.9166192437199182,
      "explained_delta_energy": 0.1598091620423252,
      "original_gap": 0.3783407392709795,
      "final_kv_error": 0.346794402299,
      "delta_cosine": 0.4014704679216238
    },
    {
      "kind": "k",
      "method": "oracle_rank64",
      "remaining_delta": 0.3343658957741598,
      "explained_delta_energy": 0.8881994477431436,
      "original_gap": 0.3783407392709795,
      "final_kv_error": 0.1265042401941989,
      "delta_cosine": 0.9424433485916532
    },
    {
      "kind": "k",
      "method": "position",
      "remaining_delta": 0.9087727579125918,
      "explained_delta_energy": 0.1741320744759418,
      "original_gap": 0.3783407392709795,
      "final_kv_error": 0.3438257570579769,
      "delta_cosine": 0.41797993062034033
    },
    {
      "kind": "k",
      "method": "token_kv_position",
      "remaining_delta": 0.7698448483570567,
      "explained_delta_energy": 0.40733890945810036,
      "original_gap": 0.3783407392709795,
      "final_kv_error": 0.2912636690513639,
      "delta_cosine": 0.6382692568629711
    },
    {
      "kind": "k",
      "method": "token_oracle_updated_prefix_kv_position",
      "remaining_delta": 0.7946721188485304,
      "explained_delta_energy": 0.36849622352478717,
      "original_gap": 0.3783407392709795,
      "final_kv_error": 0.3006568369231887,
      "delta_cosine": 0.6120600240693567
    },
    {
      "kind": "v",
      "method": "mean",
      "remaining_delta": 0.9804889258402988,
      "explained_delta_energy": 0.03864146630453702,
      "original_gap": 0.8123167075939051,
      "final_kv_error": 0.7964675360708761,
      "delta_cosine": 0.19709044935388667
    },
    {
      "kind": "v",
      "method": "oracle_rank64",
      "remaining_delta": 0.5777386164368086,
      "explained_delta_energy": 0.6662180910776823,
      "original_gap": 0.8123167075939051,
      "final_kv_error": 0.4693067307538063,
      "delta_cosine": 0.8162218489547807
    },
    {
      "kind": "v",
      "method": "position",
      "remaining_delta": 0.979436297416287,
      "explained_delta_energy": 0.04070453930347462,
      "original_gap": 0.8123167075939051,
      "final_kv_error": 0.7956124684151631,
      "delta_cosine": 0.20181957697617392
    },
    {
      "kind": "v",
      "method": "token_kv_position",
      "remaining_delta": 0.9050389476673444,
      "explained_delta_energy": 0.18090450320518592,
      "original_gap": 0.8123167075939051,
      "final_kv_error": 0.7351782582133898,
      "delta_cosine": 0.4261158240273755
    },
    {
      "kind": "v",
      "method": "token_oracle_updated_prefix_kv_position",
      "remaining_delta": 0.925438029746227,
      "explained_delta_energy": 0.14356445309942145,
      "original_gap": 0.8123167075939051,
      "final_kv_error": 0.7517487734056456,
      "delta_cosine": 0.3927429207475353
    }
  ]
}
