/mnt/qjhs-sh-lab-01/wjh/FusionRAG/.venv/lib/python3.10/site-packages/torch/cuda/__init__.py:61: FutureWarning: The pynvml package is deprecated. Please install nvidia-ml-py instead. If you did not install pynvml directly, please report this to the maintainers of the package that installed pynvml for you.
  import pynvml  # type: ignore[import]
20 268
40 268
60 268
80 268
100 268
120 268
140 268
160 268
180 268
200 268
220 268
240 268
260 268
{
  "full_rate1": {
    "n": 67,
    "correct": 17,
    "accuracy": 0.2537313432835821
  },
  "raw_rate0": {
    "n": 67,
    "correct": 12,
    "accuracy": 0.1791044776119403
  },
  "random_cross_example_static_bias": {
    "n": 67,
    "correct": 17,
    "accuracy": 0.2537313432835821
  },
  "topk_preprocess_rate0": {
    "n": 67,
    "correct": 15,
    "accuracy": 0.22388059701492538
  }
}
