/mnt/qjhs-sh-lab-01/wjh/FusionRAG/.venv/lib/python3.10/site-packages/torch/cuda/__init__.py:61: FutureWarning: The pynvml package is deprecated. Please install nvidia-ml-py instead. If you did not install pynvml directly, please report this to the maintainers of the package that installed pynvml for you.
  import pynvml  # type: ignore[import]
The following values were not passed to `accelerate launch` and had defaults used instead:
		More than one GPU was found, enabling multi-GPU training.
		If this was unintended please pass in `--num_processes=1`.
	`--num_machines` was set to a value of `1`
	`--dynamo_backend` was set to a value of `'no'`
To avoid this warning pass in values for each of the problematic parameters or run `accelerate config`.
/mnt/qjhs-sh-lab-01/wjh/FusionRAG/.venv/lib/python3.10/site-packages/torch/cuda/__init__.py:61: FutureWarning: The pynvml package is deprecated. Please install nvidia-ml-py instead. If you did not install pynvml directly, please report this to the maintainers of the package that installed pynvml for you.
  import pynvml  # type: ignore[import]
/mnt/qjhs-sh-lab-01/wjh/FusionRAG/.venv/lib/python3.10/site-packages/torch/cuda/__init__.py:61: FutureWarning: The pynvml package is deprecated. Please install nvidia-ml-py instead. If you did not install pynvml directly, please report this to the maintainers of the package that installed pynvml for you.
  import pynvml  # type: ignore[import]
/mnt/qjhs-sh-lab-01/wjh/FusionRAG/.venv/lib/python3.10/site-packages/torch/cuda/__init__.py:61: FutureWarning: The pynvml package is deprecated. Please install nvidia-ml-py instead. If you did not install pynvml directly, please report this to the maintainers of the package that installed pynvml for you.
  import pynvml  # type: ignore[import]
/mnt/qjhs-sh-lab-01/wjh/FusionRAG/.venv/lib/python3.10/site-packages/torch/cuda/__init__.py:61: FutureWarning: The pynvml package is deprecated. Please install nvidia-ml-py instead. If you did not install pynvml directly, please report this to the maintainers of the package that installed pynvml for you.
  import pynvml  # type: ignore[import]
/mnt/qjhs-sh-lab-01/wjh/FusionRAG/.venv/lib/python3.10/site-packages/torch/cuda/__init__.py:61: FutureWarning: The pynvml package is deprecated. Please install nvidia-ml-py instead. If you did not install pynvml directly, please report this to the maintainers of the package that installed pynvml for you.
  import pynvml  # type: ignore[import]
/mnt/qjhs-sh-lab-01/wjh/FusionRAG/.venv/lib/python3.10/site-packages/torch/cuda/__init__.py:61: FutureWarning: The pynvml package is deprecated. Please install nvidia-ml-py instead. If you did not install pynvml directly, please report this to the maintainers of the package that installed pynvml for you.
  import pynvml  # type: ignore[import]
/mnt/qjhs-sh-lab-01/wjh/FusionRAG/.venv/lib/python3.10/site-packages/torch/cuda/__init__.py:61: FutureWarning: The pynvml package is deprecated. Please install nvidia-ml-py instead. If you did not install pynvml directly, please report this to the maintainers of the package that installed pynvml for you.
  import pynvml  # type: ignore[import]
/mnt/qjhs-sh-lab-01/wjh/FusionRAG/.venv/lib/python3.10/site-packages/torch/cuda/__init__.py:61: FutureWarning: The pynvml package is deprecated. Please install nvidia-ml-py instead. If you did not install pynvml directly, please report this to the maintainers of the package that installed pynvml for you.
  import pynvml  # type: ignore[import]
Loading checkpoint shards:   0%|          | 0/2 [00:00<?, ?it/s]Loading checkpoint shards: 100%|██████████| 2/2 [00:00<00:00, 54.70it/s]
Loading checkpoint shards:   0%|          | 0/2 [00:00<?, ?it/s]Loading checkpoint shards:   0%|          | 0/2 [00:00<?, ?it/s]Loading checkpoint shards: 100%|██████████| 2/2 [00:00<00:00, 55.10it/s]
Loading checkpoint shards: 100%|██████████| 2/2 [00:00<00:00, 54.97it/s]
Loading checkpoint shards:   0%|          | 0/2 [00:00<?, ?it/s]Loading checkpoint shards:   0%|          | 0/2 [00:00<?, ?it/s]Loading checkpoint shards:   0%|          | 0/2 [00:00<?, ?it/s]Loading checkpoint shards: 100%|██████████| 2/2 [00:00<00:00, 54.99it/s]
Loading checkpoint shards: 100%|██████████| 2/2 [00:00<00:00, 55.68it/s]
Loading checkpoint shards: 100%|██████████| 2/2 [00:00<00:00, 54.07it/s]
Loading checkpoint shards:   0%|          | 0/2 [00:00<?, ?it/s]Loading checkpoint shards:   0%|          | 0/2 [00:00<?, ?it/s]Loading checkpoint shards: 100%|██████████| 2/2 [00:00<00:00, 54.15it/s]
Loading checkpoint shards: 100%|██████████| 2/2 [00:00<00:00, 55.55it/s]
{'wiki_val_kl': 0.007770229443407858, 'wiki_val_recall_r0p05': 0.548511854716663, 'wiki_val_jaccard_r0p05': 0.38676798935604956, 'wiki_val_recall_r0p1': 0.558222633260466, 'wiki_val_jaccard_r0p1': 0.39369120529781837, 'wiki_val_recall_r0p15': 0.5800683818171612, 'wiki_val_jaccard_r0p15': 0.4134912210596047, 'wiki_val_recall_r0p3': 0.6454924295041028, 'wiki_val_jaccard_r0p3': 0.4794139470333238, 'musique_val_kl': 0.010136713057236617, 'musique_val_recall_r0p05': 0.5026042016938592, 'musique_val_jaccard_r0p05': 0.35104741734744827, 'musique_val_recall_r0p1': 0.4827810589271605, 'musique_val_jaccard_r0p1': 0.3279384698709709, 'musique_val_recall_r0p15': 0.5080942921058217, 'musique_val_jaccard_r0p15': 0.3464875929588598, 'musique_val_recall_r0p3': 0.5708381921946524, 'musique_val_jaccard_r0p3': 0.40309146478633706, 'epoch': 0, 'train_loss': 0.0}
{'wiki_val_kl': 0.007733643858339459, 'wiki_val_recall_r0p05': 0.5590213553051945, 'wiki_val_jaccard_r0p05': 0.39679053357682326, 'wiki_val_recall_r0p1': 0.5668824617454169, 'wiki_val_jaccard_r0p1': 0.4022573777526697, 'wiki_val_recall_r0p15': 0.5896250210190004, 'wiki_val_jaccard_r0p15': 0.42335067012435196, 'wiki_val_recall_r0p3': 0.6514793721350238, 'wiki_val_jaccard_r0p3': 0.4861585274497868, 'musique_val_kl': 0.010162031537918158, 'musique_val_recall_r0p05': 0.49806669513676877, 'musique_val_jaccard_r0p05': 0.34642611890841757, 'musique_val_recall_r0p1': 0.48878569541347716, 'musique_val_jaccard_r0p1': 0.3325479981922092, 'musique_val_recall_r0p15': 0.5080756872175806, 'musique_val_jaccard_r0p15': 0.34655000179486906, 'musique_val_recall_r0p3': 0.5713929828167705, 'musique_val_jaccard_r0p3': 0.4038850690704056, 'epoch': 1, 'train_loss': 0.007774916661918163}
[rank0]:[W706 04:25:49.712297369 ProcessGroupNCCL.cpp:1250] Warning: WARNING: process group has NOT been destroyed before we destruct ProcessGroupNCCL. On normal program exit, the application should call destroy_process_group to ensure that any pending NCCL operations have finished in this process. In rare cases this process can exit before this point and block the progress of another member of the process group. This constraint has always been present,  but this warning has only been added since PyTorch 2.4 (function operator())
