[2026-07-11 13:36:18] supervisor start host=qjhs-sh-lab-04
[2026-07-11 13:36:18] task list written: /home/hming/FusionRAG-pca-analysis/MOTIVATION_EXPERIMENTS/rag_docs_preprocess_ablation/logs/tasks.tsv (60 tasks)
[2026-07-11 13:36:18] launching 8 workers on qjy003
[2026-07-11 13:36:18] launched worker gpu=0 pid=530128
[2026-07-11 13:36:18] launched worker gpu=1 pid=530133
[2026-07-11 13:36:18] launched worker gpu=2 pid=530145
[2026-07-11 13:36:18] start cfg=ragdocs_online_qk_rate015 dataset=2wikimqa segment=0-25 gpu=0
[2026-07-11 13:36:18] start cfg=ragdocs_online_qk_rate015 dataset=2wikimqa segment=25-50 gpu=1
[2026-07-11 13:36:18] launched worker gpu=3 pid=530159
[2026-07-11 13:36:18] start cfg=ragdocs_online_qk_rate015 dataset=2wikimqa segment=50-75 gpu=2
[2026-07-11 13:36:18] launched worker gpu=4 pid=530174
[2026-07-11 13:36:18] start cfg=ragdocs_online_qk_rate015 dataset=2wikimqa segment=75-100 gpu=3
[2026-07-11 13:36:18] launched worker gpu=5 pid=530188
[2026-07-11 13:36:18] start cfg=ragdocs_online_qk_rate015 dataset=2wikimqa segment=100-125 gpu=4
[2026-07-11 13:36:18] launched worker gpu=6 pid=530202
[2026-07-11 13:36:18] start cfg=ragdocs_online_qk_rate015 dataset=2wikimqa segment=125-150 gpu=5
[2026-07-11 13:36:18] launched worker gpu=7 pid=530216
[2026-07-11 13:36:18] start cfg=ragdocs_online_qk_rate015 dataset=2wikimqa segment=150-175 gpu=6
[2026-07-11 13:36:18] start cfg=ragdocs_online_qk_rate015 dataset=2wikimqa segment=175-200 gpu=7
[2026-07-11 13:36:32] workers running=8
[2026-07-11 13:39:18] supervisor start host=qjhs-sh-lab-04
[2026-07-11 13:39:18] task list written: /home/hming/FusionRAG-pca-analysis/MOTIVATION_EXPERIMENTS/rag_docs_preprocess_ablation/logs/tasks.tsv (60 tasks)
[2026-07-11 13:39:18] launching 8 workers on qjy003
[2026-07-11 13:39:18] launched worker gpu=0 pid=543364
[2026-07-11 13:39:18] launched worker gpu=1 pid=543372
[2026-07-11 13:39:18] launched worker gpu=2 pid=543382
[2026-07-11 13:39:18] start cfg=ragdocs_online_qk_rate015 dataset=2wikimqa segment=0-25 gpu=0
[2026-07-11 13:39:18] launched worker gpu=3 pid=543396
[2026-07-11 13:39:18] start cfg=ragdocs_online_qk_rate015 dataset=2wikimqa segment=25-50 gpu=1
[2026-07-11 13:39:18] start cfg=ragdocs_online_qk_rate015 dataset=2wikimqa segment=50-75 gpu=2
[2026-07-11 13:39:18] launched worker gpu=4 pid=543411
[2026-07-11 13:39:18] start cfg=ragdocs_online_qk_rate015 dataset=2wikimqa segment=75-100 gpu=3
[2026-07-11 13:39:18] launched worker gpu=5 pid=543426
[2026-07-11 13:39:18] start cfg=ragdocs_online_qk_rate015 dataset=2wikimqa segment=100-125 gpu=4
[2026-07-11 13:39:18] launched worker gpu=6 pid=543442
[2026-07-11 13:39:18] start cfg=ragdocs_online_qk_rate015 dataset=2wikimqa segment=125-150 gpu=5
[2026-07-11 13:39:18] launched worker gpu=7 pid=543457
[2026-07-11 13:39:18] start cfg=ragdocs_online_qk_rate015 dataset=2wikimqa segment=150-175 gpu=6
[2026-07-11 13:39:18] start cfg=ragdocs_online_qk_rate015 dataset=2wikimqa segment=175-200 gpu=7
[2026-07-11 13:39:19] workers running=8
[2026-07-11 13:44:37] workers running=8
[2026-07-11 13:49:52] workers running=8
[2026-07-11 13:54:57] workers running=8
[2026-07-11 14:00:15] workers running=8
[2026-07-11 14:05:27] done cfg=ragdocs_online_qk_rate015 dataset=2wikimqa segment=100-125 gpu=4
[2026-07-11 14:05:27] start cfg=ragdocs_online_draft_rate015 dataset=2wikimqa segment=100-125 gpu=4
[2026-07-11 14:05:31] workers running=8
[2026-07-11 14:06:03] done cfg=ragdocs_online_qk_rate015 dataset=2wikimqa segment=50-75 gpu=2
[2026-07-11 14:06:03] start cfg=ragdocs_online_draft_rate015 dataset=2wikimqa segment=50-75 gpu=2
[2026-07-11 14:06:59] done cfg=ragdocs_online_qk_rate015 dataset=2wikimqa segment=75-100 gpu=3
[2026-07-11 14:06:59] start cfg=ragdocs_online_draft_rate015 dataset=2wikimqa segment=75-100 gpu=3
[2026-07-11 14:07:07] done cfg=ragdocs_online_qk_rate015 dataset=2wikimqa segment=175-200 gpu=7
[2026-07-11 14:07:07] start cfg=ragdocs_online_draft_rate015 dataset=2wikimqa segment=175-200 gpu=7
[2026-07-11 14:07:21] done cfg=ragdocs_online_qk_rate015 dataset=2wikimqa segment=0-25 gpu=0
[2026-07-11 14:07:21] start cfg=ragdocs_online_draft_rate015 dataset=2wikimqa segment=0-25 gpu=0
[2026-07-11 14:07:37] done cfg=ragdocs_online_qk_rate015 dataset=2wikimqa segment=25-50 gpu=1
[2026-07-11 14:07:37] start cfg=ragdocs_online_draft_rate015 dataset=2wikimqa segment=25-50 gpu=1
[2026-07-11 14:09:03] done cfg=ragdocs_online_qk_rate015 dataset=2wikimqa segment=150-175 gpu=6
[2026-07-11 14:09:03] start cfg=ragdocs_online_draft_rate015 dataset=2wikimqa segment=150-175 gpu=6
[2026-07-11 14:10:31] workers running=8
[2026-07-11 14:15:42] workers running=0
[2026-07-11 14:15:42] supervisor done
[2026-07-11 14:35:11] supervisor start host=qjhs-sh-lab-04
[2026-07-11 14:35:11] task list written: /home/hming/FusionRAG-pca-analysis/MOTIVATION_EXPERIMENTS/rag_docs_preprocess_ablation/logs/tasks.tsv (60 tasks)
[2026-07-11 14:35:11] launching 8 workers on qjy003
[2026-07-11 14:35:11] launched worker gpu=0 pid=725660
[2026-07-11 14:35:11] launched worker gpu=1 pid=725668
[2026-07-11 14:35:11] launched worker gpu=2 pid=725678
[2026-07-11 14:35:11] skip finished cfg=ragdocs_online_qk_rate015 dataset=2wikimqa segment=0-25 gpu=0
[2026-07-11 14:35:11] launched worker gpu=3 pid=725692
[2026-07-11 14:35:11] skip finished cfg=ragdocs_online_qk_rate015 dataset=2wikimqa segment=25-50 gpu=1
[2026-07-11 14:35:11] start cfg=ragdocs_online_draft_rate015 dataset=2wikimqa segment=0-25 gpu=0
[2026-07-11 14:35:11] launched worker gpu=4 pid=725708
[2026-07-11 14:35:11] skip finished cfg=ragdocs_online_qk_rate015 dataset=2wikimqa segment=50-75 gpu=2
[2026-07-11 14:35:11] start cfg=ragdocs_online_draft_rate015 dataset=2wikimqa segment=25-50 gpu=1
[2026-07-11 14:35:11] launched worker gpu=5 pid=725728
[2026-07-11 14:35:11] skip finished cfg=ragdocs_online_qk_rate015 dataset=2wikimqa segment=75-100 gpu=3
[2026-07-11 14:35:12] start cfg=ragdocs_online_draft_rate015 dataset=2wikimqa segment=50-75 gpu=2
[2026-07-11 14:35:12] launched worker gpu=6 pid=725748
[2026-07-11 14:35:12] skip finished cfg=ragdocs_online_qk_rate015 dataset=2wikimqa segment=100-125 gpu=4
[2026-07-11 14:35:12] start cfg=ragdocs_online_draft_rate015 dataset=2wikimqa segment=75-100 gpu=3
[2026-07-11 14:35:12] launched worker gpu=7 pid=725769
[2026-07-11 14:35:12] start cfg=ragdocs_online_qk_rate015 dataset=2wikimqa segment=125-150 gpu=5
[2026-07-11 14:35:12] start cfg=ragdocs_online_draft_rate015 dataset=2wikimqa segment=100-125 gpu=4
[2026-07-11 14:35:12] skip finished cfg=ragdocs_online_qk_rate015 dataset=2wikimqa segment=150-175 gpu=6
[2026-07-11 14:35:12] skip finished cfg=ragdocs_online_qk_rate015 dataset=2wikimqa segment=175-200 gpu=7
[2026-07-11 14:35:12] start cfg=ragdocs_online_draft_rate015 dataset=2wikimqa segment=150-175 gpu=6
[2026-07-11 14:35:12] start cfg=ragdocs_online_draft_rate015 dataset=2wikimqa segment=175-200 gpu=7
[2026-07-11 14:35:33] workers running=8
[2026-07-11 14:40:39] workers running=0
[2026-07-11 14:40:39] supervisor done
[2026-07-11 14:40:39] supervisor start host=qjhs-sh-lab-04
[2026-07-11 14:40:39] task list written: /home/hming/FusionRAG-pca-analysis/MOTIVATION_EXPERIMENTS/rag_docs_preprocess_ablation/logs/tasks.tsv (60 tasks)
[2026-07-11 14:40:39] launching 8 workers on qjy003
[2026-07-11 14:40:39] launched worker gpu=0 pid=746804
[2026-07-11 14:40:39] launched worker gpu=1 pid=746813
[2026-07-11 14:40:39] skip finished cfg=ragdocs_online_qk_rate015 dataset=2wikimqa segment=0-25 gpu=0
[2026-07-11 14:40:39] launched worker gpu=2 pid=746823
[2026-07-11 14:40:39] launched worker gpu=3 pid=746838
[2026-07-11 14:40:39] skip finished cfg=ragdocs_online_qk_rate015 dataset=2wikimqa segment=25-50 gpu=1
[2026-07-11 14:40:39] start cfg=ragdocs_online_draft_rate015 dataset=2wikimqa segment=0-25 gpu=0
[2026-07-11 14:40:39] launched worker gpu=4 pid=746857
[2026-07-11 14:40:39] skip finished cfg=ragdocs_online_qk_rate015 dataset=2wikimqa segment=50-75 gpu=2
[2026-07-11 14:40:39] start cfg=ragdocs_online_draft_rate015 dataset=2wikimqa segment=25-50 gpu=1
[2026-07-11 14:40:39] launched worker gpu=5 pid=746874
[2026-07-11 14:40:39] skip finished cfg=ragdocs_online_qk_rate015 dataset=2wikimqa segment=75-100 gpu=3
[2026-07-11 14:40:39] start cfg=ragdocs_online_draft_rate015 dataset=2wikimqa segment=50-75 gpu=2
[2026-07-11 14:40:39] launched worker gpu=6 pid=746894
[2026-07-11 14:40:39] skip finished cfg=ragdocs_online_qk_rate015 dataset=2wikimqa segment=100-125 gpu=4
[2026-07-11 14:40:39] start cfg=ragdocs_online_draft_rate015 dataset=2wikimqa segment=75-100 gpu=3
[2026-07-11 14:40:39] launched worker gpu=7 pid=746917
[2026-07-11 14:40:39] start cfg=ragdocs_online_qk_rate015 dataset=2wikimqa segment=125-150 gpu=5
[2026-07-11 14:40:39] start cfg=ragdocs_online_draft_rate015 dataset=2wikimqa segment=100-125 gpu=4
[2026-07-11 14:40:39] skip finished cfg=ragdocs_online_qk_rate015 dataset=2wikimqa segment=150-175 gpu=6
[2026-07-11 14:40:39] skip finished cfg=ragdocs_online_qk_rate015 dataset=2wikimqa segment=175-200 gpu=7
[2026-07-11 14:40:39] start cfg=ragdocs_online_draft_rate015 dataset=2wikimqa segment=150-175 gpu=6
[2026-07-11 14:40:39] start cfg=ragdocs_online_draft_rate015 dataset=2wikimqa segment=175-200 gpu=7
[2026-07-11 14:40:39] workers running=8
[2026-07-11 14:45:39] workers running=0
[2026-07-11 14:45:39] supervisor done
[2026-07-11 14:48:22] supervisor start host=qjhs-sh-lab-04
[2026-07-11 14:48:22] task list written: /home/hming/FusionRAG-pca-analysis/MOTIVATION_EXPERIMENTS/rag_docs_preprocess_ablation/logs/tasks.tsv (60 tasks)
[2026-07-11 14:48:22] launching 4 workers on qjy003 gpu_list=0 1 2 3 cache=/dev/shm/hming/fusionrag-ragdocs-preprocess-ablation-cache-v3
[2026-07-11 14:48:22] launched worker rank=0 gpu=0 pid=773380
[2026-07-11 14:48:22] launched worker rank=1 gpu=1 pid=773388
[2026-07-11 14:48:22] launched worker rank=2 gpu=2 pid=773398
[2026-07-11 14:48:22] skip finished cfg=ragdocs_online_qk_rate015 dataset=2wikimqa segment=0-25 gpu=0
[2026-07-11 14:48:22] launched worker rank=3 gpu=3 pid=773412
[2026-07-11 14:48:22] skip finished cfg=ragdocs_online_qk_rate015 dataset=2wikimqa segment=25-50 gpu=1
[2026-07-11 14:48:22] skip finished cfg=ragdocs_online_qk_rate015 dataset=2wikimqa segment=100-125 gpu=0
[2026-07-11 14:48:22] skip finished cfg=ragdocs_online_qk_rate015 dataset=2wikimqa segment=50-75 gpu=2
[2026-07-11 14:48:22] start cfg=ragdocs_online_qk_rate015 dataset=2wikimqa segment=125-150 gpu=1
[2026-07-11 14:48:22] start cfg=ragdocs_online_draft_rate015 dataset=2wikimqa segment=0-25 gpu=0
[2026-07-11 14:48:22] skip finished cfg=ragdocs_online_qk_rate015 dataset=2wikimqa segment=75-100 gpu=3
[2026-07-11 14:48:22] skip finished cfg=ragdocs_online_qk_rate015 dataset=2wikimqa segment=150-175 gpu=2
[2026-07-11 14:48:22] skip finished cfg=ragdocs_online_qk_rate015 dataset=2wikimqa segment=175-200 gpu=3
[2026-07-11 14:48:22] start cfg=ragdocs_online_draft_rate015 dataset=2wikimqa segment=50-75 gpu=2
[2026-07-11 14:48:22] start cfg=ragdocs_online_draft_rate015 dataset=2wikimqa segment=75-100 gpu=3
[2026-07-11 14:48:29] workers running=4
[2026-07-11 14:53:39] workers running=4
[2026-07-11 14:58:55] workers running=4
[2026-07-11 15:03:57] workers running=4
[2026-07-11 15:09:17] workers running=4
[2026-07-11 15:14:22] workers running=4
[2026-07-11 15:14:51] done cfg=ragdocs_online_draft_rate015 dataset=2wikimqa segment=50-75 gpu=2
[2026-07-11 15:14:51] start cfg=ragdocs_online_draft_rate015 dataset=2wikimqa segment=150-175 gpu=2
[2026-07-11 15:15:19] done cfg=ragdocs_online_draft_rate015 dataset=2wikimqa segment=75-100 gpu=3
[2026-07-11 15:15:19] start cfg=ragdocs_online_draft_rate015 dataset=2wikimqa segment=175-200 gpu=3
[2026-07-11 15:18:34] done cfg=ragdocs_online_draft_rate015 dataset=2wikimqa segment=0-25 gpu=0
[2026-07-11 15:18:34] start cfg=ragdocs_online_draft_rate015 dataset=2wikimqa segment=100-125 gpu=0
[2026-07-11 15:19:09] done cfg=ragdocs_online_qk_rate015 dataset=2wikimqa segment=125-150 gpu=1
[2026-07-11 15:19:09] start cfg=ragdocs_online_draft_rate015 dataset=2wikimqa segment=25-50 gpu=1
[2026-07-11 15:19:57] workers running=4
[2026-07-11 15:25:12] workers running=4
[2026-07-11 15:30:29] workers running=4
[2026-07-11 15:35:34] workers running=4
[2026-07-11 15:40:56] workers running=4
[2026-07-11 15:43:15] done cfg=ragdocs_online_draft_rate015 dataset=2wikimqa segment=175-200 gpu=3
[2026-07-11 15:43:15] start cfg=ragdocs_online_qk_rate015 dataset=hotpotqa segment=75-100 gpu=3
[2026-07-11 15:44:54] done cfg=ragdocs_online_draft_rate015 dataset=2wikimqa segment=150-175 gpu=2
[2026-07-11 15:44:54] start cfg=ragdocs_online_qk_rate015 dataset=hotpotqa segment=50-75 gpu=2
[2026-07-11 15:45:00] done cfg=ragdocs_online_draft_rate015 dataset=2wikimqa segment=100-125 gpu=0
[2026-07-11 15:45:00] start cfg=ragdocs_online_qk_rate015 dataset=hotpotqa segment=0-25 gpu=0
[2026-07-11 15:46:04] workers running=4
[2026-07-11 15:47:30] done cfg=ragdocs_online_draft_rate015 dataset=2wikimqa segment=25-50 gpu=1
[2026-07-11 15:47:30] start cfg=ragdocs_online_draft_rate015 dataset=2wikimqa segment=125-150 gpu=1
[2026-07-11 15:51:19] workers running=4
[2026-07-11 15:56:24] workers running=4
[2026-07-11 16:01:36] workers running=4
[2026-07-11 16:01:37] done cfg=ragdocs_online_qk_rate015 dataset=hotpotqa segment=75-100 gpu=3
[2026-07-11 16:01:37] start cfg=ragdocs_online_qk_rate015 dataset=hotpotqa segment=175-200 gpu=3
[2026-07-11 16:03:43] done cfg=ragdocs_online_qk_rate015 dataset=hotpotqa segment=50-75 gpu=2
[2026-07-11 16:03:43] start cfg=ragdocs_online_qk_rate015 dataset=hotpotqa segment=150-175 gpu=2
[2026-07-11 16:04:27] done cfg=ragdocs_online_qk_rate015 dataset=hotpotqa segment=0-25 gpu=0
[2026-07-11 16:04:27] start cfg=ragdocs_online_qk_rate015 dataset=hotpotqa segment=100-125 gpu=0
[2026-07-11 16:04:54] fail cfg=ragdocs_online_qk_rate015 dataset=hotpotqa segment=150-175 gpu=2 rc=1
[2026-07-11 16:04:54] start cfg=ragdocs_online_qk_rate015 dataset=hotpotqa segment=250-260 gpu=2
[2026-07-11 16:04:56] fail cfg=ragdocs_online_qk_rate015 dataset=hotpotqa segment=175-200 gpu=3 rc=1
[2026-07-11 16:04:56] start cfg=ragdocs_online_draft_rate015 dataset=hotpotqa segment=0-25 gpu=3
[2026-07-11 16:04:56] fail cfg=ragdocs_online_qk_rate015 dataset=hotpotqa segment=100-125 gpu=0 rc=1
[2026-07-11 16:04:56] start cfg=ragdocs_online_qk_rate015 dataset=hotpotqa segment=200-225 gpu=0
[2026-07-11 16:05:11] fail cfg=ragdocs_online_draft_rate015 dataset=2wikimqa segment=125-150 gpu=1 rc=1
[2026-07-11 16:05:11] start cfg=ragdocs_online_qk_rate015 dataset=hotpotqa segment=25-50 gpu=1
[2026-07-11 16:05:24] fail cfg=ragdocs_online_qk_rate015 dataset=hotpotqa segment=250-260 gpu=2 rc=1
[2026-07-11 16:05:24] start cfg=ragdocs_online_draft_rate015 dataset=hotpotqa segment=75-100 gpu=2
[2026-07-11 16:05:27] fail cfg=ragdocs_online_qk_rate015 dataset=hotpotqa segment=200-225 gpu=0 rc=1
[2026-07-11 16:05:27] start cfg=ragdocs_online_draft_rate015 dataset=hotpotqa segment=25-50 gpu=0
[2026-07-11 16:05:29] fail cfg=ragdocs_online_draft_rate015 dataset=hotpotqa segment=0-25 gpu=3 rc=1
[2026-07-11 16:05:29] start cfg=ragdocs_online_draft_rate015 dataset=hotpotqa segment=100-125 gpu=3
[2026-07-11 16:05:42] fail cfg=ragdocs_online_qk_rate015 dataset=hotpotqa segment=25-50 gpu=1 rc=1
[2026-07-11 16:05:42] start cfg=ragdocs_online_qk_rate015 dataset=hotpotqa segment=125-150 gpu=1
[2026-07-11 16:05:53] fail cfg=ragdocs_online_draft_rate015 dataset=hotpotqa segment=75-100 gpu=2 rc=1
[2026-07-11 16:05:53] start cfg=ragdocs_online_draft_rate015 dataset=hotpotqa segment=175-200 gpu=2
[2026-07-11 16:05:56] fail cfg=ragdocs_online_draft_rate015 dataset=hotpotqa segment=100-125 gpu=3 rc=1
[2026-07-11 16:05:56] start cfg=ragdocs_online_draft_rate015 dataset=hotpotqa segment=200-225 gpu=3
[2026-07-11 16:05:59] fail cfg=ragdocs_online_draft_rate015 dataset=hotpotqa segment=25-50 gpu=0 rc=1
[2026-07-11 16:05:59] start cfg=ragdocs_online_draft_rate015 dataset=hotpotqa segment=125-150 gpu=0
[2026-07-11 16:06:12] fail cfg=ragdocs_online_qk_rate015 dataset=hotpotqa segment=125-150 gpu=1 rc=1
[2026-07-11 16:06:12] start cfg=ragdocs_online_qk_rate015 dataset=hotpotqa segment=225-250 gpu=1
[2026-07-11 16:06:22] fail cfg=ragdocs_online_draft_rate015 dataset=hotpotqa segment=175-200 gpu=2 rc=1
[2026-07-11 16:06:22] skip finished cfg=ragdocs_online_qk_rate015 dataset=triviaqa segment=0-25 gpu=2
[2026-07-11 16:06:22] skip finished cfg=ragdocs_online_qk_rate015 dataset=triviaqa segment=100-125 gpu=2
[2026-07-11 16:06:22] start cfg=ragdocs_online_qk_rate015 dataset=triviaqa segment=200-225 gpu=2
[2026-07-11 16:06:27] fail cfg=ragdocs_online_draft_rate015 dataset=hotpotqa segment=200-225 gpu=3 rc=1
[2026-07-11 16:06:27] skip finished cfg=ragdocs_online_qk_rate015 dataset=triviaqa segment=25-50 gpu=3
[2026-07-11 16:06:27] start cfg=ragdocs_online_qk_rate015 dataset=triviaqa segment=125-150 gpu=3
[2026-07-11 16:06:29] fail cfg=ragdocs_online_draft_rate015 dataset=hotpotqa segment=125-150 gpu=0 rc=1
[2026-07-11 16:06:29] start cfg=ragdocs_online_draft_rate015 dataset=hotpotqa segment=225-250 gpu=0
[2026-07-11 16:06:42] fail cfg=ragdocs_online_qk_rate015 dataset=hotpotqa segment=225-250 gpu=1 rc=1
[2026-07-11 16:06:42] start cfg=ragdocs_online_draft_rate015 dataset=hotpotqa segment=50-75 gpu=1
[2026-07-11 16:06:53] fail cfg=ragdocs_online_qk_rate015 dataset=triviaqa segment=200-225 gpu=2 rc=1
[2026-07-11 16:06:53] start cfg=ragdocs_online_draft_rate015 dataset=triviaqa segment=25-50 gpu=2
[2026-07-11 16:06:56] fail cfg=ragdocs_online_qk_rate015 dataset=triviaqa segment=125-150 gpu=3 rc=1
[2026-07-11 16:06:56] start cfg=ragdocs_online_qk_rate015 dataset=triviaqa segment=225-250 gpu=3
[2026-07-11 16:07:01] workers running=4
[2026-07-11 16:07:02] fail cfg=ragdocs_online_draft_rate015 dataset=hotpotqa segment=225-250 gpu=0 rc=1
[2026-07-11 16:07:02] skip finished cfg=ragdocs_online_qk_rate015 dataset=triviaqa segment=50-75 gpu=0
[2026-07-11 16:07:02] skip finished cfg=ragdocs_online_qk_rate015 dataset=triviaqa segment=150-175 gpu=0
[2026-07-11 16:07:02] start cfg=ragdocs_online_qk_rate015 dataset=triviaqa segment=250-270 gpu=0
[2026-07-11 16:07:15] fail cfg=ragdocs_online_draft_rate015 dataset=hotpotqa segment=50-75 gpu=1 rc=1
[2026-07-11 16:07:15] start cfg=ragdocs_online_draft_rate015 dataset=hotpotqa segment=150-175 gpu=1
[2026-07-11 16:07:24] fail cfg=ragdocs_online_draft_rate015 dataset=triviaqa segment=25-50 gpu=2 rc=1
[2026-07-11 16:07:24] start cfg=ragdocs_online_draft_rate015 dataset=triviaqa segment=125-150 gpu=2
[2026-07-11 16:07:27] fail cfg=ragdocs_online_qk_rate015 dataset=triviaqa segment=225-250 gpu=3 rc=1
[2026-07-11 16:07:27] start cfg=ragdocs_online_draft_rate015 dataset=triviaqa segment=50-75 gpu=3
[2026-07-11 16:07:33] fail cfg=ragdocs_online_qk_rate015 dataset=triviaqa segment=250-270 gpu=0 rc=1
[2026-07-11 16:07:33] start cfg=ragdocs_online_draft_rate015 dataset=triviaqa segment=75-100 gpu=0
[2026-07-11 16:07:48] fail cfg=ragdocs_online_draft_rate015 dataset=hotpotqa segment=150-175 gpu=1 rc=1
[2026-07-11 16:07:48] start cfg=ragdocs_online_draft_rate015 dataset=hotpotqa segment=250-260 gpu=1
[2026-07-11 16:07:57] fail cfg=ragdocs_online_draft_rate015 dataset=triviaqa segment=125-150 gpu=2 rc=1
[2026-07-11 16:07:57] start cfg=ragdocs_online_draft_rate015 dataset=triviaqa segment=225-250 gpu=2
[2026-07-11 16:08:03] fail cfg=ragdocs_online_draft_rate015 dataset=triviaqa segment=50-75 gpu=3 rc=1
[2026-07-11 16:08:03] start cfg=ragdocs_online_draft_rate015 dataset=triviaqa segment=150-175 gpu=3
[2026-07-11 16:08:04] fail cfg=ragdocs_online_draft_rate015 dataset=triviaqa segment=75-100 gpu=0 rc=1
[2026-07-11 16:08:04] start cfg=ragdocs_online_draft_rate015 dataset=triviaqa segment=175-200 gpu=0
[2026-07-11 16:08:22] fail cfg=ragdocs_online_draft_rate015 dataset=hotpotqa segment=250-260 gpu=1 rc=1
[2026-07-11 16:08:22] skip finished cfg=ragdocs_online_qk_rate015 dataset=triviaqa segment=75-100 gpu=1
[2026-07-11 16:08:22] start cfg=ragdocs_online_qk_rate015 dataset=triviaqa segment=175-200 gpu=1
[2026-07-11 16:08:31] fail cfg=ragdocs_online_draft_rate015 dataset=triviaqa segment=225-250 gpu=2 rc=1
[2026-07-11 16:08:31] worker gpu=2 finished
[2026-07-11 16:08:35] fail cfg=ragdocs_online_draft_rate015 dataset=triviaqa segment=150-175 gpu=3 rc=1
[2026-07-11 16:08:35] start cfg=ragdocs_online_draft_rate015 dataset=triviaqa segment=250-270 gpu=3
[2026-07-11 16:08:36] fail cfg=ragdocs_online_draft_rate015 dataset=triviaqa segment=175-200 gpu=0 rc=1
[2026-07-11 16:08:36] worker gpu=0 finished
[2026-07-11 16:08:54] fail cfg=ragdocs_online_qk_rate015 dataset=triviaqa segment=175-200 gpu=1 rc=1
[2026-07-11 16:08:54] start cfg=ragdocs_online_draft_rate015 dataset=triviaqa segment=0-25 gpu=1
[2026-07-11 16:09:09] fail cfg=ragdocs_online_draft_rate015 dataset=triviaqa segment=250-270 gpu=3 rc=1
[2026-07-11 16:09:09] worker gpu=3 finished
[2026-07-11 16:09:28] fail cfg=ragdocs_online_draft_rate015 dataset=triviaqa segment=0-25 gpu=1 rc=1
[2026-07-11 16:09:28] start cfg=ragdocs_online_draft_rate015 dataset=triviaqa segment=100-125 gpu=1
[2026-07-11 16:10:03] fail cfg=ragdocs_online_draft_rate015 dataset=triviaqa segment=100-125 gpu=1 rc=1
[2026-07-11 16:10:03] start cfg=ragdocs_online_draft_rate015 dataset=triviaqa segment=200-225 gpu=1
[2026-07-11 16:10:37] fail cfg=ragdocs_online_draft_rate015 dataset=triviaqa segment=200-225 gpu=1 rc=1
[2026-07-11 16:10:37] worker gpu=1 finished
[2026-07-11 16:12:07] workers running=0
[2026-07-11 16:12:07] supervisor done
