[2026-07-11 15:28:51] trivia gpu47 supervisor start host=qjhs-sh-lab-04
[2026-07-11 15:28:51] task list written: /home/hming/FusionRAG-pca-analysis/MOTIVATION_EXPERIMENTS/rag_docs_preprocess_ablation/logs/tasks_trivia_gpu47.tsv (22 tasks)
[2026-07-11 15:28:51] launching 4 trivia workers on qjy003 gpu_list=4 5 6 7 cache=/dev/shm/hming/fusionrag-ragdocs-preprocess-ablation-cache-v3
[2026-07-11 15:28:51] launched worker rank=0 gpu=4 pid=900659
[2026-07-11 15:28:51] launched worker rank=1 gpu=5 pid=900667
[2026-07-11 15:28:51] launched worker rank=2 gpu=6 pid=900677
[2026-07-11 15:28:51] start cfg=ragdocs_online_qk_rate015 dataset=triviaqa segment=0-25 gpu=4
[2026-07-11 15:28:51] launched worker rank=3 gpu=7 pid=900691
[2026-07-11 15:28:51] start cfg=ragdocs_online_qk_rate015 dataset=triviaqa segment=25-50 gpu=5
[2026-07-11 15:28:51] start cfg=ragdocs_online_qk_rate015 dataset=triviaqa segment=50-75 gpu=6
[2026-07-11 15:28:51] start cfg=ragdocs_online_qk_rate015 dataset=triviaqa segment=75-100 gpu=7
[2026-07-11 15:28:51] workers running=4
[2026-07-11 15:33:51] workers running=4
[2026-07-11 15:38:51] workers running=4
[2026-07-11 15:43:52] workers running=4
[2026-07-11 15:45:51] done cfg=ragdocs_online_qk_rate015 dataset=triviaqa segment=0-25 gpu=4
[2026-07-11 15:45:51] start cfg=ragdocs_online_qk_rate015 dataset=triviaqa segment=100-125 gpu=4
[2026-07-11 15:46:09] done cfg=ragdocs_online_qk_rate015 dataset=triviaqa segment=50-75 gpu=6
[2026-07-11 15:46:09] start cfg=ragdocs_online_qk_rate015 dataset=triviaqa segment=150-175 gpu=6
[2026-07-11 15:47:53] done cfg=ragdocs_online_qk_rate015 dataset=triviaqa segment=25-50 gpu=5
[2026-07-11 15:47:53] start cfg=ragdocs_online_qk_rate015 dataset=triviaqa segment=125-150 gpu=5
[2026-07-11 15:48:15] done cfg=ragdocs_online_qk_rate015 dataset=triviaqa segment=75-100 gpu=7
[2026-07-11 15:48:15] start cfg=ragdocs_online_qk_rate015 dataset=triviaqa segment=175-200 gpu=7
[2026-07-11 15:48:52] workers running=4
[2026-07-11 15:53:52] workers running=4
[2026-07-11 15:58:52] workers running=4
[2026-07-11 16:02:35] done cfg=ragdocs_online_qk_rate015 dataset=triviaqa segment=100-125 gpu=4
[2026-07-11 16:02:35] start cfg=ragdocs_online_qk_rate015 dataset=triviaqa segment=200-225 gpu=4
[2026-07-11 16:02:37] done cfg=ragdocs_online_qk_rate015 dataset=triviaqa segment=150-175 gpu=6
[2026-07-11 16:02:37] start cfg=ragdocs_online_qk_rate015 dataset=triviaqa segment=250-270 gpu=6
[2026-07-11 16:04:16] workers running=4
[2026-07-11 16:04:54] fail cfg=ragdocs_online_qk_rate015 dataset=triviaqa segment=175-200 gpu=7 rc=1
[2026-07-11 16:04:54] start cfg=ragdocs_online_draft_rate015 dataset=triviaqa segment=0-25 gpu=7
[2026-07-11 16:04:54] fail cfg=ragdocs_online_qk_rate015 dataset=triviaqa segment=200-225 gpu=4 rc=1
[2026-07-11 16:04:54] start cfg=ragdocs_online_draft_rate015 dataset=triviaqa segment=25-50 gpu=4
[2026-07-11 16:04:55] fail cfg=ragdocs_online_qk_rate015 dataset=triviaqa segment=125-150 gpu=5 rc=1
[2026-07-11 16:04:55] start cfg=ragdocs_online_qk_rate015 dataset=triviaqa segment=225-250 gpu=5
[2026-07-11 16:04:55] fail cfg=ragdocs_online_qk_rate015 dataset=triviaqa segment=250-270 gpu=6 rc=1
[2026-07-11 16:04:55] start cfg=ragdocs_online_draft_rate015 dataset=triviaqa segment=75-100 gpu=6
[2026-07-11 16:05:24] fail cfg=ragdocs_online_draft_rate015 dataset=triviaqa segment=0-25 gpu=7 rc=1
[2026-07-11 16:05:24] start cfg=ragdocs_online_draft_rate015 dataset=triviaqa segment=100-125 gpu=7
[2026-07-11 16:05:25] fail cfg=ragdocs_online_draft_rate015 dataset=triviaqa segment=25-50 gpu=4 rc=1
[2026-07-11 16:05:25] start cfg=ragdocs_online_draft_rate015 dataset=triviaqa segment=125-150 gpu=4
[2026-07-11 16:05:27] fail cfg=ragdocs_online_qk_rate015 dataset=triviaqa segment=225-250 gpu=5 rc=1
[2026-07-11 16:05:27] start cfg=ragdocs_online_draft_rate015 dataset=triviaqa segment=50-75 gpu=5
[2026-07-11 16:05:29] fail cfg=ragdocs_online_draft_rate015 dataset=triviaqa segment=75-100 gpu=6 rc=1
[2026-07-11 16:05:29] start cfg=ragdocs_online_draft_rate015 dataset=triviaqa segment=175-200 gpu=6
[2026-07-11 16:05:54] fail cfg=ragdocs_online_draft_rate015 dataset=triviaqa segment=100-125 gpu=7 rc=1
[2026-07-11 16:05:54] start cfg=ragdocs_online_draft_rate015 dataset=triviaqa segment=200-225 gpu=7
[2026-07-11 16:05:54] fail cfg=ragdocs_online_draft_rate015 dataset=triviaqa segment=125-150 gpu=4 rc=1
[2026-07-11 16:05:54] start cfg=ragdocs_online_draft_rate015 dataset=triviaqa segment=225-250 gpu=4
[2026-07-11 16:05:58] fail cfg=ragdocs_online_draft_rate015 dataset=triviaqa segment=175-200 gpu=6 rc=1
[2026-07-11 16:05:58] worker gpu=6 finished
[2026-07-11 16:05:59] fail cfg=ragdocs_online_draft_rate015 dataset=triviaqa segment=50-75 gpu=5 rc=1
[2026-07-11 16:05:59] start cfg=ragdocs_online_draft_rate015 dataset=triviaqa segment=150-175 gpu=5
[2026-07-11 16:06:24] fail cfg=ragdocs_online_draft_rate015 dataset=triviaqa segment=200-225 gpu=7 rc=1
[2026-07-11 16:06:24] worker gpu=7 finished
[2026-07-11 16:06:26] fail cfg=ragdocs_online_draft_rate015 dataset=triviaqa segment=225-250 gpu=4 rc=1
[2026-07-11 16:06:26] worker gpu=4 finished
[2026-07-11 16:06:29] fail cfg=ragdocs_online_draft_rate015 dataset=triviaqa segment=150-175 gpu=5 rc=1
[2026-07-11 16:06:29] start cfg=ragdocs_online_draft_rate015 dataset=triviaqa segment=250-270 gpu=5
[2026-07-11 16:07:02] fail cfg=ragdocs_online_draft_rate015 dataset=triviaqa segment=250-270 gpu=5 rc=1
[2026-07-11 16:07:02] worker gpu=5 finished
[2026-07-11 16:09:22] workers running=0
[2026-07-11 16:09:22] trivia gpu47 supervisor done
