[2026-07-09 00:03:11] launched gpu0 pid=1928630
[2026-07-09 00:03:11] launched gpu1 pid=1928638
[2026-07-09 00:03:11] launched gpu2 pid=1928647
[2026-07-09 00:03:11] start cfg=offline3b_freq_boundary2 seg=150-175 gpu=0
[2026-07-09 00:03:11] launched gpu3 pid=1928662
[2026-07-09 00:03:11] start cfg=offline3b_freq_boundary2 seg=175-200 gpu=1
[2026-07-09 00:03:11] launched gpu4 pid=1928676
[2026-07-09 00:03:11] start cfg=offline3b_freq_boundary2 seg=200-225 gpu=2
[2026-07-09 00:03:11] launched gpu5 pid=1928689
[2026-07-09 00:03:11] start cfg=offline3b_freq_boundary2 seg=225-250 gpu=3
[2026-07-09 00:03:11] launched gpu6 pid=1928702
[2026-07-09 00:03:11] start cfg=offline32b_top2 seg=75-100 gpu=4
[2026-07-09 00:03:11] launched gpu7 pid=1928721
[2026-07-09 00:03:11] start cfg=offline32b_top2 seg=100-125 gpu=5
[2026-07-09 00:03:11] start cfg=offline32b_top2 seg=125-150 gpu=6
[2026-07-09 00:03:11] start cfg=offline32b_top2 seg=150-175 gpu=7
[2026-07-09 00:51:59] done cfg=offline32b_top2 seg=125-150 gpu=6
[2026-07-09 00:53:01] done cfg=offline3b_freq_boundary2 seg=175-200 gpu=1
[2026-07-09 00:53:01] start cfg=offline32b_top2 seg=200-225 gpu=1
[2026-07-09 00:54:09] done cfg=offline32b_top2 seg=100-125 gpu=5
[2026-07-09 00:55:18] done cfg=offline3b_freq_boundary2 seg=150-175 gpu=0
[2026-07-09 00:55:18] start cfg=offline32b_top2 seg=175-200 gpu=0
[2026-07-09 00:55:24] done cfg=offline32b_top2 seg=150-175 gpu=7
[2026-07-09 00:56:08] done cfg=offline3b_freq_boundary2 seg=225-250 gpu=3
[2026-07-09 00:56:08] start cfg=offline32b_top2 seg=250-270 gpu=3
[2026-07-09 00:56:40] done cfg=offline3b_freq_boundary2 seg=200-225 gpu=2
[2026-07-09 00:56:40] start cfg=offline32b_top2 seg=225-250 gpu=2
[2026-07-09 00:58:47] done cfg=offline32b_top2 seg=75-100 gpu=4
[2026-07-09 01:45:06] done cfg=offline32b_top2 seg=200-225 gpu=1
[2026-07-09 01:45:07] rerun script done
