[2026-07-08 12:05:23] start accuracy method=draft32b_smart_frequency_global gpu=0 segment=0-25
[2026-07-08 12:05:23] start accuracy method=draft32b_smart_frequency_global gpu=1 segment=25-50
[2026-07-08 12:05:23] start accuracy method=draft32b_smart_frequency_global gpu=2 segment=50-75
[2026-07-08 12:05:23] start accuracy method=draft32b_smart_frequency_global gpu=3 segment=75-100
[2026-07-08 12:05:23] start accuracy method=draft32b_smart_frequency_global gpu=4 segment=100-125
[2026-07-08 12:05:23] start accuracy method=draft32b_smart_frequency_global gpu=5 segment=125-150
[2026-07-08 12:05:23] start accuracy method=draft32b_smart_frequency_global gpu=6 segment=150-175
[2026-07-08 12:05:23] start accuracy method=draft32b_smart_frequency_global gpu=7 segment=175-200
[2026-07-08 12:09:15] done accuracy method=draft32b_smart_frequency_global gpu=7 segment=175-200
[2026-07-08 12:09:15] start accuracy method=draft32b_smart_mean_score_global gpu=7 segment=175-200
[2026-07-08 12:09:47] done accuracy method=draft32b_smart_frequency_global gpu=1 segment=25-50
[2026-07-08 12:09:47] start accuracy method=draft32b_smart_mean_score_global gpu=1 segment=25-50
[2026-07-08 12:10:18] done accuracy method=draft32b_smart_frequency_global gpu=4 segment=100-125
[2026-07-08 12:10:18] start accuracy method=draft32b_smart_mean_score_global gpu=4 segment=100-125
[2026-07-08 12:10:32] done accuracy method=draft32b_smart_frequency_global gpu=0 segment=0-25
[2026-07-08 12:10:32] start accuracy method=draft32b_smart_mean_score_global gpu=0 segment=0-25
[2026-07-08 12:11:41] done accuracy method=draft32b_smart_frequency_global gpu=3 segment=75-100
[2026-07-08 12:11:41] start accuracy method=draft32b_smart_mean_score_global gpu=3 segment=75-100
[2026-07-08 12:11:53] done accuracy method=draft32b_smart_frequency_global gpu=5 segment=125-150
[2026-07-08 12:11:53] start accuracy method=draft32b_smart_mean_score_global gpu=5 segment=125-150
[2026-07-08 12:12:36] done accuracy method=draft32b_smart_frequency_global gpu=6 segment=150-175
[2026-07-08 12:12:36] start accuracy method=draft32b_smart_mean_score_global gpu=6 segment=150-175
[2026-07-08 12:12:45] done accuracy method=draft32b_smart_mean_score_global gpu=7 segment=175-200
[2026-07-08 12:12:45] start accuracy method=draft32b_smart_max_score_global gpu=7 segment=175-200
[2026-07-08 12:14:32] done accuracy method=draft32b_smart_mean_score_global gpu=1 segment=25-50
[2026-07-08 12:14:32] start accuracy method=draft32b_smart_max_score_global gpu=1 segment=25-50
[2026-07-08 12:14:46] done accuracy method=draft32b_smart_mean_score_global gpu=4 segment=100-125
[2026-07-08 12:14:46] start accuracy method=draft32b_smart_max_score_global gpu=4 segment=100-125
[2026-07-08 12:15:31] done accuracy method=draft32b_smart_frequency_global gpu=2 segment=50-75
[2026-07-08 12:15:31] start accuracy method=draft32b_smart_mean_score_global gpu=2 segment=50-75
[2026-07-08 12:15:39] done accuracy method=draft32b_smart_mean_score_global gpu=0 segment=0-25
[2026-07-08 12:15:39] start accuracy method=draft32b_smart_max_score_global gpu=0 segment=0-25
[2026-07-08 12:16:20] done accuracy method=draft32b_smart_max_score_global gpu=7 segment=175-200
[2026-07-08 12:16:20] start accuracy method=draft32b_smart_top2_mean_global gpu=7 segment=175-200
[2026-07-08 12:17:53] done accuracy method=draft32b_smart_mean_score_global gpu=3 segment=75-100
[2026-07-08 12:17:53] start accuracy method=draft32b_smart_max_score_global gpu=3 segment=75-100
[2026-07-08 12:18:12] done accuracy method=draft32b_smart_mean_score_global gpu=5 segment=125-150
[2026-07-08 12:18:12] start accuracy method=draft32b_smart_max_score_global gpu=5 segment=125-150
[2026-07-08 12:18:50] done accuracy method=draft32b_smart_max_score_global gpu=4 segment=100-125
[2026-07-08 12:18:50] start accuracy method=draft32b_smart_top2_mean_global gpu=4 segment=100-125
[2026-07-08 12:19:16] done accuracy method=draft32b_smart_max_score_global gpu=1 segment=25-50
[2026-07-08 12:19:16] start accuracy method=draft32b_smart_top2_mean_global gpu=1 segment=25-50
[2026-07-08 12:19:21] done accuracy method=draft32b_smart_mean_score_global gpu=6 segment=150-175
[2026-07-08 12:19:21] start accuracy method=draft32b_smart_max_score_global gpu=6 segment=150-175
[2026-07-08 12:20:06] done accuracy method=draft32b_smart_top2_mean_global gpu=7 segment=175-200
[2026-07-08 12:21:02] done accuracy method=draft32b_smart_max_score_global gpu=0 segment=0-25
[2026-07-08 12:21:02] start accuracy method=draft32b_smart_top2_mean_global gpu=0 segment=0-25
[2026-07-08 12:22:58] done accuracy method=draft32b_smart_top2_mean_global gpu=4 segment=100-125
[2026-07-08 12:23:42] done accuracy method=draft32b_smart_max_score_global gpu=3 segment=75-100
[2026-07-08 12:23:42] start accuracy method=draft32b_smart_top2_mean_global gpu=3 segment=75-100
[2026-07-08 12:23:58] done accuracy method=draft32b_smart_top2_mean_global gpu=1 segment=25-50
[2026-07-08 12:24:13] done accuracy method=draft32b_smart_max_score_global gpu=5 segment=125-150
[2026-07-08 12:24:13] start accuracy method=draft32b_smart_top2_mean_global gpu=5 segment=125-150
[2026-07-08 12:25:51] done accuracy method=draft32b_smart_mean_score_global gpu=2 segment=50-75
[2026-07-08 12:25:51] start accuracy method=draft32b_smart_max_score_global gpu=2 segment=50-75
[2026-07-08 12:26:06] done accuracy method=draft32b_smart_top2_mean_global gpu=0 segment=0-25
[2026-07-08 12:26:35] done accuracy method=draft32b_smart_max_score_global gpu=6 segment=150-175
[2026-07-08 12:26:35] start accuracy method=draft32b_smart_top2_mean_global gpu=6 segment=150-175
[2026-07-08 12:29:27] done accuracy method=draft32b_smart_top2_mean_global gpu=3 segment=75-100
[2026-07-08 12:30:14] done accuracy method=draft32b_smart_top2_mean_global gpu=5 segment=125-150
[2026-07-08 12:33:58] done accuracy method=draft32b_smart_top2_mean_global gpu=6 segment=150-175
[2026-07-08 12:36:07] done accuracy method=draft32b_smart_max_score_global gpu=2 segment=50-75
[2026-07-08 12:36:07] start accuracy method=draft32b_smart_top2_mean_global gpu=2 segment=50-75
[2026-07-08 12:46:10] done accuracy method=draft32b_smart_top2_mean_global gpu=2 segment=50-75
