[2026-07-08 12:50:39] start boundary accuracy method=draft32b_smart_freq_boundary0p02_global gpu=0 segment=0-25
[2026-07-08 12:50:39] start boundary accuracy method=draft32b_smart_freq_boundary0p02_global gpu=1 segment=25-50
[2026-07-08 12:50:39] start boundary accuracy method=draft32b_smart_freq_boundary0p02_global gpu=2 segment=50-75
[2026-07-08 12:50:39] start boundary accuracy method=draft32b_smart_freq_boundary0p02_global gpu=3 segment=75-100
[2026-07-08 12:50:39] start boundary accuracy method=draft32b_smart_freq_boundary0p02_global gpu=4 segment=100-125
[2026-07-08 12:50:39] start boundary accuracy method=draft32b_smart_freq_boundary0p02_global gpu=5 segment=125-150
[2026-07-08 12:50:39] start boundary accuracy method=draft32b_smart_freq_boundary0p02_global gpu=6 segment=150-175
[2026-07-08 12:50:39] start boundary accuracy method=draft32b_smart_freq_boundary0p02_global gpu=7 segment=175-200
[2026-07-08 12:54:23] done boundary accuracy method=draft32b_smart_freq_boundary0p02_global gpu=7 segment=175-200
[2026-07-08 12:54:23] start boundary accuracy method=draft32b_smart_mean_boundary0p02_global gpu=7 segment=175-200
[2026-07-08 12:55:37] done boundary accuracy method=draft32b_smart_freq_boundary0p02_global gpu=1 segment=25-50
[2026-07-08 12:55:37] start boundary accuracy method=draft32b_smart_mean_boundary0p02_global gpu=1 segment=25-50
[2026-07-08 12:55:40] done boundary accuracy method=draft32b_smart_freq_boundary0p02_global gpu=4 segment=100-125
[2026-07-08 12:55:40] start boundary accuracy method=draft32b_smart_mean_boundary0p02_global gpu=4 segment=100-125
[2026-07-08 12:56:06] done boundary accuracy method=draft32b_smart_freq_boundary0p02_global gpu=0 segment=0-25
[2026-07-08 12:56:06] start boundary accuracy method=draft32b_smart_mean_boundary0p02_global gpu=0 segment=0-25
[2026-07-08 12:56:45] done boundary accuracy method=draft32b_smart_freq_boundary0p02_global gpu=3 segment=75-100
[2026-07-08 12:56:45] start boundary accuracy method=draft32b_smart_mean_boundary0p02_global gpu=3 segment=75-100
[2026-07-08 12:57:18] done boundary accuracy method=draft32b_smart_freq_boundary0p02_global gpu=5 segment=125-150
[2026-07-08 12:57:18] start boundary accuracy method=draft32b_smart_mean_boundary0p02_global gpu=5 segment=125-150
[2026-07-08 12:58:26] done boundary accuracy method=draft32b_smart_mean_boundary0p02_global gpu=7 segment=175-200
[2026-07-08 12:58:26] start boundary accuracy method=draft32b_smart_top2_boundary0p02_global gpu=7 segment=175-200
[2026-07-08 12:58:30] done boundary accuracy method=draft32b_smart_freq_boundary0p02_global gpu=6 segment=150-175
[2026-07-08 12:58:30] start boundary accuracy method=draft32b_smart_mean_boundary0p02_global gpu=6 segment=150-175
[2026-07-08 12:59:58] done boundary accuracy method=draft32b_smart_mean_boundary0p02_global gpu=4 segment=100-125
[2026-07-08 12:59:58] start boundary accuracy method=draft32b_smart_top2_boundary0p02_global gpu=4 segment=100-125
[2026-07-08 13:00:03] done boundary accuracy method=draft32b_smart_mean_boundary0p02_global gpu=1 segment=25-50
[2026-07-08 13:00:03] start boundary accuracy method=draft32b_smart_top2_boundary0p02_global gpu=1 segment=25-50
[2026-07-08 13:00:55] done boundary accuracy method=draft32b_smart_freq_boundary0p02_global gpu=2 segment=50-75
[2026-07-08 13:00:55] start boundary accuracy method=draft32b_smart_mean_boundary0p02_global gpu=2 segment=50-75
[2026-07-08 13:01:28] done boundary accuracy method=draft32b_smart_mean_boundary0p02_global gpu=0 segment=0-25
[2026-07-08 13:01:28] start boundary accuracy method=draft32b_smart_top2_boundary0p02_global gpu=0 segment=0-25
[2026-07-08 13:02:10] done boundary accuracy method=draft32b_smart_top2_boundary0p02_global gpu=7 segment=175-200
[2026-07-08 13:02:10] start boundary accuracy method=draft32b_smart_freq_boundary0p03_global gpu=7 segment=175-200
[2026-07-08 13:03:15] done boundary accuracy method=draft32b_smart_mean_boundary0p02_global gpu=3 segment=75-100
[2026-07-08 13:03:15] start boundary accuracy method=draft32b_smart_top2_boundary0p02_global gpu=3 segment=75-100
[2026-07-08 13:03:32] done boundary accuracy method=draft32b_smart_mean_boundary0p02_global gpu=5 segment=125-150
[2026-07-08 13:03:32] start boundary accuracy method=draft32b_smart_top2_boundary0p02_global gpu=5 segment=125-150
[2026-07-08 13:04:20] done boundary accuracy method=draft32b_smart_top2_boundary0p02_global gpu=4 segment=100-125
[2026-07-08 13:04:20] start boundary accuracy method=draft32b_smart_freq_boundary0p03_global gpu=4 segment=100-125
[2026-07-08 13:04:34] done boundary accuracy method=draft32b_smart_top2_boundary0p02_global gpu=1 segment=25-50
[2026-07-08 13:04:34] start boundary accuracy method=draft32b_smart_freq_boundary0p03_global gpu=1 segment=25-50
[2026-07-08 13:05:35] done boundary accuracy method=draft32b_smart_mean_boundary0p02_global gpu=6 segment=150-175
[2026-07-08 13:05:35] start boundary accuracy method=draft32b_smart_top2_boundary0p02_global gpu=6 segment=150-175
[2026-07-08 13:06:21] done boundary accuracy method=draft32b_smart_freq_boundary0p03_global gpu=7 segment=175-200
[2026-07-08 13:06:21] start boundary accuracy method=draft32b_smart_mean_boundary0p03_global gpu=7 segment=175-200
[2026-07-08 13:07:02] done boundary accuracy method=draft32b_smart_top2_boundary0p02_global gpu=0 segment=0-25
[2026-07-08 13:07:02] start boundary accuracy method=draft32b_smart_freq_boundary0p03_global gpu=0 segment=0-25
[2026-07-08 13:08:56] done boundary accuracy method=draft32b_smart_freq_boundary0p03_global gpu=4 segment=100-125
[2026-07-08 13:08:56] start boundary accuracy method=draft32b_smart_mean_boundary0p03_global gpu=4 segment=100-125
[2026-07-08 13:09:05] done boundary accuracy method=draft32b_smart_freq_boundary0p03_global gpu=1 segment=25-50
[2026-07-08 13:09:05] start boundary accuracy method=draft32b_smart_mean_boundary0p03_global gpu=1 segment=25-50
[2026-07-08 13:09:27] done boundary accuracy method=draft32b_smart_top2_boundary0p02_global gpu=5 segment=125-150
[2026-07-08 13:09:27] start boundary accuracy method=draft32b_smart_freq_boundary0p03_global gpu=5 segment=125-150
[2026-07-08 13:11:08] done boundary accuracy method=draft32b_smart_top2_boundary0p02_global gpu=3 segment=75-100
[2026-07-08 13:11:08] start boundary accuracy method=draft32b_smart_freq_boundary0p03_global gpu=3 segment=75-100
[2026-07-08 13:11:15] done boundary accuracy method=draft32b_smart_mean_boundary0p03_global gpu=7 segment=175-200
[2026-07-08 13:11:15] start boundary accuracy method=draft32b_smart_top2_boundary0p03_global gpu=7 segment=175-200
[2026-07-08 13:11:17] done boundary accuracy method=draft32b_smart_mean_boundary0p02_global gpu=2 segment=50-75
[2026-07-08 13:11:17] start boundary accuracy method=draft32b_smart_top2_boundary0p02_global gpu=2 segment=50-75
[2026-07-08 13:12:12] done boundary accuracy method=draft32b_smart_freq_boundary0p03_global gpu=0 segment=0-25
[2026-07-08 13:12:12] start boundary accuracy method=draft32b_smart_mean_boundary0p03_global gpu=0 segment=0-25
[2026-07-08 13:12:28] done boundary accuracy method=draft32b_smart_top2_boundary0p02_global gpu=6 segment=150-175
[2026-07-08 13:12:28] start boundary accuracy method=draft32b_smart_freq_boundary0p03_global gpu=6 segment=150-175
[2026-07-08 13:13:30] done boundary accuracy method=draft32b_smart_mean_boundary0p03_global gpu=1 segment=25-50
[2026-07-08 13:13:30] start boundary accuracy method=draft32b_smart_top2_boundary0p03_global gpu=1 segment=25-50
[2026-07-08 13:13:32] done boundary accuracy method=draft32b_smart_mean_boundary0p03_global gpu=4 segment=100-125
[2026-07-08 13:13:32] start boundary accuracy method=draft32b_smart_top2_boundary0p03_global gpu=4 segment=100-125
[2026-07-08 13:14:58] done boundary accuracy method=draft32b_smart_top2_boundary0p03_global gpu=7 segment=175-200
[2026-07-08 13:14:58] start boundary accuracy method=draft32b_smart_freq_boundary0p05_global gpu=7 segment=175-200
[2026-07-08 13:15:54] done boundary accuracy method=draft32b_smart_freq_boundary0p03_global gpu=5 segment=125-150
[2026-07-08 13:15:54] start boundary accuracy method=draft32b_smart_mean_boundary0p03_global gpu=5 segment=125-150
[2026-07-08 13:17:17] done boundary accuracy method=draft32b_smart_freq_boundary0p03_global gpu=3 segment=75-100
[2026-07-08 13:17:17] start boundary accuracy method=draft32b_smart_mean_boundary0p03_global gpu=3 segment=75-100
[2026-07-08 13:17:26] done boundary accuracy method=draft32b_smart_mean_boundary0p03_global gpu=0 segment=0-25
[2026-07-08 13:17:26] start boundary accuracy method=draft32b_smart_top2_boundary0p03_global gpu=0 segment=0-25
[2026-07-08 13:17:51] done boundary accuracy method=draft32b_smart_top2_boundary0p03_global gpu=4 segment=100-125
[2026-07-08 13:17:51] start boundary accuracy method=draft32b_smart_freq_boundary0p05_global gpu=4 segment=100-125
[2026-07-08 13:18:05] done boundary accuracy method=draft32b_smart_top2_boundary0p03_global gpu=1 segment=25-50
[2026-07-08 13:18:05] start boundary accuracy method=draft32b_smart_freq_boundary0p05_global gpu=1 segment=25-50
[2026-07-08 13:18:57] done boundary accuracy method=draft32b_smart_freq_boundary0p05_global gpu=7 segment=175-200
[2026-07-08 13:18:57] start boundary accuracy method=draft32b_smart_mean_boundary0p05_global gpu=7 segment=175-200
[2026-07-08 13:20:22] done boundary accuracy method=draft32b_smart_freq_boundary0p03_global gpu=6 segment=150-175
[2026-07-08 13:20:22] start boundary accuracy method=draft32b_smart_mean_boundary0p03_global gpu=6 segment=150-175
[2026-07-08 13:21:47] done boundary accuracy method=draft32b_smart_top2_boundary0p02_global gpu=2 segment=50-75
[2026-07-08 13:21:47] start boundary accuracy method=draft32b_smart_freq_boundary0p03_global gpu=2 segment=50-75
[2026-07-08 13:22:08] done boundary accuracy method=draft32b_smart_mean_boundary0p03_global gpu=5 segment=125-150
[2026-07-08 13:22:08] start boundary accuracy method=draft32b_smart_top2_boundary0p03_global gpu=5 segment=125-150
[2026-07-08 13:22:18] done boundary accuracy method=draft32b_smart_freq_boundary0p05_global gpu=1 segment=25-50
[2026-07-08 13:22:18] start boundary accuracy method=draft32b_smart_mean_boundary0p05_global gpu=1 segment=25-50
[2026-07-08 13:22:47] done boundary accuracy method=draft32b_smart_freq_boundary0p05_global gpu=4 segment=100-125
[2026-07-08 13:22:47] start boundary accuracy method=draft32b_smart_mean_boundary0p05_global gpu=4 segment=100-125
[2026-07-08 13:22:50] done boundary accuracy method=draft32b_smart_top2_boundary0p03_global gpu=0 segment=0-25
[2026-07-08 13:22:50] start boundary accuracy method=draft32b_smart_freq_boundary0p05_global gpu=0 segment=0-25
[2026-07-08 13:22:50] done boundary accuracy method=draft32b_smart_mean_boundary0p05_global gpu=7 segment=175-200
[2026-07-08 13:22:50] start boundary accuracy method=draft32b_smart_top2_boundary0p05_global gpu=7 segment=175-200
[2026-07-08 13:23:54] done boundary accuracy method=draft32b_smart_mean_boundary0p03_global gpu=3 segment=75-100
[2026-07-08 13:23:54] start boundary accuracy method=draft32b_smart_top2_boundary0p03_global gpu=3 segment=75-100
[2026-07-08 13:26:42] done boundary accuracy method=draft32b_smart_top2_boundary0p05_global gpu=7 segment=175-200
[2026-07-08 13:26:46] done boundary accuracy method=draft32b_smart_mean_boundary0p05_global gpu=1 segment=25-50
[2026-07-08 13:26:46] start boundary accuracy method=draft32b_smart_top2_boundary0p05_global gpu=1 segment=25-50
[2026-07-08 13:27:12] done boundary accuracy method=draft32b_smart_mean_boundary0p03_global gpu=6 segment=150-175
[2026-07-08 13:27:12] start boundary accuracy method=draft32b_smart_top2_boundary0p03_global gpu=6 segment=150-175
[2026-07-08 13:27:27] done boundary accuracy method=draft32b_smart_mean_boundary0p05_global gpu=4 segment=100-125
[2026-07-08 13:27:27] start boundary accuracy method=draft32b_smart_top2_boundary0p05_global gpu=4 segment=100-125
[2026-07-08 13:28:10] done boundary accuracy method=draft32b_smart_freq_boundary0p05_global gpu=0 segment=0-25
[2026-07-08 13:28:10] start boundary accuracy method=draft32b_smart_mean_boundary0p05_global gpu=0 segment=0-25
[2026-07-08 13:28:15] done boundary accuracy method=draft32b_smart_top2_boundary0p03_global gpu=5 segment=125-150
[2026-07-08 13:28:15] start boundary accuracy method=draft32b_smart_freq_boundary0p05_global gpu=5 segment=125-150
[2026-07-08 13:30:10] done boundary accuracy method=draft32b_smart_top2_boundary0p03_global gpu=3 segment=75-100
[2026-07-08 13:30:10] start boundary accuracy method=draft32b_smart_freq_boundary0p05_global gpu=3 segment=75-100
[2026-07-08 13:30:13] done boundary accuracy method=draft32b_smart_freq_boundary0p03_global gpu=2 segment=50-75
[2026-07-08 13:30:13] start boundary accuracy method=draft32b_smart_mean_boundary0p03_global gpu=2 segment=50-75
[2026-07-08 13:31:04] done boundary accuracy method=draft32b_smart_top2_boundary0p05_global gpu=1 segment=25-50
[2026-07-08 13:31:58] done boundary accuracy method=draft32b_smart_top2_boundary0p05_global gpu=4 segment=100-125
[2026-07-08 13:33:30] done boundary accuracy method=draft32b_smart_mean_boundary0p05_global gpu=0 segment=0-25
[2026-07-08 13:33:30] start boundary accuracy method=draft32b_smart_top2_boundary0p05_global gpu=0 segment=0-25
[2026-07-08 13:34:24] done boundary accuracy method=draft32b_smart_top2_boundary0p03_global gpu=6 segment=150-175
[2026-07-08 13:34:24] start boundary accuracy method=draft32b_smart_freq_boundary0p05_global gpu=6 segment=150-175
[2026-07-08 13:34:33] done boundary accuracy method=draft32b_smart_freq_boundary0p05_global gpu=5 segment=125-150
[2026-07-08 13:34:33] start boundary accuracy method=draft32b_smart_mean_boundary0p05_global gpu=5 segment=125-150
[2026-07-08 13:36:08] done boundary accuracy method=draft32b_smart_freq_boundary0p05_global gpu=3 segment=75-100
[2026-07-08 13:36:08] start boundary accuracy method=draft32b_smart_mean_boundary0p05_global gpu=3 segment=75-100
[2026-07-08 13:39:01] done boundary accuracy method=draft32b_smart_top2_boundary0p05_global gpu=0 segment=0-25
[2026-07-08 13:40:43] done boundary accuracy method=draft32b_smart_mean_boundary0p03_global gpu=2 segment=50-75
[2026-07-08 13:40:43] start boundary accuracy method=draft32b_smart_top2_boundary0p03_global gpu=2 segment=50-75
[2026-07-08 13:40:56] done boundary accuracy method=draft32b_smart_mean_boundary0p05_global gpu=5 segment=125-150
[2026-07-08 13:40:56] start boundary accuracy method=draft32b_smart_top2_boundary0p05_global gpu=5 segment=125-150
[2026-07-08 13:42:01] done boundary accuracy method=draft32b_smart_mean_boundary0p05_global gpu=3 segment=75-100
[2026-07-08 13:42:01] start boundary accuracy method=draft32b_smart_top2_boundary0p05_global gpu=3 segment=75-100
[2026-07-08 13:42:06] done boundary accuracy method=draft32b_smart_freq_boundary0p05_global gpu=6 segment=150-175
[2026-07-08 13:42:06] start boundary accuracy method=draft32b_smart_mean_boundary0p05_global gpu=6 segment=150-175
[2026-07-08 13:47:09] done boundary accuracy method=draft32b_smart_top2_boundary0p05_global gpu=5 segment=125-150
[2026-07-08 13:48:01] done boundary accuracy method=draft32b_smart_top2_boundary0p05_global gpu=3 segment=75-100
[2026-07-08 13:49:35] done boundary accuracy method=draft32b_smart_mean_boundary0p05_global gpu=6 segment=150-175
[2026-07-08 13:49:35] start boundary accuracy method=draft32b_smart_top2_boundary0p05_global gpu=6 segment=150-175
[2026-07-08 13:51:08] done boundary accuracy method=draft32b_smart_top2_boundary0p03_global gpu=2 segment=50-75
[2026-07-08 13:51:08] start boundary accuracy method=draft32b_smart_freq_boundary0p05_global gpu=2 segment=50-75
[2026-07-08 13:56:46] done boundary accuracy method=draft32b_smart_top2_boundary0p05_global gpu=6 segment=150-175
[2026-07-08 14:00:57] done boundary accuracy method=draft32b_smart_freq_boundary0p05_global gpu=2 segment=50-75
[2026-07-08 14:00:57] start boundary accuracy method=draft32b_smart_mean_boundary0p05_global gpu=2 segment=50-75
[2026-07-08 14:11:46] done boundary accuracy method=draft32b_smart_mean_boundary0p05_global gpu=2 segment=50-75
[2026-07-08 14:11:46] start boundary accuracy method=draft32b_smart_top2_boundary0p05_global gpu=2 segment=50-75
[2026-07-08 14:22:32] done boundary accuracy method=draft32b_smart_top2_boundary0p05_global gpu=2 segment=50-75
