/mnt/qjhs-sh-lab-01/wjh/FusionRAG/.venv/lib/python3.10/site-packages/torch/cuda/__init__.py:61: FutureWarning: The pynvml package is deprecated. Please install nvidia-ml-py instead. If you did not install pynvml directly, please report this to the maintainers of the package that installed pynvml for you.
  import pynvml  # type: ignore[import]
{"sparse_block_preprocess_k2": 200, "sparse_block_raw_k2": 200, "sparse_block_preprocess_k4": 150, "sparse_block_raw_k4": 200, "sparse_block_preprocess_k8": 0, "sparse_block_raw_k8": 0}
{"sparse_block_preprocess_k2": 200, "sparse_block_raw_k2": 200, "sparse_block_preprocess_k4": 150, "sparse_block_raw_k4": 200, "sparse_block_preprocess_k8": 0, "sparse_block_raw_k8": 0}
{"sparse_block_preprocess_k2": 200, "sparse_block_raw_k2": 200, "sparse_block_preprocess_k4": 150, "sparse_block_raw_k4": 200, "sparse_block_preprocess_k8": 0, "sparse_block_raw_k8": 0}
{"sparse_block_preprocess_k2": 200, "sparse_block_raw_k2": 200, "sparse_block_preprocess_k4": 150, "sparse_block_raw_k4": 200, "sparse_block_preprocess_k8": 0, "sparse_block_raw_k8": 3}
{"sparse_block_preprocess_k2": 200, "sparse_block_raw_k2": 200, "sparse_block_preprocess_k4": 150, "sparse_block_raw_k4": 200, "sparse_block_preprocess_k8": 0, "sparse_block_raw_k8": 2}
{"sparse_block_preprocess_k2": 200, "sparse_block_raw_k2": 200, "sparse_block_preprocess_k4": 150, "sparse_block_raw_k4": 200, "sparse_block_preprocess_k8": 0, "sparse_block_raw_k8": 2}
{"sparse_block_preprocess_k2": 200, "sparse_block_raw_k2": 200, "sparse_block_preprocess_k4": 150, "sparse_block_raw_k4": 200, "sparse_block_preprocess_k8": 0, "sparse_block_raw_k8": 0}
{"sparse_block_preprocess_k2": 200, "sparse_block_raw_k2": 200, "sparse_block_preprocess_k4": 150, "sparse_block_raw_k4": 200, "sparse_block_preprocess_k8": 0, "sparse_block_raw_k8": 8}
{"sparse_block_preprocess_k2": 200, "sparse_block_raw_k2": 200, "sparse_block_preprocess_k4": 150, "sparse_block_raw_k4": 200, "sparse_block_preprocess_k8": 8, "sparse_block_raw_k8": 20}
{"sparse_block_preprocess_k2": 200, "sparse_block_raw_k2": 200, "sparse_block_preprocess_k4": 150, "sparse_block_raw_k4": 200, "sparse_block_preprocess_k8": 16, "sparse_block_raw_k8": 32}
{"sparse_block_preprocess_k2": 200, "sparse_block_raw_k2": 200, "sparse_block_preprocess_k4": 150, "sparse_block_raw_k4": 200, "sparse_block_preprocess_k8": 28, "sparse_block_raw_k8": 40}
{"sparse_block_preprocess_k2": 200, "sparse_block_raw_k2": 200, "sparse_block_preprocess_k4": 150, "sparse_block_raw_k4": 200, "sparse_block_preprocess_k8": 40, "sparse_block_raw_k8": 48}
{"sparse_block_preprocess_k2": 200, "sparse_block_raw_k2": 200, "sparse_block_preprocess_k4": 150, "sparse_block_raw_k4": 200, "sparse_block_preprocess_k8": 48, "sparse_block_raw_k8": 56}
{"sparse_block_preprocess_k2": 200, "sparse_block_raw_k2": 200, "sparse_block_preprocess_k4": 150, "sparse_block_raw_k4": 200, "sparse_block_preprocess_k8": 56, "sparse_block_raw_k8": 67}
{"sparse_block_preprocess_k2": 200, "sparse_block_raw_k2": 200, "sparse_block_preprocess_k4": 150, "sparse_block_raw_k4": 200, "sparse_block_preprocess_k8": 65, "sparse_block_raw_k8": 78}
{"sparse_block_preprocess_k2": 200, "sparse_block_raw_k2": 200, "sparse_block_preprocess_k4": 150, "sparse_block_raw_k4": 200, "sparse_block_preprocess_k8": 76, "sparse_block_raw_k8": 88}
{"sparse_block_preprocess_k2": 200, "sparse_block_raw_k2": 200, "sparse_block_preprocess_k4": 150, "sparse_block_raw_k4": 200, "sparse_block_preprocess_k8": 87, "sparse_block_raw_k8": 96}
{"sparse_block_preprocess_k2": 200, "sparse_block_raw_k2": 200, "sparse_block_preprocess_k4": 150, "sparse_block_raw_k4": 200, "sparse_block_preprocess_k8": 96, "sparse_block_raw_k8": 104}
{"sparse_block_preprocess_k2": 200, "sparse_block_raw_k2": 200, "sparse_block_preprocess_k4": 150, "sparse_block_raw_k4": 200, "sparse_block_preprocess_k8": 104, "sparse_block_raw_k8": 114}
{"sparse_block_preprocess_k2": 200, "sparse_block_raw_k2": 200, "sparse_block_preprocess_k4": 150, "sparse_block_raw_k4": 200, "sparse_block_preprocess_k8": 116, "sparse_block_raw_k8": 125}
{"sparse_block_preprocess_k2": 200, "sparse_block_raw_k2": 200, "sparse_block_preprocess_k4": 150, "sparse_block_raw_k4": 200, "sparse_block_preprocess_k8": 125, "sparse_block_raw_k8": 136}
{"sparse_block_preprocess_k2": 200, "sparse_block_raw_k2": 200, "sparse_block_preprocess_k4": 150, "sparse_block_raw_k4": 200, "sparse_block_preprocess_k8": 135, "sparse_block_raw_k8": 145}
{"sparse_block_preprocess_k2": 200, "sparse_block_raw_k2": 200, "sparse_block_preprocess_k4": 150, "sparse_block_raw_k4": 200, "sparse_block_preprocess_k8": 145, "sparse_block_raw_k8": 153}
{"sparse_block_preprocess_k2": 200, "sparse_block_raw_k2": 200, "sparse_block_preprocess_k4": 150, "sparse_block_raw_k4": 200, "sparse_block_preprocess_k8": 155, "sparse_block_raw_k8": 163}
{"sparse_block_preprocess_k2": 200, "sparse_block_raw_k2": 200, "sparse_block_preprocess_k4": 150, "sparse_block_raw_k4": 200, "sparse_block_preprocess_k8": 165, "sparse_block_raw_k8": 173}
{"sparse_block_preprocess_k2": 200, "sparse_block_raw_k2": 200, "sparse_block_preprocess_k4": 150, "sparse_block_raw_k4": 200, "sparse_block_preprocess_k8": 173, "sparse_block_raw_k8": 183}
{"sparse_block_preprocess_k2": 200, "sparse_block_raw_k2": 200, "sparse_block_preprocess_k4": 150, "sparse_block_raw_k4": 200, "sparse_block_preprocess_k8": 183, "sparse_block_raw_k8": 192}
{"sparse_block_preprocess_k2": 200, "sparse_block_raw_k2": 200, "sparse_block_preprocess_k4": 150, "sparse_block_raw_k4": 200, "sparse_block_preprocess_k8": 191, "sparse_block_raw_k8": 200}
{"sparse_block_preprocess_k2": 200, "sparse_block_raw_k2": 200, "sparse_block_preprocess_k4": 150, "sparse_block_raw_k4": 200, "sparse_block_preprocess_k8": 200, "sparse_block_raw_k8": 200}
{"sparse_block_preprocess_k2": 200, "sparse_block_raw_k2": 200, "sparse_block_preprocess_k4": 150, "sparse_block_raw_k4": 200, "sparse_block_preprocess_k8": 200, "sparse_block_raw_k8": 200}
{"sparse_block_preprocess_k2": 200, "sparse_block_raw_k2": 200, "sparse_block_preprocess_k4": 150, "sparse_block_raw_k4": 200, "sparse_block_preprocess_k8": 200, "sparse_block_raw_k8": 200}
{"sparse_block_preprocess_k2": 200, "sparse_block_raw_k2": 200, "sparse_block_preprocess_k4": 150, "sparse_block_raw_k4": 200, "sparse_block_preprocess_k8": 200, "sparse_block_raw_k8": 200}
{"sparse_block_preprocess_k2": 200, "sparse_block_raw_k2": 200, "sparse_block_preprocess_k4": 150, "sparse_block_raw_k4": 200, "sparse_block_preprocess_k8": 200, "sparse_block_raw_k8": 200}
{"sparse_block_preprocess_k2": 200, "sparse_block_raw_k2": 200, "sparse_block_preprocess_k4": 150, "sparse_block_raw_k4": 200, "sparse_block_preprocess_k8": 200, "sparse_block_raw_k8": 200}
{"sparse_block_preprocess_k2": 200, "sparse_block_raw_k2": 200, "sparse_block_preprocess_k4": 150, "sparse_block_raw_k4": 200, "sparse_block_preprocess_k8": 200, "sparse_block_raw_k8": 200}
{"sparse_block_preprocess_k2": 200, "sparse_block_raw_k2": 200, "sparse_block_preprocess_k4": 150, "sparse_block_raw_k4": 200, "sparse_block_preprocess_k8": 200, "sparse_block_raw_k8": 200}
{"sparse_block_preprocess_k2": 200, "sparse_block_raw_k2": 200, "sparse_block_preprocess_k4": 150, "sparse_block_raw_k4": 200, "sparse_block_preprocess_k8": 200, "sparse_block_raw_k8": 200}
{"sparse_block_preprocess_k2": 200, "sparse_block_raw_k2": 200, "sparse_block_preprocess_k4": 164, "sparse_block_raw_k4": 200, "sparse_block_preprocess_k8": 200, "sparse_block_raw_k8": 200}
{"sparse_block_preprocess_k2": 200, "sparse_block_raw_k2": 200, "sparse_block_preprocess_k4": 171, "sparse_block_raw_k4": 200, "sparse_block_preprocess_k8": 200, "sparse_block_raw_k8": 200}
{"sparse_block_preprocess_k2": 200, "sparse_block_raw_k2": 200, "sparse_block_preprocess_k4": 185, "sparse_block_raw_k4": 200, "sparse_block_preprocess_k8": 200, "sparse_block_raw_k8": 200}
{"sparse_block_preprocess_k2": 200, "sparse_block_raw_k2": 200, "sparse_block_preprocess_k4": 196, "sparse_block_raw_k4": 200, "sparse_block_preprocess_k8": 200, "sparse_block_raw_k8": 200}
{"sparse_block_preprocess_k2": 200, "sparse_block_raw_k2": 200, "sparse_block_preprocess_k4": 200, "sparse_block_raw_k4": 200, "sparse_block_preprocess_k8": 200, "sparse_block_raw_k8": 200}
loaded_dedup_rows=1201 raw_rows=1226 cache=0
judged=100/1201
judged=200/1201
judged=300/1201
judged=400/1201
judged=500/1201
judged=600/1201
judged=700/1201
judged=800/1201
judged=900/1201
judged=1000/1201
judged=1100/1201
judged=1200/1201
judged=1201/1201
/raid/home/hming/FusionRAG-pca-analysis/MOTIVATION_EXPERIMENTS/by_date/2026-07-18/spare_k_q_recompute_exp/rejudge_glm_final/rejudged_summary.csv
